MPRINT(EM_DIAGRAM):    data _null_;
MPRINT(EM_DIAGRAM):   call symput('NLDATE', strip(put(date(), NLDATE.)));
MPRINT(EM_DIAGRAM):   call symput('NLTIME', strip(put(datetime(), NLTIME.)));
MPRINT(EM_DIAGRAM):   run;
MPRINT(EM_DIAGRAM):   data _null_;
MPRINT(EM_DIAGRAM):   nldate= sasmsg("sashelp.dmine", "log_date_note", 'N', "November 07, 2018" );
MPRINT(EM_DIAGRAM):   nltime= sasmsg("sashelp.dmine", "log_time_note", 'N', "21:11:33" );
MPRINT(EM_DIAGRAM):   put "*------------------------------------------------------------*";
MPRINT(EM_DIAGRAM):   put "* Score Log";
MPRINT(EM_DIAGRAM):   put nldate;
MPRINT(EM_DIAGRAM):   put nltime;
MPRINT(EM_DIAGRAM):   put "*------------------------------------------------------------*";
MPRINT(EM_DIAGRAM):   run;
*------------------------------------------------------------*
* Score Log
Date:                November 07, 2018
Time:                21:11:33
*------------------------------------------------------------*
MPRINT(EM_DIAGRAM):    filename O28W7R4K "J:\JMMORR01\CIS 445\CIS 445 Project 3\Workspaces\EMWS1\Impt\EMSCORE.out" encoding="UTF-8" NOBOM;
MPRINT(EM_DIAGRAM):   proc printto print=O28W7R4K new;
MPRINT(EM_DIAGRAM):   run;
17542      data _null_;
MPRINT(EM_DIAGRAM):    data _null_;
17543      set EMWS1.Impt_META end=eof;
MPRINT(EM_DIAGRAM):   set EMWS1.Impt_META end=eof;
17544      length string $34;
MPRINT(EM_DIAGRAM):   length string $34;
17545      retain missTotal;
MPRINT(EM_DIAGRAM):   retain missTotal;
17546      file #LN00322;
MPRINT(EM_DIAGRAM):   file #LN00322;
17547      if _n_=1 then misstotal = percentmiss;
MPRINT(EM_DIAGRAM):   if _n_=1 then misstotal = percentmiss;
17548      missTotal = percentmiss+misstotal;
MPRINT(EM_DIAGRAM):   missTotal = percentmiss+misstotal;
17549      if IMP ne '' and METHOD ne 'NONE' then do;
MPRINT(EM_DIAGRAM):   if IMP ne '' and METHOD ne 'NONE' then do;
17550      string = '"'!!strip(NAME)!!'"';
MPRINT(EM_DIAGRAM):   string = '"'!!strip(NAME)!!'"';
17551      put 'if NAME = ' string 'then delete;';
MPRINT(EM_DIAGRAM):   put 'if NAME = ' string 'then delete;';
17552      put 'else ';
MPRINT(EM_DIAGRAM):   put 'else ';
17553      string = '"'!!strip(IMP)!!'"';
MPRINT(EM_DIAGRAM):   string = '"'!!strip(IMP)!!'"';
17554      put 'if NAME    = ' string ' then do;';
MPRINT(EM_DIAGRAM):   put 'if NAME    = ' string ' then do;';
17555      string = '"'!!strip(ROLE)!!'"';
MPRINT(EM_DIAGRAM):   string = '"'!!strip(ROLE)!!'"';
17556      put '   ROLE    = ' string ';';
MPRINT(EM_DIAGRAM):   put '   ROLE    = ' string ';';
17557      string = '"'!!strip(FAMILY)!!'"';
MPRINT(EM_DIAGRAM):   string = '"'!!strip(FAMILY)!!'"';
17558      put '   FAMILY  = ' string ';';
MPRINT(EM_DIAGRAM):   put '   FAMILY  = ' string ';';
17559      string = '"'!!strip(REPORT)!!'"';
MPRINT(EM_DIAGRAM):   string = '"'!!strip(REPORT)!!'"';
17560      put '   REPORT  = ' string ';';
MPRINT(EM_DIAGRAM):   put '   REPORT  = ' string ';';
17561      string = '"'!!strip(LEVEL)!!'"';
MPRINT(EM_DIAGRAM):   string = '"'!!strip(LEVEL)!!'"';
17562      put '   LEVEL   = ' string ';';
MPRINT(EM_DIAGRAM):   put '   LEVEL   = ' string ';';
17563      string = '"'!!strip(ORDER)!!'"';
MPRINT(EM_DIAGRAM):   string = '"'!!strip(ORDER)!!'"';
17564      put '   ORDER   = ' string ';';
MPRINT(EM_DIAGRAM):   put '   ORDER   = ' string ';';
17565      put 'end;';
MPRINT(EM_DIAGRAM):   put 'end;';
17566      end;
MPRINT(EM_DIAGRAM):   end;
17567      if percentmiss>50 and ROLE ne 'TARGET' then do;
MPRINT(EM_DIAGRAM):   if percentmiss>50 and ROLE ne 'TARGET' then do;
17568      string = '"'!!strip(NAME)!!'"';
MPRINT(EM_DIAGRAM):   string = '"'!!strip(NAME)!!'"';
17569      put 'if NAME = ' string ' then do;';
MPRINT(EM_DIAGRAM):   put 'if NAME = ' string ' then do;';
17570      put '   ROLE ="REJECTED";';
MPRINT(EM_DIAGRAM):   put '   ROLE ="REJECTED";';
17571      put '   COMMENT = "Percent of missing exceeds 50%";';
MPRINT(EM_DIAGRAM):   put '   COMMENT = "Percent of missing exceeds 50%";';
17572      put 'end;';
MPRINT(EM_DIAGRAM):   put 'end;';
17573      end;
MPRINT(EM_DIAGRAM):   end;
17574      run;
MPRINT(EM_DIAGRAM):   run;

NOTE: The file #LN00322 is:
      Filename=J:\JMMORR01\CIS 445\CIS 445 Project 3\Workspaces\EMWS1\Impt\CDELTA_TRAIN.sas,
      RECFM=V,LRECL=32767,File Size (bytes)=0,
      Last Modified=07Nov2018:21:11:33,
      Create Time=07Nov2018:21:10:55

NOTE: 99 records were written to the file #LN00322.
      The minimum record length was 4.
      The maximum record length was 36.
NOTE: There were 13 observations read from the data set EMWS1.IMPT_META.
NOTE: DATA statement used (Total process time):
      real time           0.06 seconds
      cpu time            0.01 seconds
      

17575      filename emflow "J:\JMMORR01\CIS 445\CIS 445 Project 3\Workspaces\EMWS1\Impt\EMFLOWSCORE.sas";
MPRINT(EM_DIAGRAM):    filename emflow "J:\JMMORR01\CIS 445\CIS 445 Project 3\Workspaces\EMWS1\Impt\EMFLOWSCORE.sas";
MPRINT(EM_DIAGRAM):   *------------------------------------------------------------*;
MPRINT(EM_DIAGRAM):   * Impt: Scoring DATA data;
MPRINT(EM_DIAGRAM):   *------------------------------------------------------------*;
17576      *------------------------------------------------------------*;
17577      * Impt: Scoring DATA data;
17578      *------------------------------------------------------------*;
17579      data EMWS1.Impt_TRAIN
17580      / view=EMWS1.Impt_TRAIN
17581      ;
MPRINT(EM_DIAGRAM):   data EMWS1.Impt_TRAIN / view=EMWS1.Impt_TRAIN ;
17582      set EMWS1.Part_TRAIN
17583      ;
MPRINT(EM_DIAGRAM):   set EMWS1.Part_TRAIN ;
17584      %inc emflow;
MPRINT(EM_DIAGRAM):   *;
MPRINT(EM_DIAGRAM):   *MOST FREQUENT VALUE (COUNT);
MPRINT(EM_DIAGRAM):   *;
MPRINT(EM_DIAGRAM):   length IMP_JOB $7;
MPRINT(EM_DIAGRAM):   label IMP_JOB = 'Imputed JOB';
MPRINT(EM_DIAGRAM):   IMP_JOB = JOB;
MPRINT(EM_DIAGRAM):   if JOB = '' then IMP_JOB = 'Other';
MPRINT(EM_DIAGRAM):   length IMP_REASON $7;
MPRINT(EM_DIAGRAM):   label IMP_REASON = 'Imputed REASON';
MPRINT(EM_DIAGRAM):   IMP_REASON = REASON;
MPRINT(EM_DIAGRAM):   if REASON = '' then IMP_REASON = 'DebtCon';
MPRINT(EM_DIAGRAM):   *;
MPRINT(EM_DIAGRAM):   *MEAN-MAX-MIN-MEDIAN-MIDRANGE AND ROBUST ESTIMATES;
MPRINT(EM_DIAGRAM):   *;
MPRINT(EM_DIAGRAM):   label IMP_CLAGE = 'Imputed CLAGE';
MPRINT(EM_DIAGRAM):   IMP_CLAGE = CLAGE;
MPRINT(EM_DIAGRAM):   if missing(CLAGE) then IMP_CLAGE = 181.15305208;
MPRINT(EM_DIAGRAM):   label IMP_CLNO = 'Imputed CLNO';
MPRINT(EM_DIAGRAM):   IMP_CLNO = CLNO;
MPRINT(EM_DIAGRAM):   if missing(CLNO) then IMP_CLNO = 21.277078966;
MPRINT(EM_DIAGRAM):   label IMP_DEBTINC = 'Imputed DEBTINC';
MPRINT(EM_DIAGRAM):   IMP_DEBTINC = DEBTINC;
MPRINT(EM_DIAGRAM):   if missing(DEBTINC) then IMP_DEBTINC = 33.786945547;
MPRINT(EM_DIAGRAM):   label IMP_DELINQ = 'Imputed DELINQ';
MPRINT(EM_DIAGRAM):   IMP_DELINQ = DELINQ;
MPRINT(EM_DIAGRAM):   if missing(DELINQ) then IMP_DELINQ = 0.4622255303;
MPRINT(EM_DIAGRAM):   label IMP_DEROG = 'Imputed DEROG';
MPRINT(EM_DIAGRAM):   IMP_DEROG = DEROG;
MPRINT(EM_DIAGRAM):   if missing(DEROG) then IMP_DEROG = 0.2409592691;
MPRINT(EM_DIAGRAM):   label IMP_MORTDUE = 'Imputed MORTDUE';
MPRINT(EM_DIAGRAM):   IMP_MORTDUE = MORTDUE;
MPRINT(EM_DIAGRAM):   if missing(MORTDUE) then IMP_MORTDUE = 73574.90271;
MPRINT(EM_DIAGRAM):   label IMP_NINQ = 'Imputed NINQ';
MPRINT(EM_DIAGRAM):   IMP_NINQ = NINQ;
MPRINT(EM_DIAGRAM):   if missing(NINQ) then IMP_NINQ = 1.1569852941;
MPRINT(EM_DIAGRAM):   label IMP_VALUE = 'Imputed VALUE';
MPRINT(EM_DIAGRAM):   IMP_VALUE = VALUE;
MPRINT(EM_DIAGRAM):   if missing(VALUE) then IMP_VALUE = 102480.61861;
MPRINT(EM_DIAGRAM):   label IMP_YOJ = 'Imputed YOJ';
MPRINT(EM_DIAGRAM):   IMP_YOJ = YOJ;
MPRINT(EM_DIAGRAM):   if missing(YOJ) then IMP_YOJ = 8.868358373;
17626      run;
MPRINT(EM_DIAGRAM):   run;

NOTE: DATA STEP view saved on file EMWS1.IMPT_TRAIN.
NOTE: A stored DATA STEP view cannot run under a different operating system.
NOTE: DATA statement used (Total process time):
      real time           0.07 seconds
      cpu time            0.03 seconds
      

MPRINT(EM_DIAGRAM):   quit;
17627      quit;
17628      filename emflow;
MPRINT(EM_DIAGRAM):   filename emflow;
NOTE: Fileref EMFLOW has been deassigned.
17629      filename emflow "J:\JMMORR01\CIS 445\CIS 445 Project 3\Workspaces\EMWS1\Impt\EMFLOWSCORE.sas";
MPRINT(EM_DIAGRAM):    filename emflow "J:\JMMORR01\CIS 445\CIS 445 Project 3\Workspaces\EMWS1\Impt\EMFLOWSCORE.sas";
MPRINT(EM_DIAGRAM):   *------------------------------------------------------------*;
MPRINT(EM_DIAGRAM):   * Impt: Scoring VALIDATE data;
MPRINT(EM_DIAGRAM):   *------------------------------------------------------------*;
17630      *------------------------------------------------------------*;
17631      * Impt: Scoring VALIDATE data;
17632      *------------------------------------------------------------*;
17633      data EMWS1.Impt_VALIDATE
17634      / view=EMWS1.Impt_VALIDATE
17635      ;
MPRINT(EM_DIAGRAM):   data EMWS1.Impt_VALIDATE / view=EMWS1.Impt_VALIDATE ;
17636      set EMWS1.Part_VALIDATE
17637      ;
MPRINT(EM_DIAGRAM):   set EMWS1.Part_VALIDATE ;
17638      %inc emflow;
MPRINT(EM_DIAGRAM):   *;
MPRINT(EM_DIAGRAM):   *MOST FREQUENT VALUE (COUNT);
MPRINT(EM_DIAGRAM):   *;
MPRINT(EM_DIAGRAM):   length IMP_JOB $7;
MPRINT(EM_DIAGRAM):   label IMP_JOB = 'Imputed JOB';
MPRINT(EM_DIAGRAM):   IMP_JOB = JOB;
MPRINT(EM_DIAGRAM):   if JOB = '' then IMP_JOB = 'Other';
MPRINT(EM_DIAGRAM):   length IMP_REASON $7;
MPRINT(EM_DIAGRAM):   label IMP_REASON = 'Imputed REASON';
MPRINT(EM_DIAGRAM):   IMP_REASON = REASON;
MPRINT(EM_DIAGRAM):   if REASON = '' then IMP_REASON = 'DebtCon';
MPRINT(EM_DIAGRAM):   *;
MPRINT(EM_DIAGRAM):   *MEAN-MAX-MIN-MEDIAN-MIDRANGE AND ROBUST ESTIMATES;
MPRINT(EM_DIAGRAM):   *;
MPRINT(EM_DIAGRAM):   label IMP_CLAGE = 'Imputed CLAGE';
MPRINT(EM_DIAGRAM):   IMP_CLAGE = CLAGE;
MPRINT(EM_DIAGRAM):   if missing(CLAGE) then IMP_CLAGE = 181.15305208;
MPRINT(EM_DIAGRAM):   label IMP_CLNO = 'Imputed CLNO';
MPRINT(EM_DIAGRAM):   IMP_CLNO = CLNO;
MPRINT(EM_DIAGRAM):   if missing(CLNO) then IMP_CLNO = 21.277078966;
MPRINT(EM_DIAGRAM):   label IMP_DEBTINC = 'Imputed DEBTINC';
MPRINT(EM_DIAGRAM):   IMP_DEBTINC = DEBTINC;
MPRINT(EM_DIAGRAM):   if missing(DEBTINC) then IMP_DEBTINC = 33.786945547;
MPRINT(EM_DIAGRAM):   label IMP_DELINQ = 'Imputed DELINQ';
MPRINT(EM_DIAGRAM):   IMP_DELINQ = DELINQ;
MPRINT(EM_DIAGRAM):   if missing(DELINQ) then IMP_DELINQ = 0.4622255303;
MPRINT(EM_DIAGRAM):   label IMP_DEROG = 'Imputed DEROG';
MPRINT(EM_DIAGRAM):   IMP_DEROG = DEROG;
MPRINT(EM_DIAGRAM):   if missing(DEROG) then IMP_DEROG = 0.2409592691;
MPRINT(EM_DIAGRAM):   label IMP_MORTDUE = 'Imputed MORTDUE';
MPRINT(EM_DIAGRAM):   IMP_MORTDUE = MORTDUE;
MPRINT(EM_DIAGRAM):   if missing(MORTDUE) then IMP_MORTDUE = 73574.90271;
MPRINT(EM_DIAGRAM):   label IMP_NINQ = 'Imputed NINQ';
MPRINT(EM_DIAGRAM):   IMP_NINQ = NINQ;
MPRINT(EM_DIAGRAM):   if missing(NINQ) then IMP_NINQ = 1.1569852941;
MPRINT(EM_DIAGRAM):   label IMP_VALUE = 'Imputed VALUE';
MPRINT(EM_DIAGRAM):   IMP_VALUE = VALUE;
MPRINT(EM_DIAGRAM):   if missing(VALUE) then IMP_VALUE = 102480.61861;
MPRINT(EM_DIAGRAM):   label IMP_YOJ = 'Imputed YOJ';
MPRINT(EM_DIAGRAM):   IMP_YOJ = YOJ;
MPRINT(EM_DIAGRAM):   if missing(YOJ) then IMP_YOJ = 8.868358373;
17680      run;
MPRINT(EM_DIAGRAM):   run;

NOTE: DATA STEP view saved on file EMWS1.IMPT_VALIDATE.
NOTE: A stored DATA STEP view cannot run under a different operating system.
NOTE: DATA statement used (Total process time):
      real time           0.07 seconds
      cpu time            0.04 seconds
      

MPRINT(EM_DIAGRAM):   quit;
17681      quit;
17682      filename emflow;
MPRINT(EM_DIAGRAM):   filename emflow;
NOTE: Fileref EMFLOW has been deassigned.
17683      *------------------------------------------------------------*;
MPRINT(EM_DIAGRAM):    *------------------------------------------------------------*;
17684      * Impt: Computing metadata for TRAIN data;
MPRINT(EM_DIAGRAM):   * Impt: Computing metadata for TRAIN data;
17685      *------------------------------------------------------------*;
MPRINT(EM_DIAGRAM):   *------------------------------------------------------------*;

NOTE: View EMWS1.IMPT_TRAIN.VIEW used (Total process time):
      real time           0.03 seconds
      cpu time            0.03 seconds
      
MPRINT(EM_DIAGRAM):    *------------------------------------------------------------*;
MPRINT(EM_DIAGRAM):   * &nodeid: Computing Metadata for TRAIN data;
MPRINT(EM_DIAGRAM):   *------------------------------------------------------------*;
MPRINT(EM_DIAGRAM):   filename _delta "J:\JMMORR01\CIS 445\CIS 445 Project 3\Workspaces\EMWS1\Impt\CDELTA_TRAIN.sas";
MPRINT(EMADVISECOLUMNS):   proc display c=sashelp.emmeta.advisecolumns.scl;
MPRINT(EMADVISECOLUMNS):   run;
MPRINT(EMADVISECOLUMNS):    options validvarname=any;
MPRINT(EMADVISECOLUMNS):   proc contents data=EMWS1.Impt_TRAIN out=_tempAdvisor noprint;
MPRINT(EMADVISECOLUMNS):   run;
MPRINT(EMADVISECOLUMNS):   options validvarname=V7;
MPRINT(EMADVISECOLUMNS):    data _null_;
MPRINT(EMADVISECOLUMNS):   dsid = open('EMWS1.Impt_TRAIN');
MPRINT(EMADVISECOLUMNS):   call symput('_dsidTable', strip(put(dsid, best.)));
MPRINT(EMADVISECOLUMNS):   if dsid then do;
MPRINT(EMADVISECOLUMNS):   call symput('_engineTable', attrc(dsid, 'ENGINE'));
MPRINT(EMADVISECOLUMNS):   dsid = close(dsid);
MPRINT(EMADVISECOLUMNS):   end;
MPRINT(EMADVISECOLUMNS):   run;
MPRINT(EMADVISECOLUMNS):    proc contents data=EMWS1.Impt_TRAIN out=WORK.M24KFZPW noprint;
MPRINT(EMADVISECOLUMNS):   run;
MPRINT(EMADVISECOLUMNS):    data WORK.M24KFZPW;
MPRINT(EMADVISECOLUMNS):   length NAME $ 64 TYPE $ 1 LABEL $ 200 FORMAT $ 36 INFORMAT $36 INDEX $ 1 INDEXTYPE $ 9;
MPRINT(EMADVISECOLUMNS):   label NAME =;
MPRINT(EMADVISECOLUMNS):   set WORK.M24KFZPW(keep=name type length label format formatl formatd informat informl informd idxusage rename=(type=itype));
MPRINT(EMADVISECOLUMNS):   if itype = 1 then type = 'N';
MPRINT(EMADVISECOLUMNS):   else type = 'C';
MPRINT(EMADVISECOLUMNS):   if formatl > 0 then do;
MPRINT(EMADVISECOLUMNS):   if format ne '' then do;
MPRINT(EMADVISECOLUMNS):   if type='N' then format = strip(format)!!strip(put(formatl, best12.))!!'.'!!strip(put(formatd, best12.));
MPRINT(EMADVISECOLUMNS):   else format = strip(format)!!strip(put(formatl, best12.))!!'.';
MPRINT(EMADVISECOLUMNS):   end;
MPRINT(EMADVISECOLUMNS):   else format = strip(put(formatl, best12.))!!'.'!!strip(put(formatd, best12.));
MPRINT(EMADVISECOLUMNS):   end;
MPRINT(EMADVISECOLUMNS):   else if format ne '' then format = strip(format)!!'.';
MPRINT(EMADVISECOLUMNS):   if informl > 0 then do;
MPRINT(EMADVISECOLUMNS):   if informat ne ' ' then do;
MPRINT(EMADVISECOLUMNS):   if type='N' then informat = strip(informat)!!strip(put(informl, best12.))!!'.'!!strip(put(informd, best12.));
MPRINT(EMADVISECOLUMNS):   else informat = strip(informat)!!strip(put(informl, best12.))!!'.';
MPRINT(EMADVISECOLUMNS):   end;
MPRINT(EMADVISECOLUMNS):   else informat = strip(put(informl, best12.))!!'.'!!strip(put(informd, best12.));
MPRINT(EMADVISECOLUMNS):   end;
MPRINT(EMADVISECOLUMNS):   else if informat ne '' then informat = strip(informat)!!'.';
MPRINT(EMADVISECOLUMNS):   if idxusage = 'NONE' then index ="N";
MPRINT(EMADVISECOLUMNS):   else index = "Y";
MPRINT(EMADVISECOLUMNS):   indextype = idxusage;
MPRINT(EMADVISECOLUMNS):   drop idxusage itype formatl formatd informl informd;
MPRINT(EMADVISECOLUMNS):   run;
MPRINT(EMADVISECOLUMNS):    data WORK.M24KFZPW;
MPRINT(EMADVISECOLUMNS):   length UNAME $64;
MPRINT(EMADVISECOLUMNS):   set WORK.M24KFZPW;
MPRINT(EMADVISECOLUMNS):   UNAME = upcase(NAME);
MPRINT(EMADVISECOLUMNS):   run;
MPRINT(EMADVISECOLUMNS):    proc sort data=WORK.M3TCNV8S NOTHREADS;
MPRINT(EMADVISECOLUMNS):   by UNAME;
MPRINT(EMADVISECOLUMNS):   run;
MPRINT(EMADVISECOLUMNS):    data WORK.M3TCNV8S;
MPRINT(EMADVISECOLUMNS):   drop UNAME;
MPRINT(EMADVISECOLUMNS):   set WORK.M3TCNV8S;
MPRINT(EMADVISECOLUMNS):   run;
MPRINT(EMADVISECOLUMNS):    data WORK.M2LEZU8R(keep=NAME ATTR);
MPRINT(EMADVISECOLUMNS):   length ATTR $ 20;
MPRINT(EMADVISECOLUMNS):   set WORK.M3TCNV8S;
MPRINT(EMADVISECOLUMNS):   if level ne "INTERVAL" then do;
MPRINT(EMADVISECOLUMNS):   if order = ' ' then do;
MPRINT(EMADVISECOLUMNS):   attr = 'ORDER';
MPRINT(EMADVISECOLUMNS):   output;
MPRINT(EMADVISECOLUMNS):   end;
MPRINT(EMADVISECOLUMNS):   end;
MPRINT(EMADVISECOLUMNS):   if format ne ' ' and formattype = ' ' then do;
MPRINT(EMADVISECOLUMNS):   attr = 'FORMATTYPE';
MPRINT(EMADVISECOLUMNS):   output;
MPRINT(EMADVISECOLUMNS):   end;
MPRINT(EMADVISECOLUMNS):   if role = ' ' then do;
MPRINT(EMADVISECOLUMNS):   attr = 'ROLE';
MPRINT(EMADVISECOLUMNS):   output;
MPRINT(EMADVISECOLUMNS):   end;
MPRINT(EMADVISECOLUMNS):   if level = ' ' then do;
MPRINT(EMADVISECOLUMNS):   attr = 'LEVEL';
MPRINT(EMADVISECOLUMNS):   output;
MPRINT(EMADVISECOLUMNS):   end;
MPRINT(EMADVISECOLUMNS):   if type = ' ' then do;
MPRINT(EMADVISECOLUMNS):   attr = 'TYPE';
MPRINT(EMADVISECOLUMNS):   output;
MPRINT(EMADVISECOLUMNS):   end;
MPRINT(EMADVISECOLUMNS):   if index = ' ' then do;
MPRINT(EMADVISECOLUMNS):   attr = 'INDEX';
MPRINT(EMADVISECOLUMNS):   output;
MPRINT(EMADVISECOLUMNS):   end;
MPRINT(EMADVISECOLUMNS):   if report = ' ' then do;
MPRINT(EMADVISECOLUMNS):   attr = 'REPORT';
MPRINT(EMADVISECOLUMNS):   output;
MPRINT(EMADVISECOLUMNS):   end;
MPRINT(EMADVISECOLUMNS):   run;
MPRINT(EMADVISECOLUMNS):   proc sort NOTHREADS;
MPRINT(EMADVISECOLUMNS):   by attr;
MPRINT(EMADVISECOLUMNS):   run;
MPRINT(EMADVISECOLUMNS):    data WORK.M3TCNV8S;
MPRINT(EMADVISECOLUMNS):   length NAME $64 ROLE $ 32 LEVEL $ 10 ORDER $ 8 CREATOR $32 FORMATTYPE $ 10 FAMILY $ 10 LOWERLIMIT 8 UPPERLIMIT 8 REPORT $1 DISTRIBUTION $ 20 COMMENT $64;
MPRINT(EMADVISECOLUMNS):   length levelAssigned 8 roleAssigned 8 PRICE 8;
MPRINT(EMADVISECOLUMNS):   set WORK.M3TCNV8S;
MPRINT(EMADVISECOLUMNS):   if formattype = ' ' then do;
MPRINT(EMADVISECOLUMNS):   if format ne ' ' then do;
MPRINT(EMADVISECOLUMNS):   if type = 'N' then do;
MPRINT(EMADVISECOLUMNS):   pos = indexc(format,'.1234567890');
MPRINT(EMADVISECOLUMNS):   if pos > 1 then tempfmt = substr(format,1, pos-1);
MPRINT(EMADVISECOLUMNS):   else tempfmt = ' ';
MPRINT(EMADVISECOLUMNS):   flen = length(tempfmt);
MPRINT(EMADVISECOLUMNS):   select;
MPRINT(EMADVISECOLUMNS):   when(tempfmt in ("DATE" "DAY" "DDMMYY" "DOWNAME" "JULDAY" "JULIAN" "MMDDYY" "MMDDYYD" "MMDDYYC" "MMDDYYN" "MMDDYYP" "MMDDYYS" "MONNAME" "MONTH" "MONYY" "NENGO" "QTR" "QTRR" "WEEKDATE" "WEEKDATX" "WEEKDAY" "WORDDATE" "WORDDATX" 
"YEAR" "YYMMDD" "YYMON" "YYMMDDC" "YYMMDDD" "YYMMDDN" "YYMMDDP" "YYMMDDS" "EURDFDE" "NJDATE" "NLDATE" "EURDFDD" "EURDFDWN" "EURDFMN" "EURDFMY" "EURDFWK" "EURDFWKX" "EURDFWDX" "EURDFDN" "EURDFDE" )) formattype = 'DATE';
MPRINT(EMADVISECOLUMNS):   when(tempfmt in ("DATETIME" "EURDFDT" "TOD" )) formattype = "DATETIME";
MPRINT(EMADVISECOLUMNS):   when(tempfmt in ("HHMM" "HOUR" "MMSS" "TIME" "TIMEAMPM" )) formattype = "TIME";
MPRINT(EMADVISECOLUMNS):   when(tempfmt in ("COMMA" "COMMAX" "DOLLAR" "DOLLARX" "E" "FRACT" "NEGPAREN" "PERCENT")) formattype="QUANTITY";
MPRINT(EMADVISECOLUMNS):   when(tempfmt in ("BINARY" "HEX" "IB" "OCTAL" "PD" "PIB" "PK" "RB" "SSN" "Z" "ZD")) formattype = "CODING";
MPRINT(EMADVISECOLUMNS):   otherwise do;
MPRINT(EMADVISECOLUMNS):   formattype = "USER";
MPRINT(EMADVISECOLUMNS):   if compress(tempfmt, '0123456789.', '') = '' then formattype='NUM';
MPRINT(EMADVISECOLUMNS):   else if substr(tempfmt, 1, 6)='NLDATE' then formattype = "DATE";
MPRINT(EMADVISECOLUMNS):   else if substr(tempfmt, 1, 6)='NLDATM' then formattype = "DATETIME";
MPRINT(EMADVISECOLUMNS):   else if substr(tempfmt, 1, 4)='NLTIM' then formattype = "TIME";
MPRINT(EMADVISECOLUMNS):   else if flen >= 4 then do;
MPRINT(EMADVISECOLUMNS):   str = substr(tempfmt,1,4);
MPRINT(EMADVISECOLUMNS):   if str in ("MMYY" "YYMM" "YYQR") then formattype ="DATE";
MPRINT(EMADVISECOLUMNS):   else if str = "S370" then formattype = "CODING";
MPRINT(EMADVISECOLUMNS):   else if str = "BEST" then formattype = "NUM";
MPRINT(EMADVISECOLUMNS):   drop str;
MPRINT(EMADVISECOLUMNS):   end;
MPRINT(EMADVISECOLUMNS):   else if flen >=3 and substr(tempfmt,1,3) = "YYQ" then formatType = "DATE";
MPRINT(EMADVISECOLUMNS):   end;
MPRINT(EMADVISECOLUMNS):   end;
MPRINT(EMADVISECOLUMNS):   drop flen tempfmt pos;
MPRINT(EMADVISECOLUMNS):   end;
MPRINT(EMADVISECOLUMNS):   else do;
MPRINT(EMADVISECOLUMNS):   formatType = "CATEGORY";
MPRINT(EMADVISECOLUMNS):   end;
MPRINT(EMADVISECOLUMNS):   end;
MPRINT(EMADVISECOLUMNS):   if formatType = "NUM" then do;
MPRINT(EMADVISECOLUMNS):   if index = "Y" then formatType = "DISCRETE";
MPRINT(EMADVISECOLUMNS):   else formatType = "QUANTITY";
MPRINT(EMADVISECOLUMNS):   end;
MPRINT(EMADVISECOLUMNS):   end;
MPRINT(EMADVISECOLUMNS):   if level = ' ' then do;
MPRINT(EMADVISECOLUMNS):   if formatType in ("CATEGORY", "CODING", "ID") or type = "C" then level = "NOMINAL";
MPRINT(EMADVISECOLUMNS):   else level = "INTERVAL";
MPRINT(EMADVISECOLUMNS):   levelAssigned = 1;
MPRINT(EMADVISECOLUMNS):   end;
MPRINT(EMADVISECOLUMNS):   else level = upcase(level);
MPRINT(EMADVISECOLUMNS):   if role = ' ' then do;
MPRINT(EMADVISECOLUMNS):   length name_prefix $8 _uname $64;
MPRINT(EMADVISECOLUMNS):   drop name_prefix _uname _freqflag;
MPRINT(EMADVISECOLUMNS):   retain _freqflag;
MPRINT(EMADVISECOLUMNS):   if LENGTH> 80 then ROLE = 'TEXT';
MPRINT(EMADVISECOLUMNS):   _uname = upcase(NAME);
MPRINT(EMADVISECOLUMNS):   select(_uname);
MPRINT(EMADVISECOLUMNS):   when('_PARTIND_') do;
MPRINT(EMADVISECOLUMNS):   ROLE = 'ID';
MPRINT(EMADVISECOLUMNS):   LEVEL = 'NOMINAL';
MPRINT(EMADVISECOLUMNS):   end;
MPRINT(EMADVISECOLUMNS):   when('_WARN_') ROLE = 'ASSESS';
MPRINT(EMADVISECOLUMNS):   when('EM_SEGMENT') do;
MPRINT(EMADVISECOLUMNS):   ROLE = 'SEGMENT';
MPRINT(EMADVISECOLUMNS):   LEVEL = 'NOMINAL';
MPRINT(EMADVISECOLUMNS):   end;
MPRINT(EMADVISECOLUMNS):   when('_NODE_') do;
MPRINT(EMADVISECOLUMNS):   ROLE = 'SEGMENT';
MPRINT(EMADVISECOLUMNS):   LEVEL = 'NOMINAL';
MPRINT(EMADVISECOLUMNS):   end;
MPRINT(EMADVISECOLUMNS):   when('EM_CLASSTARGET') ROLE = 'ASSESS';
MPRINT(EMADVISECOLUMNS):   when('EM_VALUETARGET') ROLE = 'ASSESS';
MPRINT(EMADVISECOLUMNS):   when('EM_PREDICTION') ROLE = 'PREDICT';
MPRINT(EMADVISECOLUMNS):   when('EM_PROBABILITY') ROLE = 'PREDICT';
MPRINT(EMADVISECOLUMNS):   when('EM_EVENTPROBABILITY') ROLE = 'PREDICT';
MPRINT(EMADVISECOLUMNS):   when('EM_CLASSIFICATION') ROLE = 'CLASSIFICATION';
MPRINT(EMADVISECOLUMNS):   when('EM_DECISION') ROLE = 'DECISION';
MPRINT(EMADVISECOLUMNS):   when('EM_PROFIT') ROLE = 'ASSESS';
MPRINT(EMADVISECOLUMNS):   when('EM_LOSS') ROLE = 'ASSESS';
MPRINT(EMADVISECOLUMNS):   when('EM_ROI') ROLE = 'ASSESS';
MPRINT(EMADVISECOLUMNS):   when('URI') ROLE = 'URL';
MPRINT(EMADVISECOLUMNS):   when('FILTERED') ROLE = 'TEXTLOC';
MPRINT(EMADVISECOLUMNS):   otherwise do;
MPRINT(EMADVISECOLUMNS):   if upcase(NAME) =: 'ZIP' then do;
MPRINT(EMADVISECOLUMNS):   ROLE = 'REJECTED';
MPRINT(EMADVISECOLUMNS):   LEVEL = 'NOMINAL';
MPRINT(EMADVISECOLUMNS):   COMMENT = 'Rejected by: Exceed the maximum class level of %s';
MPRINT(EMADVISECOLUMNS):   end;
MPRINT(EMADVISECOLUMNS):   else if upcase(NAME) in('FREQ', 'FREQUENCY') then do;
MPRINT(EMADVISECOLUMNS):   ROLE = 'FREQ';
MPRINT(EMADVISECOLUMNS):   if TYPE = 'C' then ROLE = 'INPUT';
MPRINT(EMADVISECOLUMNS):   else if _freqflag =1 then ROLE='REJECTED';
MPRINT(EMADVISECOLUMNS):   end;
MPRINT(EMADVISECOLUMNS):   else do;
MPRINT(EMADVISECOLUMNS):   name_prefix = scan(_uname, 1, '_');
MPRINT(EMADVISECOLUMNS):   if scan(_uname, 2, '_') = '' then name_prefix='';
MPRINT(EMADVISECOLUMNS):   if name_prefix in('F', 'I', 'U') then do;
MPRINT(EMADVISECOLUMNS):   ROLE = 'CLASSIFICATION';
MPRINT(EMADVISECOLUMNS):   LEVEL = 'NOMINAL';
MPRINT(EMADVISECOLUMNS):   end;
MPRINT(EMADVISECOLUMNS):   else if name_prefix in('Q') then ROLE = 'ASSESS';
MPRINT(EMADVISECOLUMNS):   else if name_prefix in('P', 'V') then ROLE = 'PREDICT';
MPRINT(EMADVISECOLUMNS):   else if name_prefix in('R', 'RS', 'RT', 'RD', 'RDS', 'RDT', 'RA', 'RAS', 'RAT') then ROLE = 'RESIDUAL';
MPRINT(EMADVISECOLUMNS):   else if name_prefix ='D' then do;
MPRINT(EMADVISECOLUMNS):   ROLE = 'DECISION';
MPRINT(EMADVISECOLUMNS):   LEVEL = 'NOMINAL';
MPRINT(EMADVISECOLUMNS):   end;
MPRINT(EMADVISECOLUMNS):   else if name_prefix ='B' then do;
MPRINT(EMADVISECOLUMNS):   ROLE = 'SEGMENT';
MPRINT(EMADVISECOLUMNS):   LEVEL = 'NOMINAL';
MPRINT(EMADVISECOLUMNS):   end;
MPRINT(EMADVISECOLUMNS):   else if name_prefix in('EP', 'BP', 'CP', 'EL', 'CL', 'BL', 'W', 'ROI', 'IC') then ROLE = 'ASSESS';
MPRINT(EMADVISECOLUMNS):   else do;
MPRINT(EMADVISECOLUMNS):   array _ROLE_ (19) $32 _TEMPORARY_ ('ASSESS','CLASSIFICATION','CENSOR', 'COST', 'CROSSID', 'DECISION', 'ID','INPUT', 'LABEL', 'MISSING','PREDICT','REFERRER','REJECTED', 'RESIDUAL','SEGMENT', 'SEQUENCE','TARGET', 'TEXT', 'TIMEID');
MPRINT(EMADVISECOLUMNS):   drop _found_ i;
MPRINT(EMADVISECOLUMNS):   _found_=0;
MPRINT(EMADVISECOLUMNS):   do i=1 to 19 until(_found_=1);
MPRINT(EMADVISECOLUMNS):   if index(_uname, trim(_ROLE_{i}))=1 then do;
MPRINT(EMADVISECOLUMNS):   ROLE=_ROLE_{i};
MPRINT(EMADVISECOLUMNS):   if ROLE = 'ID' then LEVEL = 'NOMINAL';
MPRINT(EMADVISECOLUMNS):   else if ROLE = 'SEGMENT' then LEVEL = 'NOMINAL';
MPRINT(EMADVISECOLUMNS):   else if ROLE = 'TIMEID' and TYPE='N' then LEVEL = 'INTERVAL';
MPRINT(EMADVISECOLUMNS):   _found_=1;
MPRINT(EMADVISECOLUMNS):   end;
MPRINT(EMADVISECOLUMNS):   end;
MPRINT(EMADVISECOLUMNS):   if length(_uname)>2 then do;
MPRINT(EMADVISECOLUMNS):   if substr(reverse(trim(_uname)), 1, 3) = 'DI_' then do;
MPRINT(EMADVISECOLUMNS):   ROLE = 'ID';
MPRINT(EMADVISECOLUMNS):   LEVEL = 'NOMINAL';
MPRINT(EMADVISECOLUMNS):   end;
MPRINT(EMADVISECOLUMNS):   end;
MPRINT(EMADVISECOLUMNS):   end;
MPRINT(EMADVISECOLUMNS):   end;
MPRINT(EMADVISECOLUMNS):   end;
MPRINT(EMADVISECOLUMNS):   end;
MPRINT(EMADVISECOLUMNS):   if ROLE='FREQ' then _freqflag=1;
MPRINT(EMADVISECOLUMNS):   else if ROLE = 'CLASSIFICATION' then LEVEL = 'NOMINAL';
MPRINT(EMADVISECOLUMNS):   if symexist('RATEMKG_ROLE') then do;
MPRINT(EMADVISECOLUMNS):   if upcase(symget('RATEMKG_ROLE')) in('Y', 'YES') then do;
MPRINT(EMADVISECOLUMNS):   if _uname =: 'POLICY' then ROLE = 'POLICYID';
MPRINT(EMADVISECOLUMNS):   else if _uname in ('PARTITION', '_PARTIND_') then ROLE = 'PARTITION';
MPRINT(EMADVISECOLUMNS):   else if type = 'N' then do;
MPRINT(EMADVISECOLUMNS):   if _uname = 'EXPOSURE' then ROLE = 'EXPOSURE';
MPRINT(EMADVISECOLUMNS):   else if _uname = 'YEAR' then ROLE = 'YEAR';
MPRINT(EMADVISECOLUMNS):   else if _uname = 'WEIGHT' then ROLE = 'WEIGHT';
MPRINT(EMADVISECOLUMNS):   else if _uname = 'OFFSET' then ROLE = 'OFFSET';
MPRINT(EMADVISECOLUMNS):   end;
MPRINT(EMADVISECOLUMNS):   end;
MPRINT(EMADVISECOLUMNS):   end;
MPRINT(EMADVISECOLUMNS):   end;
MPRINT(EMADVISECOLUMNS):   if role = ' ' then do;
MPRINT(EMADVISECOLUMNS):   if formattype in('DATE', 'DATETIME', 'TIME') then role = 'TIMEID';
MPRINT(EMADVISECOLUMNS):   else role = 'INPUT';
MPRINT(EMADVISECOLUMNS):   roleAssigned = 1;
MPRINT(EMADVISECOLUMNS):   end;
MPRINT(EMADVISECOLUMNS):   else role = upcase(role);
MPRINT(EMADVISECOLUMNS):   if REPORT = '' then REPORT = 'N';
MPRINT(EMADVISECOLUMNS):   if symexist('dmwb_product') then do;
MPRINT(EMADVISECOLUMNS):   if upcase(symget('dmwb_product')) = 'FACTORYMINER_DATASOURCE' then do;
MPRINT(EMADVISECOLUMNS):   if ROLE ^in('INPUT', 'TARGET', 'REJECTED', 'SEGMENT', 'FREQ', 'ID', 'KEY') then ROLE='REJECTED';
MPRINT(EMADVISECOLUMNS):   end;
MPRINT(EMADVISECOLUMNS):   end;
MPRINT(EMADVISECOLUMNS):   run;
MPRINT(EMADVISECOLUMNS):    data WORK.M3TCNV8S;
MPRINT(EMADVISECOLUMNS):   set WORK.M3TCNV8S;
MPRINT(EMADVISECOLUMNS):   label NAME = "Variable Name" TYPE = "Type" ROLE = "Role" LEVEL= "Measurement Level" ORDER= "Order" CREATOR= "Creator" FORMATTYPE= "Format Type" FAMILY= "Family" DISTRIBUTION= "Distribution" PRICE= "Price" LOWERLIMIT= "Lower 
limit" UPPERLIMIT= "Upper Limit" REPORT= "Report" COMMENT= "Comment" INDEX= "Index" INDEXTYPE= "IndexType" LABEL= "Label" LENGTH= "Length";
MPRINT(EMADVISECOLUMNS):   drop levelAssigned roleAssigned;
MPRINT(EMADVISECOLUMNS):   run;
MPRINT(EMADVISECOLUMNS):   
MPRINT(EM_DIAGRAM):  ;
MPRINT(EM_DIAGRAM):   proc sort data=WORK.COLUMNMETA;
MPRINT(EM_DIAGRAM):   by NAME;
MPRINT(EM_DIAGRAM):   run;
MPRINT(EM_DIAGRAM):   *------------------------------------------------------------*;
MPRINT(EM_DIAGRAM):   * &nodeid: Merge incoming metadata;
MPRINT(EM_DIAGRAM):   *------------------------------------------------------------*;
MPRINT(EM_DIAGRAM):   proc contents data=EMWS1.Part_TRAIN noprint out=_temp2(keep=NAME);
MPRINT(EM_DIAGRAM):   run;
MPRINT(EM_DIAGRAM):   proc sort data=_temp2;
MPRINT(EM_DIAGRAM):   by NAME;
MPRINT(EM_DIAGRAM):   run;
MPRINT(EM_DIAGRAM):   proc sort data=EMWS1.Part_CMeta_TRAIN out=_temp;
MPRINT(EM_DIAGRAM):   by NAME;
MPRINT(EM_DIAGRAM):   run;
MPRINT(EM_DIAGRAM):   data EMWS1.Impt_CMeta_TRAIN;
MPRINT(EM_DIAGRAM):   merge WORK.COLUMNMETA(in=_a) _temp2(in=_b) _temp(drop=FORMAT INFORMAT LENGTH INDEX INDEXTYPE in=_c) end=_eof_;
MPRINT(EM_DIAGRAM):   by NAME;
MPRINT(EM_DIAGRAM):   if (^_a and _b) or (^_c and _a and _b) then delete;
MPRINT(EM_DIAGRAM):   if ^_b then CREATOR = "Impt";
MPRINT(EM_DIAGRAM):   *------------------------------------------------------------*;
MPRINT(EM_DIAGRAM):   * Impt: Apply Delta Code;
MPRINT(EM_DIAGRAM):   *------------------------------------------------------------*;
MPRINT(EM_DIAGRAM):   if NAME = "CLAGE" then delete;
MPRINT(EM_DIAGRAM):   else if NAME = "IMP_CLAGE" then do;
MPRINT(EM_DIAGRAM):   ROLE = "INPUT" ;
MPRINT(EM_DIAGRAM):   FAMILY = "" ;
MPRINT(EM_DIAGRAM):   REPORT = "N" ;
MPRINT(EM_DIAGRAM):   LEVEL = "INTERVAL" ;
MPRINT(EM_DIAGRAM):   ORDER = "" ;
MPRINT(EM_DIAGRAM):   end;
MPRINT(EM_DIAGRAM):   if NAME = "CLNO" then delete;
MPRINT(EM_DIAGRAM):   else if NAME = "IMP_CLNO" then do;
MPRINT(EM_DIAGRAM):   ROLE = "INPUT" ;
MPRINT(EM_DIAGRAM):   FAMILY = "" ;
MPRINT(EM_DIAGRAM):   REPORT = "N" ;
MPRINT(EM_DIAGRAM):   LEVEL = "INTERVAL" ;
MPRINT(EM_DIAGRAM):   ORDER = "" ;
MPRINT(EM_DIAGRAM):   end;
MPRINT(EM_DIAGRAM):   if NAME = "DEBTINC" then delete;
MPRINT(EM_DIAGRAM):   else if NAME = "IMP_DEBTINC" then do;
MPRINT(EM_DIAGRAM):   ROLE = "INPUT" ;
MPRINT(EM_DIAGRAM):   FAMILY = "" ;
MPRINT(EM_DIAGRAM):   REPORT = "N" ;
MPRINT(EM_DIAGRAM):   LEVEL = "INTERVAL" ;
MPRINT(EM_DIAGRAM):   ORDER = "" ;
MPRINT(EM_DIAGRAM):   end;
MPRINT(EM_DIAGRAM):   if NAME = "DELINQ" then delete;
MPRINT(EM_DIAGRAM):   else if NAME = "IMP_DELINQ" then do;
MPRINT(EM_DIAGRAM):   ROLE = "INPUT" ;
MPRINT(EM_DIAGRAM):   FAMILY = "" ;
MPRINT(EM_DIAGRAM):   REPORT = "N" ;
MPRINT(EM_DIAGRAM):   LEVEL = "INTERVAL" ;
MPRINT(EM_DIAGRAM):   ORDER = "" ;
MPRINT(EM_DIAGRAM):   end;
MPRINT(EM_DIAGRAM):   if NAME = "DEROG" then delete;
MPRINT(EM_DIAGRAM):   else if NAME = "IMP_DEROG" then do;
MPRINT(EM_DIAGRAM):   ROLE = "INPUT" ;
MPRINT(EM_DIAGRAM):   FAMILY = "" ;
MPRINT(EM_DIAGRAM):   REPORT = "N" ;
MPRINT(EM_DIAGRAM):   LEVEL = "INTERVAL" ;
MPRINT(EM_DIAGRAM):   ORDER = "" ;
MPRINT(EM_DIAGRAM):   end;
MPRINT(EM_DIAGRAM):   if NAME = "JOB" then delete;
MPRINT(EM_DIAGRAM):   else if NAME = "IMP_JOB" then do;
MPRINT(EM_DIAGRAM):   ROLE = "INPUT" ;
MPRINT(EM_DIAGRAM):   FAMILY = "" ;
MPRINT(EM_DIAGRAM):   REPORT = "N" ;
MPRINT(EM_DIAGRAM):   LEVEL = "NOMINAL" ;
MPRINT(EM_DIAGRAM):   ORDER = "" ;
MPRINT(EM_DIAGRAM):   end;
MPRINT(EM_DIAGRAM):   if NAME = "MORTDUE" then delete;
MPRINT(EM_DIAGRAM):   else if NAME = "IMP_MORTDUE" then do;
MPRINT(EM_DIAGRAM):   ROLE = "INPUT" ;
MPRINT(EM_DIAGRAM):   FAMILY = "" ;
MPRINT(EM_DIAGRAM):   REPORT = "N" ;
MPRINT(EM_DIAGRAM):   LEVEL = "INTERVAL" ;
MPRINT(EM_DIAGRAM):   ORDER = "" ;
MPRINT(EM_DIAGRAM):   end;
MPRINT(EM_DIAGRAM):   if NAME = "NINQ" then delete;
MPRINT(EM_DIAGRAM):   else if NAME = "IMP_NINQ" then do;
MPRINT(EM_DIAGRAM):   ROLE = "INPUT" ;
MPRINT(EM_DIAGRAM):   FAMILY = "" ;
MPRINT(EM_DIAGRAM):   REPORT = "N" ;
MPRINT(EM_DIAGRAM):   LEVEL = "INTERVAL" ;
MPRINT(EM_DIAGRAM):   ORDER = "" ;
MPRINT(EM_DIAGRAM):   end;
MPRINT(EM_DIAGRAM):   if NAME = "REASON" then delete;
MPRINT(EM_DIAGRAM):   else if NAME = "IMP_REASON" then do;
MPRINT(EM_DIAGRAM):   ROLE = "INPUT" ;
MPRINT(EM_DIAGRAM):   FAMILY = "" ;
MPRINT(EM_DIAGRAM):   REPORT = "N" ;
MPRINT(EM_DIAGRAM):   LEVEL = "NOMINAL" ;
MPRINT(EM_DIAGRAM):   ORDER = "" ;
MPRINT(EM_DIAGRAM):   end;
MPRINT(EM_DIAGRAM):   if NAME = "VALUE" then delete;
MPRINT(EM_DIAGRAM):   else if NAME = "IMP_VALUE" then do;
MPRINT(EM_DIAGRAM):   ROLE = "INPUT" ;
MPRINT(EM_DIAGRAM):   FAMILY = "" ;
MPRINT(EM_DIAGRAM):   REPORT = "N" ;
MPRINT(EM_DIAGRAM):   LEVEL = "INTERVAL" ;
MPRINT(EM_DIAGRAM):   ORDER = "" ;
MPRINT(EM_DIAGRAM):   end;
MPRINT(EM_DIAGRAM):   if NAME = "YOJ" then delete;
MPRINT(EM_DIAGRAM):   else if NAME = "IMP_YOJ" then do;
MPRINT(EM_DIAGRAM):   ROLE = "INPUT" ;
MPRINT(EM_DIAGRAM):   FAMILY = "" ;
MPRINT(EM_DIAGRAM):   REPORT = "N" ;
MPRINT(EM_DIAGRAM):   LEVEL = "INTERVAL" ;
MPRINT(EM_DIAGRAM):   ORDER = "" ;
MPRINT(EM_DIAGRAM):   end;
MPRINT(EM_DIAGRAM):   run;
MPRINT(EM_DIAGRAM):   filename _delta;
NOTE: View EMWS1.IMPT_TRAIN.VIEW used (Total process time):
      real time           0.03 seconds
      cpu time            0.03 seconds
      
NOTE: View EMWS1.IMPT_VALIDATE.VIEW used (Total process time):
      real time           0.03 seconds
      cpu time            0.03 seconds
      
MPRINT(EM_DIAGRAM):    proc printto;
MPRINT(EM_DIAGRAM):   run;
