MPRINT(EM_DIAGRAM):    data _null_;
MPRINT(EM_DIAGRAM):   call symput('NLDATE', strip(put(date(), NLDATE.)));
MPRINT(EM_DIAGRAM):   call symput('NLTIME', strip(put(datetime(), NLTIME.)));
MPRINT(EM_DIAGRAM):   run;
MPRINT(EM_DIAGRAM):   data _null_;
MPRINT(EM_DIAGRAM):   nldate= sasmsg("sashelp.dmine", "log_date_note", 'N', "November 07, 2018" );
MPRINT(EM_DIAGRAM):   nltime= sasmsg("sashelp.dmine", "log_time_note", 'N', "21:11:29" );
MPRINT(EM_DIAGRAM):   put "*------------------------------------------------------------*";
MPRINT(EM_DIAGRAM):   put "* Training Log";
MPRINT(EM_DIAGRAM):   put nldate;
MPRINT(EM_DIAGRAM):   put nltime;
MPRINT(EM_DIAGRAM):   put "*------------------------------------------------------------*";
MPRINT(EM_DIAGRAM):   run;
*------------------------------------------------------------*
* Training Log
Date:                November 07, 2018
Time:                21:11:29
*------------------------------------------------------------*
MPRINT(EM_DIAGRAM):    filename O0GZ77_X "J:\JMMORR01\CIS 445\CIS 445 Project 3\Workspaces\EMWS1\Impt\EMTRAIN.out" encoding="UTF-8" NOBOM;
MPRINT(EM_DIAGRAM):   proc printto print=O0GZ77_X new;
MPRINT(EM_DIAGRAM):   run;
MPRINT(EM_DIAGRAM):    filename _LOG "J:\JMMORR01\CIS 445\CIS 445 Project 3\Workspaces\EMWS1\Impt\EMLOG.log" encoding="UTF-8" NOBOM;
MPRINT(EM_DIAGRAM):    data _null_;
MPRINT(EM_DIAGRAM):   call symput('NLDATE', strip(put(date(), NLDATE.)));
MPRINT(EM_DIAGRAM):   call symput('NLTIME', strip(put(datetime(), NLTIME.)));
MPRINT(EM_DIAGRAM):   run;
MPRINT(EM_DIAGRAM):   data _null_;
MPRINT(EM_DIAGRAM):   nldate= sasmsg("sashelp.dmine", "log_date_note", 'N', "November 07, 2018" );
MPRINT(EM_DIAGRAM):   nltime= sasmsg("sashelp.dmine", "log_time_note", 'N', "21:11:30" );
MPRINT(EM_DIAGRAM):   file _LOG;
MPRINT(EM_DIAGRAM):   put "*------------------------------------------------------------*";
MPRINT(EM_DIAGRAM):   put "User:                jmmorr01";
MPRINT(EM_DIAGRAM):   put nldate;
MPRINT(EM_DIAGRAM):   put nltime;
MPRINT(EM_DIAGRAM):   put "Site:                70080761";
MPRINT(EM_DIAGRAM):   put "Platform:            X64_8PRO";
MPRINT(EM_DIAGRAM):   put "Maintenance Release: 9.04.01M3P062415";
MPRINT(EM_DIAGRAM):   put "EM Version:          14.1";
MPRINT(EM_DIAGRAM):   put "* ";
MPRINT(EM_DIAGRAM):   run;
MPRINT(EM_DIAGRAM):    filename _LOGIN "J:\JMMORR01\CIS 445\CIS 445 Project 3\Workspaces\EMWS1\Impt\EMTRAIN.log" encoding="UTF-8" NOBOM;
MPRINT(EM_COPYFILE):   data _null_;
MPRINT(EM_COPYFILE):   length line $20000;
MPRINT(EM_COPYFILE):   file _LOG MOD lrecl=20000;
MPRINT(EM_COPYFILE):   fid=fopen("_LOGIN",'i',20000,'v');
MPRINT(EM_COPYFILE):   if fid > 0 then do;
MPRINT(EM_COPYFILE):   do while(^fread(fid));
MPRINT(EM_COPYFILE):   rlen = frlen(fid);
MPRINT(EM_COPYFILE):   rc= fget(fid,line,20000);
MPRINT(EM_COPYFILE):   start = length(line)-length(left(line))+1;
MPRINT(EM_COPYFILE):   line=strip(line);
MPRINT(EM_COPYFILE):   put @start line;
MPRINT(EM_COPYFILE):   end;
MPRINT(EM_COPYFILE):   if fid > 0 then rc=fclose(fid);
MPRINT(EM_COPYFILE):   end;
MPRINT(EM_COPYFILE):   run;
MPRINT(EM_DIAGRAM):  ;
MPRINT(EM_DIAGRAM):   filename _LOGIN;
MPRINT(EM_DIAGRAM):    data _null_;
MPRINT(EM_DIAGRAM):   file _LOG mod;
MPRINT(EM_DIAGRAM):   put _page_;
MPRINT(EM_DIAGRAM):   run;
MPRINT(EM_DIAGRAM):   filename _LOGIN "J:\JMMORR01\CIS 445\CIS 445 Project 3\Workspaces\EMWS1\Impt\EMSCORE.log" encoding="UTF-8" NOBOM;
MPRINT(EM_DIAGRAM):  ;
MPRINT(EM_DIAGRAM):   data _null_;
MPRINT(EM_DIAGRAM):   file _LOG mod;
MPRINT(EM_DIAGRAM):   put _page_;
MPRINT(EM_DIAGRAM):   run;
MPRINT(EM_DIAGRAM):    filename _LOGIN "J:\JMMORR01\CIS 445\CIS 445 Project 3\Workspaces\EMWS1\Impt\EMREPORT.log" encoding="UTF-8" NOBOM;
MPRINT(EM_DIAGRAM):  ;
MPRINT(EM_DIAGRAM):   filename _LOGIN;
MPRINT(EM_DIAGRAM):    filename _LOG;
MPRINT(EM_DIAGRAM):    filename _OUT "J:\JMMORR01\CIS 445\CIS 445 Project 3\Workspaces\EMWS1\Impt\EMOUTPUT.out" encoding="UTF-8" NOBOM;
MPRINT(EM_DIAGRAM):    data _null_;
MPRINT(EM_DIAGRAM):   call symput('NLDATE', strip(put(date(), NLDATE.)));
MPRINT(EM_DIAGRAM):   call symput('NLTIME', strip(put(datetime(), NLTIME.)));
MPRINT(EM_DIAGRAM):   run;
MPRINT(EM_DIAGRAM):   data _null_;
MPRINT(EM_DIAGRAM):   nldate= sasmsg("sashelp.dmine", "log_date_note", 'N', "November 07, 2018" );
MPRINT(EM_DIAGRAM):   nltime= sasmsg("sashelp.dmine", "log_time_note", 'N', "21:11:30" );
MPRINT(EM_DIAGRAM):   file _OUT;
MPRINT(EM_DIAGRAM):   put "*------------------------------------------------------------*";
MPRINT(EM_DIAGRAM):   put "User:                jmmorr01";
MPRINT(EM_DIAGRAM):   put nldate;
MPRINT(EM_DIAGRAM):   put nltime;
MPRINT(EM_DIAGRAM):   put "*------------------------------------------------------------*";
MPRINT(EM_DIAGRAM):   put "* Training Output";
MPRINT(EM_DIAGRAM):   put "*------------------------------------------------------------*";
MPRINT(EM_DIAGRAM):   run;
MPRINT(EM_DIAGRAM):    filename _OUTIN "J:\JMMORR01\CIS 445\CIS 445 Project 3\Workspaces\EMWS1\Impt\EMTRAIN.out" encoding="UTF-8" NOBOM;
MPRINT(EM_DIAGRAM):   ;
MPRINT(EM_COPYFILE):   data _null_;
MPRINT(EM_COPYFILE):   length line $20000;
MPRINT(EM_COPYFILE):   file _OUT MOD lrecl=20000;
MPRINT(EM_COPYFILE):   fid=fopen("_OUTIN",'i',20000,'v');
MPRINT(EM_COPYFILE):   if fid > 0 then do;
MPRINT(EM_COPYFILE):   do while(^fread(fid));
MPRINT(EM_COPYFILE):   rlen = frlen(fid);
MPRINT(EM_COPYFILE):   rc= fget(fid,line,20000);
MPRINT(EM_COPYFILE):   start = length(line)-length(left(line))+1;
MPRINT(EM_COPYFILE):   line=strip(line);
MPRINT(EM_COPYFILE):   put @start line;
MPRINT(EM_COPYFILE):   end;
MPRINT(EM_COPYFILE):   if fid > 0 then rc=fclose(fid);
MPRINT(EM_COPYFILE):   end;
MPRINT(EM_COPYFILE):   run;
MPRINT(EM_DIAGRAM):  ;
MPRINT(EM_DIAGRAM):   filename _OUTIN;
MPRINT(EM_DIAGRAM):    data _null_;
MPRINT(EM_DIAGRAM):   file _OUT mod;
MPRINT(EM_DIAGRAM):   put _page_;
MPRINT(EM_DIAGRAM):   put // "*------------------------------------------------------------*";
MPRINT(EM_DIAGRAM):   put "* Score Output";
MPRINT(EM_DIAGRAM):   put "*------------------------------------------------------------*";
MPRINT(EM_DIAGRAM):   run;
MPRINT(EM_DIAGRAM):    filename _OUTIN "J:\JMMORR01\CIS 445\CIS 445 Project 3\Workspaces\EMWS1\Impt\EMSCORE.out" encoding="UTF-8" NOBOM;
MPRINT(EM_DIAGRAM):  ;
MPRINT(EM_DIAGRAM):   filename _OUTIN;
MPRINT(EM_DIAGRAM):    data _null_;
MPRINT(EM_DIAGRAM):   file _OUT mod;
MPRINT(EM_DIAGRAM):   put _page_;
MPRINT(EM_DIAGRAM):   put // "*------------------------------------------------------------*";
MPRINT(EM_DIAGRAM):   put "* Report Output";
MPRINT(EM_DIAGRAM):   put "*------------------------------------------------------------*";
MPRINT(EM_DIAGRAM):   run;
MPRINT(EM_DIAGRAM):    filename _OUTIN "J:\JMMORR01\CIS 445\CIS 445 Project 3\Workspaces\EMWS1\Impt\EMREPORT.out" encoding="UTF-8" NOBOM;
MPRINT(EM_DIAGRAM):  ;
MPRINT(EM_DIAGRAM):   filename _OUTIN;
MPRINT(EM_DIAGRAM):    filename _OUT;
MPRINT(EM_DIAGRAM):    filename _emtool_ 'J:\JMMORR01\CIS 445\CIS 445 Project 3\Workspaces\EMWS1\Impt\EMRUNSTATUS.xml' encoding="UTF-8" NOBOM;
MPRINT(EM_DIAGRAM):    filename _emtool_ 'J:\JMMORR01\CIS 445\CIS 445 Project 3\Workspaces\EMWS1\Impt\EMRUNSTATUS.xml' encoding="UTF-8" NOBOM;
17239      proc freq data=EMWS1.Impt_VariableSet noprint;
MPRINT(EM_DIAGRAM):    proc freq data=EMWS1.Impt_VariableSet noprint;
17240      table ROLE*LEVEL/out=WORK.ImptMETA;
MPRINT(EM_DIAGRAM):   table ROLE*LEVEL/out=WORK.ImptMETA;
17241      run;
MPRINT(EM_DIAGRAM):   run;

NOTE: There were 13 observations read from the data set EMWS1.IMPT_VARIABLESET.
NOTE: The data set WORK.IMPTMETA has 3 observations and 4 variables.
NOTE: PROCEDURE FREQ used (Total process time):
      real time           0.09 seconds
      cpu time            0.04 seconds
      

17242      proc print data=WORK.ImptMETA label noobs;
MPRINT(EM_DIAGRAM):   proc print data=WORK.ImptMETA label noobs;
17243      var ROLE LEVEL COUNT;
MPRINT(EM_DIAGRAM):   var ROLE LEVEL COUNT;
17244      label ROLE = "%sysfunc(sasmsg(sashelp.dmine, meta_role_vlabel, NOQUOTE))" LEVEL = "%sysfunc(sasmsg(sashelp.dmine, meta_level_vlabel, NOQUOTE))" COUNT = "%sysfunc(sasmsg(sashelp.dmine, rpt_count_vlabel, NOQUOTE))";
MPRINT(EM_DIAGRAM):   label ROLE = "Role" LEVEL = "Measurement Level" COUNT = "Frequency Count";
17245      title9 ' ';
MPRINT(EM_DIAGRAM):   title9 ' ';
17246      title10 "%sysfunc(sasmsg(sashelp.dmine, rpt_varSummary_title  , NOQUOTE))";
MPRINT(EM_DIAGRAM):   title10 "Variable Summary";
MPRINT(EM_DIAGRAM):   run;
17247      run;

NOTE: There were 3 observations read from the data set WORK.IMPTMETA.
NOTE: The PROCEDURE PRINT printed page 1.
NOTE: PROCEDURE PRINT used (Total process time):
      real time           0.01 seconds
      cpu time            0.01 seconds
      

17248      title10;
MPRINT(EM_DIAGRAM):   title10;
MPRINT(EM_DIAGRAM):    *------------------------------------------------------------*;
MPRINT(EM_DIAGRAM):   * Impt: Preparing metadata for training;
MPRINT(EM_DIAGRAM):   ;
MPRINT(EM_DIAGRAM):   *------------------------------------------------------------*;
MPRINT(EM_DIAGRAM):   data WORK.M3K0NSLO;
MPRINT(EM_DIAGRAM):   set WORK.M3K0NSLO;
MPRINT(EM_DIAGRAM):   where(use = 'Y' or (ROLE ne 'REJECTED' and USE = 'D'));
MPRINT(EM_DIAGRAM):   if (role = 'REJECTED') then role = 'INPUT';
MPRINT(EM_DIAGRAM):   if role = 'INPUT' and METHOD='DEFAULT' then do;
MPRINT(EM_DIAGRAM):   if level ne 'INTERVAL' then METHOD = "COUNT";
MPRINT(EM_DIAGRAM):   else METHOD = "MEAN";
MPRINT(EM_DIAGRAM):   end;
MPRINT(EM_DIAGRAM):   else if role = 'TARGET' and METHOD='DEFAULT' then do;
MPRINT(EM_DIAGRAM):   if level ne 'INTERVAL' then METHOD = "NONE";
MPRINT(EM_DIAGRAM):   else METHOD = "NONE";
MPRINT(EM_DIAGRAM):   end;
MPRINT(EM_DIAGRAM):   run;
17266      data WORK.Impt_TREEINPUTS;
MPRINT(EM_DIAGRAM):    data WORK.Impt_TREEINPUTS;
17267      set WORK.M388RPTY;
MPRINT(EM_DIAGRAM):   set WORK.M388RPTY;
17268      if ROLE ne 'FREQ' then do;
MPRINT(EM_DIAGRAM):   if ROLE ne 'FREQ' then do;
17269      if ((ROLE in('TARGET','REJECTED') and useTree='D') or useTree='N') then delete;
MPRINT(EM_DIAGRAM):   if ((ROLE in('TARGET','REJECTED') and useTree='D') or useTree='N') then delete;
17270      ROLE = 'INPUT';
MPRINT(EM_DIAGRAM):   ROLE = 'INPUT';
17271      end;
MPRINT(EM_DIAGRAM):   end;
17272      run;
MPRINT(EM_DIAGRAM):   run;

NOTE: There were 13 observations read from the data set WORK.M388RPTY.
NOTE: The data set WORK.IMPT_TREEINPUTS has 12 observations and 23 variables.
NOTE: DATA statement used (Total process time):
      real time           0.01 seconds
      cpu time            0.00 seconds
      

17273      data WORK.M388RPTY;
MPRINT(EM_DIAGRAM):   data WORK.M388RPTY;
17274      set WORK.M388RPTY;
MPRINT(EM_DIAGRAM):   set WORK.M388RPTY;
17275      if METHOD in("TREE", "TREESURR") then role = 'TARGET';
MPRINT(EM_DIAGRAM):   if METHOD in("TREE", "TREESURR") then role = 'TARGET';
17276      else if (role = 'REJECTED') then role = 'INPUT';
MPRINT(EM_DIAGRAM):   else if (role = 'REJECTED') then role = 'INPUT';
17277      run;
MPRINT(EM_DIAGRAM):   run;

NOTE: There were 13 observations read from the data set WORK.M388RPTY.
NOTE: The data set WORK.M388RPTY has 13 observations and 23 variables.
NOTE: DATA statement used (Total process time):
      real time           0.01 seconds
      cpu time            0.01 seconds
      

17278      *------------------------------------------------------------* ;
MPRINT(EM_DIAGRAM):    *------------------------------------------------------------* ;
17279      * Impt: DMDBClass Macro ;
MPRINT(EM_DIAGRAM):   * Impt: DMDBClass Macro ;
17280      *------------------------------------------------------------* ;
MPRINT(EM_DIAGRAM):   *------------------------------------------------------------* ;
17281      %macro DMDBClass;
17282          BAD(DESC) JOB(ASC) REASON(ASC)
17283      %mend DMDBClass;
17284      *------------------------------------------------------------* ;
MPRINT(EM_DIAGRAM):   *------------------------------------------------------------* ;
17285      * Impt: DMDBVar Macro ;
MPRINT(EM_DIAGRAM):   * Impt: DMDBVar Macro ;
17286      *------------------------------------------------------------* ;
MPRINT(EM_DIAGRAM):   *------------------------------------------------------------* ;
17287      %macro DMDBVar;
17288          CLAGE CLNO DEBTINC DELINQ DEROG LOAN MORTDUE NINQ VALUE YOJ
17289      %mend DMDBVar;
17290      *------------------------------------------------------------*;
MPRINT(EM_DIAGRAM):   *------------------------------------------------------------*;
17291      * Impt: Create DMDB;
MPRINT(EM_DIAGRAM):   * Impt: Create DMDB;
17292      *------------------------------------------------------------*;
MPRINT(EM_DIAGRAM):   *------------------------------------------------------------*;
17293      proc dmdb batch data=EMWS1.Part_TRAIN
17294      dmdbcat=WORK.Impt_DMDB
17295      classout=WORK.Impt_DMDBCLASSOUT
17296      varout=WORK.IMPUTE_33FL9C4_DMDBVAROUT
17297      maxlevel = 513
17298      ;
MPRINT(EM_DIAGRAM):   proc dmdb batch data=EMWS1.Part_TRAIN dmdbcat=WORK.Impt_DMDB classout=WORK.Impt_DMDBCLASSOUT varout=WORK.IMPUTE_33FL9C4_DMDBVAROUT maxlevel = 513 ;
MPRINT(EM_DIAGRAM):   class
17299      class %DMDBClass;
MPRINT(DMDBCLASS):   BAD(DESC) JOB(ASC) REASON(ASC)
MPRINT(EM_DIAGRAM):  ;
MPRINT(EM_DIAGRAM):   var
17300      var %DMDBVar;
MPRINT(DMDBVAR):   CLAGE CLNO DEBTINC DELINQ DEROG LOAN MORTDUE NINQ VALUE YOJ
MPRINT(EM_DIAGRAM):  ;
17301      target
17302      BAD
17303      ;
MPRINT(EM_DIAGRAM):   target BAD ;
17304      run;
MPRINT(EM_DIAGRAM):   run;

NOTE: Records processed = 2979   Memory used = 511K.
NOTE: There were 2979 observations read from the data set EMWS1.PART_TRAIN.
NOTE: The data set WORK.IMPT_DMDBCLASSOUT has 12 observations and 9 variables.
NOTE: The data set WORK.IMPUTE_33FL9C4_DMDBVAROUT has 10 observations and 9 variables.
NOTE: PROCEDURE DMDB used (Total process time):
      real time           0.06 seconds
      cpu time            0.03 seconds
      

MPRINT(EM_DIAGRAM):   quit;
MPRINT(EM_DIAGRAM):   *--- end code ---*;
17305      quit;
17306      *--- end code ---*;

17307      proc sort data=WORK.Impt_DMDBCLASSOUT;
MPRINT(EM_DIAGRAM):    proc sort data=WORK.Impt_DMDBCLASSOUT;
17308      by NAME;
MPRINT(EM_DIAGRAM):   by NAME;
17309      run;
MPRINT(EM_DIAGRAM):   run;

NOTE: There were 12 observations read from the data set WORK.IMPT_DMDBCLASSOUT.
NOTE: The data set WORK.IMPT_DMDBCLASSOUT has 12 observations and 9 variables.
NOTE: PROCEDURE SORT used (Total process time):
      real time           0.01 seconds
      cpu time            0.01 seconds
      

17310      data WORK.Impt_DMDBCLASSOUT;
MPRINT(EM_DIAGRAM):   data WORK.Impt_DMDBCLASSOUT;
17311      retain missFlag;
MPRINT(EM_DIAGRAM):   retain missFlag;
17312      set WORK.Impt_DMDBCLASSOUT;
MPRINT(EM_DIAGRAM):   set WORK.Impt_DMDBCLASSOUT;
17313      by NAME;
MPRINT(EM_DIAGRAM):   by NAME;
17314      output;
MPRINT(EM_DIAGRAM):   output;
17315      if first.name then missflag = 0;
MPRINT(EM_DIAGRAM):   if first.name then missflag = 0;
17316      if (TYPE='C' and CRAW='') or (TYPE='N' and NRAW=.) then missflag = 1;
MPRINT(EM_DIAGRAM):   if (TYPE='C' and CRAW='') or (TYPE='N' and NRAW=.) then missflag = 1;
17317      if last.name and ^missFlag then do;
MPRINT(EM_DIAGRAM):   if last.name and ^missFlag then do;
17318      if type = 'C' then do;
MPRINT(EM_DIAGRAM):   if type = 'C' then do;
17319      LEVEL= '';
MPRINT(EM_DIAGRAM):   LEVEL= '';
17320      CRAW = '';
MPRINT(EM_DIAGRAM):   CRAW = '';
17321      NRAW = .;
MPRINT(EM_DIAGRAM):   NRAW = .;
17322      end;
MPRINT(EM_DIAGRAM):   end;
17323      else do;
MPRINT(EM_DIAGRAM):   else do;
17324      LEVEL='.';
MPRINT(EM_DIAGRAM):   LEVEL='.';
17325      CRAW = '.';
MPRINT(EM_DIAGRAM):   CRAW = '.';
17326      NRAW= .;
MPRINT(EM_DIAGRAM):   NRAW= .;
17327      end;
MPRINT(EM_DIAGRAM):   end;
17328      FREQUENCY = 0;
MPRINT(EM_DIAGRAM):   FREQUENCY = 0;
17329      FREQPERCENT = 0;
MPRINT(EM_DIAGRAM):   FREQPERCENT = 0;
17330      NMISSPERCENT = 0;
MPRINT(EM_DIAGRAM):   NMISSPERCENT = 0;
17331      output;
MPRINT(EM_DIAGRAM):   output;
17332      end;
MPRINT(EM_DIAGRAM):   end;
17333      run;
MPRINT(EM_DIAGRAM):   run;

NOTE: There were 12 observations read from the data set WORK.IMPT_DMDBCLASSOUT.
NOTE: The data set WORK.IMPT_DMDBCLASSOUT has 13 observations and 10 variables.
NOTE: DATA statement used (Total process time):
      real time           0.01 seconds
      cpu time            0.01 seconds
      

17334      data WORK.Impt_MISS(KEEP=NAME NMISS PERCENTMISS);
MPRINT(EM_DIAGRAM):    data WORK.Impt_MISS(KEEP=NAME NMISS PERCENTMISS);
17335      length NAME $32;
MPRINT(EM_DIAGRAM):   length NAME $32;
17336      set
17337      WORK.Impt_DMDBCLASSOUT(rename=(freqpercent=PERCENTMISS frequency=NMISS) where=((TYPE='C' and CRAW='') or (TYPE='N' and NRAW=.)))
17338      WORK.IMPUTE_33FL9C4_DMDBVAROUT
17339      ;
MPRINT(EM_DIAGRAM):   set WORK.Impt_DMDBCLASSOUT(rename=(freqpercent=PERCENTMISS frequency=NMISS) where=((TYPE='C' and CRAW='') or (TYPE='N' and NRAW=.))) WORK.IMPUTE_33FL9C4_DMDBVAROUT ;
17340      if (NMISS ne . and N ne .) then PERCENTMISS = (NMISS/(NMISS+N))*100;
MPRINT(EM_DIAGRAM):   if (NMISS ne . and N ne .) then PERCENTMISS = (NMISS/(NMISS+N))*100;
17341      run;
MPRINT(EM_DIAGRAM):   run;

NOTE: There were 3 observations read from the data set WORK.IMPT_DMDBCLASSOUT.
      WHERE ((TYPE='C') and (CRAW=' ')) or ((TYPE='N') and (NRAW=.));
NOTE: There were 10 observations read from the data set WORK.IMPUTE_33FL9C4_DMDBVAROUT.
NOTE: The data set WORK.IMPT_MISS has 13 observations and 3 variables.
NOTE: DATA statement used (Total process time):
      real time           0.01 seconds
      cpu time            0.01 seconds
      

17342      proc sort data=WORK.M3K0NSLO NOTHREADS;
MPRINT(EM_DIAGRAM):   proc sort data=WORK.M3K0NSLO NOTHREADS;
17343      by NAME;
MPRINT(EM_DIAGRAM):   by NAME;
17344      run;
MPRINT(EM_DIAGRAM):   run;

NOTE: There were 13 observations read from the data set WORK.M3K0NSLO.
NOTE: The data set WORK.M3K0NSLO has 13 observations and 23 variables.
NOTE: PROCEDURE SORT used (Total process time):
      real time           0.01 seconds
      cpu time            0.01 seconds
      

17345      proc sort data=WORK.Impt_MISS NOTHREADS;
MPRINT(EM_DIAGRAM):   proc sort data=WORK.Impt_MISS NOTHREADS;
17346      by NAME;
MPRINT(EM_DIAGRAM):   by NAME;
17347      run;
MPRINT(EM_DIAGRAM):   run;

NOTE: There were 13 observations read from the data set WORK.IMPT_MISS.
NOTE: The data set WORK.IMPT_MISS has 13 observations and 3 variables.
NOTE: PROCEDURE SORT used (Total process time):
      real time           0.01 seconds
      cpu time            0.00 seconds
      

17348      data WORK.M3K0NSLO;
MPRINT(EM_DIAGRAM):   data WORK.M3K0NSLO;
17349      merge WORK.M3K0NSLO WORK.Impt_MISS(in=_b);
MPRINT(EM_DIAGRAM):   merge WORK.M3K0NSLO WORK.Impt_MISS(in=_b);
17350      by NAME;
MPRINT(EM_DIAGRAM):   by NAME;
17351      if _b then output;
MPRINT(EM_DIAGRAM):   if _b then output;
17352      run;
MPRINT(EM_DIAGRAM):   run;

NOTE: There were 13 observations read from the data set WORK.M3K0NSLO.
NOTE: There were 13 observations read from the data set WORK.IMPT_MISS.
NOTE: The data set WORK.M3K0NSLO has 13 observations and 25 variables.
NOTE: DATA statement used (Total process time):
      real time           0.03 seconds
      cpu time            0.01 seconds
      

17353      data WORK.M3K0NSLO;
MPRINT(EM_DIAGRAM):   data WORK.M3K0NSLO;
17354      set WORK.M3K0NSLO;
MPRINT(EM_DIAGRAM):   set WORK.M3K0NSLO;
17355      if 0<PERCENTMISS<50 and method ne 'NONE' then IMPUTE = 1;
MPRINT(EM_DIAGRAM):   if 0<PERCENTMISS<50 and method ne 'NONE' then IMPUTE = 1;
17356      else IMPUTE = 0;
MPRINT(EM_DIAGRAM):   else IMPUTE = 0;
17357      run;
MPRINT(EM_DIAGRAM):   run;

NOTE: There were 13 observations read from the data set WORK.M3K0NSLO.
NOTE: The data set WORK.M3K0NSLO has 13 observations and 26 variables.
NOTE: DATA statement used (Total process time):
      real time           0.01 seconds
      cpu time            0.01 seconds
      

17358      proc dmdb data=WORK.M3K0NSLO outtable=WORK.NEWNAMES nameserver;
MPRINT(EM_DIAGRAM):    proc dmdb data=WORK.M3K0NSLO outtable=WORK.NEWNAMES nameserver;
17359      names NAME;
MPRINT(EM_DIAGRAM):   names NAME;
17360      prefix M_ IMP_;
MPRINT(EM_DIAGRAM):   prefix M_ IMP_;
17361      where IMPUTE=1;
MPRINT(EM_DIAGRAM):   where IMPUTE=1;
17362      run;
MPRINT(EM_DIAGRAM):   run;

NOTE: There were 11 observations read from the data set WORK.M3K0NSLO.
      WHERE IMPUTE=1;
NOTE: The data set WORK.NEWNAMES has 11 observations and 3 variables.
NOTE: PROCEDURE DMDB used (Total process time):
      real time           0.01 seconds
      cpu time            0.01 seconds
      

17363      data WORK.M3K0NSLO;
MPRINT(EM_DIAGRAM):   data WORK.M3K0NSLO;
17364      merge WORK.M3K0NSLO WORK.NEWNAMES;
MPRINT(EM_DIAGRAM):   merge WORK.M3K0NSLO WORK.NEWNAMES;
17365      by NAME;
MPRINT(EM_DIAGRAM):   by NAME;
17366      run;
MPRINT(EM_DIAGRAM):   run;

NOTE: There were 13 observations read from the data set WORK.M3K0NSLO.
NOTE: There were 11 observations read from the data set WORK.NEWNAMES.
NOTE: The data set WORK.M3K0NSLO has 13 observations and 28 variables.
NOTE: DATA statement used (Total process time):
      real time           0.03 seconds
      cpu time            0.01 seconds
      

17367      proc dmdb data=WORK.M3K0NSLO outtable=WORK.NEWNAMES nameserver;
MPRINT(EM_DIAGRAM):   proc dmdb data=WORK.M3K0NSLO outtable=WORK.NEWNAMES nameserver;
17368      names NAME;
MPRINT(EM_DIAGRAM):   names NAME;
17369      prefix M_;
MPRINT(EM_DIAGRAM):   prefix M_;
17370      where IMPUTE=0;
MPRINT(EM_DIAGRAM):   where IMPUTE=0;
17371      run;
MPRINT(EM_DIAGRAM):   run;

NOTE: There were 2 observations read from the data set WORK.M3K0NSLO.
      WHERE IMPUTE=0;
NOTE: The data set WORK.NEWNAMES has 2 observations and 2 variables.
NOTE: PROCEDURE DMDB used (Total process time):
      real time           0.01 seconds
      cpu time            0.01 seconds
      

17372      data WORK.M3K0NSLO;
MPRINT(EM_DIAGRAM):   data WORK.M3K0NSLO;
17373      merge WORK.M3K0NSLO WORK.NEWNAMES;
MPRINT(EM_DIAGRAM):   merge WORK.M3K0NSLO WORK.NEWNAMES;
17374      by NAME;
MPRINT(EM_DIAGRAM):   by NAME;
17375      run;
MPRINT(EM_DIAGRAM):   run;

NOTE: There were 13 observations read from the data set WORK.M3K0NSLO.
NOTE: There were 2 observations read from the data set WORK.NEWNAMES.
NOTE: The data set WORK.M3K0NSLO has 13 observations and 28 variables.
NOTE: DATA statement used (Total process time):
      real time           0.01 seconds
      cpu time            0.01 seconds
      

17376      data WORK.Impt;
MPRINT(EM_DIAGRAM):    data WORK.Impt;
17377      run;
MPRINT(EM_DIAGRAM):   run;

NOTE: The data set WORK.IMPT has 1 observations and 0 variables.
NOTE: DATA statement used (Total process time):
      real time           0.01 seconds
      cpu time            0.01 seconds
      

17378      data WORK._IMPUTEDS;
MPRINT(EM_DIAGRAM):    data WORK._IMPUTEDS;
17379      JOB = 'Other';
MPRINT(EM_DIAGRAM):   JOB = 'Other';
17380      REASON = 'DebtCon';
MPRINT(EM_DIAGRAM):   REASON = 'DebtCon';
17381      run;
MPRINT(EM_DIAGRAM):   run;

NOTE: The data set WORK._IMPUTEDS has 1 observations and 2 variables.
NOTE: DATA statement used (Total process time):
      real time           0.01 seconds
      cpu time            0.01 seconds
      

17382      data WORK.Impt;
MPRINT(EM_DIAGRAM):   data WORK.Impt;
17383      merge WORK.Impt WORK._IMPUTEDS;
MPRINT(EM_DIAGRAM):   merge WORK.Impt WORK._IMPUTEDS;
17384      run;
MPRINT(EM_DIAGRAM):   run;

NOTE: There were 1 observations read from the data set WORK.IMPT.
NOTE: There were 1 observations read from the data set WORK._IMPUTEDS.
NOTE: The data set WORK.IMPT has 1 observations and 2 variables.
NOTE: DATA statement used (Total process time):
      real time           0.01 seconds
      cpu time            0.00 seconds
      

17385      proc sort data=WORK.METASET31QA9AQ out=_imputevar(keep=NAME METHOD);
MPRINT(EM_DIAGRAM):    proc sort data=WORK.METASET31QA9AQ out=_imputevar(keep=NAME METHOD);
17386      by NAME;
MPRINT(EM_DIAGRAM):   by NAME;
17387      run;
MPRINT(EM_DIAGRAM):   run;

NOTE: There were 9 observations read from the data set WORK.METASET31QA9AQ.
NOTE: The data set WORK._IMPUTEVAR has 9 observations and 2 variables.
NOTE: PROCEDURE SORT used (Total process time):
      real time           0.03 seconds
      cpu time            0.00 seconds
      

17388      proc sort data=WORK.IMPUTE_33FL9C4_DMDBVAROUT;
MPRINT(EM_DIAGRAM):   proc sort data=WORK.IMPUTE_33FL9C4_DMDBVAROUT;
17389      by NAME;
MPRINT(EM_DIAGRAM):   by NAME;
17390      run;
MPRINT(EM_DIAGRAM):   run;

NOTE: There were 10 observations read from the data set WORK.IMPUTE_33FL9C4_DMDBVAROUT.
NOTE: The data set WORK.IMPUTE_33FL9C4_DMDBVAROUT has 10 observations and 9 variables.
NOTE: PROCEDURE SORT used (Total process time):
      real time           0.01 seconds
      cpu time            0.01 seconds
      

17391      data _null_;
MPRINT(EM_DIAGRAM):   data _null_;
17392      merge WORK.IMPUTE_33FL9C4_DMDBVAROUT(in=_a) _imputeVar(in=_b);
MPRINT(EM_DIAGRAM):   merge WORK.IMPUTE_33FL9C4_DMDBVAROUT(in=_a) _imputeVar(in=_b);
17393      by NAME;
MPRINT(EM_DIAGRAM):   by NAME;
17394      if _N_=1 then do;
MPRINT(EM_DIAGRAM):   if _N_=1 then do;
17395      call execute("data WORK._IMPUTEDMDB;");
MPRINT(EM_DIAGRAM):   call execute("data WORK._IMPUTEDMDB;");
17396      end;
MPRINT(EM_DIAGRAM):   end;
17397      if _a and _b then do;
MPRINT(EM_DIAGRAM):   if _a and _b then do;
17398      select(METHOD);
MPRINT(EM_DIAGRAM):   select(METHOD);
17399      when('MEAN') value=mean;
MPRINT(EM_DIAGRAM):   when('MEAN') value=mean;
17400      when('MIN') value=min;
MPRINT(EM_DIAGRAM):   when('MIN') value=min;
17401      when('MAX') value=max;
MPRINT(EM_DIAGRAM):   when('MAX') value=max;
17402      when('RANGE') value=(max-min);
MPRINT(EM_DIAGRAM):   when('RANGE') value=(max-min);
17403      when('MIDRANGE') value=(max+min)/2;
MPRINT(EM_DIAGRAM):   when('MIDRANGE') value=(max+min)/2;
17404      otherwise;
MPRINT(EM_DIAGRAM):   otherwise;
17405      end;
MPRINT(EM_DIAGRAM):   end;
17406      call execute(NAME!!'='!!strip(put(value, best.))!!';');
MPRINT(EM_DIAGRAM):   call execute(NAME!!'='!!strip(put(value, best.))!!';');
17407      end;
MPRINT(EM_DIAGRAM):   end;
17408      run;
MPRINT(EM_DIAGRAM):   run;

WARNING: Multiple lengths were specified for the BY variable NAME by input data sets. This might cause unexpected results.
MPRINT(EM_DIAGRAM):   data WORK._IMPUTEDMDB;
MPRINT(EM_DIAGRAM):   CLAGE =181.15305208;
MPRINT(EM_DIAGRAM):   CLNO =21.277078966;
MPRINT(EM_DIAGRAM):   DEBTINC =33.786945547;
MPRINT(EM_DIAGRAM):   DELINQ =0.4622255303;
MPRINT(EM_DIAGRAM):   DEROG =0.2409592691;
MPRINT(EM_DIAGRAM):   MORTDUE =73574.90271;
MPRINT(EM_DIAGRAM):   NINQ =1.1569852941;
MPRINT(EM_DIAGRAM):   VALUE =102480.61861;
MPRINT(EM_DIAGRAM):   YOJ =8.868358373;
NOTE: There were 10 observations read from the data set WORK.IMPUTE_33FL9C4_DMDBVAROUT.
NOTE: There were 9 observations read from the data set WORK._IMPUTEVAR.
NOTE: DATA statement used (Total process time):
      real time           0.00 seconds
      cpu time            0.00 seconds
      

NOTE: CALL EXECUTE generated line.
1         + data WORK._IMPUTEDMDB;
2         + CLAGE                           =181.15305208;
3         + CLNO                            =21.277078966;
4         + DEBTINC                         =33.786945547;
5         + DELINQ                          =0.4622255303;
6         + DEROG                           =0.2409592691;
7         + MORTDUE                         =73574.90271;
8         + NINQ                            =1.1569852941;
9         + VALUE                           =102480.61861;
10        + YOJ                             =8.868358373;

NOTE: The data set WORK._IMPUTEDMDB has 1 observations and 9 variables.
NOTE: DATA statement used (Total process time):
      real time           0.03 seconds
      cpu time            0.03 seconds
      

17409      data WORK.Impt;
MPRINT(EM_DIAGRAM):   data WORK.Impt;
17410      merge WORK.Impt WORK._IMPUTEDMDB;
MPRINT(EM_DIAGRAM):   merge WORK.Impt WORK._IMPUTEDMDB;
17411      run;
MPRINT(EM_DIAGRAM):   run;

NOTE: There were 1 observations read from the data set WORK.IMPT.
NOTE: There were 1 observations read from the data set WORK._IMPUTEDMDB.
NOTE: The data set WORK.IMPT has 1 observations and 11 variables.
NOTE: DATA statement used (Total process time):
      real time           0.01 seconds
      cpu time            0.00 seconds
      

17412      proc transpose data=WORK.Impt out=WORK._IMPVALUE(drop =_LABEL_ rename=(_NAME_=NAME COL1=VALUE));
MPRINT(EM_DIAGRAM):    proc transpose data=WORK.Impt out=WORK._IMPVALUE(drop =_LABEL_ rename=(_NAME_=NAME COL1=VALUE));
17413      var
17414      JOB
17415      REASON
17416      CLAGE
17417      CLNO
17418      DEBTINC
17419      DELINQ
17420      DEROG
17421      MORTDUE
17422      NINQ
17423      VALUE
17424      YOJ
17425      ;
MPRINT(EM_DIAGRAM):   var JOB REASON CLAGE CLNO DEBTINC DELINQ DEROG MORTDUE NINQ VALUE YOJ ;
17426      run;
MPRINT(EM_DIAGRAM):   run;

NOTE: Numeric variables in the input data set will be converted to character in the output data set.
WARNING: The variable _LABEL_ in the DROP, KEEP, or RENAME list has never been referenced.
NOTE: There were 1 observations read from the data set WORK.IMPT.
NOTE: The data set WORK._IMPVALUE has 11 observations and 2 variables.
NOTE: PROCEDURE TRANSPOSE used (Total process time):
      real time           0.03 seconds
      cpu time            0.01 seconds
      

17427      proc sort data=WORK._IMPVALUE NOTHREADS;
MPRINT(EM_DIAGRAM):   proc sort data=WORK._IMPVALUE NOTHREADS;
17428      by NAME;
MPRINT(EM_DIAGRAM):   by NAME;
17429      run;
MPRINT(EM_DIAGRAM):   run;

NOTE: There were 11 observations read from the data set WORK._IMPVALUE.
NOTE: The data set WORK._IMPVALUE has 11 observations and 2 variables.
NOTE: PROCEDURE SORT used (Total process time):
      real time           0.01 seconds
      cpu time            0.00 seconds
      

17430      data EMWS1.Impt_META;
MPRINT(EM_DIAGRAM):   data EMWS1.Impt_META;
17431      merge WORK.M3K0NSLO WORK._IMPVALUE;
MPRINT(EM_DIAGRAM):   merge WORK.M3K0NSLO WORK._IMPVALUE;
17432      by NAME;
MPRINT(EM_DIAGRAM):   by NAME;
17433      run;
MPRINT(EM_DIAGRAM):   run;

NOTE: There were 13 observations read from the data set WORK.M3K0NSLO.
NOTE: There were 11 observations read from the data set WORK._IMPVALUE.
NOTE: The data set EMWS1.IMPT_META has 13 observations and 29 variables.
NOTE: DATA statement used (Total process time):
      real time           0.12 seconds
      cpu time            0.03 seconds
      

17434      proc print data=EMWS1.Impt_META(obs=500) label noobs;
MPRINT(EM_DIAGRAM):    proc print data=EMWS1.Impt_META(obs=500) label noobs;
17435      label NAME = "%sysfunc(sasmsg(sashelp.dmine, meta_name_vlabel,          NOQUOTE))" LABEL = "%sysfunc(sasmsg(sashelp.dmine, meta_label_vlabel,         NOQUOTE))" PERCENTMISS = "%sysfunc(sasmsg(sashelp.dmine, rpt_percentmissing_vlabel, NOQUOTE))";
MPRINT(EM_DIAGRAM):   label NAME = "Variable Name" LABEL = "Label" PERCENTMISS = "Percent Missing";
17436      var NAME LABEL PERCENTMISS;
MPRINT(EM_DIAGRAM):   var NAME LABEL PERCENTMISS;
17437      where IMP eq '' and PERCENTMISS>50;
MPRINT(EM_DIAGRAM):   where IMP eq '' and PERCENTMISS>50;
17438      title9 "%sysfunc(sasmsg(sashelp.dmine, rpt_rejectedsummary_title, NOQUOTE))";
MPRINT(EM_DIAGRAM):   title9 "Rejected Variables Summary";
17439      title10 "%sysfunc(sasmsg(sashelp.dmine, rpt_numberobs_title,         NOQUOTE))";
MPRINT(EM_DIAGRAM):   title10 "Number Of Observations";
MPRINT(EM_DIAGRAM):   run;
17440      run;

NOTE: No observations were selected from data set EMWS1.IMPT_META.
NOTE: There were 0 observations read from the data set EMWS1.IMPT_META.
      WHERE (IMP=' ') and (PERCENTMISS>50);
NOTE: PROCEDURE PRINT used (Total process time):
      real time           0.04 seconds
      cpu time            0.01 seconds
      

MPRINT(EM_DIAGRAM):    proc printto;
MPRINT(EM_DIAGRAM):   run;
