 
                                                                                                                                                                                                                                                                
 
 
Variable Summary

                  Measurement    Frequency
Role                 Level         Count

ASSESS             NOMINAL            1   
CLASSIFICATION     NOMINAL            3   
ID                 INTERVAL           1   
INPUT              INTERVAL          10   
INPUT              NOMINAL            2   
PREDICT            INTERVAL           2   
RESIDUAL           INTERVAL           2   
SEGMENT            NOMINAL            1   
TARGET             BINARY             1   



                                                                                                2
User       = jmmorr01
Date       = 21:49:21  November 07
Project    = CIS 445 Project 3
Diagram    = Project 3

Start Node = Report
Node label = Model Comparison
Nodes      = PATH
Showall    = N

Format     = PDF
Graphics   = GIF
Style      = LISTING
