MPRINT(EM_DIAGRAM):    data _null_;
MPRINT(EM_DIAGRAM):   call symput('NLDATE', strip(put(date(), NLDATE.)));
MPRINT(EM_DIAGRAM):   call symput('NLTIME', strip(put(datetime(), NLTIME.)));
MPRINT(EM_DIAGRAM):   run;
MPRINT(EM_DIAGRAM):   data _null_;
MPRINT(EM_DIAGRAM):   nldate= sasmsg("sashelp.dmine", "log_date_note", 'N', "November 07, 2018" );
MPRINT(EM_DIAGRAM):   nltime= sasmsg("sashelp.dmine", "log_time_note", 'N', "21:08:53" );
MPRINT(EM_DIAGRAM):   put "*------------------------------------------------------------*";
MPRINT(EM_DIAGRAM):   put "* Training Log";
MPRINT(EM_DIAGRAM):   put nldate;
MPRINT(EM_DIAGRAM):   put nltime;
MPRINT(EM_DIAGRAM):   put "*------------------------------------------------------------*";
MPRINT(EM_DIAGRAM):   run;
*------------------------------------------------------------*
* Training Log
Date:                November 07, 2018
Time:                21:08:53
*------------------------------------------------------------*
MPRINT(EM_DIAGRAM):    filename O1P_WIP7 "J:\JMMORR01\CIS 445\CIS 445 Project 3\Workspaces\EMWS1\Part\EMTRAIN.out" encoding="UTF-8" NOBOM;
MPRINT(EM_DIAGRAM):   proc printto print=O1P_WIP7 new;
MPRINT(EM_DIAGRAM):   run;
MPRINT(EM_DIAGRAM):    filename _LOG "J:\JMMORR01\CIS 445\CIS 445 Project 3\Workspaces\EMWS1\Part\EMLOG.log" encoding="UTF-8" NOBOM;
MPRINT(EM_DIAGRAM):    data _null_;
MPRINT(EM_DIAGRAM):   call symput('NLDATE', strip(put(date(), NLDATE.)));
MPRINT(EM_DIAGRAM):   call symput('NLTIME', strip(put(datetime(), NLTIME.)));
MPRINT(EM_DIAGRAM):   run;
MPRINT(EM_DIAGRAM):   data _null_;
MPRINT(EM_DIAGRAM):   nldate= sasmsg("sashelp.dmine", "log_date_note", 'N', "November 07, 2018" );
MPRINT(EM_DIAGRAM):   nltime= sasmsg("sashelp.dmine", "log_time_note", 'N', "21:08:53" );
MPRINT(EM_DIAGRAM):   file _LOG;
MPRINT(EM_DIAGRAM):   put "*------------------------------------------------------------*";
MPRINT(EM_DIAGRAM):   put "User:                jmmorr01";
MPRINT(EM_DIAGRAM):   put nldate;
MPRINT(EM_DIAGRAM):   put nltime;
MPRINT(EM_DIAGRAM):   put "Site:                70080761";
MPRINT(EM_DIAGRAM):   put "Platform:            X64_8PRO";
MPRINT(EM_DIAGRAM):   put "Maintenance Release: 9.04.01M3P062415";
MPRINT(EM_DIAGRAM):   put "EM Version:          14.1";
MPRINT(EM_DIAGRAM):   put "* ";
MPRINT(EM_DIAGRAM):   run;
MPRINT(EM_DIAGRAM):    filename _LOGIN "J:\JMMORR01\CIS 445\CIS 445 Project 3\Workspaces\EMWS1\Part\EMTRAIN.log" encoding="UTF-8" NOBOM;
MPRINT(EM_COPYFILE):   data _null_;
MPRINT(EM_COPYFILE):   length line $20000;
MPRINT(EM_COPYFILE):   file _LOG MOD lrecl=20000;
MPRINT(EM_COPYFILE):   fid=fopen("_LOGIN",'i',20000,'v');
MPRINT(EM_COPYFILE):   if fid > 0 then do;
MPRINT(EM_COPYFILE):   do while(^fread(fid));
MPRINT(EM_COPYFILE):   rlen = frlen(fid);
MPRINT(EM_COPYFILE):   rc= fget(fid,line,20000);
MPRINT(EM_COPYFILE):   start = length(line)-length(left(line))+1;
MPRINT(EM_COPYFILE):   line=strip(line);
MPRINT(EM_COPYFILE):   put @start line;
MPRINT(EM_COPYFILE):   end;
MPRINT(EM_COPYFILE):   if fid > 0 then rc=fclose(fid);
MPRINT(EM_COPYFILE):   end;
MPRINT(EM_COPYFILE):   run;
MPRINT(EM_DIAGRAM):  ;
MPRINT(EM_DIAGRAM):   filename _LOGIN;
MPRINT(EM_DIAGRAM):    data _null_;
MPRINT(EM_DIAGRAM):   file _LOG mod;
MPRINT(EM_DIAGRAM):   put _page_;
MPRINT(EM_DIAGRAM):   run;
MPRINT(EM_DIAGRAM):   filename _LOGIN "J:\JMMORR01\CIS 445\CIS 445 Project 3\Workspaces\EMWS1\Part\EMSCORE.log" encoding="UTF-8" NOBOM;
MPRINT(EM_DIAGRAM):  ;
MPRINT(EM_DIAGRAM):   data _null_;
MPRINT(EM_DIAGRAM):   file _LOG mod;
MPRINT(EM_DIAGRAM):   put _page_;
MPRINT(EM_DIAGRAM):   run;
MPRINT(EM_DIAGRAM):    filename _LOGIN "J:\JMMORR01\CIS 445\CIS 445 Project 3\Workspaces\EMWS1\Part\EMREPORT.log" encoding="UTF-8" NOBOM;
MPRINT(EM_DIAGRAM):  ;
MPRINT(EM_DIAGRAM):   filename _LOGIN;
MPRINT(EM_DIAGRAM):    filename _LOG;
MPRINT(EM_DIAGRAM):    filename _OUT "J:\JMMORR01\CIS 445\CIS 445 Project 3\Workspaces\EMWS1\Part\EMOUTPUT.out" encoding="UTF-8" NOBOM;
MPRINT(EM_DIAGRAM):    data _null_;
MPRINT(EM_DIAGRAM):   call symput('NLDATE', strip(put(date(), NLDATE.)));
MPRINT(EM_DIAGRAM):   call symput('NLTIME', strip(put(datetime(), NLTIME.)));
MPRINT(EM_DIAGRAM):   run;
MPRINT(EM_DIAGRAM):   data _null_;
MPRINT(EM_DIAGRAM):   nldate= sasmsg("sashelp.dmine", "log_date_note", 'N', "November 07, 2018" );
MPRINT(EM_DIAGRAM):   nltime= sasmsg("sashelp.dmine", "log_time_note", 'N', "21:08:53" );
MPRINT(EM_DIAGRAM):   file _OUT;
MPRINT(EM_DIAGRAM):   put "*------------------------------------------------------------*";
MPRINT(EM_DIAGRAM):   put "User:                jmmorr01";
MPRINT(EM_DIAGRAM):   put nldate;
MPRINT(EM_DIAGRAM):   put nltime;
MPRINT(EM_DIAGRAM):   put "*------------------------------------------------------------*";
MPRINT(EM_DIAGRAM):   put "* Training Output";
MPRINT(EM_DIAGRAM):   put "*------------------------------------------------------------*";
MPRINT(EM_DIAGRAM):   run;
MPRINT(EM_DIAGRAM):    filename _OUTIN "J:\JMMORR01\CIS 445\CIS 445 Project 3\Workspaces\EMWS1\Part\EMTRAIN.out" encoding="UTF-8" NOBOM;
MPRINT(EM_DIAGRAM):   ;
MPRINT(EM_COPYFILE):   data _null_;
MPRINT(EM_COPYFILE):   length line $20000;
MPRINT(EM_COPYFILE):   file _OUT MOD lrecl=20000;
MPRINT(EM_COPYFILE):   fid=fopen("_OUTIN",'i',20000,'v');
MPRINT(EM_COPYFILE):   if fid > 0 then do;
MPRINT(EM_COPYFILE):   do while(^fread(fid));
MPRINT(EM_COPYFILE):   rlen = frlen(fid);
MPRINT(EM_COPYFILE):   rc= fget(fid,line,20000);
MPRINT(EM_COPYFILE):   start = length(line)-length(left(line))+1;
MPRINT(EM_COPYFILE):   line=strip(line);
MPRINT(EM_COPYFILE):   put @start line;
MPRINT(EM_COPYFILE):   end;
MPRINT(EM_COPYFILE):   if fid > 0 then rc=fclose(fid);
MPRINT(EM_COPYFILE):   end;
MPRINT(EM_COPYFILE):   run;
MPRINT(EM_DIAGRAM):  ;
MPRINT(EM_DIAGRAM):   filename _OUTIN;
MPRINT(EM_DIAGRAM):    data _null_;
MPRINT(EM_DIAGRAM):   file _OUT mod;
MPRINT(EM_DIAGRAM):   put _page_;
MPRINT(EM_DIAGRAM):   put // "*------------------------------------------------------------*";
MPRINT(EM_DIAGRAM):   put "* Score Output";
MPRINT(EM_DIAGRAM):   put "*------------------------------------------------------------*";
MPRINT(EM_DIAGRAM):   run;
MPRINT(EM_DIAGRAM):    filename _OUTIN "J:\JMMORR01\CIS 445\CIS 445 Project 3\Workspaces\EMWS1\Part\EMSCORE.out" encoding="UTF-8" NOBOM;
MPRINT(EM_DIAGRAM):  ;
MPRINT(EM_DIAGRAM):   filename _OUTIN;
MPRINT(EM_DIAGRAM):    data _null_;
MPRINT(EM_DIAGRAM):   file _OUT mod;
MPRINT(EM_DIAGRAM):   put _page_;
MPRINT(EM_DIAGRAM):   put // "*------------------------------------------------------------*";
MPRINT(EM_DIAGRAM):   put "* Report Output";
MPRINT(EM_DIAGRAM):   put "*------------------------------------------------------------*";
MPRINT(EM_DIAGRAM):   run;
MPRINT(EM_DIAGRAM):    filename _OUTIN "J:\JMMORR01\CIS 445\CIS 445 Project 3\Workspaces\EMWS1\Part\EMREPORT.out" encoding="UTF-8" NOBOM;
MPRINT(EM_DIAGRAM):  ;
MPRINT(EM_DIAGRAM):   filename _OUTIN;
MPRINT(EM_DIAGRAM):    filename _OUT;
MPRINT(EM_DIAGRAM):    filename _emtool_ 'J:\JMMORR01\CIS 445\CIS 445 Project 3\Workspaces\EMWS1\Part\EMRUNSTATUS.xml' encoding="UTF-8" NOBOM;
MPRINT(EM_DIAGRAM):    filename _emtool_ 'J:\JMMORR01\CIS 445\CIS 445 Project 3\Workspaces\EMWS1\Part\EMRUNSTATUS.xml' encoding="UTF-8" NOBOM;
17201      proc freq data=EMWS1.Part_VariableSet noprint;
MPRINT(EM_DIAGRAM):    proc freq data=EMWS1.Part_VariableSet noprint;
17202      table ROLE*LEVEL/out=WORK.PartMETA;
MPRINT(EM_DIAGRAM):   table ROLE*LEVEL/out=WORK.PartMETA;
17203      run;
MPRINT(EM_DIAGRAM):   run;

NOTE: There were 13 observations read from the data set EMWS1.PART_VARIABLESET.
NOTE: The data set WORK.PARTMETA has 3 observations and 4 variables.
NOTE: PROCEDURE FREQ used (Total process time):
      real time           0.10 seconds
      cpu time            0.01 seconds
      

17204      proc print data=WORK.PartMETA label noobs;
MPRINT(EM_DIAGRAM):   proc print data=WORK.PartMETA label noobs;
17205      var ROLE LEVEL COUNT;
MPRINT(EM_DIAGRAM):   var ROLE LEVEL COUNT;
17206      label ROLE = "%sysfunc(sasmsg(sashelp.dmine, meta_role_vlabel, NOQUOTE))" LEVEL = "%sysfunc(sasmsg(sashelp.dmine, meta_level_vlabel, NOQUOTE))" COUNT = "%sysfunc(sasmsg(sashelp.dmine, rpt_count_vlabel, NOQUOTE))";
MPRINT(EM_DIAGRAM):   label ROLE = "Role" LEVEL = "Measurement Level" COUNT = "Frequency Count";
17207      title9 ' ';
MPRINT(EM_DIAGRAM):   title9 ' ';
17208      title10 "%sysfunc(sasmsg(sashelp.dmine, rpt_varSummary_title  , NOQUOTE))";
MPRINT(EM_DIAGRAM):   title10 "Variable Summary";
MPRINT(EM_DIAGRAM):   run;
17209      run;

NOTE: There were 3 observations read from the data set WORK.PARTMETA.
NOTE: The PROCEDURE PRINT printed page 1.
NOTE: PROCEDURE PRINT used (Total process time):
      real time           0.01 seconds
      cpu time            0.01 seconds
      

17210      title10;
MPRINT(EM_DIAGRAM):   title10;
MPRINT(EM_DIAGRAM):    *------------------------------------------------------------*;
MPRINT(EM_DIAGRAM):   * Part: Preparing metadata for Training;
MPRINT(EM_DIAGRAM):   *------------------------------------------------------------*;
MPRINT(EM_DIAGRAM):   data WORK.M2_6IYW4;
MPRINT(EM_DIAGRAM):   set WORK.M2_6IYW4;
MPRINT(EM_DIAGRAM):   where(PARTITIONROLE ne '' or ROLE='TARGET');
MPRINT(EM_DIAGRAM):   run;
17218      *------------------------------------------------------------*;
MPRINT(EM_DIAGRAM):    *------------------------------------------------------------*;
17219      * Part: Determine number of observations;
MPRINT(EM_DIAGRAM):   * Part: Determine number of observations;
17220      *------------------------------------------------------------*;
MPRINT(EM_DIAGRAM):   *------------------------------------------------------------*;
17221      proc sql;
MPRINT(EM_DIAGRAM):   proc sql;
17222      reset noprint;
MPRINT(EM_DIAGRAM):   reset noprint;
17223      select count(*) into :_tmpa from EMWS1.Stat_TRAIN
17224      ;
MPRINT(EM_DIAGRAM):   select count(*) into :_tmpa from EMWS1.Stat_TRAIN ;
NOTE: There were 5960 observations read from the data set SAMPSIO.HMEQ.
NOTE: View EMWS1.STAT_TRAIN.VIEW used (Total process time):
      real time           0.07 seconds
      cpu time            0.07 seconds
      
NOTE: There were 5960 observations read from the data set EMWS1.IDS_DATA.
17225      quit;
MPRINT(EM_DIAGRAM):   quit;
NOTE: PROCEDURE SQL used (Total process time):
      real time           0.10 seconds
      cpu time            0.10 seconds
      

trainPct=50 validatePct=50 testPct=0 
NOTE: View EMWS1.STAT_TRAIN.VIEW used (Total process time):
      real time           0.06 seconds
      cpu time            0.06 seconds
      
17226      *------------------------------------------------------------*;
MPRINT(EM_DIAGRAM):    *------------------------------------------------------------*;
17227      * Part: Retrieving stratification variable(s) levels;
MPRINT(EM_DIAGRAM):   * Part: Retrieving stratification variable(s) levels;
17228      *------------------------------------------------------------*;
MPRINT(EM_DIAGRAM):   *------------------------------------------------------------*;
17229      proc freq data=EMWS1.Stat_TRAIN noprint;
MPRINT(EM_DIAGRAM):   proc freq data=EMWS1.Stat_TRAIN noprint;
17230      table
17231      BAD
17232      /out=WORK.Part_FREQ(drop=percent);
MPRINT(EM_DIAGRAM):   table BAD /out=WORK.Part_FREQ(drop=percent);
17233      run;
MPRINT(EM_DIAGRAM):   run;

NOTE: There were 5960 observations read from the data set SAMPSIO.HMEQ.
NOTE: View EMWS1.STAT_TRAIN.VIEW used (Total process time):
      real time           0.09 seconds
      cpu time            0.09 seconds
      
NOTE: There were 5960 observations read from the data set EMWS1.IDS_DATA.
NOTE: There were 5960 observations read from the data set EMWS1.STAT_TRAIN.
NOTE: The data set WORK.PART_FREQ has 2 observations and 2 variables.
NOTE: PROCEDURE FREQ used (Total process time):
      real time           0.11 seconds
      cpu time            0.11 seconds
      

17234      proc sort data=WORK.Part_FREQ;
MPRINT(EM_DIAGRAM):    proc sort data=WORK.Part_FREQ;
17235      by descending count;
MPRINT(EM_DIAGRAM):   by descending count;
17236      run;
MPRINT(EM_DIAGRAM):   run;

NOTE: There were 2 observations read from the data set WORK.PART_FREQ.
NOTE: The data set WORK.PART_FREQ has 2 observations and 2 variables.
NOTE: PROCEDURE SORT used (Total process time):
      real time           0.01 seconds
      cpu time            0.00 seconds
      

MPRINT(EM_DIAGRAM):   * Part: Retrieving levels that meet minimum requirement;
17237      * Part: Retrieving levels that meet minimum requirement;
17238      data WORK.Part_FREQ2(keep = count);
MPRINT(EM_DIAGRAM):   data WORK.Part_FREQ2(keep = count);
17239      set WORK.Part_FREQ;
MPRINT(EM_DIAGRAM):   set WORK.Part_FREQ;
17240      where (.01 * 50 * count) >= 3;
MPRINT(EM_DIAGRAM):   where (.01 * 50 * count) >= 3;
17241      run;
MPRINT(EM_DIAGRAM):   run;

NOTE: There were 2 observations read from the data set WORK.PART_FREQ.
      WHERE (0.5*count)>=3;
NOTE: The data set WORK.PART_FREQ2 has 2 observations and 1 variables.
NOTE: DATA statement used (Total process time):
      real time           0.01 seconds
      cpu time            0.00 seconds
      

17242      *------------------------------------------------------------*;
MPRINT(EM_DIAGRAM):    *------------------------------------------------------------*;
17243      * Part: Create stratified partitioning;
MPRINT(EM_DIAGRAM):   * Part: Create stratified partitioning;
17244      *------------------------------------------------------------*;
MPRINT(EM_DIAGRAM):   *------------------------------------------------------------*;
17245      data
17246      EMWS1.Part_TRAIN(label="")
17247      EMWS1.Part_VALIDATE(label="")
17248      ;
MPRINT(EM_DIAGRAM):   data EMWS1.Part_TRAIN(label="") EMWS1.PART_VALIDATE(label="") ;
17249      retain _seed_ 12345;
MPRINT(EM_DIAGRAM):   retain _seed_ 12345;
17250      drop _seed_ _genvalue_;
MPRINT(EM_DIAGRAM):   drop _seed_ _genvalue_;
17251      call ranuni(_seed_, _genvalue_);
MPRINT(EM_DIAGRAM):   call ranuni(_seed_, _genvalue_);
17252      label _dataobs_ = "%sysfunc(sasmsg(sashelp.dmine, sample_dataobs_vlabel, NOQUOTE))";
MPRINT(EM_DIAGRAM):   label _dataobs_ = "Observation Number";
17253      _dataobs_ = _N_;
MPRINT(EM_DIAGRAM):   _dataobs_ = _N_;
17254      drop _c00:;
MPRINT(EM_DIAGRAM):   drop _c00:;
17255      set EMWS1.Stat_TRAIN;
MPRINT(EM_DIAGRAM):   set EMWS1.Stat_TRAIN;
17256      if
17257      BAD = 0
17258      then do;
MPRINT(EM_DIAGRAM):   if BAD = 0 then do;
17259      if (4771+1-_C000003)*_genvalue_ <= (2386 - _C000001) then do;
MPRINT(EM_DIAGRAM):   if (4771+1-_C000003)*_genvalue_ <= (2386 - _C000001) then do;
17260      _C000001 + 1;
MPRINT(EM_DIAGRAM):   _C000001 + 1;
17261      output EMWS1.Part_TRAIN;
MPRINT(EM_DIAGRAM):   output EMWS1.Part_TRAIN;
17262      end;
MPRINT(EM_DIAGRAM):   end;
17263      else do;
MPRINT(EM_DIAGRAM):   else do;
17264      _C000002 + 1;
MPRINT(EM_DIAGRAM):   _C000002 + 1;
17265      output EMWS1.Part_VALIDATE;
MPRINT(EM_DIAGRAM):   output EMWS1.Part_VALIDATE;
17266      end;
MPRINT(EM_DIAGRAM):   end;
17267      _C000003+1;
MPRINT(EM_DIAGRAM):   _C000003+1;
17268      end;
MPRINT(EM_DIAGRAM):   end;
17269      else if
17270      BAD = 1
17271      then do;
MPRINT(EM_DIAGRAM):   else if BAD = 1 then do;
17272      if (1189+1-_C000006)*_genvalue_ <= (595 - _C000004) then do;
MPRINT(EM_DIAGRAM):   if (1189+1-_C000006)*_genvalue_ <= (595 - _C000004) then do;
17273      _C000004 + 1;
MPRINT(EM_DIAGRAM):   _C000004 + 1;
17274      output EMWS1.Part_TRAIN;
MPRINT(EM_DIAGRAM):   output EMWS1.Part_TRAIN;
17275      end;
MPRINT(EM_DIAGRAM):   end;
17276      else do;
MPRINT(EM_DIAGRAM):   else do;
17277      _C000005 + 1;
MPRINT(EM_DIAGRAM):   _C000005 + 1;
17278      output EMWS1.Part_VALIDATE;
MPRINT(EM_DIAGRAM):   output EMWS1.Part_VALIDATE;
17279      end;
MPRINT(EM_DIAGRAM):   end;
17280      _C000006+1;
MPRINT(EM_DIAGRAM):   _C000006+1;
17281      end;
MPRINT(EM_DIAGRAM):   end;
17282      run;
MPRINT(EM_DIAGRAM):   run;

NOTE: There were 5960 observations read from the data set SAMPSIO.HMEQ.
NOTE: View EMWS1.STAT_TRAIN.VIEW used (Total process time):
      real time           0.15 seconds
      cpu time            0.09 seconds
      
NOTE: There were 5960 observations read from the data set EMWS1.IDS_DATA.
NOTE: There were 5960 observations read from the data set EMWS1.STAT_TRAIN.
NOTE: The data set EMWS1.PART_TRAIN has 2979 observations and 14 variables.
NOTE: The data set EMWS1.PART_VALIDATE has 2981 observations and 14 variables.
NOTE: DATA statement used (Total process time):
      real time           0.26 seconds
      cpu time            0.11 seconds
      

17283      data _tempNobs;
MPRINT(EM_DIAGRAM):    data _tempNobs;
17284      length Type $8 Table $32 Nobs 8;
MPRINT(EM_DIAGRAM):   length Type $8 Table $32 Nobs 8;
17285      label type= "%sysfunc(sasmsg(sashelp.dmine, meta_type_vlabel,    NOQUOTE))" table = "%sysfunc(sasmsg(sashelp.dmine, meta_dataset_vlabel, NOQUOTE))" nobs = "%sysfunc(sasmsg(sashelp.dmine,  rpt_numObs_vlabel,   NOQUOTE))";
MPRINT(EM_DIAGRAM):   label type= "Type" table = "Data Set" nobs = "Number of Observations";
17286      type='DATA';
MPRINT(EM_DIAGRAM):   type='DATA';
17287      table="EMWS1.Stat_TRAIN";
MPRINT(EM_DIAGRAM):   table="EMWS1.Stat_TRAIN";
17288      Nobs=5960;
MPRINT(EM_DIAGRAM):   Nobs=5960;
17289      output;
MPRINT(EM_DIAGRAM):   output;
17290      type='TRAIN';
MPRINT(EM_DIAGRAM):   type='TRAIN';
17291      table="EMWS1.Part_TRAIN";
MPRINT(EM_DIAGRAM):   table="EMWS1.Part_TRAIN";
17292      Nobs=2979;
MPRINT(EM_DIAGRAM):   Nobs=2979;
17293      output;
MPRINT(EM_DIAGRAM):   output;
17294      type='VALIDATE';
MPRINT(EM_DIAGRAM):   type='VALIDATE';
17295      table="EMWS1.Part_VALIDATE";
MPRINT(EM_DIAGRAM):   table="EMWS1.Part_VALIDATE";
17296      Nobs=2981;
MPRINT(EM_DIAGRAM):   Nobs=2981;
17297      output;
MPRINT(EM_DIAGRAM):   output;
17298      run;
MPRINT(EM_DIAGRAM):   run;

NOTE: The data set WORK._TEMPNOBS has 3 observations and 3 variables.
NOTE: DATA statement used (Total process time):
      real time           0.03 seconds
      cpu time            0.03 seconds
      

17299      %let _cn = %sysfunc(getoption(CENTER));
17300      %let _nb = %sysfunc(getoption(NUMBER));
17301      options nonumber nocenter;
MPRINT(EM_DIAGRAM):   options nonumber nocenter;
17302      proc print data=_tempNobs noobs label;
MPRINT(EM_DIAGRAM):   proc print data=_tempNobs noobs label;
17303      title9 ' ';
MPRINT(EM_DIAGRAM):   title9 ' ';
17304      title10 "%sysfunc(sasmsg(sashelp.dmine, rpt_partitionSummary_title, NOQUOTE))";
MPRINT(EM_DIAGRAM):   title10 "Partition Summary";
MPRINT(EM_DIAGRAM):   run;
17305      run;

NOTE: There were 3 observations read from the data set WORK._TEMPNOBS.
NOTE: The PROCEDURE PRINT printed page 2.
NOTE: PROCEDURE PRINT used (Total process time):
      real time           0.01 seconds
      cpu time            0.01 seconds
      

17306      title10;
MPRINT(EM_DIAGRAM):   title10;
17307      options &_cn &_nb;
MPRINT(EM_DIAGRAM):   options NOCENTER NONUMBER;
MPRINT(EM_DIAGRAM):   run;
17308      run;

MPRINT(EM_DIAGRAM):    proc printto;
MPRINT(EM_DIAGRAM):   run;
