 
                                                                                               
 
 
Fit Statistics

Target=BAD Target Label=' '

   Fit
Statistics    Statistics Label                     Train    Validation

 _DFT_        Total Degrees of Freedom           2979.00          .   
 _DFE_        Degrees of Freedom for Error       2960.00          .   
 _DFM_        Model Degrees of Freedom             19.00          .   
 _NW_         Number of Estimated Weights          19.00          .   
 _AIC_        Akaike's Information Criterion     2313.36          .   
 _SBC_        Schwarz's Bayesian Criterion       2427.35          .   
 _ASE_        Average Squared Error                 0.12         0.13 
 _MAX_        Maximum Absolute Error                0.99         0.98 
 _DIV_        Divisor for ASE                    5958.00      5962.00 
 _NOBS_       Sum of Frequencies                 2979.00      2981.00 
 _RASE_       Root Average Squared Error            0.34         0.36 
 _SSE_        Sum of Squared Errors               699.52       753.72 
 _SUMW_       Sum of Case Weights Times Freq     5958.00      5962.00 
 _FPE_        Final Prediction Error                0.12          .   
 _MSE_        Mean Squared Error                    0.12         0.13 
 _RFPE_       Root Final Prediction Error           0.34          .   
 _RMSE_       Root Mean Squared Error               0.34         0.36 
 _AVERR_      Average Error Function                0.38         0.41 
 _ERR_        Error Function                     2275.36      2423.38 
 _MISC_       Misclassification Rate                0.16         0.17 
 _WRONG_      Number of Wrong Classifications     466.00       502.00 
 
                                                                                               
 
 
Classification Table

Data Role=TRAIN Target Variable=BAD Target Label=' '

                       Target        Outcome     Frequency       Total
Target    Outcome    Percentage    Percentage      Count      Percentage

  0          0         85.8424       96.3522        2298        77.1400 
  1          0         14.1576       63.8047         379        12.7224 
  0          1         28.8079        3.6478          87         2.9204 
  1          1         71.1921       36.1953         215         7.2172 


Data Role=VALIDATE Target Variable=BAD Target Label=' '

                       Target        Outcome     Frequency       Total
Target    Outcome    Percentage    Percentage      Count      Percentage

  0          0         85.2281       95.5155        2279        76.4509 
  1          0         14.7719       66.3866         395        13.2506 
  0          1         34.8534        4.4845         107         3.5894 
  1          1         65.1466       33.6134         200         6.7092 
 
                                                                                               
 
 
Event Classification Table

Data Role=TRAIN Target=BAD Target Label=' '

  False       True        False       True
Negative    Negative    Positive    Positive

   379        2298         87          215  


Data Role=VALIDATE Target=BAD Target Label=' '

  False       True        False       True
Negative    Negative    Positive    Positive

   395        2279         107         200  
 
                                                                                               
 
 
Assessment Score Rankings

Data Role=TRAIN Target Variable=BAD Target Label=' '

                                                                                    Mean
                            Cumulative       %      Cumulative     Number of     Posterior
Depth      Gain     Lift       Lift      Response   % Response   Observations   Probability

   5    317.368   4.17368     4.17368     83.2215     83.2215         149         0.85035  
  10    258.466   2.99563     3.58466     59.7315     71.4765         149         0.59787  
  15    209.660   2.12050     3.09660     42.2819     61.7450         149         0.42669  
  20    170.953   1.54830     2.70953     30.8725     54.0268         149         0.32404  
  25    141.670   1.24537     2.41670     24.8322     48.1879         149         0.26107  
  30    119.904   1.11074     2.19904     22.1477     43.8479         149         0.21697  
  35    107.722   1.34635     2.07722     26.8456     41.4190         149         0.18502  
  40     92.276   0.84147     1.92276     16.7785     38.3389         149         0.16182  
  45     80.261   0.84147     1.80261     16.7785     35.9433         149         0.14470  
  50     69.640   0.74049     1.69640     14.7651     33.8255         149         0.12807  
  55     59.114   0.53854     1.59114     10.7383     31.7267         149         0.11284  
  60     49.220   0.40390     1.49220      8.0537     29.7539         149         0.09966  
  65     41.367   0.47122     1.41367      9.3960     28.1879         149         0.09020  
  70     33.914   0.37025     1.33914      7.3826     26.7018         149         0.08040  
  75     26.108   0.16829     1.26108      3.3557     25.1454         149         0.07169  
  80     19.068   0.13463     1.19068      2.6846     23.7416         149         0.06385  
  85     14.242   0.37025     1.14242      7.3826     22.7793         149         0.05615  
  90      8.830   0.16829     1.08830      3.3557     21.7002         149         0.04788  
  95      3.988   0.16829     1.03988      3.3557     20.7347         149         0.03988  
 100      0.000   0.23720     1.00000      4.7297     19.9396         148         0.02855  


Data Role=VALIDATE Target Variable=BAD Target Label=' '

                                                                                    Mean
                            Cumulative       %      Cumulative     Number of     Posterior
Depth      Gain     Lift       Lift      Response   % Response   Observations   Probability

   5    300.807   4.00807     4.00807     80.0000     80.0000         150         0.84204  
  10    228.420   2.55548     3.28420     51.0067     65.5518         149         0.61150  
  15    187.409   2.05111     2.87409     40.9396     57.3661         149         0.44698  
  20    151.763   1.44586     2.51763     28.8591     50.2513         149         0.34695  
  25    126.998   1.27774     2.26998     25.5034     45.3083         149         0.27968  
  30    109.360   1.21049     2.09360     24.1611     41.7877         149         0.22878  
  35     96.276   1.17687     1.96276     23.4899     39.1762         149         0.19316  
  40     81.841   0.80699     1.81841     16.1074     36.2951         149         0.16691  
  45     69.492   0.70612     1.69492     14.0940     33.8301         149         0.14571  
  50     61.962   0.94149     1.61962     18.7919     32.3273         149         0.13043  
  55     51.830   0.50437     1.51830     10.0671     30.3049         149         0.11539  
  60     45.346   0.73974     1.45346     14.7651     29.0106         149         0.10244  
  65     38.566   0.57162     1.38566     11.4094     27.6574         149         0.09249  
  70     31.554   0.40350     1.31554      8.0537     26.2578         149         0.08358  
  75     25.252   0.36987     1.25252      7.3826     25.0000         149         0.07445  
  80     18.477   0.16812     1.18477      3.3557     23.6478         149         0.06535  
  85     14.081   0.43712     1.14081      8.7248     22.7703         149         0.05611  
  90      8.493   0.13450     1.08493      2.6846     21.6549         149         0.04783  
  95      3.669   0.16812     1.03669      3.3557     20.6921         149         0.04053  
 100      0.000   0.30262     1.00000      6.0403     19.9597         149         0.02922  
 
                                                                                               
 
 
Assessment Score Distribution

Data Role=TRAIN Target Variable=BAD Target Label=' '

 Posterior     Number                     Mean
Probability      of      Number of     Posterior
   Range       Events    Nonevents    Probability    Percentage

 0.90-0.95       43           1         0.92710         1.4770 
 0.85-0.90       29           4         0.87446         1.1078 
 0.80-0.85       24           7         0.82516         1.0406 
 0.75-0.80       21          12         0.77436         1.1078 
 0.70-0.75       16           4         0.72396         0.6714 
 0.65-0.70       20           5         0.67673         0.8392 
 0.60-0.65       27           9         0.62282         1.2085 
 0.55-0.60       14          15         0.56946         0.9735 
 0.50-0.55       21          30         0.52295         1.7120 
 0.45-0.50       12          32         0.46999         1.4770 
 0.40-0.45       31          27         0.42184         1.9470 
 0.35-0.40       24          42         0.37344         2.2155 
 0.30-0.35       32          65         0.32479         3.2561 
 0.25-0.30       34          96         0.27577         4.3639 
 0.20-0.25       44         153         0.22303         6.6130 
 0.15-0.20       71         257         0.17143        11.0104 
 0.10-0.15       64         424         0.12337        16.3813 
 0.05-0.10       52         799         0.07398        28.5666 
 0.00-0.05       15         403         0.03799        14.0316 


Data Role=VALIDATE Target Variable=BAD Target Label=' '

 Posterior     Number                     Mean
Probability      of      Number of     Posterior
   Range       Events    Nonevents    Probability    Percentage

 0.90-0.95       37           0         0.92311         1.2412 
 0.85-0.90       27          10         0.87805         1.2412 
 0.80-0.85       23           6         0.82672         0.9728 
 0.75-0.80       20           9         0.77375         0.9728 
 0.70-0.75       21          11         0.72502         1.0735 
 0.65-0.70       21          17         0.67570         1.2747 
 0.60-0.65       15          12         0.62483         0.9057 
 0.55-0.60       17          23         0.57097         1.3418 
 0.50-0.55       19          19         0.52124         1.2747 
 0.45-0.50       27          39         0.47487         2.2140 
 0.40-0.45       24          37         0.42093         2.0463 
 0.35-0.40       25          56         0.37474         2.7172 
 0.30-0.35       29          70         0.32384         3.3210 
 0.25-0.30       35         103         0.27551         4.6293 
 0.20-0.25       40         141         0.22285         6.0718 
 0.15-0.20       59         234         0.17388         9.8289 
 0.10-0.15       73         452         0.12343        17.6115 
 0.05-0.10       66         751         0.07453        27.4069 
 0.00-0.05       17         396         0.03824        13.8544 
