MPRINT(EM_DIAGRAM):    data _null_;
MPRINT(EM_DIAGRAM):   call symput('NLDATE', strip(put(date(), NLDATE.)));
MPRINT(EM_DIAGRAM):   call symput('NLTIME', strip(put(datetime(), NLTIME.)));
MPRINT(EM_DIAGRAM):   run;
MPRINT(EM_DIAGRAM):   data _null_;
MPRINT(EM_DIAGRAM):   nldate= sasmsg("sashelp.dmine", "log_date_note", 'N', "November 07, 2018" );
MPRINT(EM_DIAGRAM):   nltime= sasmsg("sashelp.dmine", "log_time_note", 'N', "21:27:20" );
MPRINT(EM_DIAGRAM):   put "*------------------------------------------------------------*";
MPRINT(EM_DIAGRAM):   put "* Training Log";
MPRINT(EM_DIAGRAM):   put nldate;
MPRINT(EM_DIAGRAM):   put nltime;
MPRINT(EM_DIAGRAM):   put "*------------------------------------------------------------*";
MPRINT(EM_DIAGRAM):   run;
*------------------------------------------------------------*
* Training Log
Date:                November 07, 2018
Time:                21:27:20
*------------------------------------------------------------*
MPRINT(EM_DIAGRAM):    filename O21QR3FP "J:\JMMORR01\CIS 445\CIS 445 Project 3\Workspaces\EMWS1\Neural3\EMTRAIN.out" encoding="UTF-8" NOBOM;
MPRINT(EM_DIAGRAM):   proc printto print=O21QR3FP new;
MPRINT(EM_DIAGRAM):   run;
MPRINT(EM_DIAGRAM):    filename _LOG "J:\JMMORR01\CIS 445\CIS 445 Project 3\Workspaces\EMWS1\Neural3\EMLOG.log" encoding="UTF-8" NOBOM;
MPRINT(EM_DIAGRAM):    data _null_;
MPRINT(EM_DIAGRAM):   call symput('NLDATE', strip(put(date(), NLDATE.)));
MPRINT(EM_DIAGRAM):   call symput('NLTIME', strip(put(datetime(), NLTIME.)));
MPRINT(EM_DIAGRAM):   run;
MPRINT(EM_DIAGRAM):   data _null_;
MPRINT(EM_DIAGRAM):   nldate= sasmsg("sashelp.dmine", "log_date_note", 'N', "November 07, 2018" );
MPRINT(EM_DIAGRAM):   nltime= sasmsg("sashelp.dmine", "log_time_note", 'N', "21:27:20" );
MPRINT(EM_DIAGRAM):   file _LOG;
MPRINT(EM_DIAGRAM):   put "*------------------------------------------------------------*";
MPRINT(EM_DIAGRAM):   put "User:                jmmorr01";
MPRINT(EM_DIAGRAM):   put nldate;
MPRINT(EM_DIAGRAM):   put nltime;
MPRINT(EM_DIAGRAM):   put "Site:                70080761";
MPRINT(EM_DIAGRAM):   put "Platform:            X64_8PRO";
MPRINT(EM_DIAGRAM):   put "Maintenance Release: 9.04.01M3P062415";
MPRINT(EM_DIAGRAM):   put "EM Version:          14.1";
MPRINT(EM_DIAGRAM):   put "* ";
MPRINT(EM_DIAGRAM):   run;
MPRINT(EM_DIAGRAM):    filename _LOGIN "J:\JMMORR01\CIS 445\CIS 445 Project 3\Workspaces\EMWS1\Neural3\EMTRAIN.log" encoding="UTF-8" NOBOM;
MPRINT(EM_COPYFILE):   data _null_;
MPRINT(EM_COPYFILE):   length line $20000;
MPRINT(EM_COPYFILE):   file _LOG MOD lrecl=20000;
MPRINT(EM_COPYFILE):   fid=fopen("_LOGIN",'i',20000,'v');
MPRINT(EM_COPYFILE):   if fid > 0 then do;
MPRINT(EM_COPYFILE):   do while(^fread(fid));
MPRINT(EM_COPYFILE):   rlen = frlen(fid);
MPRINT(EM_COPYFILE):   rc= fget(fid,line,20000);
MPRINT(EM_COPYFILE):   start = length(line)-length(left(line))+1;
MPRINT(EM_COPYFILE):   line=strip(line);
MPRINT(EM_COPYFILE):   put @start line;
MPRINT(EM_COPYFILE):   end;
MPRINT(EM_COPYFILE):   if fid > 0 then rc=fclose(fid);
MPRINT(EM_COPYFILE):   end;
MPRINT(EM_COPYFILE):   run;
MPRINT(EM_DIAGRAM):  ;
MPRINT(EM_DIAGRAM):   filename _LOGIN;
MPRINT(EM_DIAGRAM):    data _null_;
MPRINT(EM_DIAGRAM):   file _LOG mod;
MPRINT(EM_DIAGRAM):   put _page_;
MPRINT(EM_DIAGRAM):   run;
MPRINT(EM_DIAGRAM):   filename _LOGIN "J:\JMMORR01\CIS 445\CIS 445 Project 3\Workspaces\EMWS1\Neural3\EMSCORE.log" encoding="UTF-8" NOBOM;
MPRINT(EM_DIAGRAM):  ;
MPRINT(EM_DIAGRAM):   data _null_;
MPRINT(EM_DIAGRAM):   file _LOG mod;
MPRINT(EM_DIAGRAM):   put _page_;
MPRINT(EM_DIAGRAM):   run;
MPRINT(EM_DIAGRAM):    filename _LOGIN "J:\JMMORR01\CIS 445\CIS 445 Project 3\Workspaces\EMWS1\Neural3\EMREPORT.log" encoding="UTF-8" NOBOM;
MPRINT(EM_DIAGRAM):  ;
MPRINT(EM_DIAGRAM):   filename _LOGIN;
MPRINT(EM_DIAGRAM):    filename _LOG;
MPRINT(EM_DIAGRAM):    filename _OUT "J:\JMMORR01\CIS 445\CIS 445 Project 3\Workspaces\EMWS1\Neural3\EMOUTPUT.out" encoding="UTF-8" NOBOM;
MPRINT(EM_DIAGRAM):    data _null_;
MPRINT(EM_DIAGRAM):   call symput('NLDATE', strip(put(date(), NLDATE.)));
MPRINT(EM_DIAGRAM):   call symput('NLTIME', strip(put(datetime(), NLTIME.)));
MPRINT(EM_DIAGRAM):   run;
MPRINT(EM_DIAGRAM):   data _null_;
MPRINT(EM_DIAGRAM):   nldate= sasmsg("sashelp.dmine", "log_date_note", 'N', "November 07, 2018" );
MPRINT(EM_DIAGRAM):   nltime= sasmsg("sashelp.dmine", "log_time_note", 'N', "21:27:20" );
MPRINT(EM_DIAGRAM):   file _OUT;
MPRINT(EM_DIAGRAM):   put "*------------------------------------------------------------*";
MPRINT(EM_DIAGRAM):   put "User:                jmmorr01";
MPRINT(EM_DIAGRAM):   put nldate;
MPRINT(EM_DIAGRAM):   put nltime;
MPRINT(EM_DIAGRAM):   put "*------------------------------------------------------------*";
MPRINT(EM_DIAGRAM):   put "* Training Output";
MPRINT(EM_DIAGRAM):   put "*------------------------------------------------------------*";
MPRINT(EM_DIAGRAM):   run;
MPRINT(EM_DIAGRAM):    filename _OUTIN "J:\JMMORR01\CIS 445\CIS 445 Project 3\Workspaces\EMWS1\Neural3\EMTRAIN.out" encoding="UTF-8" NOBOM;
MPRINT(EM_DIAGRAM):   ;
MPRINT(EM_COPYFILE):   data _null_;
MPRINT(EM_COPYFILE):   length line $20000;
MPRINT(EM_COPYFILE):   file _OUT MOD lrecl=20000;
MPRINT(EM_COPYFILE):   fid=fopen("_OUTIN",'i',20000,'v');
MPRINT(EM_COPYFILE):   if fid > 0 then do;
MPRINT(EM_COPYFILE):   do while(^fread(fid));
MPRINT(EM_COPYFILE):   rlen = frlen(fid);
MPRINT(EM_COPYFILE):   rc= fget(fid,line,20000);
MPRINT(EM_COPYFILE):   start = length(line)-length(left(line))+1;
MPRINT(EM_COPYFILE):   line=strip(line);
MPRINT(EM_COPYFILE):   put @start line;
MPRINT(EM_COPYFILE):   end;
MPRINT(EM_COPYFILE):   if fid > 0 then rc=fclose(fid);
MPRINT(EM_COPYFILE):   end;
MPRINT(EM_COPYFILE):   run;
MPRINT(EM_DIAGRAM):  ;
MPRINT(EM_DIAGRAM):   filename _OUTIN;
MPRINT(EM_DIAGRAM):    data _null_;
MPRINT(EM_DIAGRAM):   file _OUT mod;
MPRINT(EM_DIAGRAM):   put _page_;
MPRINT(EM_DIAGRAM):   put // "*------------------------------------------------------------*";
MPRINT(EM_DIAGRAM):   put "* Score Output";
MPRINT(EM_DIAGRAM):   put "*------------------------------------------------------------*";
MPRINT(EM_DIAGRAM):   run;
MPRINT(EM_DIAGRAM):    filename _OUTIN "J:\JMMORR01\CIS 445\CIS 445 Project 3\Workspaces\EMWS1\Neural3\EMSCORE.out" encoding="UTF-8" NOBOM;
MPRINT(EM_DIAGRAM):  ;
MPRINT(EM_DIAGRAM):   filename _OUTIN;
MPRINT(EM_DIAGRAM):    data _null_;
MPRINT(EM_DIAGRAM):   file _OUT mod;
MPRINT(EM_DIAGRAM):   put _page_;
MPRINT(EM_DIAGRAM):   put // "*------------------------------------------------------------*";
MPRINT(EM_DIAGRAM):   put "* Report Output";
MPRINT(EM_DIAGRAM):   put "*------------------------------------------------------------*";
MPRINT(EM_DIAGRAM):   run;
MPRINT(EM_DIAGRAM):    filename _OUTIN "J:\JMMORR01\CIS 445\CIS 445 Project 3\Workspaces\EMWS1\Neural3\EMREPORT.out" encoding="UTF-8" NOBOM;
MPRINT(EM_DIAGRAM):  ;
MPRINT(EM_DIAGRAM):   filename _OUTIN;
MPRINT(EM_DIAGRAM):    filename _OUT;
MPRINT(EM_DIAGRAM):    filename _emtool_ 'J:\JMMORR01\CIS 445\CIS 445 Project 3\Workspaces\EMWS1\Neural3\EMRUNSTATUS.xml' encoding="UTF-8" NOBOM;
MPRINT(EM_DIAGRAM):    filename _emtool_ 'J:\JMMORR01\CIS 445\CIS 445 Project 3\Workspaces\EMWS1\Neural3\EMRUNSTATUS.xml' encoding="UTF-8" NOBOM;
17280      proc freq data=EMWS1.Neural3_VariableSet noprint;
MPRINT(EM_DIAGRAM):    proc freq data=EMWS1.Neural3_VariableSet noprint;
17281      table ROLE*LEVEL/out=WORK.Neural3META;
MPRINT(EM_DIAGRAM):   table ROLE*LEVEL/out=WORK.Neural3META;
17282      run;
MPRINT(EM_DIAGRAM):   run;

NOTE: There were 13 observations read from the data set EMWS1.NEURAL3_VARIABLESET.
NOTE: The data set WORK.NEURAL3META has 3 observations and 4 variables.
NOTE: PROCEDURE FREQ used (Total process time):
      real time           0.09 seconds
      cpu time            0.04 seconds
      

17283      proc print data=WORK.Neural3META label noobs;
MPRINT(EM_DIAGRAM):   proc print data=WORK.Neural3META label noobs;
17284      var ROLE LEVEL COUNT;
MPRINT(EM_DIAGRAM):   var ROLE LEVEL COUNT;
17285      label ROLE = "%sysfunc(sasmsg(sashelp.dmine, meta_role_vlabel, NOQUOTE))" LEVEL = "%sysfunc(sasmsg(sashelp.dmine, meta_level_vlabel, NOQUOTE))" COUNT = "%sysfunc(sasmsg(sashelp.dmine, rpt_count_vlabel, NOQUOTE))";
MPRINT(EM_DIAGRAM):   label ROLE = "Role" LEVEL = "Measurement Level" COUNT = "Frequency Count";
17286      title9 ' ';
MPRINT(EM_DIAGRAM):   title9 ' ';
17287      title10 "%sysfunc(sasmsg(sashelp.dmine, rpt_varSummary_title  , NOQUOTE))";
MPRINT(EM_DIAGRAM):   title10 "Variable Summary";
MPRINT(EM_DIAGRAM):   run;
17288      run;

NOTE: There were 3 observations read from the data set WORK.NEURAL3META.
NOTE: The PROCEDURE PRINT printed page 1.
NOTE: PROCEDURE PRINT used (Total process time):
      real time           0.01 seconds
      cpu time            0.01 seconds
      

17289      title10;
MPRINT(EM_DIAGRAM):   title10;
17290      %let EMNORLEN = %DMNORLEN;
MPRINT(EM_DIAGRAM):   
EMWS1.Impt_TRAIN EMWS1.Impt_TRAIN 
EMWS1.Impt_TRAIN EMWS1.Impt_TRAIN EMWS1 Impt_TRAIN 
EMWS1.Impt_TRAIN EMWS1.Impt_TRAIN 
EMWS1.Impt_TRAIN EMWS1.Impt_TRAIN EMWS1 Impt_TRAIN 
MPRINT(EM_DIAGRAM):    proc dmdb data=EMWS1.Impt_TRAIN classout=WORK._DMDBCLASSTARGET(keep=NAME NRAW CRAW LEVEL FREQUENCY NMISSPERCENT);
MPRINT(EM_DIAGRAM):   class BAD(DESC) ;
MPRINT(EM_DIAGRAM):   run;
Executing  SASHELP.EMCORE.EMINFOITERATOR.SCL _INIT >> 
Executing  SASHELP.EMCORE.EMINFOITERATOR.SCL setMetaData >> 
Executing  SASHELP.EMCORE.EMINFOITERATOR.SCL next >> 
Executing  SASHELP.EMCORE.EMINFOITERATOR.SCL next >> 
Executing  SASHELP.EMCORE.EMINFOITERATOR.SCL setMetaData >> 
Executing  SASHELP.EMCORE.EMINFOITERATOR.SCL next >> 
Executing  SASHELP.EMCORE.EMINFOITERATOR.SCL next >> 
Executing  SASHELP.EMCORE.EMINFOITERATOR.SCL _term >> 
MPRINT(EM_DIAGRAM):    data _null_;
MPRINT(EM_DIAGRAM):   set WORK._DMDBCLASSTARGET;
MPRINT(EM_DIAGRAM):   where ^(NRAW eq . and CRAW eq '') and NAME="BAD";
MPRINT(EM_DIAGRAM):   if _N_=1 then call symput('_newevent', strip(LEVEL));
MPRINT(EM_DIAGRAM):   run;
MPRINT(EM_DIAGRAM):   proc sort data=WORK._DMDBCLASSTARGET out=_TEMPCLASS(keep=LEVEL FREQUENCY NMISSPERCENT rename=(LEVEL=BAD));
MPRINT(EM_DIAGRAM):   by LEVEL;
MPRINT(EM_DIAGRAM):   where ^(NRAW eq . and CRAW eq '') and NAME="BAD";
MPRINT(EM_DIAGRAM):   run;
MPRINT(EM_DIAGRAM):   data _TEMPCLASS;
MPRINT(EM_DIAGRAM):   set _TEMPCLASS;
MPRINT(EM_DIAGRAM):   NMISSPERCENT= NMISSPERCENT/100;
MPRINT(EM_DIAGRAM):   run;
MPRINT(EM_DIAGRAM):    proc sort data=EMWS1.Ids_BAD_DD out=_sortedDecdata;
MPRINT(EM_DIAGRAM):   by BAD;
MPRINT(EM_DIAGRAM):   run;
MPRINT(EM_DIAGRAM):   data _null_;
MPRINT(EM_DIAGRAM):   merge _TEMPCLASS(in=_a) _sortedDecdata(in=_b);
MPRINT(EM_DIAGRAM):   by BAD;
MPRINT(EM_DIAGRAM):   if (_a and ^_b) or (^_a and _b) then call symput('_emresetDec', '1');
MPRINT(EM_DIAGRAM):   run;
17319      data WORK.Neural3_EVENT(KEEP=VARIABLE LABEL LEVEL EVENT NUMLEVELS ORDER);
MPRINT(EM_DIAGRAM):    data WORK.Neural3_EVENT(KEEP=VARIABLE LABEL LEVEL EVENT NUMLEVELS ORDER);
17320      length ORDER $20;
MPRINT(EM_DIAGRAM):   length ORDER $20;
17321      label VARIABLE = "%sysfunc(sasmsg(sashelp.dmine, rpt_target_vlabel,  NOQUOTE))" EVENT = "%sysfunc(sasmsg(sashelp.dmine, assmt_event_vlabel, NOQUOTE))" NUMLEVELS = "%sysfunc(sasmsg(sashelp.dmine, rpt_numcat_vlabel, NOQUOTE))" LEVEL =
17322         "%sysfunc(sasmsg(sashelp.dmine, meta_level_vlabel, NOQUOTE))" ORDER = "%sysfunc(sasmsg(sashelp.dmine, meta_order_vlabel, NOQUOTE))" LABEL = "%sysfunc(sasmsg(sashelp.dmine, meta_label_vlabel, NOQUOTE))";
MPRINT(EM_DIAGRAM):   label VARIABLE = "Target" EVENT = "Event" NUMLEVELS = "Number of Levels" LEVEL = "Measurement Level" ORDER = "Order" LABEL = "Label";
17323      set EMWS1.IDS_BAD_DM( where=(_TYPE_="TARGET"));
MPRINT(EM_DIAGRAM):   set EMWS1.IDS_BAD_DM( where=(_TYPE_="TARGET"));
17324      NumLevels=2;
MPRINT(EM_DIAGRAM):   NumLevels=2;
17325      select(upcase(ORDER));
MPRINT(EM_DIAGRAM):   select(upcase(ORDER));
17326      when('DESC') ORDER = 'Descending';
MPRINT(EM_DIAGRAM):   when('DESC') ORDER = 'Descending';
17327      when('ASC') ORDER = 'Ascending';
MPRINT(EM_DIAGRAM):   when('ASC') ORDER = 'Ascending';
17328      when('FMTDESC') ORDER = 'Formatted Descending';
MPRINT(EM_DIAGRAM):   when('FMTDESC') ORDER = 'Formatted Descending';
17329      when('FMTASC') ORDER = 'Formatted Ascending';
MPRINT(EM_DIAGRAM):   when('FMTASC') ORDER = 'Formatted Ascending';
17330      otherwise ORDER = 'Descending';
MPRINT(EM_DIAGRAM):   otherwise ORDER = 'Descending';
17331      end;
MPRINT(EM_DIAGRAM):   end;
17332      output;
MPRINT(EM_DIAGRAM):   output;
17333      run;
MPRINT(EM_DIAGRAM):   run;

NOTE: There were 1 observations read from the data set EMWS1.IDS_BAD_DM.
      WHERE _TYPE_='TARGET';
NOTE: The data set WORK.NEURAL3_EVENT has 1 observations and 6 variables.
NOTE: DATA statement used (Total process time):
      real time           0.06 seconds
      cpu time            0.04 seconds
      

17334      title9 ' ';
MPRINT(EM_DIAGRAM):   title9 ' ';
17335      proc print data=WORK.Neural3_EVENT noobs label;
MPRINT(EM_DIAGRAM):   proc print data=WORK.Neural3_EVENT noobs label;
17336      var VARIABLE EVENT LEVEL NUMLEVELS ORDER LABEL;
MPRINT(EM_DIAGRAM):   var VARIABLE EVENT LEVEL NUMLEVELS ORDER LABEL;
17337      title9 ' ';
MPRINT(EM_DIAGRAM):   title9 ' ';
17338      title10 "%sysfunc(sasmsg(sashelp.dmine, rpt_modelEvent_title  , NOQUOTE))";
MPRINT(EM_DIAGRAM):   title10 "Model Events";
MPRINT(EM_DIAGRAM):   run;
17339      run;

NOTE: There were 1 observations read from the data set WORK.NEURAL3_EVENT.
NOTE: The PROCEDURE PRINT printed page 2.
NOTE: PROCEDURE PRINT used (Total process time):
      real time           0.01 seconds
      cpu time            0.01 seconds
      

17340      title10;
MPRINT(EM_DIAGRAM):   title10;
"No decisions defined for target "BAD"." 
17341      proc print data = EMWS1.Ids_BAD_DM noobs label;
MPRINT(EM_DIAGRAM):    proc print data = EMWS1.Ids_BAD_DM noobs label;
17342      var _type_ variable label;
MPRINT(EM_DIAGRAM):   var _type_ variable label;
17343      where _type_ ^in('MATRIX', 'DECISION', 'TRAINPRIOR', 'DATAPRIOR', 'DECPRIOR');
MPRINT(EM_DIAGRAM):   where _type_ ^in('MATRIX', 'DECISION', 'TRAINPRIOR', 'DATAPRIOR', 'DECPRIOR');
17344      label _TYPE_ = "%sysfunc(sasmsg(sashelp.dmine, rpt_type_vlabel,     NOQUOTE))" VARIABLE = "%sysfunc(sasmsg(sashelp.dmine, rpt_variable_vlabel, NOQUOTE))" LABEL = "%sysfunc(sasmsg(sashelp.dmine, meta_label_vlabel, NOQUOTE))";
MPRINT(EM_DIAGRAM):   label _TYPE_ = "Type" VARIABLE = "Variable" LABEL = "Label";
17345      title9 ' ';
MPRINT(EM_DIAGRAM):   title9 ' ';
17346      title10 "%sysfunc(sasmsg(sashelp.dmine, rpt_predDecVars_title  , NOQUOTE))";
MPRINT(EM_DIAGRAM):   title10 "Predicted and decision variables";
MPRINT(EM_DIAGRAM):   run;
17347      run;

NOTE: There were 7 observations read from the data set EMWS1.IDS_BAD_DM.
      WHERE _type_ not in ('DATAPRIOR', 'DECISION', 'DECPRIOR', 'MATRIX', 'TRAINPRIOR');
NOTE: The PROCEDURE PRINT printed page 3.
NOTE: PROCEDURE PRINT used (Total process time):
      real time           0.03 seconds
      cpu time            0.01 seconds
      

17348      title10;
MPRINT(EM_DIAGRAM):   title10;
MPRINT(EM_DIAGRAM):    *------------------------------------------------------------*;
MPRINT(EM_DIAGRAM):   * Neural3: Preparing metadata for training;
MPRINT(EM_DIAGRAM):   ;
MPRINT(EM_DIAGRAM):   *------------------------------------------------------------*;
MPRINT(EM_DIAGRAM):   data WORK.M3CJPTU5;
MPRINT(EM_DIAGRAM):   set WORK.M3CJPTU5;
MPRINT(EM_DIAGRAM):   where(use = 'Y' or (role = 'INPUT' and use = 'D'));
MPRINT(EM_DIAGRAM):   if (role = 'REJECTED') then role = 'INPUT';
MPRINT(EM_DIAGRAM):   run;
17358      data WORK.M3CJPTU5;
MPRINT(EM_DIAGRAM):    data WORK.M3CJPTU5;
17359      set WORK.M3CJPTU5 end=eof;
MPRINT(EM_DIAGRAM):   set WORK.M3CJPTU5 end=eof;
17360      output;
MPRINT(EM_DIAGRAM):   output;
17361      if eof then do;
MPRINT(EM_DIAGRAM):   if eof then do;
17362      NAME="";
MPRINT(EM_DIAGRAM):   NAME="";
17363      ROLE="COST";
MPRINT(EM_DIAGRAM):   ROLE="COST";
17364      LEVEL="INTERVAL";
MPRINT(EM_DIAGRAM):   LEVEL="INTERVAL";
17365      TYPE="N";
MPRINT(EM_DIAGRAM):   TYPE="N";
17366      output;
MPRINT(EM_DIAGRAM):   output;
17367      end;
MPRINT(EM_DIAGRAM):   end;
17368      run;
MPRINT(EM_DIAGRAM):   run;

NOTE: There were 13 observations read from the data set WORK.M3CJPTU5.
NOTE: The data set WORK.M3CJPTU5 has 14 observations and 21 variables.
NOTE: DATA statement used (Total process time):
      real time           0.01 seconds
      cpu time            0.01 seconds
      

NOTE: There were 2 observations read from the data set EMWS1.IDS_BAD_DD.
NOTE: The data set WORK.BAD has 2 observations and 7 variables.
NOTE: There were 2 observations read from the data set EMWS1.IDS_BAD_DD.
NOTE: The data set WORK.BAD has 2 observations and 7 variables.
17369      *------------------------------------------------------------*;
MPRINT(EM_DIAGRAM):    *------------------------------------------------------------*;
17370      * Neural3: Create decision matrix;
MPRINT(EM_DIAGRAM):   * Neural3: Create decision matrix;
17371      *------------------------------------------------------------*;
MPRINT(EM_DIAGRAM):   *------------------------------------------------------------*;
17372      data WORK.BAD;
MPRINT(EM_DIAGRAM):   data WORK.BAD;
17373        length   BAD                              $  32
17374                 COUNT                                8
17375                 DATAPRIOR                            8
17376                 TRAINPRIOR                           8
17377                 DECPRIOR                             8
17378                 DECISION1                            8
17379                 DECISION2                            8
17380                 ;
MPRINT(EM_DIAGRAM):   length BAD $ 32 COUNT 8 DATAPRIOR 8 TRAINPRIOR 8 DECPRIOR 8 DECISION1 8 DECISION2 8 ;
17381      
17382        label    COUNT="Level Counts"
17383                 DATAPRIOR="Data Proportions"
17384                 TRAINPRIOR="Training Proportions"
17385                 DECPRIOR="Decision Priors"
17386                 DECISION1="1"
17387                 DECISION2="0"
17388                 ;
MPRINT(EM_DIAGRAM):   label COUNT= "Level Counts" DATAPRIOR= "Data Proportions" TRAINPRIOR= "Training Proportions" DECPRIOR= "Decision Priors" DECISION1= "1" DECISION2= "0" ;
17389        format   COUNT 10.
17390                 ;
MPRINT(EM_DIAGRAM):   format COUNT 10. ;
17391      BAD="1"; COUNT=1189; DATAPRIOR=0.1994966442953; TRAINPRIOR=0.1994966442953; DECPRIOR=.; DECISION1=1; DECISION2=0;
MPRINT(EM_DIAGRAM):   BAD="1";
MPRINT(EM_DIAGRAM):   COUNT=1189;
MPRINT(EM_DIAGRAM):   DATAPRIOR=0.1994966442953;
MPRINT(EM_DIAGRAM):   TRAINPRIOR=0.1994966442953;
MPRINT(EM_DIAGRAM):   DECPRIOR=.;
MPRINT(EM_DIAGRAM):   DECISION1=1;
MPRINT(EM_DIAGRAM):   DECISION2=0;
17392      output;
MPRINT(EM_DIAGRAM):   output;
17393      BAD="0"; COUNT=4771; DATAPRIOR=0.80050335570469; TRAINPRIOR=0.80050335570469; DECPRIOR=.; DECISION1=0; DECISION2=1;
MPRINT(EM_DIAGRAM):   BAD="0";
MPRINT(EM_DIAGRAM):   COUNT=4771;
MPRINT(EM_DIAGRAM):   DATAPRIOR=0.80050335570469;
MPRINT(EM_DIAGRAM):   TRAINPRIOR=0.80050335570469;
MPRINT(EM_DIAGRAM):   DECPRIOR=.;
MPRINT(EM_DIAGRAM):   DECISION1=0;
MPRINT(EM_DIAGRAM):   DECISION2=1;
17394      output;
MPRINT(EM_DIAGRAM):   output;
17395      ;
MPRINT(EM_DIAGRAM):   ;
17396      run;
MPRINT(EM_DIAGRAM):   run;

NOTE: The data set WORK.BAD has 2 observations and 7 variables.
NOTE: DATA statement used (Total process time):
      real time           0.01 seconds
      cpu time            0.01 seconds
      

17397      proc datasets lib=work nolist;
MPRINT(EM_DIAGRAM):   proc datasets lib=work nolist;
17398      modify BAD(type=PROFIT label=BAD);
MPRINT(EM_DIAGRAM):   modify BAD(type=PROFIT label= BAD);
MPRINT(EM_DIAGRAM):   label DECISION1= '1';
MPRINT(EM_DIAGRAM):   label DECISION2= '0';
MPRINT(EM_DIAGRAM):   run;
17399      label DECISION1= '1';
17400      label DECISION2= '0';
17401      run;

NOTE: MODIFY was successful for WORK.BAD.DATA.
17402      quit;
MPRINT(EM_DIAGRAM):   quit;

NOTE: PROCEDURE DATASETS used (Total process time):
      real time           0.03 seconds
      cpu time            0.00 seconds
      

17403      data EM_Neural3;
MPRINT(EM_DIAGRAM):   data EM_Neural3;
17404      set EMWS1.Impt_TRAIN(keep=
17405      BAD IMP_CLAGE IMP_CLNO IMP_DEBTINC IMP_DELINQ IMP_DEROG IMP_JOB IMP_MORTDUE
17406      IMP_NINQ IMP_REASON IMP_VALUE IMP_YOJ LOAN );
MPRINT(EM_DIAGRAM):   set EMWS1.Impt_TRAIN(keep= BAD IMP_CLAGE IMP_CLNO IMP_DEBTINC IMP_DELINQ IMP_DEROG IMP_JOB IMP_MORTDUE IMP_NINQ IMP_REASON IMP_VALUE IMP_YOJ LOAN );
17407      run;
MPRINT(EM_DIAGRAM):   run;

NOTE: View EMWS1.IMPT_TRAIN.VIEW used (Total process time):
      real time           0.04 seconds
      cpu time            0.04 seconds
      
NOTE: There were 2979 observations read from the data set EMWS1.PART_TRAIN.
NOTE: There were 2979 observations read from the data set EMWS1.IMPT_TRAIN.
NOTE: The data set WORK.EM_NEURAL3 has 2979 observations and 13 variables.
NOTE: DATA statement used (Total process time):
      real time           0.09 seconds
      cpu time            0.07 seconds
      

MPRINT(EM_DIAGRAM):   *------------------------------------------------------------* ;
MPRINT(EM_DIAGRAM):   * Neural3: DMDBClass Macro ;
MPRINT(EM_DIAGRAM):   *------------------------------------------------------------* ;
17408      *------------------------------------------------------------* ;
17409      * Neural3: DMDBClass Macro ;
17410      *------------------------------------------------------------* ;
17411      %macro DMDBClass;
17412          BAD(DESC) IMP_JOB(ASC) IMP_REASON(ASC)
17413      %mend DMDBClass;
17414      *------------------------------------------------------------* ;
MPRINT(EM_DIAGRAM):   *------------------------------------------------------------* ;
17415      * Neural3: DMDBVar Macro ;
MPRINT(EM_DIAGRAM):   * Neural3: DMDBVar Macro ;
17416      *------------------------------------------------------------* ;
MPRINT(EM_DIAGRAM):   *------------------------------------------------------------* ;
17417      %macro DMDBVar;
17418          IMP_CLAGE IMP_CLNO IMP_DEBTINC IMP_DELINQ IMP_DEROG IMP_MORTDUE IMP_NINQ
17419         IMP_VALUE IMP_YOJ LOAN
17420      %mend DMDBVar;
17421      *------------------------------------------------------------*;
MPRINT(EM_DIAGRAM):   *------------------------------------------------------------*;
17422      * Neural3: Create DMDB;
MPRINT(EM_DIAGRAM):   * Neural3: Create DMDB;
17423      *------------------------------------------------------------*;
MPRINT(EM_DIAGRAM):   *------------------------------------------------------------*;
17424      proc dmdb batch data=WORK.EM_Neural3
17425      dmdbcat=WORK.Neural3_DMDB
17426      maxlevel = 513
17427      ;
MPRINT(EM_DIAGRAM):   proc dmdb batch data=WORK.EM_Neural3 dmdbcat=WORK.Neural3_DMDB maxlevel = 513 ;
MPRINT(EM_DIAGRAM):   class
17428      class %DMDBClass;
MPRINT(DMDBCLASS):   BAD(DESC) IMP_JOB(ASC) IMP_REASON(ASC)
MPRINT(EM_DIAGRAM):  ;
MPRINT(EM_DIAGRAM):   var
17429      var %DMDBVar;
MPRINT(DMDBVAR):   IMP_CLAGE IMP_CLNO IMP_DEBTINC IMP_DELINQ IMP_DEROG IMP_MORTDUE IMP_NINQ IMP_VALUE IMP_YOJ LOAN
MPRINT(EM_DIAGRAM):  ;
17430      target
17431      BAD
17432      ;
MPRINT(EM_DIAGRAM):   target BAD ;
17433      run;
MPRINT(EM_DIAGRAM):   run;

NOTE: Records processed = 2979   Memory used = 511K.
NOTE: There were 2979 observations read from the data set WORK.EM_NEURAL3.
NOTE: PROCEDURE DMDB used (Total process time):
      real time           0.03 seconds
      cpu time            0.00 seconds
      

MPRINT(EM_DIAGRAM):   quit;
MPRINT(EM_DIAGRAM):   *--- end code ---*;
17434      quit;
17435      *--- end code ---*;

17436      *------------------------------------------------------------* ;
MPRINT(EM_DIAGRAM):    *------------------------------------------------------------* ;
17437      * Neural3: Interval Input Variables Macro ;
MPRINT(EM_DIAGRAM):   * Neural3: Interval Input Variables Macro ;
17438      *------------------------------------------------------------* ;
MPRINT(EM_DIAGRAM):   *------------------------------------------------------------* ;
17439      %macro INTINPUTS;
17440          IMP_CLAGE IMP_CLNO IMP_DEBTINC IMP_DELINQ IMP_DEROG IMP_MORTDUE IMP_NINQ
17441         IMP_VALUE IMP_YOJ LOAN
17442      %mend INTINPUTS;
17443      *------------------------------------------------------------* ;
MPRINT(EM_DIAGRAM):   *------------------------------------------------------------* ;
17444      * Neural3: Binary Inputs Macro ;
MPRINT(EM_DIAGRAM):   * Neural3: Binary Inputs Macro ;
17445      *------------------------------------------------------------* ;
MPRINT(EM_DIAGRAM):   *------------------------------------------------------------* ;
17446      %macro BININPUTS;
17447      
17448      %mend BININPUTS;
17449      *------------------------------------------------------------* ;
MPRINT(EM_DIAGRAM):   *------------------------------------------------------------* ;
17450      * Neural3: Nominal Inputs Macro ;
MPRINT(EM_DIAGRAM):   * Neural3: Nominal Inputs Macro ;
17451      *------------------------------------------------------------* ;
MPRINT(EM_DIAGRAM):   *------------------------------------------------------------* ;
17452      %macro NOMINPUTS;
17453          IMP_JOB IMP_REASON
17454      %mend NOMINPUTS;
17455      *------------------------------------------------------------* ;
MPRINT(EM_DIAGRAM):   *------------------------------------------------------------* ;
17456      * Neural3: Ordinal Inputs Macro ;
MPRINT(EM_DIAGRAM):   * Neural3: Ordinal Inputs Macro ;
17457      *------------------------------------------------------------* ;
MPRINT(EM_DIAGRAM):   *------------------------------------------------------------* ;
17458      %macro ORDINPUTS;
17459      
17460      %mend ORDINPUTS;
17461      *------------------------------------------------------------*;
MPRINT(EM_DIAGRAM):   *------------------------------------------------------------*;
17462      * Neural Network Training;
MPRINT(EM_DIAGRAM):   * Neural Network Training;
17463      ;
MPRINT(EM_DIAGRAM):   ;
17464      *------------------------------------------------------------*;
MPRINT(EM_DIAGRAM):   *------------------------------------------------------------*;
17465      proc neural data=EM_Neural3 dmdbcat=WORK.Neural3_DMDB
17466      validdata = EMWS1.Impt_VALIDATE
17467      random=12345
17468      ;
MPRINT(EM_DIAGRAM):   proc neural data=EM_Neural3 dmdbcat=WORK.Neural3_DMDB validdata = EMWS1.Impt_VALIDATE random=12345 ;
17469      nloptions
17470      ;
MPRINT(EM_DIAGRAM):   nloptions ;
17471      performance alldetails noutilfile;
MPRINT(EM_DIAGRAM):   performance alldetails noutilfile;
17472      netopts
17473      decay=0;
MPRINT(EM_DIAGRAM):   netopts decay=0;
MPRINT(EM_DIAGRAM):   input
17474      input %INTINPUTS / level=interval id=intvl
MPRINT(INTINPUTS):   IMP_CLAGE IMP_CLNO IMP_DEBTINC IMP_DELINQ IMP_DEROG IMP_MORTDUE IMP_NINQ IMP_VALUE IMP_YOJ LOAN
17475      ;
MPRINT(EM_DIAGRAM):   / level=interval id=intvl ;
MPRINT(EM_DIAGRAM):   input
17476      input %NOMINPUTS / level=nominal id=nom
MPRINT(NOMINPUTS):   IMP_JOB IMP_REASON
17477      ;
MPRINT(EM_DIAGRAM):   / level=nominal id=nom ;
17478      target BAD / level=NOMINAL id=BAD
17479      bias
17480      ;
MPRINT(EM_DIAGRAM):   target BAD / level=NOMINAL id=BAD bias ;
17481      arch MLP
17482      Hidden=1
17483      ;
MPRINT(EM_DIAGRAM):   arch MLP Hidden=1 ;
17484      Prelim 5 preiter=10
17485      pretime=3600
17486      Outest=EMWS1.Neural3_PRELIM_OUTEST
17487      ;
MPRINT(EM_DIAGRAM):   Prelim 5 preiter=10 pretime=3600 Outest=EMWS1.Neural3_PRELIM_OUTEST ;
NOTE:  Synchronizing the objectives and the Solution.
NOTE: LEVMAR Optimization cannot be completed.
NOTE: LEVMAR needs more than 10 iterations or 2147483647 function calls.
NOTE: LEVMAR Optimization cannot be completed.
NOTE: LEVMAR needs more than 10 iterations or 2147483647 function calls.
NOTE: LEVMAR Optimization cannot be completed.
NOTE: LEVMAR needs more than 10 iterations or 2147483647 function calls.
NOTE: LEVMAR Optimization cannot be completed.
NOTE: LEVMAR needs more than 10 iterations or 2147483647 function calls.
NOTE: LEVMAR Optimization cannot be completed.
NOTE: LEVMAR needs more than 10 iterations or 2147483647 function calls.
NOTE: The data set EMWS1.NEURAL3_PRELIM_OUTEST has 11 observations and 34 variables.
17488      save network=EMWS1.Neural3_NETWORK.dm_neural;
MPRINT(EM_DIAGRAM):   save network=EMWS1.Neural3_NETWORK.dm_neural;
NOTE: Creating a new Catalogue with entry EMWS1.NEURAL3_NETWORK.DM_NEURAL.
NOTE: Entry EMWS1.NEURAL3_NETWORK.DM_NEURAL has been opened.
NOTE: Entry EMWS1.NEURAL3_NETWORK.DM_NEURAL has been closed.
17489      train Maxiter=50
17490      maxtime=14400
17491      Outest=EMWS1.Neural3_outest estiter=1
17492      Outfit=EMWS1.Neural3_OUTFIT
17493      ;
MPRINT(EM_DIAGRAM):   train Maxiter=50 maxtime=14400 Outest=EMWS1.Neural3_outest estiter=1 Outfit=EMWS1.Neural3_OUTFIT ;
NOTE: Convergence criterion (FCONV=0.0001) satisfied.
NOTE: The data set EMWS1.NEURAL3_OUTEST has 32 observations and 34 variables.
NOTE: The data set EMWS1.NEURAL3_OUTFIT has 24 observations and 36 variables.
17494      run;
MPRINT(EM_DIAGRAM):   run;

NOTE: The data set WORK.EM_NEURAL3 has 2979 observations and 13 variables.
NOTE: The data set EMWS1.IMPT_VALIDATE has . observations and 25 variables.
NOTE: View EMWS1.IMPT_VALIDATE.VIEW used (Total process time):
      real time           1.64 seconds
      cpu time            1.10 seconds
      
NOTE: There were 2981 observations read from the data set EMWS1.PART_VALIDATE.
NOTE: Closing the Neural Application.
NOTE: The PROCEDURE NEURAL printed pages 4-7.
NOTE: PROCEDURE NEURAL used (Total process time):
      real time           2.06 seconds
      cpu time            1.18 seconds
      

MPRINT(EM_DIAGRAM):   quit;
17495      quit;

17496      proc sort data=EMWS1.Neural3_OUTFIT(where=(_iter_ ne . and _NAME_="OVERALL")) out=fit_Neural3;
MPRINT(EM_DIAGRAM):    proc sort data=EMWS1.Neural3_OUTFIT(where=(_iter_ ne . and _NAME_="OVERALL")) out=fit_Neural3;
17497      by _VAVERR_;
MPRINT(EM_DIAGRAM):   by _VAVERR_;
17498      run;
MPRINT(EM_DIAGRAM):   run;

NOTE: There were 12 observations read from the data set EMWS1.NEURAL3_OUTFIT.
      WHERE (_iter_ not = .) and (_NAME_='OVERALL');
NOTE: The data set WORK.FIT_NEURAL3 has 12 observations and 36 variables.
NOTE: PROCEDURE SORT used (Total process time):
      real time           0.04 seconds
      cpu time            0.01 seconds
      

17499      %GLOBAL ITER;
17500      data _null_;
MPRINT(EM_DIAGRAM):   data _null_;
17501      set fit_Neural3(obs=1);
MPRINT(EM_DIAGRAM):   set fit_Neural3(obs=1);
17502      call symput('ITER',put(_ITER_, 6.));
MPRINT(EM_DIAGRAM):   call symput('ITER',put(_ITER_, 6.));
17503      run;
MPRINT(EM_DIAGRAM):   run;

NOTE: There were 1 observations read from the data set WORK.FIT_NEURAL3.
NOTE: DATA statement used (Total process time):
      real time           0.01 seconds
      cpu time            0.01 seconds
      

17504      data EMWS1.Neural3_INITIAL;
MPRINT(EM_DIAGRAM):   data EMWS1.Neural3_INITIAL;
17505      set EMWS1.Neural3_outest(where=(_ITER_ eq &ITER and _OBJ_ ne .));
MPRINT(EM_DIAGRAM):   set EMWS1.Neural3_outest(where=(_ITER_ eq 0 and _OBJ_ ne .));
17506      run;
MPRINT(EM_DIAGRAM):   run;

NOTE: There were 1 observations read from the data set EMWS1.NEURAL3_OUTEST.
      WHERE (_ITER_=0) and (_OBJ_ not = .);
NOTE: The data set EMWS1.NEURAL3_INITIAL has 1 observations and 34 variables.
NOTE: DATA statement used (Total process time):
      real time           0.14 seconds
      cpu time            0.06 seconds
      

17507      *------------------------------------------------------------*;
MPRINT(EM_DIAGRAM):    *------------------------------------------------------------*;
17508      * Neural Network Model Selection;
MPRINT(EM_DIAGRAM):   * Neural Network Model Selection;
17509      ;
MPRINT(EM_DIAGRAM):   ;
17510      *------------------------------------------------------------*;
MPRINT(EM_DIAGRAM):   *------------------------------------------------------------*;
17511      proc neural data=EM_Neural3 dmdbcat=WORK.Neural3_DMDB
17512      validdata = EMWS1.Impt_VALIDATE
17513      network = EMWS1.Neural3_NETWORK.dm_neural
17514      random=12345
17515      ;
MPRINT(EM_DIAGRAM):   proc neural data=EM_Neural3 dmdbcat=WORK.Neural3_DMDB validdata = EMWS1.Impt_VALIDATE network = EMWS1.Neural3_NETWORK.dm_neural random=12345 ;
NOTE: Entry EMWS1.NEURAL3_NETWORK.DM_NEURAL has been opened.
NOTE: Entry EMWS1.NEURAL3_NETWORK.DM_NEURAL has been closed.
17516      nloptions noprint;
MPRINT(EM_DIAGRAM):   nloptions noprint;
17517      performance alldetails noutilfile;
MPRINT(EM_DIAGRAM):   performance alldetails noutilfile;
17518      initial inest=EMWS1.Neural3_INITIAL;
MPRINT(EM_DIAGRAM):   initial inest=EMWS1.Neural3_INITIAL;
NOTE: The data set EMWS1.NEURAL3_INITIAL has 1 observations and 34 variables.
17519      train tech=NONE;
MPRINT(EM_DIAGRAM):   train tech=NONE;
NOTE: No optimization performed.
17520      code file="J:\JMMORR01\CIS 445\CIS 445 Project 3\Workspaces\EMWS1\Neural3\SCORECODE.sas"
17521      group=Neural3
17522      ;
MPRINT(EM_DIAGRAM):   code file="J:\JMMORR01\CIS 445\CIS 445 Project 3\Workspaces\EMWS1\Neural3\SCORECODE.sas" group=Neural3 ;
NOTE: External file J:\JMMORR01\CIS 445\CIS 445 Project 3\Workspaces\EMWS1\Neural3\SCORECODE.sas opened.
17523      ;
MPRINT(EM_DIAGRAM):   ;
17524      code file="J:\JMMORR01\CIS 445\CIS 445 Project 3\Workspaces\EMWS1\Neural3\RESIDUALSCORECODE.sas"
17525      group=Neural3
17526      residual
17527      ;
MPRINT(EM_DIAGRAM):   code file="J:\JMMORR01\CIS 445\CIS 445 Project 3\Workspaces\EMWS1\Neural3\RESIDUALSCORECODE.sas" group=Neural3 residual ;
NOTE: External file J:\JMMORR01\CIS 445\CIS 445 Project 3\Workspaces\EMWS1\Neural3\RESIDUALSCORECODE.sas opened.
17528      ;
MPRINT(EM_DIAGRAM):   ;
17529      score data=EMWS1.Impt_TRAIN out=_NULL_
NOTE: View EMWS1.IMPT_TRAIN.VIEW used (Total process time):
      real time           0.13 seconds
      cpu time            0.07 seconds
      
17530      outfit=WORK.FIT1
17531      role=TRAIN
17532      outkey=EMWS1.Neural3_OUTKEY;
MPRINT(EM_DIAGRAM):   score data=EMWS1.Impt_TRAIN out=_NULL_ outfit=WORK.FIT1 role=TRAIN outkey=EMWS1.Neural3_OUTKEY;
NOTE: The data set EMWS1.NEURAL3_OUTKEY has 29 observations and 8 variables.
NOTE: The data set EMWS1.IMPT_TRAIN has . observations and 25 variables.
NOTE: There were 2979 observations read from the data set EMWS1.PART_TRAIN.
NOTE: The data set WORK.FIT1 has 2 observations and 23 variables.
17533      score data=EMWS1.Impt_VALIDATE out=_NULL_
NOTE: View EMWS1.IMPT_VALIDATE.VIEW used (Total process time):
      real time           0.14 seconds
      cpu time            0.04 seconds
      
17534      outfit=WORK.FIT2
17535      role=VALID
17536      outkey=EMWS1.Neural3_OUTKEY;
MPRINT(EM_DIAGRAM):   score data=EMWS1.Impt_VALIDATE out=_NULL_ outfit=WORK.FIT2 role=VALID outkey=EMWS1.Neural3_OUTKEY;
NOTE: The data set EMWS1.NEURAL3_OUTKEY has 29 observations and 8 variables.
NOTE: The data set EMWS1.IMPT_VALIDATE has . observations and 25 variables.
NOTE: There were 2981 observations read from the data set EMWS1.PART_VALIDATE.
NOTE: The data set WORK.FIT2 has 2 observations and 15 variables.
17537      run;
MPRINT(EM_DIAGRAM):   run;

NOTE: The data set WORK.EM_NEURAL3 has 2979 observations and 13 variables.
NOTE: The data set EMWS1.IMPT_VALIDATE has . observations and 25 variables.
NOTE: View EMWS1.IMPT_VALIDATE.VIEW used (Total process time):
      real time           0.55 seconds
      cpu time            0.26 seconds
      
NOTE: There were 2981 observations read from the data set EMWS1.PART_VALIDATE.
NOTE: Closing the Neural Application.
NOTE: PROCEDURE NEURAL used (Total process time):
      real time           0.58 seconds
      cpu time            0.28 seconds
      

MPRINT(EM_DIAGRAM):   quit;
17538      quit;
17539      data EMWS1.Neural3_OUTFIT;
MPRINT(EM_DIAGRAM):   data EMWS1.Neural3_OUTFIT;
17540      merge WORK.FIT1 WORK.FIT2;
MPRINT(EM_DIAGRAM):   merge WORK.FIT1 WORK.FIT2;
17541      run;
MPRINT(EM_DIAGRAM):   run;

NOTE: There were 2 observations read from the data set WORK.FIT1.
NOTE: There were 2 observations read from the data set WORK.FIT2.
NOTE: The data set EMWS1.NEURAL3_OUTFIT has 2 observations and 36 variables.
NOTE: DATA statement used (Total process time):
      real time           0.10 seconds
      cpu time            0.03 seconds
      

17542      data EMWS1.Neural3_EMESTIMATE;
MPRINT(EM_DIAGRAM):   data EMWS1.Neural3_EMESTIMATE;
17543      set EMWS1.Neural3_outest;
MPRINT(EM_DIAGRAM):   set EMWS1.Neural3_outest;
17544      if _type_ ^in('HESSIAN' 'GRAD');
MPRINT(EM_DIAGRAM):   if _type_ ^in('HESSIAN' 'GRAD');
17545      run;
MPRINT(EM_DIAGRAM):   run;

NOTE: There were 32 observations read from the data set EMWS1.NEURAL3_OUTEST.
NOTE: The data set EMWS1.NEURAL3_EMESTIMATE has 12 observations and 34 variables.
NOTE: DATA statement used (Total process time):
      real time           0.09 seconds
      cpu time            0.00 seconds
      

17546      proc datasets lib=work nolist;
MPRINT(EM_DIAGRAM):   proc datasets lib=work nolist;
17547      delete EM_Neural3;
MPRINT(EM_DIAGRAM):   delete EM_Neural3;
17548      run;
MPRINT(EM_DIAGRAM):   run;

NOTE: Deleting WORK.EM_NEURAL3 (memtype=DATA).
17549      quit;
MPRINT(EM_DIAGRAM):   quit;

NOTE: PROCEDURE DATASETS used (Total process time):
      real time           0.01 seconds
      cpu time            0.00 seconds
      

17550      data EMWS1.Neural3_PLOTDS(where=(_iter_ ne . and _NAME_="OVERALL"));
MPRINT(EM_DIAGRAM):    data EMWS1.Neural3_PLOTDS(where=(_iter_ ne . and _NAME_="OVERALL"));
17551      set fit_Neural3;
MPRINT(EM_DIAGRAM):   set fit_Neural3;
17552      attrib _ITER_ label="%sysfunc(sasmsg(sashelp.dmine, rpt_trainiterations_vlabel  , NOQUOTE))";
MPRINT(EM_DIAGRAM):   attrib _ITER_ label="Training Iterations";
17553      attrib _NAME_ label="%sysfunc(sasmsg(sashelp.dmine, rpt_varsel_label_name  , NOQUOTE))";
MPRINT(EM_DIAGRAM):   attrib _NAME_ label="Name";
17554      run;
MPRINT(EM_DIAGRAM):   run;

NOTE: There were 12 observations read from the data set WORK.FIT_NEURAL3.
NOTE: The data set EMWS1.NEURAL3_PLOTDS has 12 observations and 36 variables.
NOTE: DATA statement used (Total process time):
      real time           0.09 seconds
      cpu time            0.01 seconds
      

17555      proc sort data=EMWS1.Neural3_PLOTDS;
MPRINT(EM_DIAGRAM):   proc sort data=EMWS1.Neural3_PLOTDS;
17556      by _ITER_;
MPRINT(EM_DIAGRAM):   by _ITER_;
17557      run;
MPRINT(EM_DIAGRAM):   run;

NOTE: There were 12 observations read from the data set EMWS1.NEURAL3_PLOTDS.
NOTE: The data set EMWS1.NEURAL3_PLOTDS has 12 observations and 36 variables.
NOTE: PROCEDURE SORT used (Total process time):
      real time           0.12 seconds
      cpu time            0.00 seconds
      

17558      data tempweight (drop= _tech_ _decay_ _seed_ _nobj_ _obj_ _objerr_ _averr_ _p_num_ where=(_type_ eq "PARMS" and _iter_ eq 0) );
MPRINT(EM_DIAGRAM):    data tempweight (drop= _tech_ _decay_ _seed_ _nobj_ _obj_ _objerr_ _averr_ _p_num_ where=(_type_ eq "PARMS" and _iter_ eq 0) );
17559      set EMWS1.Neural3_EMESTIMATE;
MPRINT(EM_DIAGRAM):   set EMWS1.Neural3_EMESTIMATE;
17560      run;
MPRINT(EM_DIAGRAM):   run;

NOTE: There were 12 observations read from the data set EMWS1.NEURAL3_EMESTIMATE.
NOTE: The data set WORK.TEMPWEIGHT has 1 observations and 26 variables.
NOTE: DATA statement used (Total process time):
      real time           0.03 seconds
      cpu time            0.00 seconds
      

17561      proc sort;
MPRINT(EM_DIAGRAM):   proc sort;
17562      by _name_;
MPRINT(EM_DIAGRAM):   by _name_;
17563      run;
MPRINT(EM_DIAGRAM):   run;

NOTE: There were 1 observations read from the data set WORK.TEMPWEIGHT.
NOTE: The data set WORK.TEMPWEIGHT has 1 observations and 26 variables.
NOTE: PROCEDURE SORT used (Total process time):
      real time           0.01 seconds
      cpu time            0.01 seconds
      

17564      proc transpose data=tempweight out=EMWS1.Neural3_WEIGHTDS;
MPRINT(EM_DIAGRAM):   proc transpose data=tempweight out=EMWS1.Neural3_WEIGHTDS;
17565      by _name_;
MPRINT(EM_DIAGRAM):   by _name_;
17566      run;
MPRINT(EM_DIAGRAM):   run;

NOTE: There were 1 observations read from the data set WORK.TEMPWEIGHT.
NOTE: The data set EMWS1.NEURAL3_WEIGHTDS has 24 observations and 3 variables.
NOTE: PROCEDURE TRANSPOSE used (Total process time):
      real time           0.09 seconds
      cpu time            0.00 seconds
      

17567      data EMWS1.Neural3_WEIGHTDS;
MPRINT(EM_DIAGRAM):   data EMWS1.Neural3_WEIGHTDS;
17568      set EMWS1.Neural3_WEIGHTDS;
MPRINT(EM_DIAGRAM):   set EMWS1.Neural3_WEIGHTDS;
17569      FROM = trim(left(scan(_LABEL_, 1, '->')));
MPRINT(EM_DIAGRAM):   FROM = trim(left(scan(_LABEL_, 1, '->')));
17570      TO = trim(left(scan(_LABEL_, 2, '>')));
MPRINT(EM_DIAGRAM):   TO = trim(left(scan(_LABEL_, 2, '>')));
17571      WEIGHT = COL1;
MPRINT(EM_DIAGRAM):   WEIGHT = COL1;
17572      if (TO eq '') or (FROM eq '') then delete;
MPRINT(EM_DIAGRAM):   if (TO eq '') or (FROM eq '') then delete;
17573      label _LABEL_ ="%sysfunc(sasmsg(sashelp.dmine, meta_label_vlabel  , NOQUOTE))" FROM = "%sysfunc(sasmsg(sashelp.dmine, rpt_from_vlabel  , NOQUOTE))" TO = "%sysfunc(sasmsg(sashelp.dmine, rpt_into_vlabel  , NOQUOTE))" WEIGHT =
17574         "%sysfunc(sasmsg(sashelp.dmine, rpt_weight_vlabel  , NOQUOTE))";
MPRINT(EM_DIAGRAM):   label _LABEL_ = "Label" FROM = "From" TO = "Into" WEIGHT = "Weight";
17575      keep FROM TO WEIGHT _LABEL_;
MPRINT(EM_DIAGRAM):   keep FROM TO WEIGHT _LABEL_;
17576      run;
MPRINT(EM_DIAGRAM):   run;

NOTE: There were 24 observations read from the data set EMWS1.NEURAL3_WEIGHTDS.
NOTE: The data set EMWS1.NEURAL3_WEIGHTDS has 19 observations and 4 variables.
NOTE: DATA statement used (Total process time):
      real time           0.13 seconds
      cpu time            0.07 seconds
      

17577      proc sort data=EMWS1.Neural3_WEIGHTDS nodupkey;
MPRINT(EM_DIAGRAM):   proc sort data=EMWS1.Neural3_WEIGHTDS nodupkey;
17578      by _LABEL_;
MPRINT(EM_DIAGRAM):   by _LABEL_;
17579      run;
MPRINT(EM_DIAGRAM):   run;

NOTE: There were 19 observations read from the data set EMWS1.NEURAL3_WEIGHTDS.
NOTE: 0 observations with duplicate key values were deleted.
NOTE: The data set EMWS1.NEURAL3_WEIGHTDS has 19 observations and 4 variables.
NOTE: PROCEDURE SORT used (Total process time):
      real time           0.12 seconds
      cpu time            0.01 seconds
      

MPRINT(EM_DIAGRAM):    proc printto;
MPRINT(EM_DIAGRAM):   run;
