 
                                                                                               
 
 
Fit Statistics

Target=BAD Target Label=' '

   Fit
Statistics    Statistics Label                     Train    Validation

 _DFT_        Total Degrees of Freedom           2979.00          .   
 _DFE_        Degrees of Freedom for Error       2923.00          .   
 _DFM_        Model Degrees of Freedom             56.00          .   
 _NW_         Number of Estimated Weights          56.00          .   
 _AIC_        Akaike's Information Criterion     2308.43          .   
 _SBC_        Schwarz's Bayesian Criterion       2644.39          .   
 _ASE_        Average Squared Error                 0.12         0.12 
 _MAX_        Maximum Absolute Error                0.99         0.99 
 _DIV_        Divisor for ASE                    5958.00      5962.00 
 _NOBS_       Sum of Frequencies                 2979.00      2981.00 
 _RASE_       Root Average Squared Error            0.34         0.35 
 _SSE_        Sum of Squared Errors               690.26       720.09 
 _SUMW_       Sum of Case Weights Times Freq     5958.00      5962.00 
 _FPE_        Final Prediction Error                0.12          .   
 _MSE_        Mean Squared Error                    0.12         0.12 
 _RFPE_       Root Final Prediction Error           0.35          .   
 _RMSE_       Root Mean Squared Error               0.34         0.35 
 _AVERR_      Average Error Function                0.37         0.39 
 _ERR_        Error Function                     2196.43      2309.21 
 _MISC_       Misclassification Rate                0.16         0.17 
 _WRONG_      Number of Wrong Classifications     476.00       500.00 
 
                                                                                               
 
 
Classification Table

Data Role=TRAIN Target Variable=BAD Target Label=' '

                       Target        Outcome     Frequency       Total
Target    Outcome    Percentage    Percentage      Count      Percentage

  0          0         86.1143       95.4298        2276        76.4015 
  1          0         13.8857       61.7845         367        12.3196 
  0          1         32.4405        4.5702         109         3.6589 
  1          1         67.5595       38.2155         227         7.6200 


Data Role=VALIDATE Target Variable=BAD Target Label=' '

                       Target        Outcome     Frequency       Total
Target    Outcome    Percentage    Percentage      Count      Percentage

  0          0         86.1857       94.1324        2246        75.3438 
  1          0         13.8143       60.5042         360        12.0765 
  0          1         37.3333        5.8676         140         4.6964 
  1          1         62.6667       39.4958         235         7.8833 
 
                                                                                               
 
 
Event Classification Table

Data Role=TRAIN Target=BAD Target Label=' '

  False       True        False       True
Negative    Negative    Positive    Positive

   367        2276         109         227  


Data Role=VALIDATE Target=BAD Target Label=' '

  False       True        False       True
Negative    Negative    Positive    Positive

   360        2246         140         235  
 
                                                                                               
 
 
Assessment Score Rankings

Data Role=TRAIN Target Variable=BAD Target Label=' '

                                                                                    Mean
                            Cumulative       %      Cumulative     Number of     Posterior
Depth      Gain     Lift       Lift      Response   % Response   Observations   Probability

   5    287.075   3.87075     3.87075     77.1812     77.1812         149         0.75014  
  10    247.358   3.07641     3.47358     61.3423     69.2617         149         0.59560  
  15    204.021   2.17347     3.04021     43.3380     60.6205         149         0.48220  
  20    181.471   2.13822     2.81471     42.6351     56.1242         149         0.41247  
  25    150.372   1.25976     2.50372     25.1192     49.9232         149         0.30149  
  30    130.627   1.31899     2.30627     26.3001     45.9860         149         0.26062  
  35    115.496   1.24712     2.15496     24.8671     42.9690         149         0.23765  
  40    103.458   1.19191     2.03458     23.7662     40.5687         149         0.18592  
  45     90.397   0.85911     1.90397     17.1304     37.9644         149         0.15237  
  50     79.259   0.79019     1.79259     15.7560     35.7436         149         0.12935  
  55     67.626   0.51293     1.67626     10.2277     33.4239         149         0.09777  
  60     56.543   0.34625     1.56543      6.9041     31.2139         149         0.07927  
  65     46.225   0.22415     1.46225      4.4694     29.1567         149         0.07260  
  70     36.799   0.14255     1.36799      2.8425     27.2771         149         0.06646  
  75     29.250   0.23561     1.29250      4.6980     25.7718         149         0.05188  
  80     22.223   0.16829     1.22223      3.3557     24.3708         149         0.03112  
  85     16.424   0.23643     1.16424      4.7144     23.2145         149         0.02488  
  90     10.405   0.08067     1.10405      1.6085     22.0142         149         0.01946  
  95      4.911   0.06019     1.04911      1.2002     20.9187         149         0.01735  
 100      0.000   0.06068     1.00000      1.2099     19.9396         148         0.01239  


Data Role=VALIDATE Target Variable=BAD Target Label=' '

                                                                                    Mean
                            Cumulative       %      Cumulative     Number of     Posterior
Depth      Gain     Lift       Lift      Response   % Response   Observations   Probability

   5    277.426   3.77426     3.77426     75.3333     75.3333         150         0.76832  
  10    221.785   2.65770     3.21785     53.0470     64.2274         149         0.62485  
  15    202.693   2.64380     3.02693     52.7696     60.4167         149         0.51611  
  20    174.981   1.91661     2.74981     38.2550     54.8855         149         0.42609  
  25    149.691   1.48362     2.49691     29.6126     49.8377         149         0.34813  
  30    124.772   1.00006     2.24772     19.9609     44.8638         149         0.26503  
  35    112.162   1.36418     2.12162     27.2287     42.3469         149         0.25358  
  40     97.884   0.97841     1.97884     19.5288     39.4971         149         0.21135  
  45     83.542   0.68717     1.83542     13.7157     36.6346         149         0.15939  
  50     71.187   0.59903     1.71187     11.9565     34.1685         149         0.14023  
  55     59.600   0.43656     1.59600      8.7135     31.8558         149         0.11402  
  60     49.819   0.42157     1.49819      8.4144     29.9034         149         0.08286  
  65     42.795   0.58466     1.42795     11.6696     28.5015         149         0.07588  
  70     34.675   0.29052     1.34675      5.7987     26.8807         149         0.06833  
  75     27.921   0.33319     1.27921      6.6504     25.5326         149         0.05620  
  80     21.523   0.25524     1.21523      5.0946     24.2558         149         0.03488  
  85     15.533   0.19644     1.15533      3.9209     23.0601         149         0.02569  
  90      9.426   0.05575     1.09426      1.1127     21.8412         149         0.02100  
  95      4.416   0.14187     1.04416      2.8317     20.8411         149         0.01777  
 100      0.000   0.16075     1.00000      3.2086     19.9597         149         0.01235  
 
                                                                                               
 
 
Assessment Score Distribution

Data Role=TRAIN Target Variable=BAD Target Label=' '

 Posterior     Number                     Mean
Probability      of      Number of     Posterior
   Range       Events    Nonevents    Probability    Percentage

 0.85-0.90       25           2         0.86111         0.9063 
 0.75-0.80       13           4         0.76469         0.5707 
 0.70-0.75       64          23         0.73234         2.9204 
 0.65-0.70       17           6         0.65571         0.7721 
 0.60-0.65       61          34         0.60546         3.1890 
 0.55-0.60       28          25         0.57006         1.7791 
 0.50-0.55       19          15         0.54844         1.1413 
 0.45-0.50       21          31         0.48646         1.7456 
 0.40-0.45       67          94         0.42580         5.4045 
 0.35-0.40       25          39         0.39038         2.1484 
 0.30-0.35       13          26         0.31873         1.3092 
 0.25-0.30       68         219         0.26668         9.6341 
 0.20-0.25       33         102         0.22381         4.5317 
 0.15-0.20       45         165         0.16991         7.0493 
 0.10-0.15       40         240         0.12690         9.3991 
 0.05-0.10       35         563         0.07296        20.0739 
 0.00-0.05       20         797         0.02311        27.4253 


Data Role=VALIDATE Target Variable=BAD Target Label=' '

 Posterior     Number                     Mean
Probability      of      Number of     Posterior
   Range       Events    Nonevents    Probability    Percentage

 0.85-0.90       22           7         0.86111         0.9728 
 0.75-0.80       27          10         0.76614         1.2412 
 0.70-0.75       74          30         0.73239         3.4888 
 0.65-0.70       24           8         0.65570         1.0735 
 0.60-0.65       34          38         0.60539         2.4153 
 0.55-0.60       32          28         0.56824         2.0127 
 0.50-0.55       22          19         0.54873         1.3754 
 0.45-0.50       33          24         0.48480         1.9121 
 0.40-0.45       61         108         0.42645         5.6692 
 0.35-0.40       26          46         0.39014         2.4153 
 0.30-0.35        8          23         0.31873         1.0399 
 0.25-0.30       73         231         0.26659        10.1979 
 0.20-0.25       28         113         0.22244         4.7300 
 0.15-0.20       29         176         0.16706         6.8769 
 0.10-0.15       29         247         0.12735         9.2586 
 0.05-0.10       44         519         0.07309        18.8863 
 0.00-0.05       29         759         0.02358        26.4341 
