MPRINT(EM_DIAGRAM):    data _null_;
MPRINT(EM_DIAGRAM):   call symput('NLDATE', strip(put(date(), NLDATE.)));
MPRINT(EM_DIAGRAM):   call symput('NLTIME', strip(put(datetime(), NLTIME.)));
MPRINT(EM_DIAGRAM):   run;
MPRINT(EM_DIAGRAM):   data _null_;
MPRINT(EM_DIAGRAM):   nldate= sasmsg("sashelp.dmine", "log_date_note", 'N', "November 07, 
2018" );
MPRINT(EM_DIAGRAM):   nltime= sasmsg("sashelp.dmine", "log_time_note", 'N', "21:41:51" );
MPRINT(EM_DIAGRAM):   put "*------------------------------------------------------------*";
MPRINT(EM_DIAGRAM):   put "* Training Log";
MPRINT(EM_DIAGRAM):   put nldate;
MPRINT(EM_DIAGRAM):   put nltime;
MPRINT(EM_DIAGRAM):   put "*------------------------------------------------------------*";
MPRINT(EM_DIAGRAM):   run;
*------------------------------------------------------------*
* Training Log
Date:                November 07, 2018
Time:                21:41:51
*------------------------------------------------------------*
MPRINT(EM_DIAGRAM):    filename O2YVP28F "J:\JMMORR01\CIS 445\CIS 445 Project 
3\Workspaces\EMWS1\Neural6\EMTRAIN.out" encoding="UTF-8" NOBOM;
MPRINT(EM_DIAGRAM):   proc printto print=O2YVP28F new;
MPRINT(EM_DIAGRAM):   run;
MPRINT(EM_DIAGRAM):    filename _LOG "J:\JMMORR01\CIS 445\CIS 445 Project 
3\Workspaces\EMWS1\Neural6\EMLOG.log" encoding="UTF-8" NOBOM;
MPRINT(EM_DIAGRAM):    data _null_;
MPRINT(EM_DIAGRAM):   call symput('NLDATE', strip(put(date(), NLDATE.)));
MPRINT(EM_DIAGRAM):   call symput('NLTIME', strip(put(datetime(), NLTIME.)));
MPRINT(EM_DIAGRAM):   run;
MPRINT(EM_DIAGRAM):   data _null_;
MPRINT(EM_DIAGRAM):   nldate= sasmsg("sashelp.dmine", "log_date_note", 'N', "November 07, 
2018" );
MPRINT(EM_DIAGRAM):   nltime= sasmsg("sashelp.dmine", "log_time_note", 'N', "21:41:51" );
MPRINT(EM_DIAGRAM):   file _LOG;
MPRINT(EM_DIAGRAM):   put "*------------------------------------------------------------*";
MPRINT(EM_DIAGRAM):   put "User:                jmmorr01";
MPRINT(EM_DIAGRAM):   put nldate;
MPRINT(EM_DIAGRAM):   put nltime;
MPRINT(EM_DIAGRAM):   put "Site:                70080761";
MPRINT(EM_DIAGRAM):   put "Platform:            X64_8PRO";
MPRINT(EM_DIAGRAM):   put "Maintenance Release: 9.04.01M3P062415";
MPRINT(EM_DIAGRAM):   put "EM Version:          14.1";
MPRINT(EM_DIAGRAM):   put "* ";
MPRINT(EM_DIAGRAM):   run;
MPRINT(EM_DIAGRAM):    filename _LOGIN "J:\JMMORR01\CIS 445\CIS 445 Project 
3\Workspaces\EMWS1\Neural6\EMTRAIN.log" encoding="UTF-8" NOBOM;
MPRINT(EM_COPYFILE):   data _null_;
MPRINT(EM_COPYFILE):   length line $20000;
MPRINT(EM_COPYFILE):   file _LOG MOD lrecl=20000;
MPRINT(EM_COPYFILE):   fid=fopen("_LOGIN",'i',20000,'v');
MPRINT(EM_COPYFILE):   if fid > 0 then do;
MPRINT(EM_COPYFILE):   do while(^fread(fid));
MPRINT(EM_COPYFILE):   rlen = frlen(fid);
MPRINT(EM_COPYFILE):   rc= fget(fid,line,20000);
MPRINT(EM_COPYFILE):   start = length(line)-length(left(line))+1;
MPRINT(EM_COPYFILE):   line=strip(line);
MPRINT(EM_COPYFILE):   put @start line;
MPRINT(EM_COPYFILE):   end;
MPRINT(EM_COPYFILE):   if fid > 0 then rc=fclose(fid);
MPRINT(EM_COPYFILE):   end;
MPRINT(EM_COPYFILE):   run;
MPRINT(EM_DIAGRAM):  ;
MPRINT(EM_DIAGRAM):   filename _LOGIN;
MPRINT(EM_DIAGRAM):    data _null_;
MPRINT(EM_DIAGRAM):   file _LOG mod;
MPRINT(EM_DIAGRAM):   put _page_;
MPRINT(EM_DIAGRAM):   run;
MPRINT(EM_DIAGRAM):   filename _LOGIN "J:\JMMORR01\CIS 445\CIS 445 Project 
3\Workspaces\EMWS1\Neural6\EMSCORE.log" encoding="UTF-8" NOBOM;
MPRINT(EM_DIAGRAM):  ;
MPRINT(EM_DIAGRAM):   data _null_;
MPRINT(EM_DIAGRAM):   file _LOG mod;
MPRINT(EM_DIAGRAM):   put _page_;
MPRINT(EM_DIAGRAM):   run;
MPRINT(EM_DIAGRAM):    filename _LOGIN "J:\JMMORR01\CIS 445\CIS 445 Project 
3\Workspaces\EMWS1\Neural6\EMREPORT.log" encoding="UTF-8" NOBOM;
MPRINT(EM_DIAGRAM):  ;
MPRINT(EM_DIAGRAM):   filename _LOGIN;
MPRINT(EM_DIAGRAM):    filename _LOG;
MPRINT(EM_DIAGRAM):    filename _OUT "J:\JMMORR01\CIS 445\CIS 445 Project 
3\Workspaces\EMWS1\Neural6\EMOUTPUT.out" encoding="UTF-8" NOBOM;
MPRINT(EM_DIAGRAM):    data _null_;
MPRINT(EM_DIAGRAM):   call symput('NLDATE', strip(put(date(), NLDATE.)));
MPRINT(EM_DIAGRAM):   call symput('NLTIME', strip(put(datetime(), NLTIME.)));
MPRINT(EM_DIAGRAM):   run;
MPRINT(EM_DIAGRAM):   data _null_;
MPRINT(EM_DIAGRAM):   nldate= sasmsg("sashelp.dmine", "log_date_note", 'N', "November 07, 
2018" );
MPRINT(EM_DIAGRAM):   nltime= sasmsg("sashelp.dmine", "log_time_note", 'N', "21:41:51" );
MPRINT(EM_DIAGRAM):   file _OUT;
MPRINT(EM_DIAGRAM):   put "*------------------------------------------------------------*";
MPRINT(EM_DIAGRAM):   put "User:                jmmorr01";
MPRINT(EM_DIAGRAM):   put nldate;
MPRINT(EM_DIAGRAM):   put nltime;
MPRINT(EM_DIAGRAM):   put "*------------------------------------------------------------*";
MPRINT(EM_DIAGRAM):   put "* Training Output";
MPRINT(EM_DIAGRAM):   put "*------------------------------------------------------------*";
MPRINT(EM_DIAGRAM):   run;
MPRINT(EM_DIAGRAM):    filename _OUTIN "J:\JMMORR01\CIS 445\CIS 445 Project 
3\Workspaces\EMWS1\Neural6\EMTRAIN.out" encoding="UTF-8" NOBOM;
MPRINT(EM_DIAGRAM):   ;
MPRINT(EM_COPYFILE):   data _null_;
MPRINT(EM_COPYFILE):   length line $20000;
MPRINT(EM_COPYFILE):   file _OUT MOD lrecl=20000;
MPRINT(EM_COPYFILE):   fid=fopen("_OUTIN",'i',20000,'v');
MPRINT(EM_COPYFILE):   if fid > 0 then do;
MPRINT(EM_COPYFILE):   do while(^fread(fid));
MPRINT(EM_COPYFILE):   rlen = frlen(fid);
MPRINT(EM_COPYFILE):   rc= fget(fid,line,20000);
MPRINT(EM_COPYFILE):   start = length(line)-length(left(line))+1;
MPRINT(EM_COPYFILE):   line=strip(line);
MPRINT(EM_COPYFILE):   put @start line;
MPRINT(EM_COPYFILE):   end;
MPRINT(EM_COPYFILE):   if fid > 0 then rc=fclose(fid);
MPRINT(EM_COPYFILE):   end;
MPRINT(EM_COPYFILE):   run;
MPRINT(EM_DIAGRAM):  ;
MPRINT(EM_DIAGRAM):   filename _OUTIN;
MPRINT(EM_DIAGRAM):    data _null_;
MPRINT(EM_DIAGRAM):   file _OUT mod;
MPRINT(EM_DIAGRAM):   put _page_;
MPRINT(EM_DIAGRAM):   put // "*------------------------------------------------------------*";
MPRINT(EM_DIAGRAM):   put "* Score Output";
MPRINT(EM_DIAGRAM):   put "*------------------------------------------------------------*";
MPRINT(EM_DIAGRAM):   run;
MPRINT(EM_DIAGRAM):    filename _OUTIN "J:\JMMORR01\CIS 445\CIS 445 Project 
3\Workspaces\EMWS1\Neural6\EMSCORE.out" encoding="UTF-8" NOBOM;
MPRINT(EM_DIAGRAM):  ;
MPRINT(EM_DIAGRAM):   filename _OUTIN;
MPRINT(EM_DIAGRAM):    data _null_;
MPRINT(EM_DIAGRAM):   file _OUT mod;
MPRINT(EM_DIAGRAM):   put _page_;
MPRINT(EM_DIAGRAM):   put // "*------------------------------------------------------------*";
MPRINT(EM_DIAGRAM):   put "* Report Output";
MPRINT(EM_DIAGRAM):   put "*------------------------------------------------------------*";
MPRINT(EM_DIAGRAM):   run;
MPRINT(EM_DIAGRAM):    filename _OUTIN "J:\JMMORR01\CIS 445\CIS 445 Project 
3\Workspaces\EMWS1\Neural6\EMREPORT.out" encoding="UTF-8" NOBOM;
MPRINT(EM_DIAGRAM):  ;
MPRINT(EM_DIAGRAM):   filename _OUTIN;
MPRINT(EM_DIAGRAM):    filename _OUT;
MPRINT(EM_DIAGRAM):    filename _emtool_ 'J:\JMMORR01\CIS 445\CIS 445 Project 
3\Workspaces\EMWS1\Neural6\EMRUNSTATUS.xml' encoding="UTF-8" NOBOM;
MPRINT(EM_DIAGRAM):    filename _emtool_ 'J:\JMMORR01\CIS 445\CIS 445 Project 
3\Workspaces\EMWS1\Neural6\EMRUNSTATUS.xml' encoding="UTF-8" NOBOM;
38520      proc freq data=EMWS1.Neural6_VariableSet noprint;
MPRINT(EM_DIAGRAM):    proc freq data=EMWS1.Neural6_VariableSet noprint;
38521      table ROLE*LEVEL/out=WORK.Neural6META;
MPRINT(EM_DIAGRAM):   table ROLE*LEVEL/out=WORK.Neural6META;
38522      run;
MPRINT(EM_DIAGRAM):   run;

NOTE: There were 5 observations read from the data set EMWS1.NEURAL6_VARIABLESET.
NOTE: The data set WORK.NEURAL6META has 3 observations and 4 variables.
NOTE: PROCEDURE FREQ used (Total process time):
      real time           0.21 seconds
      cpu time            0.06 seconds
      

38523      proc print data=WORK.Neural6META label noobs;
MPRINT(EM_DIAGRAM):   proc print data=WORK.Neural6META label noobs;
38524      var ROLE LEVEL COUNT;
MPRINT(EM_DIAGRAM):   var ROLE LEVEL COUNT;
38525      label ROLE = "%sysfunc(sasmsg(sashelp.dmine, meta_role_vlabel, NOQUOTE))" LEVEL =
38525    ! "%sysfunc(sasmsg(sashelp.dmine, meta_level_vlabel, NOQUOTE))" COUNT =
38525    ! "%sysfunc(sasmsg(sashelp.dmine, rpt_count_vlabel, NOQUOTE))";
MPRINT(EM_DIAGRAM):   label ROLE = "Role" LEVEL = "Measurement Level" COUNT = "Frequency 
Count";
38526      title9 ' ';
MPRINT(EM_DIAGRAM):   title9 ' ';
38527      title10 "%sysfunc(sasmsg(sashelp.dmine, rpt_varSummary_title  , NOQUOTE))";
MPRINT(EM_DIAGRAM):   title10 "Variable Summary";
MPRINT(EM_DIAGRAM):   run;
38528      run;

NOTE: There were 3 observations read from the data set WORK.NEURAL6META.
NOTE: The PROCEDURE PRINT printed page 13.
NOTE: PROCEDURE PRINT used (Total process time):
      real time           0.01 seconds
      cpu time            0.01 seconds
      

38529      title10;
MPRINT(EM_DIAGRAM):   title10;
38530      %let EMNORLEN = %DMNORLEN;
MPRINT(EM_DIAGRAM):   
EMWS1.Varsel_TRAIN EMWS1.Varsel_TRAIN 
EMWS1.Varsel_TRAIN EMWS1.Varsel_TRAIN EMWS1 Varsel_TRAIN 
EMWS1.Varsel_TRAIN EMWS1.Varsel_TRAIN 
EMWS1.Varsel_TRAIN EMWS1.Varsel_TRAIN EMWS1 Varsel_TRAIN 
MPRINT(EM_DIAGRAM):    proc dmdb data=EMWS1.Varsel_TRAIN 
classout=WORK._DMDBCLASSTARGET(keep=NAME NRAW CRAW LEVEL FREQUENCY NMISSPERCENT);
MPRINT(EM_DIAGRAM):   class BAD(DESC) ;
MPRINT(EM_DIAGRAM):   run;
Executing  SASHELP.EMCORE.EMINFOITERATOR.SCL _INIT >> 
Executing  SASHELP.EMCORE.EMINFOITERATOR.SCL setMetaData >> 
Executing  SASHELP.EMCORE.EMINFOITERATOR.SCL next >> 
Executing  SASHELP.EMCORE.EMINFOITERATOR.SCL next >> 
Executing  SASHELP.EMCORE.EMINFOITERATOR.SCL setMetaData >> 
Executing  SASHELP.EMCORE.EMINFOITERATOR.SCL next >> 
Executing  SASHELP.EMCORE.EMINFOITERATOR.SCL next >> 
Executing  SASHELP.EMCORE.EMINFOITERATOR.SCL _term >> 
MPRINT(EM_DIAGRAM):    data _null_;
MPRINT(EM_DIAGRAM):   set WORK._DMDBCLASSTARGET;
MPRINT(EM_DIAGRAM):   where ^(NRAW eq . and CRAW eq '') and NAME="BAD";
MPRINT(EM_DIAGRAM):   if _N_=1 then call symput('_newevent', strip(LEVEL));
MPRINT(EM_DIAGRAM):   run;
MPRINT(EM_DIAGRAM):   proc sort data=WORK._DMDBCLASSTARGET out=_TEMPCLASS(keep=LEVEL FREQUENCY 
NMISSPERCENT rename=(LEVEL=BAD));
MPRINT(EM_DIAGRAM):   by LEVEL;
MPRINT(EM_DIAGRAM):   where ^(NRAW eq . and CRAW eq '') and NAME="BAD";
MPRINT(EM_DIAGRAM):   run;
MPRINT(EM_DIAGRAM):   data _TEMPCLASS;
MPRINT(EM_DIAGRAM):   set _TEMPCLASS;
MPRINT(EM_DIAGRAM):   NMISSPERCENT= NMISSPERCENT/100;
MPRINT(EM_DIAGRAM):   run;
MPRINT(EM_DIAGRAM):    proc sort data=EMWS1.Ids_BAD_DD out=_sortedDecdata;
MPRINT(EM_DIAGRAM):   by BAD;
MPRINT(EM_DIAGRAM):   run;
MPRINT(EM_DIAGRAM):   data _null_;
MPRINT(EM_DIAGRAM):   merge _TEMPCLASS(in=_a) _sortedDecdata(in=_b);
MPRINT(EM_DIAGRAM):   by BAD;
MPRINT(EM_DIAGRAM):   if (_a and ^_b) or (^_a and _b) then call symput('_emresetDec', '1');
MPRINT(EM_DIAGRAM):   run;
38559      data WORK.Neural6_EVENT(KEEP=VARIABLE LABEL LEVEL EVENT NUMLEVELS ORDER);
MPRINT(EM_DIAGRAM):    data WORK.Neural6_EVENT(KEEP=VARIABLE LABEL LEVEL EVENT NUMLEVELS 
ORDER);
38560      length ORDER $20;
MPRINT(EM_DIAGRAM):   length ORDER $20;
38561      label VARIABLE = "%sysfunc(sasmsg(sashelp.dmine, rpt_target_vlabel,  NOQUOTE))"
38561    ! EVENT = "%sysfunc(sasmsg(sashelp.dmine, assmt_event_vlabel, NOQUOTE))" NUMLEVELS =
38561    ! "%sysfunc(sasmsg(sashelp.dmine, rpt_numcat_vlabel, NOQUOTE))" LEVEL =
38562         "%sysfunc(sasmsg(sashelp.dmine, meta_level_vlabel, NOQUOTE))" ORDER =
38562    ! "%sysfunc(sasmsg(sashelp.dmine, meta_order_vlabel, NOQUOTE))" LABEL =
38562    ! "%sysfunc(sasmsg(sashelp.dmine, meta_label_vlabel, NOQUOTE))";
MPRINT(EM_DIAGRAM):   label VARIABLE = "Target" EVENT = "Event" NUMLEVELS = "Number of Levels" 
LEVEL = "Measurement Level" ORDER = "Order" LABEL = "Label";
38563      set EMWS1.IDS_BAD_DM( where=(_TYPE_="TARGET"));
MPRINT(EM_DIAGRAM):   set EMWS1.IDS_BAD_DM( where=(_TYPE_="TARGET"));
38564      NumLevels=2;
MPRINT(EM_DIAGRAM):   NumLevels=2;
38565      select(upcase(ORDER));
MPRINT(EM_DIAGRAM):   select(upcase(ORDER));
38566      when('DESC') ORDER = 'Descending';
MPRINT(EM_DIAGRAM):   when('DESC') ORDER = 'Descending';
38567      when('ASC') ORDER = 'Ascending';
MPRINT(EM_DIAGRAM):   when('ASC') ORDER = 'Ascending';
38568      when('FMTDESC') ORDER = 'Formatted Descending';
MPRINT(EM_DIAGRAM):   when('FMTDESC') ORDER = 'Formatted Descending';
38569      when('FMTASC') ORDER = 'Formatted Ascending';
MPRINT(EM_DIAGRAM):   when('FMTASC') ORDER = 'Formatted Ascending';
38570      otherwise ORDER = 'Descending';
MPRINT(EM_DIAGRAM):   otherwise ORDER = 'Descending';
38571      end;
MPRINT(EM_DIAGRAM):   end;
38572      output;
MPRINT(EM_DIAGRAM):   output;
38573      run;
MPRINT(EM_DIAGRAM):   run;

NOTE: There were 1 observations read from the data set EMWS1.IDS_BAD_DM.
      WHERE _TYPE_='TARGET';
NOTE: The data set WORK.NEURAL6_EVENT has 1 observations and 6 variables.
NOTE: DATA statement used (Total process time):
      real time           0.04 seconds
      cpu time            0.01 seconds
      

38574      title9 ' ';
MPRINT(EM_DIAGRAM):   title9 ' ';
38575      proc print data=WORK.Neural6_EVENT noobs label;
MPRINT(EM_DIAGRAM):   proc print data=WORK.Neural6_EVENT noobs label;
38576      var VARIABLE EVENT LEVEL NUMLEVELS ORDER LABEL;
MPRINT(EM_DIAGRAM):   var VARIABLE EVENT LEVEL NUMLEVELS ORDER LABEL;
38577      title9 ' ';
MPRINT(EM_DIAGRAM):   title9 ' ';
38578      title10 "%sysfunc(sasmsg(sashelp.dmine, rpt_modelEvent_title  , NOQUOTE))";
MPRINT(EM_DIAGRAM):   title10 "Model Events";
MPRINT(EM_DIAGRAM):   run;
38579      run;

NOTE: There were 1 observations read from the data set WORK.NEURAL6_EVENT.
NOTE: The PROCEDURE PRINT printed page 14.
NOTE: PROCEDURE PRINT used (Total process time):
      real time           0.01 seconds
      cpu time            0.01 seconds
      

38580      title10;
MPRINT(EM_DIAGRAM):   title10;
"No decisions defined for target "BAD"." 
38581      proc print data = EMWS1.Ids_BAD_DM noobs label;
MPRINT(EM_DIAGRAM):    proc print data = EMWS1.Ids_BAD_DM noobs label;
38582      var _type_ variable label;
MPRINT(EM_DIAGRAM):   var _type_ variable label;
38583      where _type_ ^in('MATRIX', 'DECISION', 'TRAINPRIOR', 'DATAPRIOR', 'DECPRIOR');
MPRINT(EM_DIAGRAM):   where _type_ ^in('MATRIX', 'DECISION', 'TRAINPRIOR', 'DATAPRIOR', 
'DECPRIOR');
38584      label _TYPE_ = "%sysfunc(sasmsg(sashelp.dmine, rpt_type_vlabel,     NOQUOTE))"
38584    ! VARIABLE = "%sysfunc(sasmsg(sashelp.dmine, rpt_variable_vlabel, NOQUOTE))" LABEL =
38584    ! "%sysfunc(sasmsg(sashelp.dmine, meta_label_vlabel, NOQUOTE))";
MPRINT(EM_DIAGRAM):   label _TYPE_ = "Type" VARIABLE = "Variable" LABEL = "Label";
38585      title9 ' ';
MPRINT(EM_DIAGRAM):   title9 ' ';
38586      title10 "%sysfunc(sasmsg(sashelp.dmine, rpt_predDecVars_title  , NOQUOTE))";
MPRINT(EM_DIAGRAM):   title10 "Predicted and decision variables";
MPRINT(EM_DIAGRAM):   run;
38587      run;

NOTE: There were 7 observations read from the data set EMWS1.IDS_BAD_DM.
      WHERE _type_ not in ('DATAPRIOR', 'DECISION', 'DECPRIOR', 'MATRIX', 'TRAINPRIOR');
NOTE: The PROCEDURE PRINT printed page 15.
NOTE: PROCEDURE PRINT used (Total process time):
      real time           0.03 seconds
      cpu time            0.03 seconds
      

38588      title10;
MPRINT(EM_DIAGRAM):   title10;
MPRINT(EM_DIAGRAM):    *------------------------------------------------------------*;
MPRINT(EM_DIAGRAM):   * Neural6: Preparing metadata for training;
MPRINT(EM_DIAGRAM):   ;
MPRINT(EM_DIAGRAM):   *------------------------------------------------------------*;
MPRINT(EM_DIAGRAM):   data WORK.M3WKJGUC;
MPRINT(EM_DIAGRAM):   set WORK.M3WKJGUC;
MPRINT(EM_DIAGRAM):   where(use = 'Y' or (role = 'INPUT' and use = 'D'));
MPRINT(EM_DIAGRAM):   if (role = 'REJECTED') then role = 'INPUT';
MPRINT(EM_DIAGRAM):   run;
38598      data WORK.M3WKJGUC;
MPRINT(EM_DIAGRAM):    data WORK.M3WKJGUC;
38599      set WORK.M3WKJGUC end=eof;
MPRINT(EM_DIAGRAM):   set WORK.M3WKJGUC end=eof;
38600      output;
MPRINT(EM_DIAGRAM):   output;
38601      if eof then do;
MPRINT(EM_DIAGRAM):   if eof then do;
38602      NAME="";
MPRINT(EM_DIAGRAM):   NAME="";
38603      ROLE="COST";
MPRINT(EM_DIAGRAM):   ROLE="COST";
38604      LEVEL="INTERVAL";
MPRINT(EM_DIAGRAM):   LEVEL="INTERVAL";
38605      TYPE="N";
MPRINT(EM_DIAGRAM):   TYPE="N";
38606      output;
MPRINT(EM_DIAGRAM):   output;
38607      end;
MPRINT(EM_DIAGRAM):   end;
38608      run;
MPRINT(EM_DIAGRAM):   run;

NOTE: There were 5 observations read from the data set WORK.M3WKJGUC.
NOTE: The data set WORK.M3WKJGUC has 6 observations and 21 variables.
NOTE: DATA statement used (Total process time):
      real time           0.01 seconds
      cpu time            0.01 seconds
      

NOTE: There were 2 observations read from the data set EMWS1.IDS_BAD_DD.
NOTE: The data set WORK.BAD has 2 observations and 7 variables.
NOTE: There were 2 observations read from the data set EMWS1.IDS_BAD_DD.
NOTE: The data set WORK.BAD has 2 observations and 7 variables.
38609      *------------------------------------------------------------*;
MPRINT(EM_DIAGRAM):    *------------------------------------------------------------*;
38610      * Neural6: Create decision matrix;
MPRINT(EM_DIAGRAM):   * Neural6: Create decision matrix;
38611      *------------------------------------------------------------*;
MPRINT(EM_DIAGRAM):   *------------------------------------------------------------*;
38612      data WORK.BAD;
MPRINT(EM_DIAGRAM):   data WORK.BAD;
38613        length   BAD                              $  32
38614                 COUNT                                8
38615                 DATAPRIOR                            8
38616                 TRAINPRIOR                           8
38617                 DECPRIOR                             8
38618                 DECISION1                            8
38619                 DECISION2                            8
38620                 ;
MPRINT(EM_DIAGRAM):   length BAD $ 32 COUNT 8 DATAPRIOR 8 TRAINPRIOR 8 DECPRIOR 8 DECISION1 8 
DECISION2 8 ;
38621      
38622        label    COUNT="Level Counts"
38623                 DATAPRIOR="Data Proportions"
38624                 TRAINPRIOR="Training Proportions"
38625                 DECPRIOR="Decision Priors"
38626                 DECISION1="1"
38627                 DECISION2="0"
38628                 ;
MPRINT(EM_DIAGRAM):   label COUNT= "Level Counts" DATAPRIOR= "Data Proportions" TRAINPRIOR= 
"Training Proportions" DECPRIOR= "Decision Priors" DECISION1= "1" DECISION2= "0" ;
38629        format   COUNT 10.
38630                 ;
MPRINT(EM_DIAGRAM):   format COUNT 10. ;
38631      BAD="1"; COUNT=1189; DATAPRIOR=0.1994966442953; TRAINPRIOR=0.1994966442953;
38631    ! DECPRIOR=.; DECISION1=1; DECISION2=0;
MPRINT(EM_DIAGRAM):   BAD="1";
MPRINT(EM_DIAGRAM):   COUNT=1189;
MPRINT(EM_DIAGRAM):   DATAPRIOR=0.1994966442953;
MPRINT(EM_DIAGRAM):   TRAINPRIOR=0.1994966442953;
MPRINT(EM_DIAGRAM):   DECPRIOR=.;
MPRINT(EM_DIAGRAM):   DECISION1=1;
MPRINT(EM_DIAGRAM):   DECISION2=0;
38632      output;
MPRINT(EM_DIAGRAM):   output;
38633      BAD="0"; COUNT=4771; DATAPRIOR=0.80050335570469; TRAINPRIOR=0.80050335570469;
38633    ! DECPRIOR=.; DECISION1=0; DECISION2=1;
MPRINT(EM_DIAGRAM):   BAD="0";
MPRINT(EM_DIAGRAM):   COUNT=4771;
MPRINT(EM_DIAGRAM):   DATAPRIOR=0.80050335570469;
MPRINT(EM_DIAGRAM):   TRAINPRIOR=0.80050335570469;
MPRINT(EM_DIAGRAM):   DECPRIOR=.;
MPRINT(EM_DIAGRAM):   DECISION1=0;
MPRINT(EM_DIAGRAM):   DECISION2=1;
38634      output;
MPRINT(EM_DIAGRAM):   output;
38635      ;
MPRINT(EM_DIAGRAM):   ;
38636      run;
MPRINT(EM_DIAGRAM):   run;

NOTE: The data set WORK.BAD has 2 observations and 7 variables.
NOTE: DATA statement used (Total process time):
      real time           0.03 seconds
      cpu time            0.01 seconds
      

38637      proc datasets lib=work nolist;
MPRINT(EM_DIAGRAM):   proc datasets lib=work nolist;
38638      modify BAD(type=PROFIT label=BAD);
MPRINT(EM_DIAGRAM):   modify BAD(type=PROFIT label= BAD);
MPRINT(EM_DIAGRAM):   label DECISION1= '1';
MPRINT(EM_DIAGRAM):   label DECISION2= '0';
MPRINT(EM_DIAGRAM):   run;
38639      label DECISION1= '1';
38640      label DECISION2= '0';
38641      run;

NOTE: MODIFY was successful for WORK.BAD.DATA.
38642      quit;
MPRINT(EM_DIAGRAM):   quit;

NOTE: PROCEDURE DATASETS used (Total process time):
      real time           0.03 seconds
      cpu time            0.01 seconds
      

38643      data EM_Neural6;
MPRINT(EM_DIAGRAM):   data EM_Neural6;
38644      set EMWS1.Varsel_TRAIN(keep=
38645      BAD GRP_IMP_CLAGE GRP_IMP_NINQ GRP_INDELINQ G_GRP_IMP_DEBTINC );
MPRINT(EM_DIAGRAM):   set EMWS1.Varsel_TRAIN(keep= BAD GRP_IMP_CLAGE GRP_IMP_NINQ GRP_INDELINQ 
G_GRP_IMP_DEBTINC );
38646      run;
MPRINT(EM_DIAGRAM):   run;

NOTE: There were 2979 observations read from the data set EMWS1.PART_TRAIN.
NOTE: There were 2979 observations read from the data set EMWS1.IMPT_TRAIN.
NOTE: There were 2979 observations read from the data set EMWS1.TRANS_TRAIN.
NOTE: View EMWS1.VARSEL_TRAIN.VIEW used (Total process time):
      real time           0.13 seconds
      cpu time            0.12 seconds
      
NOTE: There were 2979 observations read from the data set EMWS1.BINNING_TRAIN.
NOTE: There were 2979 observations read from the data set EMWS1.VARSEL_TRAIN.
NOTE: The data set WORK.EM_NEURAL6 has 2979 observations and 5 variables.
NOTE: DATA statement used (Total process time):
      real time           0.18 seconds
      cpu time            0.15 seconds
      

MPRINT(EM_DIAGRAM):   *------------------------------------------------------------* ;
MPRINT(EM_DIAGRAM):   * Neural6: DMDBClass Macro ;
MPRINT(EM_DIAGRAM):   *------------------------------------------------------------* ;
38647      *------------------------------------------------------------* ;
38648      * Neural6: DMDBClass Macro ;
38649      *------------------------------------------------------------* ;
38650      %macro DMDBClass;
38651          BAD(DESC) GRP_IMP_CLAGE(ASC) GRP_IMP_NINQ(ASC) GRP_INDELINQ(ASC)
38652         G_GRP_IMP_DEBTINC(ASC)
38653      %mend DMDBClass;
38654      *------------------------------------------------------------* ;
MPRINT(EM_DIAGRAM):   *------------------------------------------------------------* ;
38655      * Neural6: DMDBVar Macro ;
MPRINT(EM_DIAGRAM):   * Neural6: DMDBVar Macro ;
38656      *------------------------------------------------------------* ;
MPRINT(EM_DIAGRAM):   *------------------------------------------------------------* ;
38657      %macro DMDBVar;
38658      
38659      %mend DMDBVar;
38660      *------------------------------------------------------------*;
MPRINT(EM_DIAGRAM):   *------------------------------------------------------------*;
38661      * Neural6: Create DMDB;
MPRINT(EM_DIAGRAM):   * Neural6: Create DMDB;
38662      *------------------------------------------------------------*;
MPRINT(EM_DIAGRAM):   *------------------------------------------------------------*;
38663      proc dmdb batch data=WORK.EM_Neural6
38664      dmdbcat=WORK.Neural6_DMDB
38665      maxlevel = 513
38666      ;
MPRINT(EM_DIAGRAM):   proc dmdb batch data=WORK.EM_Neural6 dmdbcat=WORK.Neural6_DMDB maxlevel 
= 513 ;
MPRINT(EM_DIAGRAM):   class
38667      class %DMDBClass;
MPRINT(DMDBCLASS):   BAD(DESC) GRP_IMP_CLAGE(ASC) GRP_IMP_NINQ(ASC) GRP_INDELINQ(ASC) 
G_GRP_IMP_DEBTINC(ASC)
MPRINT(EM_DIAGRAM):  ;
38668      var %DMDBVar;
MPRINT(EM_DIAGRAM):   var
MPRINT(EM_DIAGRAM):  ;
38669      target
38670      BAD
38671      ;
MPRINT(EM_DIAGRAM):   target BAD ;
38672      run;
MPRINT(EM_DIAGRAM):   run;

NOTE: Records processed = 2979   Memory used = 511K.
NOTE: There were 2979 observations read from the data set WORK.EM_NEURAL6.
NOTE: PROCEDURE DMDB used (Total process time):
      real time           0.03 seconds
      cpu time            0.00 seconds
      

MPRINT(EM_DIAGRAM):   quit;
MPRINT(EM_DIAGRAM):   *--- end code ---*;
38673      quit;
38674      *--- end code ---*;

38675      *------------------------------------------------------------* ;
MPRINT(EM_DIAGRAM):    *------------------------------------------------------------* ;
38676      * Neural6: Interval Input Variables Macro ;
MPRINT(EM_DIAGRAM):   * Neural6: Interval Input Variables Macro ;
38677      *------------------------------------------------------------* ;
MPRINT(EM_DIAGRAM):   *------------------------------------------------------------* ;
38678      %macro INTINPUTS;
38679      
38680      %mend INTINPUTS;
38681      *------------------------------------------------------------* ;
MPRINT(EM_DIAGRAM):   *------------------------------------------------------------* ;
38682      * Neural6: Binary Inputs Macro ;
MPRINT(EM_DIAGRAM):   * Neural6: Binary Inputs Macro ;
38683      *------------------------------------------------------------* ;
MPRINT(EM_DIAGRAM):   *------------------------------------------------------------* ;
38684      %macro BININPUTS;
38685      
38686      %mend BININPUTS;
38687      *------------------------------------------------------------* ;
MPRINT(EM_DIAGRAM):   *------------------------------------------------------------* ;
38688      * Neural6: Nominal Inputs Macro ;
MPRINT(EM_DIAGRAM):   * Neural6: Nominal Inputs Macro ;
38689      *------------------------------------------------------------* ;
MPRINT(EM_DIAGRAM):   *------------------------------------------------------------* ;
38690      %macro NOMINPUTS;
38691          G_GRP_IMP_DEBTINC
38692      %mend NOMINPUTS;
38693      *------------------------------------------------------------* ;
MPRINT(EM_DIAGRAM):   *------------------------------------------------------------* ;
38694      * Neural6: Ordinal Inputs Macro ;
MPRINT(EM_DIAGRAM):   * Neural6: Ordinal Inputs Macro ;
38695      *------------------------------------------------------------* ;
MPRINT(EM_DIAGRAM):   *------------------------------------------------------------* ;
38696      %macro ORDINPUTS;
38697          GRP_IMP_CLAGE GRP_IMP_NINQ GRP_INDELINQ
38698      %mend ORDINPUTS;
38699      *------------------------------------------------------------*;
MPRINT(EM_DIAGRAM):   *------------------------------------------------------------*;
38700      * Neural Network Training;
MPRINT(EM_DIAGRAM):   * Neural Network Training;
38701      ;
MPRINT(EM_DIAGRAM):   ;
38702      *------------------------------------------------------------*;
MPRINT(EM_DIAGRAM):   *------------------------------------------------------------*;
38703      proc neural data=EM_Neural6 dmdbcat=WORK.Neural6_DMDB
38704      validdata = EMWS1.Varsel_VALIDATE
38705      random=12345
38706      ;
MPRINT(EM_DIAGRAM):   proc neural data=EM_Neural6 dmdbcat=WORK.Neural6_DMDB validdata = 
EMWS1.Varsel_VALIDATE random=12345 ;
38707      nloptions
38708      ;
MPRINT(EM_DIAGRAM):   nloptions ;
38709      performance alldetails noutilfile;
MPRINT(EM_DIAGRAM):   performance alldetails noutilfile;
38710      netopts
38711      decay=0;
MPRINT(EM_DIAGRAM):   netopts decay=0;
MPRINT(EM_DIAGRAM):   input
38712      input %NOMINPUTS / level=nominal id=nom
MPRINT(NOMINPUTS):   G_GRP_IMP_DEBTINC
38713      ;
MPRINT(EM_DIAGRAM):   / level=nominal id=nom ;
MPRINT(EM_DIAGRAM):   input
38714      input %ORDINPUTS / level=ordinal id=ord
MPRINT(ORDINPUTS):   GRP_IMP_CLAGE GRP_IMP_NINQ GRP_INDELINQ
38715      ;
MPRINT(EM_DIAGRAM):   / level=ordinal id=ord ;
38716      target BAD / level=NOMINAL id=BAD
38717      bias
38718      ;
MPRINT(EM_DIAGRAM):   target BAD / level=NOMINAL id=BAD bias ;
38719      arch MLP
38720      Hidden=5
38721      ;
MPRINT(EM_DIAGRAM):   arch MLP Hidden=5 ;
38722      Prelim 5 preiter=10
38723      pretime=3600
38724      Outest=EMWS1.Neural6_PRELIM_OUTEST
38725      ;
MPRINT(EM_DIAGRAM):   Prelim 5 preiter=10 pretime=3600 Outest=EMWS1.Neural6_PRELIM_OUTEST ;
NOTE:  Synchronizing the objectives and the Solution.
NOTE: LEVMAR Optimization cannot be completed.
NOTE: LEVMAR needs more than 10 iterations or 2147483647 function calls.
NOTE: Some of the active constraints have significant Lagrange Multipliers.
NOTE: LEVMAR Optimization cannot be completed.
NOTE: LEVMAR needs more than 10 iterations or 2147483647 function calls.
NOTE: Some of the active constraints have significant Lagrange Multipliers.
NOTE: LEVMAR Optimization cannot be completed.
NOTE: LEVMAR needs more than 10 iterations or 2147483647 function calls.
NOTE: Some of the active constraints have significant Lagrange Multipliers.
NOTE: LEVMAR Optimization cannot be completed.
NOTE: LEVMAR needs more than 10 iterations or 2147483647 function calls.
NOTE: Some of the active constraints have significant Lagrange Multipliers.
NOTE: LEVMAR Optimization cannot be completed.
NOTE: LEVMAR needs more than 10 iterations or 2147483647 function calls.
NOTE: Some of the active constraints have significant Lagrange Multipliers.
NOTE: The data set EMWS1.NEURAL6_PRELIM_OUTEST has 11 observations and 71 variables.
38726      save network=EMWS1.Neural6_NETWORK.dm_neural;
MPRINT(EM_DIAGRAM):   save network=EMWS1.Neural6_NETWORK.dm_neural;
NOTE: Creating a new Catalogue with entry EMWS1.NEURAL6_NETWORK.DM_NEURAL.
NOTE: Entry EMWS1.NEURAL6_NETWORK.DM_NEURAL has been opened.
NOTE: Entry EMWS1.NEURAL6_NETWORK.DM_NEURAL has been closed.
38727      train Maxiter=50
38728      maxtime=14400
38729      Outest=EMWS1.Neural6_outest estiter=1
38730      Outfit=EMWS1.Neural6_OUTFIT
38731      ;
MPRINT(EM_DIAGRAM):   train Maxiter=50 maxtime=14400 Outest=EMWS1.Neural6_outest estiter=1 
Outfit=EMWS1.Neural6_OUTFIT ;
WARNING: LEVMAR Optimization cannot be completed.
NOTE: LEVMAR needs more than 50 iterations or 2147483647 function calls.
NOTE: The data set EMWS1.NEURAL6_OUTEST has 109 observations and 71 variables.
NOTE: The data set EMWS1.NEURAL6_OUTFIT has 104 observations and 36 variables.
38732      run;
MPRINT(EM_DIAGRAM):   run;

NOTE: The data set WORK.EM_NEURAL6 has 2979 observations and 5 variables.
NOTE: The data set EMWS1.VARSEL_VALIDATE has . observations and 34 variables.
NOTE: There were 2981 observations read from the data set EMWS1.PART_VALIDATE.
NOTE: There were 2981 observations read from the data set EMWS1.IMPT_VALIDATE.
NOTE: There were 2981 observations read from the data set EMWS1.TRANS_VALIDATE.
NOTE: View EMWS1.VARSEL_VALIDATE.VIEW used (Total process time):
      real time           4.14 seconds
      cpu time            3.79 seconds
      
NOTE: There were 2981 observations read from the data set EMWS1.BINNING_VALIDATE.
NOTE: Closing the Neural Application.
NOTE: The PROCEDURE NEURAL printed pages 16-19.
NOTE: PROCEDURE NEURAL used (Total process time):
      real time           4.15 seconds
      cpu time            3.79 seconds
      

MPRINT(EM_DIAGRAM):   quit;
38733      quit;

38734      proc sort data=EMWS1.Neural6_OUTFIT(where=(_iter_ ne . and _NAME_="OVERALL"))
38734    ! out=fit_Neural6;
MPRINT(EM_DIAGRAM):    proc sort data=EMWS1.Neural6_OUTFIT(where=(_iter_ ne . and 
_NAME_="OVERALL")) out=fit_Neural6;
38735      by _VAVERR_;
MPRINT(EM_DIAGRAM):   by _VAVERR_;
38736      run;
MPRINT(EM_DIAGRAM):   run;

NOTE: There were 52 observations read from the data set EMWS1.NEURAL6_OUTFIT.
      WHERE (_iter_ not = .) and (_NAME_='OVERALL');
NOTE: The data set WORK.FIT_NEURAL6 has 52 observations and 36 variables.
NOTE: PROCEDURE SORT used (Total process time):
      real time           0.04 seconds
      cpu time            0.01 seconds
      

38737      %GLOBAL ITER;
38738      data _null_;
MPRINT(EM_DIAGRAM):   data _null_;
38739      set fit_Neural6(obs=1);
MPRINT(EM_DIAGRAM):   set fit_Neural6(obs=1);
38740      call symput('ITER',put(_ITER_, 6.));
MPRINT(EM_DIAGRAM):   call symput('ITER',put(_ITER_, 6.));
38741      run;
MPRINT(EM_DIAGRAM):   run;

NOTE: There were 1 observations read from the data set WORK.FIT_NEURAL6.
NOTE: DATA statement used (Total process time):
      real time           0.00 seconds
      cpu time            0.00 seconds
      

38742      data EMWS1.Neural6_INITIAL;
MPRINT(EM_DIAGRAM):   data EMWS1.Neural6_INITIAL;
38743      set EMWS1.Neural6_outest(where=(_ITER_ eq &ITER and _OBJ_ ne .));
MPRINT(EM_DIAGRAM):   set EMWS1.Neural6_outest(where=(_ITER_ eq 1 and _OBJ_ ne .));
38744      run;
MPRINT(EM_DIAGRAM):   run;

NOTE: There were 1 observations read from the data set EMWS1.NEURAL6_OUTEST.
      WHERE (_ITER_=1) and (_OBJ_ not = .);
NOTE: The data set EMWS1.NEURAL6_INITIAL has 1 observations and 71 variables.
NOTE: DATA statement used (Total process time):
      real time           0.10 seconds
      cpu time            0.03 seconds
      

38745      *------------------------------------------------------------*;
MPRINT(EM_DIAGRAM):    *------------------------------------------------------------*;
38746      * Neural Network Model Selection;
MPRINT(EM_DIAGRAM):   * Neural Network Model Selection;
38747      ;
MPRINT(EM_DIAGRAM):   ;
38748      *------------------------------------------------------------*;
MPRINT(EM_DIAGRAM):   *------------------------------------------------------------*;
38749      proc neural data=EM_Neural6 dmdbcat=WORK.Neural6_DMDB
38750      validdata = EMWS1.Varsel_VALIDATE
38751      network = EMWS1.Neural6_NETWORK.dm_neural
38752      random=12345
38753      ;
MPRINT(EM_DIAGRAM):   proc neural data=EM_Neural6 dmdbcat=WORK.Neural6_DMDB validdata = 
EMWS1.Varsel_VALIDATE network = EMWS1.Neural6_NETWORK.dm_neural random=12345 ;
NOTE: Entry EMWS1.NEURAL6_NETWORK.DM_NEURAL has been opened.
NOTE: Entry EMWS1.NEURAL6_NETWORK.DM_NEURAL has been closed.
38754      nloptions noprint;
MPRINT(EM_DIAGRAM):   nloptions noprint;
38755      performance alldetails noutilfile;
MPRINT(EM_DIAGRAM):   performance alldetails noutilfile;
38756      initial inest=EMWS1.Neural6_INITIAL;
MPRINT(EM_DIAGRAM):   initial inest=EMWS1.Neural6_INITIAL;
NOTE: The data set EMWS1.NEURAL6_INITIAL has 1 observations and 71 variables.
38757      train tech=NONE;
MPRINT(EM_DIAGRAM):   train tech=NONE;
NOTE: No optimization performed.
38758      code file="J:\JMMORR01\CIS 445\CIS 445 Project
38758    ! 3\Workspaces\EMWS1\Neural6\SCORECODE.sas"
38759      group=Neural6
38760      ;
MPRINT(EM_DIAGRAM):   code file="J:\JMMORR01\CIS 445\CIS 445 Project 
3\Workspaces\EMWS1\Neural6\SCORECODE.sas" group=Neural6 ;
NOTE: External file J:\JMMORR01\CIS 445\CIS 445 Project 
      3\Workspaces\EMWS1\Neural6\SCORECODE.sas opened.
38761      ;
MPRINT(EM_DIAGRAM):   ;
38762      code file="J:\JMMORR01\CIS 445\CIS 445 Project
38762    ! 3\Workspaces\EMWS1\Neural6\RESIDUALSCORECODE.sas"
38763      group=Neural6
38764      residual
38765      ;
MPRINT(EM_DIAGRAM):   code file="J:\JMMORR01\CIS 445\CIS 445 Project 
3\Workspaces\EMWS1\Neural6\RESIDUALSCORECODE.sas" group=Neural6 residual ;
NOTE: External file J:\JMMORR01\CIS 445\CIS 445 Project 
      3\Workspaces\EMWS1\Neural6\RESIDUALSCORECODE.sas opened.
38766      ;
MPRINT(EM_DIAGRAM):   ;
38767      score data=EMWS1.Varsel_TRAIN out=_NULL_
NOTE: View EMWS1.VARSEL_TRAIN.VIEW used (Total process time):
      real time           0.29 seconds
      cpu time            0.20 seconds
      
38768      outfit=WORK.FIT1
38769      role=TRAIN
38770      outkey=EMWS1.Neural6_OUTKEY;
MPRINT(EM_DIAGRAM):   score data=EMWS1.Varsel_TRAIN out=_NULL_ outfit=WORK.FIT1 role=TRAIN 
outkey=EMWS1.Neural6_OUTKEY;
NOTE: The data set EMWS1.NEURAL6_OUTKEY has 26 observations and 8 variables.
NOTE: The data set EMWS1.VARSEL_TRAIN has . observations and 34 variables.
NOTE: There were 2979 observations read from the data set EMWS1.PART_TRAIN.
NOTE: There were 2979 observations read from the data set EMWS1.IMPT_TRAIN.
NOTE: There were 2979 observations read from the data set EMWS1.TRANS_TRAIN.
NOTE: There were 2979 observations read from the data set EMWS1.BINNING_TRAIN.
NOTE: The data set WORK.FIT1 has 2 observations and 23 variables.
38771      score data=EMWS1.Varsel_VALIDATE out=_NULL_
NOTE: View EMWS1.VARSEL_VALIDATE.VIEW used (Total process time):
      real time           0.29 seconds
      cpu time            0.23 seconds
      
38772      outfit=WORK.FIT2
38773      role=VALID
38774      outkey=EMWS1.Neural6_OUTKEY;
MPRINT(EM_DIAGRAM):   score data=EMWS1.Varsel_VALIDATE out=_NULL_ outfit=WORK.FIT2 role=VALID 
outkey=EMWS1.Neural6_OUTKEY;
NOTE: The data set EMWS1.NEURAL6_OUTKEY has 26 observations and 8 variables.
NOTE: The data set EMWS1.VARSEL_VALIDATE has . observations and 34 variables.
NOTE: There were 2981 observations read from the data set EMWS1.PART_VALIDATE.
NOTE: There were 2981 observations read from the data set EMWS1.IMPT_VALIDATE.
NOTE: There were 2981 observations read from the data set EMWS1.TRANS_VALIDATE.
NOTE: There were 2981 observations read from the data set EMWS1.BINNING_VALIDATE.
NOTE: The data set WORK.FIT2 has 2 observations and 15 variables.
38775      run;
MPRINT(EM_DIAGRAM):   run;

NOTE: The data set WORK.EM_NEURAL6 has 2979 observations and 5 variables.
NOTE: The data set EMWS1.VARSEL_VALIDATE has . observations and 34 variables.
NOTE: There were 2981 observations read from the data set EMWS1.PART_VALIDATE.
NOTE: There were 2981 observations read from the data set EMWS1.IMPT_VALIDATE.
NOTE: There were 2981 observations read from the data set EMWS1.TRANS_VALIDATE.
NOTE: View EMWS1.VARSEL_VALIDATE.VIEW used (Total process time):
      real time           1.01 seconds
      cpu time            0.75 seconds
      
NOTE: There were 2981 observations read from the data set EMWS1.BINNING_VALIDATE.
NOTE: Closing the Neural Application.
NOTE: PROCEDURE NEURAL used (Total process time):
      real time           1.01 seconds
      cpu time            0.75 seconds
      

MPRINT(EM_DIAGRAM):   quit;
38776      quit;
38777      data EMWS1.Neural6_OUTFIT;
MPRINT(EM_DIAGRAM):   data EMWS1.Neural6_OUTFIT;
38778      merge WORK.FIT1 WORK.FIT2;
MPRINT(EM_DIAGRAM):   merge WORK.FIT1 WORK.FIT2;
38779      run;
MPRINT(EM_DIAGRAM):   run;

NOTE: There were 2 observations read from the data set WORK.FIT1.
NOTE: There were 2 observations read from the data set WORK.FIT2.
NOTE: The data set EMWS1.NEURAL6_OUTFIT has 2 observations and 36 variables.
NOTE: DATA statement used (Total process time):
      real time           0.10 seconds
      cpu time            0.04 seconds
      

38780      data EMWS1.Neural6_EMESTIMATE;
MPRINT(EM_DIAGRAM):   data EMWS1.Neural6_EMESTIMATE;
38781      set EMWS1.Neural6_outest;
MPRINT(EM_DIAGRAM):   set EMWS1.Neural6_outest;
38782      if _type_ ^in('HESSIAN' 'GRAD');
MPRINT(EM_DIAGRAM):   if _type_ ^in('HESSIAN' 'GRAD');
38783      run;
MPRINT(EM_DIAGRAM):   run;

NOTE: There were 109 observations read from the data set EMWS1.NEURAL6_OUTEST.
NOTE: The data set EMWS1.NEURAL6_EMESTIMATE has 52 observations and 71 variables.
NOTE: DATA statement used (Total process time):
      real time           0.10 seconds
      cpu time            0.04 seconds
      

38784      proc datasets lib=work nolist;
MPRINT(EM_DIAGRAM):   proc datasets lib=work nolist;
38785      delete EM_Neural6;
MPRINT(EM_DIAGRAM):   delete EM_Neural6;
38786      run;
MPRINT(EM_DIAGRAM):   run;

NOTE: Deleting WORK.EM_NEURAL6 (memtype=DATA).
38787      quit;
MPRINT(EM_DIAGRAM):   quit;

NOTE: PROCEDURE DATASETS used (Total process time):
      real time           0.01 seconds
      cpu time            0.01 seconds
      

38788      data EMWS1.Neural6_PLOTDS(where=(_iter_ ne . and _NAME_="OVERALL"));
MPRINT(EM_DIAGRAM):    data EMWS1.Neural6_PLOTDS(where=(_iter_ ne . and _NAME_="OVERALL"));
38789      set fit_Neural6;
MPRINT(EM_DIAGRAM):   set fit_Neural6;
38790      attrib _ITER_ label="%sysfunc(sasmsg(sashelp.dmine, rpt_trainiterations_vlabel  ,
38790    ! NOQUOTE))";
MPRINT(EM_DIAGRAM):   attrib _ITER_ label="Training Iterations";
38791      attrib _NAME_ label="%sysfunc(sasmsg(sashelp.dmine, rpt_varsel_label_name  ,
38791    ! NOQUOTE))";
MPRINT(EM_DIAGRAM):   attrib _NAME_ label="Name";
38792      run;
MPRINT(EM_DIAGRAM):   run;

NOTE: There were 52 observations read from the data set WORK.FIT_NEURAL6.
NOTE: The data set EMWS1.NEURAL6_PLOTDS has 52 observations and 36 variables.
NOTE: DATA statement used (Total process time):
      real time           0.08 seconds
      cpu time            0.00 seconds
      

38793      proc sort data=EMWS1.Neural6_PLOTDS;
MPRINT(EM_DIAGRAM):   proc sort data=EMWS1.Neural6_PLOTDS;
38794      by _ITER_;
MPRINT(EM_DIAGRAM):   by _ITER_;
38795      run;
MPRINT(EM_DIAGRAM):   run;

NOTE: There were 52 observations read from the data set EMWS1.NEURAL6_PLOTDS.
NOTE: The data set EMWS1.NEURAL6_PLOTDS has 52 observations and 36 variables.
NOTE: PROCEDURE SORT used (Total process time):
      real time           0.12 seconds
      cpu time            0.03 seconds
      

38796      data tempweight (drop= _tech_ _decay_ _seed_ _nobj_ _obj_ _objerr_ _averr_ _p_num_
38796    ! where=(_type_ eq "PARMS" and _iter_ eq 1) );
MPRINT(EM_DIAGRAM):    data tempweight (drop= _tech_ _decay_ _seed_ _nobj_ _obj_ _objerr_ 
_averr_ _p_num_ where=(_type_ eq "PARMS" and _iter_ eq 1) );
38797      set EMWS1.Neural6_EMESTIMATE;
MPRINT(EM_DIAGRAM):   set EMWS1.Neural6_EMESTIMATE;
38798      run;
MPRINT(EM_DIAGRAM):   run;

NOTE: There were 52 observations read from the data set EMWS1.NEURAL6_EMESTIMATE.
NOTE: The data set WORK.TEMPWEIGHT has 1 observations and 63 variables.
NOTE: DATA statement used (Total process time):
      real time           0.04 seconds
      cpu time            0.01 seconds
      

38799      proc sort;
MPRINT(EM_DIAGRAM):   proc sort;
38800      by _name_;
MPRINT(EM_DIAGRAM):   by _name_;
38801      run;
MPRINT(EM_DIAGRAM):   run;

NOTE: There were 1 observations read from the data set WORK.TEMPWEIGHT.
NOTE: The data set WORK.TEMPWEIGHT has 1 observations and 63 variables.
NOTE: PROCEDURE SORT used (Total process time):
      real time           0.01 seconds
      cpu time            0.00 seconds
      

38802      proc transpose data=tempweight out=EMWS1.Neural6_WEIGHTDS;
MPRINT(EM_DIAGRAM):   proc transpose data=tempweight out=EMWS1.Neural6_WEIGHTDS;
38803      by _name_;
MPRINT(EM_DIAGRAM):   by _name_;
38804      run;
MPRINT(EM_DIAGRAM):   run;

NOTE: There were 1 observations read from the data set WORK.TEMPWEIGHT.
NOTE: The data set EMWS1.NEURAL6_WEIGHTDS has 61 observations and 3 variables.
NOTE: PROCEDURE TRANSPOSE used (Total process time):
      real time           0.10 seconds
      cpu time            0.03 seconds
      

38805      data EMWS1.Neural6_WEIGHTDS;
MPRINT(EM_DIAGRAM):   data EMWS1.Neural6_WEIGHTDS;
38806      set EMWS1.Neural6_WEIGHTDS;
MPRINT(EM_DIAGRAM):   set EMWS1.Neural6_WEIGHTDS;
38807      FROM = trim(left(scan(_LABEL_, 1, '->')));
MPRINT(EM_DIAGRAM):   FROM = trim(left(scan(_LABEL_, 1, '->')));
38808      TO = trim(left(scan(_LABEL_, 2, '>')));
MPRINT(EM_DIAGRAM):   TO = trim(left(scan(_LABEL_, 2, '>')));
38809      WEIGHT = COL1;
MPRINT(EM_DIAGRAM):   WEIGHT = COL1;
38810      if (TO eq '') or (FROM eq '') then delete;
MPRINT(EM_DIAGRAM):   if (TO eq '') or (FROM eq '') then delete;
38811      label _LABEL_ ="%sysfunc(sasmsg(sashelp.dmine, meta_label_vlabel  , NOQUOTE))" FROM
38811    ! = "%sysfunc(sasmsg(sashelp.dmine, rpt_from_vlabel  , NOQUOTE))" TO =
38811    ! "%sysfunc(sasmsg(sashelp.dmine, rpt_into_vlabel  , NOQUOTE))" WEIGHT =
38812         "%sysfunc(sasmsg(sashelp.dmine, rpt_weight_vlabel  , NOQUOTE))";
MPRINT(EM_DIAGRAM):   label _LABEL_ = "Label" FROM = "From" TO = "Into" WEIGHT = "Weight";
38813      keep FROM TO WEIGHT _LABEL_;
MPRINT(EM_DIAGRAM):   keep FROM TO WEIGHT _LABEL_;
38814      run;
MPRINT(EM_DIAGRAM):   run;

NOTE: There were 61 observations read from the data set EMWS1.NEURAL6_WEIGHTDS.
NOTE: The data set EMWS1.NEURAL6_WEIGHTDS has 56 observations and 4 variables.
NOTE: DATA statement used (Total process time):
      real time           0.14 seconds
      cpu time            0.01 seconds
      

38815      proc sort data=EMWS1.Neural6_WEIGHTDS nodupkey;
MPRINT(EM_DIAGRAM):   proc sort data=EMWS1.Neural6_WEIGHTDS nodupkey;
38816      by _LABEL_;
MPRINT(EM_DIAGRAM):   by _LABEL_;
38817      run;
MPRINT(EM_DIAGRAM):   run;

NOTE: There were 56 observations read from the data set EMWS1.NEURAL6_WEIGHTDS.
NOTE: 0 observations with duplicate key values were deleted.
NOTE: The data set EMWS1.NEURAL6_WEIGHTDS has 56 observations and 4 variables.
NOTE: PROCEDURE SORT used (Total process time):
      real time           0.12 seconds
      cpu time            0.04 seconds
      

MPRINT(EM_DIAGRAM):    proc printto;
MPRINT(EM_DIAGRAM):   run;
