 
                                                                                               
 
 
Fit Statistics

Target=BAD Target Label=' '

   Fit
Statistics    Statistics Label                     Train    Validation

 _DFT_        Total Degrees of Freedom           2979.00          .   
 _DFE_        Degrees of Freedom for Error       2888.00          .   
 _DFM_        Model Degrees of Freedom             91.00          .   
 _NW_         Number of Estimated Weights          91.00          .   
 _AIC_        Akaike's Information Criterion     1827.90          .   
 _SBC_        Schwarz's Bayesian Criterion       2373.84          .   
 _ASE_        Average Squared Error                 0.08         0.10 
 _MAX_        Maximum Absolute Error                1.00         1.00 
 _DIV_        Divisor for ASE                    5958.00      5962.00 
 _NOBS_       Sum of Frequencies                 2979.00      2981.00 
 _RASE_       Root Average Squared Error            0.29         0.32 
 _SSE_        Sum of Squared Errors               492.83       624.03 
 _SUMW_       Sum of Case Weights Times Freq     5958.00      5962.00 
 _FPE_        Final Prediction Error                0.09          .   
 _MSE_        Mean Squared Error                    0.09         0.10 
 _RFPE_       Root Final Prediction Error           0.30          .   
 _RMSE_       Root Mean Squared Error               0.29         0.32 
 _AVERR_      Average Error Function                0.28         0.35 
 _ERR_        Error Function                     1645.90      2097.38 
 _MISC_       Misclassification Rate                0.11         0.14 
 _WRONG_      Number of Wrong Classifications     338.00       420.00 
 
                                                                                               
 
 
Classification Table

Data Role=TRAIN Target Variable=BAD Target Label=' '

                       Target        Outcome     Frequency       Total
Target    Outcome    Percentage    Percentage      Count      Percentage

  0          0         89.9961       96.5618        2303        77.3078 
  1          0         10.0039       43.0976         256         8.5935 
  0          1         19.5238        3.4382          82         2.7526 
  1          1         80.4762       56.9024         338        11.3461 


Data Role=VALIDATE Target Variable=BAD Target Label=' '

                       Target        Outcome     Frequency       Total
Target    Outcome    Percentage    Percentage      Count      Percentage

  0          0         88.4585       94.7611        2261        75.8470 
  1          0         11.5415       49.5798         295         9.8960 
  0          1         29.4118        5.2389         125         4.1932 
  1          1         70.5882       50.4202         300        10.0637 
 
                                                                                               
 
 
Event Classification Table

Data Role=TRAIN Target=BAD Target Label=' '

  False       True        False       True
Negative    Negative    Positive    Positive

   256        2303         82          338  


Data Role=VALIDATE Target=BAD Target Label=' '

  False       True        False       True
Negative    Negative    Positive    Positive

   295        2261         125         300  
 
                                                                                               
 
 
Assessment Score Rankings

Data Role=TRAIN Target Variable=BAD Target Label=' '

                                                                                    Mean
                            Cumulative       %      Cumulative     Number of     Posterior
Depth      Gain     Lift       Lift      Response   % Response   Observations   Probability

   5    394.783   4.94783     4.94783     98.6577     98.6577         149         0.95759  
  10    356.076   4.17368     4.56076     83.2215     90.9396         149         0.76427  
  15    293.807   2.69270     3.93807     53.6913     78.5235         149         0.55345  
  20    251.734   2.25514     3.51734     44.9664     70.1342         149         0.41135  
  25    208.314   1.34635     3.08314     26.8456     61.4765         149         0.30960  
  30    174.319   1.04342     2.74319     20.8054     54.6980         149         0.22700  
  35    146.190   0.77415     2.46190     15.4362     49.0892         149         0.17559  
  40    124.251   0.70683     2.24251     14.0940     44.7148         149         0.13145  
  45    107.188   0.70683     2.07188     14.0940     41.3125         149         0.10096  
  50     90.172   0.37025     1.90172      7.3826     37.9195         149         0.08044  
  55     75.331   0.26927     1.75331      5.3691     34.9603         149         0.06307  
  60     61.281   0.06732     1.61281      1.3423     32.1588         149         0.04986  
  65     49.652   0.10098     1.49652      2.0134     29.8400         149         0.04025  
  70     39.684   0.10098     1.39684      2.0134     27.8523         149         0.03134  
  75     30.820   0.06732     1.30820      1.3423     26.0850         149         0.02306  
  80     23.485   0.13463     1.23485      2.6846     24.6225         149         0.01598  
  85     16.816   0.10098     1.16816      2.0134     23.2925         149         0.01044  
  90     10.513   0.03366     1.10513      0.6711     22.0358         149         0.00648  
  95      4.874   0.03366     1.04874      0.6711     20.9113         149         0.00347  
 100      0.000   0.06777     1.00000      1.3514     19.9396         148         0.00118  


Data Role=VALIDATE Target Variable=BAD Target Label=' '

                                                                                    Mean
                            Cumulative       %      Cumulative     Number of     Posterior
Depth      Gain     Lift       Lift      Response   % Response   Observations   Probability

   5    360.928   4.60928     4.60928     92.0000     92.0000         150         0.95870  
  10    300.472   3.39610     4.00472     67.7852     79.9331         149         0.77456  
  15    247.798   2.42098     3.47798     48.3221     69.4196         149         0.57635  
  20    205.472   1.78211     3.05472     35.5705     60.9715         149         0.41538  
  25    177.368   1.64761     2.77368     32.8859     55.3619         149         0.31784  
  30    147.985   1.00874     2.47985     20.1342     49.4972         149         0.24239  
  35    125.550   0.90787     2.25550     18.1208     45.0192         149         0.18447  
  40    105.779   0.67249     2.05779     13.4228     41.0729         149         0.13818  
  45     88.531   0.50437     1.88531     10.0671     37.6304         149         0.10746  
  50     73.051   0.33625     1.73051      6.7114     34.5406         149         0.08554  
  55     62.828   0.60525     1.62828     12.0805     32.5000         149         0.06866  
  60     52.067   0.33625     1.52067      6.7114     30.3522         149         0.05493  
  65     42.185   0.23537     1.42185      4.6980     28.3798         149         0.04310  
  70     33.714   0.23537     1.33714      4.6980     26.6890         149         0.03306  
  75     27.941   0.47075     1.27941      9.3960     25.5367         149         0.02543  
  80     21.418   0.23537     1.21418      4.6980     24.2348         149         0.01851  
  85     15.861   0.26900     1.15861      5.3691     23.1255         149         0.01188  
  90      9.987   0.10087     1.09987      2.0134     21.9530         149         0.00710  
  95      4.731   0.10087     1.04731      2.0134     20.9040         149         0.00368  
 100      0.000   0.10087     1.00000      2.0134     19.9597         149         0.00131  
 
                                                                                               
 
 
Assessment Score Distribution

Data Role=TRAIN Target Variable=BAD Target Label=' '

 Posterior     Number                     Mean
Probability      of      Number of     Posterior
   Range       Events    Nonevents    Probability    Percentage

 0.95-1.00       87            0        0.98744         2.9204 
 0.90-0.95       44            2        0.92479         1.5441 
 0.85-0.90       33            1        0.87607         1.1413 
 0.80-0.85       31            6        0.82723         1.2420 
 0.75-0.80       25            4        0.77278         0.9735 
 0.70-0.75       25            4        0.72244         0.9735 
 0.65-0.70       26           10        0.67648         1.2085 
 0.60-0.65       17           11        0.62400         0.9399 
 0.55-0.60       26           22        0.57433         1.6113 
 0.50-0.55       24           22        0.52595         1.5441 
 0.45-0.50       29           24        0.47802         1.7791 
 0.40-0.45       21           39        0.42476         2.0141 
 0.35-0.40       31           36        0.37481         2.2491 
 0.30-0.35       23           70        0.32350         3.1219 
 0.25-0.30       24           60        0.27226         2.8197 
 0.20-0.25       23           86        0.22016         3.6589 
 0.15-0.20       24          138        0.17598         5.4381 
 0.10-0.15       32          186        0.12262         7.3179 
 0.05-0.10       29          413        0.07273        14.8372 
 0.00-0.05       20         1251        0.01849        42.6653 


Data Role=VALIDATE Target Variable=BAD Target Label=' '

 Posterior     Number                     Mean
Probability      of      Number of     Posterior
   Range       Events    Nonevents    Probability    Percentage

 0.95-1.00       91            2        0.98569         3.1198 
 0.90-0.95       33            7        0.92487         1.3418 
 0.85-0.90       30            7        0.87870         1.2412 
 0.80-0.85       28            9        0.82529         1.2412 
 0.75-0.80       25            7        0.77492         1.0735 
 0.70-0.75       16           19        0.72934         1.1741 
 0.65-0.70       21           19        0.67818         1.3418 
 0.60-0.65       24           20        0.62592         1.4760 
 0.55-0.60       21           19        0.57192         1.3418 
 0.50-0.55       11           16        0.53355         0.9057 
 0.45-0.50       23           30        0.47001         1.7779 
 0.40-0.45       21           36        0.43016         1.9121 
 0.35-0.40       27           53        0.37437         2.6837 
 0.30-0.35       28           61        0.32429         2.9856 
 0.25-0.30       27           71        0.27445         3.2875 
 0.20-0.25       21           99        0.22416         4.0255 
 0.15-0.20       26          122        0.17519         4.9648 
 0.10-0.15       29          210        0.12301         8.0174 
 0.05-0.10       41          430        0.07199        15.8001 
 0.00-0.05       52         1149        0.01824        40.2885 
