MPRINT(EM_DIAGRAM):    data _null_;
MPRINT(EM_DIAGRAM):   call symput('NLDATE', strip(put(date(), NLDATE.)));
MPRINT(EM_DIAGRAM):   call symput('NLTIME', strip(put(datetime(), NLTIME.)));
MPRINT(EM_DIAGRAM):   run;
MPRINT(EM_DIAGRAM):   data _null_;
MPRINT(EM_DIAGRAM):   nldate= sasmsg("sashelp.dmine", "log_date_note", 'N', "November 07, 2018" );
MPRINT(EM_DIAGRAM):   nltime= sasmsg("sashelp.dmine", "log_time_note", 'N', "21:37:19" );
MPRINT(EM_DIAGRAM):   put "*------------------------------------------------------------*";
MPRINT(EM_DIAGRAM):   put "* Training Log";
MPRINT(EM_DIAGRAM):   put nldate;
MPRINT(EM_DIAGRAM):   put nltime;
MPRINT(EM_DIAGRAM):   put "*------------------------------------------------------------*";
MPRINT(EM_DIAGRAM):   run;
*------------------------------------------------------------*
* Training Log
Date:                November 07, 2018
Time:                21:37:19
*------------------------------------------------------------*
MPRINT(EM_DIAGRAM):    filename O1GNJH2O "J:\JMMORR01\CIS 445\CIS 445 Project 3\Workspaces\EMWS1\Neural\EMTRAIN.out" encoding="UTF-8" NOBOM;
MPRINT(EM_DIAGRAM):   proc printto print=O1GNJH2O new;
MPRINT(EM_DIAGRAM):   run;
MPRINT(EM_DIAGRAM):    filename _LOG "J:\JMMORR01\CIS 445\CIS 445 Project 3\Workspaces\EMWS1\Neural\EMLOG.log" encoding="UTF-8" NOBOM;
MPRINT(EM_DIAGRAM):    data _null_;
MPRINT(EM_DIAGRAM):   call symput('NLDATE', strip(put(date(), NLDATE.)));
MPRINT(EM_DIAGRAM):   call symput('NLTIME', strip(put(datetime(), NLTIME.)));
MPRINT(EM_DIAGRAM):   run;
MPRINT(EM_DIAGRAM):   data _null_;
MPRINT(EM_DIAGRAM):   nldate= sasmsg("sashelp.dmine", "log_date_note", 'N', "November 07, 2018" );
MPRINT(EM_DIAGRAM):   nltime= sasmsg("sashelp.dmine", "log_time_note", 'N', "21:37:20" );
MPRINT(EM_DIAGRAM):   file _LOG;
MPRINT(EM_DIAGRAM):   put "*------------------------------------------------------------*";
MPRINT(EM_DIAGRAM):   put "User:                jmmorr01";
MPRINT(EM_DIAGRAM):   put nldate;
MPRINT(EM_DIAGRAM):   put nltime;
MPRINT(EM_DIAGRAM):   put "Site:                70080761";
MPRINT(EM_DIAGRAM):   put "Platform:            X64_8PRO";
MPRINT(EM_DIAGRAM):   put "Maintenance Release: 9.04.01M3P062415";
MPRINT(EM_DIAGRAM):   put "EM Version:          14.1";
MPRINT(EM_DIAGRAM):   put "* ";
MPRINT(EM_DIAGRAM):   run;
MPRINT(EM_DIAGRAM):    filename _LOGIN "J:\JMMORR01\CIS 445\CIS 445 Project 3\Workspaces\EMWS1\Neural\EMTRAIN.log" encoding="UTF-8" NOBOM;
MPRINT(EM_COPYFILE):   data _null_;
MPRINT(EM_COPYFILE):   length line $20000;
MPRINT(EM_COPYFILE):   file _LOG MOD lrecl=20000;
MPRINT(EM_COPYFILE):   fid=fopen("_LOGIN",'i',20000,'v');
MPRINT(EM_COPYFILE):   if fid > 0 then do;
MPRINT(EM_COPYFILE):   do while(^fread(fid));
MPRINT(EM_COPYFILE):   rlen = frlen(fid);
MPRINT(EM_COPYFILE):   rc= fget(fid,line,20000);
MPRINT(EM_COPYFILE):   start = length(line)-length(left(line))+1;
MPRINT(EM_COPYFILE):   line=strip(line);
MPRINT(EM_COPYFILE):   put @start line;
MPRINT(EM_COPYFILE):   end;
MPRINT(EM_COPYFILE):   if fid > 0 then rc=fclose(fid);
MPRINT(EM_COPYFILE):   end;
MPRINT(EM_COPYFILE):   run;
MPRINT(EM_DIAGRAM):  ;
MPRINT(EM_DIAGRAM):   filename _LOGIN;
MPRINT(EM_DIAGRAM):    data _null_;
MPRINT(EM_DIAGRAM):   file _LOG mod;
MPRINT(EM_DIAGRAM):   put _page_;
MPRINT(EM_DIAGRAM):   run;
MPRINT(EM_DIAGRAM):   filename _LOGIN "J:\JMMORR01\CIS 445\CIS 445 Project 3\Workspaces\EMWS1\Neural\EMSCORE.log" encoding="UTF-8" NOBOM;
MPRINT(EM_DIAGRAM):  ;
MPRINT(EM_DIAGRAM):   data _null_;
MPRINT(EM_DIAGRAM):   file _LOG mod;
MPRINT(EM_DIAGRAM):   put _page_;
MPRINT(EM_DIAGRAM):   run;
MPRINT(EM_DIAGRAM):    filename _LOGIN "J:\JMMORR01\CIS 445\CIS 445 Project 3\Workspaces\EMWS1\Neural\EMREPORT.log" encoding="UTF-8" NOBOM;
MPRINT(EM_DIAGRAM):  ;
MPRINT(EM_DIAGRAM):   filename _LOGIN;
MPRINT(EM_DIAGRAM):    filename _LOG;
MPRINT(EM_DIAGRAM):    filename _OUT "J:\JMMORR01\CIS 445\CIS 445 Project 3\Workspaces\EMWS1\Neural\EMOUTPUT.out" encoding="UTF-8" NOBOM;
MPRINT(EM_DIAGRAM):    data _null_;
MPRINT(EM_DIAGRAM):   call symput('NLDATE', strip(put(date(), NLDATE.)));
MPRINT(EM_DIAGRAM):   call symput('NLTIME', strip(put(datetime(), NLTIME.)));
MPRINT(EM_DIAGRAM):   run;
MPRINT(EM_DIAGRAM):   data _null_;
MPRINT(EM_DIAGRAM):   nldate= sasmsg("sashelp.dmine", "log_date_note", 'N', "November 07, 2018" );
MPRINT(EM_DIAGRAM):   nltime= sasmsg("sashelp.dmine", "log_time_note", 'N', "21:37:20" );
MPRINT(EM_DIAGRAM):   file _OUT;
MPRINT(EM_DIAGRAM):   put "*------------------------------------------------------------*";
MPRINT(EM_DIAGRAM):   put "User:                jmmorr01";
MPRINT(EM_DIAGRAM):   put nldate;
MPRINT(EM_DIAGRAM):   put nltime;
MPRINT(EM_DIAGRAM):   put "*------------------------------------------------------------*";
MPRINT(EM_DIAGRAM):   put "* Training Output";
MPRINT(EM_DIAGRAM):   put "*------------------------------------------------------------*";
MPRINT(EM_DIAGRAM):   run;
MPRINT(EM_DIAGRAM):    filename _OUTIN "J:\JMMORR01\CIS 445\CIS 445 Project 3\Workspaces\EMWS1\Neural\EMTRAIN.out" encoding="UTF-8" NOBOM;
MPRINT(EM_DIAGRAM):   ;
MPRINT(EM_COPYFILE):   data _null_;
MPRINT(EM_COPYFILE):   length line $20000;
MPRINT(EM_COPYFILE):   file _OUT MOD lrecl=20000;
MPRINT(EM_COPYFILE):   fid=fopen("_OUTIN",'i',20000,'v');
MPRINT(EM_COPYFILE):   if fid > 0 then do;
MPRINT(EM_COPYFILE):   do while(^fread(fid));
MPRINT(EM_COPYFILE):   rlen = frlen(fid);
MPRINT(EM_COPYFILE):   rc= fget(fid,line,20000);
MPRINT(EM_COPYFILE):   start = length(line)-length(left(line))+1;
MPRINT(EM_COPYFILE):   line=strip(line);
MPRINT(EM_COPYFILE):   put @start line;
MPRINT(EM_COPYFILE):   end;
MPRINT(EM_COPYFILE):   if fid > 0 then rc=fclose(fid);
MPRINT(EM_COPYFILE):   end;
MPRINT(EM_COPYFILE):   run;
MPRINT(EM_DIAGRAM):  ;
MPRINT(EM_DIAGRAM):   filename _OUTIN;
MPRINT(EM_DIAGRAM):    data _null_;
MPRINT(EM_DIAGRAM):   file _OUT mod;
MPRINT(EM_DIAGRAM):   put _page_;
MPRINT(EM_DIAGRAM):   put // "*------------------------------------------------------------*";
MPRINT(EM_DIAGRAM):   put "* Score Output";
MPRINT(EM_DIAGRAM):   put "*------------------------------------------------------------*";
MPRINT(EM_DIAGRAM):   run;
MPRINT(EM_DIAGRAM):    filename _OUTIN "J:\JMMORR01\CIS 445\CIS 445 Project 3\Workspaces\EMWS1\Neural\EMSCORE.out" encoding="UTF-8" NOBOM;
MPRINT(EM_DIAGRAM):  ;
MPRINT(EM_DIAGRAM):   filename _OUTIN;
MPRINT(EM_DIAGRAM):    data _null_;
MPRINT(EM_DIAGRAM):   file _OUT mod;
MPRINT(EM_DIAGRAM):   put _page_;
MPRINT(EM_DIAGRAM):   put // "*------------------------------------------------------------*";
MPRINT(EM_DIAGRAM):   put "* Report Output";
MPRINT(EM_DIAGRAM):   put "*------------------------------------------------------------*";
MPRINT(EM_DIAGRAM):   run;
MPRINT(EM_DIAGRAM):    filename _OUTIN "J:\JMMORR01\CIS 445\CIS 445 Project 3\Workspaces\EMWS1\Neural\EMREPORT.out" encoding="UTF-8" NOBOM;
MPRINT(EM_DIAGRAM):  ;
MPRINT(EM_DIAGRAM):   filename _OUTIN;
MPRINT(EM_DIAGRAM):    filename _OUT;
MPRINT(EM_DIAGRAM):    filename _emtool_ 'J:\JMMORR01\CIS 445\CIS 445 Project 3\Workspaces\EMWS1\Neural\EMRUNSTATUS.xml' encoding="UTF-8" NOBOM;
MPRINT(EM_DIAGRAM):    filename _emtool_ 'J:\JMMORR01\CIS 445\CIS 445 Project 3\Workspaces\EMWS1\Neural\EMRUNSTATUS.xml' encoding="UTF-8" NOBOM;
21129      proc freq data=EMWS1.Neural_VariableSet noprint;
MPRINT(EM_DIAGRAM):    proc freq data=EMWS1.Neural_VariableSet noprint;
21130      table ROLE*LEVEL/out=WORK.NeuralMETA;
MPRINT(EM_DIAGRAM):   table ROLE*LEVEL/out=WORK.NeuralMETA;
21131      run;
MPRINT(EM_DIAGRAM):   run;

NOTE: There were 13 observations read from the data set EMWS1.NEURAL_VARIABLESET.
NOTE: The data set WORK.NEURALMETA has 3 observations and 4 variables.
NOTE: PROCEDURE FREQ used (Total process time):
      real time           0.10 seconds
      cpu time            0.04 seconds
      

21132      proc print data=WORK.NeuralMETA label noobs;
MPRINT(EM_DIAGRAM):   proc print data=WORK.NeuralMETA label noobs;
21133      var ROLE LEVEL COUNT;
MPRINT(EM_DIAGRAM):   var ROLE LEVEL COUNT;
21134      label ROLE = "%sysfunc(sasmsg(sashelp.dmine, meta_role_vlabel, NOQUOTE))" LEVEL = "%sysfunc(sasmsg(sashelp.dmine, meta_level_vlabel, NOQUOTE))" COUNT = "%sysfunc(sasmsg(sashelp.dmine, rpt_count_vlabel, NOQUOTE))";
MPRINT(EM_DIAGRAM):   label ROLE = "Role" LEVEL = "Measurement Level" COUNT = "Frequency Count";
21135      title9 ' ';
MPRINT(EM_DIAGRAM):   title9 ' ';
21136      title10 "%sysfunc(sasmsg(sashelp.dmine, rpt_varSummary_title  , NOQUOTE))";
MPRINT(EM_DIAGRAM):   title10 "Variable Summary";
MPRINT(EM_DIAGRAM):   run;
21137      run;

NOTE: There were 3 observations read from the data set WORK.NEURALMETA.
NOTE: The PROCEDURE PRINT printed page 1.
NOTE: PROCEDURE PRINT used (Total process time):
      real time           0.01 seconds
      cpu time            0.01 seconds
      

21138      title10;
MPRINT(EM_DIAGRAM):   title10;
21139      %let EMNORLEN = %DMNORLEN;
MPRINT(EM_DIAGRAM):   
EMWS1.Impt_TRAIN EMWS1.Impt_TRAIN 
EMWS1.Impt_TRAIN EMWS1.Impt_TRAIN EMWS1 Impt_TRAIN 
EMWS1.Impt_TRAIN EMWS1.Impt_TRAIN 
EMWS1.Impt_TRAIN EMWS1.Impt_TRAIN EMWS1 Impt_TRAIN 
MPRINT(EM_DIAGRAM):    proc dmdb data=EMWS1.Impt_TRAIN classout=WORK._DMDBCLASSTARGET(keep=NAME NRAW CRAW LEVEL FREQUENCY NMISSPERCENT);
MPRINT(EM_DIAGRAM):   class BAD(DESC) ;
MPRINT(EM_DIAGRAM):   run;
Executing  SASHELP.EMCORE.EMINFOITERATOR.SCL _INIT >> 
Executing  SASHELP.EMCORE.EMINFOITERATOR.SCL setMetaData >> 
Executing  SASHELP.EMCORE.EMINFOITERATOR.SCL next >> 
Executing  SASHELP.EMCORE.EMINFOITERATOR.SCL next >> 
Executing  SASHELP.EMCORE.EMINFOITERATOR.SCL setMetaData >> 
Executing  SASHELP.EMCORE.EMINFOITERATOR.SCL next >> 
Executing  SASHELP.EMCORE.EMINFOITERATOR.SCL next >> 
Executing  SASHELP.EMCORE.EMINFOITERATOR.SCL _term >> 
MPRINT(EM_DIAGRAM):    data _null_;
MPRINT(EM_DIAGRAM):   set WORK._DMDBCLASSTARGET;
MPRINT(EM_DIAGRAM):   where ^(NRAW eq . and CRAW eq '') and NAME="BAD";
MPRINT(EM_DIAGRAM):   if _N_=1 then call symput('_newevent', strip(LEVEL));
MPRINT(EM_DIAGRAM):   run;
MPRINT(EM_DIAGRAM):   proc sort data=WORK._DMDBCLASSTARGET out=_TEMPCLASS(keep=LEVEL FREQUENCY NMISSPERCENT rename=(LEVEL=BAD));
MPRINT(EM_DIAGRAM):   by LEVEL;
MPRINT(EM_DIAGRAM):   where ^(NRAW eq . and CRAW eq '') and NAME="BAD";
MPRINT(EM_DIAGRAM):   run;
MPRINT(EM_DIAGRAM):   data _TEMPCLASS;
MPRINT(EM_DIAGRAM):   set _TEMPCLASS;
MPRINT(EM_DIAGRAM):   NMISSPERCENT= NMISSPERCENT/100;
MPRINT(EM_DIAGRAM):   run;
MPRINT(EM_DIAGRAM):    proc sort data=EMWS1.Ids_BAD_DD out=_sortedDecdata;
MPRINT(EM_DIAGRAM):   by BAD;
MPRINT(EM_DIAGRAM):   run;
MPRINT(EM_DIAGRAM):   data _null_;
MPRINT(EM_DIAGRAM):   merge _TEMPCLASS(in=_a) _sortedDecdata(in=_b);
MPRINT(EM_DIAGRAM):   by BAD;
MPRINT(EM_DIAGRAM):   if (_a and ^_b) or (^_a and _b) then call symput('_emresetDec', '1');
MPRINT(EM_DIAGRAM):   run;
21168      data WORK.Neural_EVENT(KEEP=VARIABLE LABEL LEVEL EVENT NUMLEVELS ORDER);
MPRINT(EM_DIAGRAM):    data WORK.Neural_EVENT(KEEP=VARIABLE LABEL LEVEL EVENT NUMLEVELS ORDER);
21169      length ORDER $20;
MPRINT(EM_DIAGRAM):   length ORDER $20;
21170      label VARIABLE = "%sysfunc(sasmsg(sashelp.dmine, rpt_target_vlabel,  NOQUOTE))" EVENT = "%sysfunc(sasmsg(sashelp.dmine, assmt_event_vlabel, NOQUOTE))" NUMLEVELS = "%sysfunc(sasmsg(sashelp.dmine, rpt_numcat_vlabel, NOQUOTE))" LEVEL =
21171         "%sysfunc(sasmsg(sashelp.dmine, meta_level_vlabel, NOQUOTE))" ORDER = "%sysfunc(sasmsg(sashelp.dmine, meta_order_vlabel, NOQUOTE))" LABEL = "%sysfunc(sasmsg(sashelp.dmine, meta_label_vlabel, NOQUOTE))";
MPRINT(EM_DIAGRAM):   label VARIABLE = "Target" EVENT = "Event" NUMLEVELS = "Number of Levels" LEVEL = "Measurement Level" ORDER = "Order" LABEL = "Label";
21172      set EMWS1.IDS_BAD_DM( where=(_TYPE_="TARGET"));
MPRINT(EM_DIAGRAM):   set EMWS1.IDS_BAD_DM( where=(_TYPE_="TARGET"));
21173      NumLevels=2;
MPRINT(EM_DIAGRAM):   NumLevels=2;
21174      select(upcase(ORDER));
MPRINT(EM_DIAGRAM):   select(upcase(ORDER));
21175      when('DESC') ORDER = 'Descending';
MPRINT(EM_DIAGRAM):   when('DESC') ORDER = 'Descending';
21176      when('ASC') ORDER = 'Ascending';
MPRINT(EM_DIAGRAM):   when('ASC') ORDER = 'Ascending';
21177      when('FMTDESC') ORDER = 'Formatted Descending';
MPRINT(EM_DIAGRAM):   when('FMTDESC') ORDER = 'Formatted Descending';
21178      when('FMTASC') ORDER = 'Formatted Ascending';
MPRINT(EM_DIAGRAM):   when('FMTASC') ORDER = 'Formatted Ascending';
21179      otherwise ORDER = 'Descending';
MPRINT(EM_DIAGRAM):   otherwise ORDER = 'Descending';
21180      end;
MPRINT(EM_DIAGRAM):   end;
21181      output;
MPRINT(EM_DIAGRAM):   output;
21182      run;
MPRINT(EM_DIAGRAM):   run;

NOTE: There were 1 observations read from the data set EMWS1.IDS_BAD_DM.
      WHERE _TYPE_='TARGET';
NOTE: The data set WORK.NEURAL_EVENT has 1 observations and 6 variables.
NOTE: DATA statement used (Total process time):
      real time           0.04 seconds
      cpu time            0.01 seconds
      

21183      title9 ' ';
MPRINT(EM_DIAGRAM):   title9 ' ';
21184      proc print data=WORK.Neural_EVENT noobs label;
MPRINT(EM_DIAGRAM):   proc print data=WORK.Neural_EVENT noobs label;
21185      var VARIABLE EVENT LEVEL NUMLEVELS ORDER LABEL;
MPRINT(EM_DIAGRAM):   var VARIABLE EVENT LEVEL NUMLEVELS ORDER LABEL;
21186      title9 ' ';
MPRINT(EM_DIAGRAM):   title9 ' ';
21187      title10 "%sysfunc(sasmsg(sashelp.dmine, rpt_modelEvent_title  , NOQUOTE))";
MPRINT(EM_DIAGRAM):   title10 "Model Events";
MPRINT(EM_DIAGRAM):   run;
21188      run;

NOTE: There were 1 observations read from the data set WORK.NEURAL_EVENT.
NOTE: The PROCEDURE PRINT printed page 2.
NOTE: PROCEDURE PRINT used (Total process time):
      real time           0.01 seconds
      cpu time            0.01 seconds
      

21189      title10;
MPRINT(EM_DIAGRAM):   title10;
"No decisions defined for target "BAD"." 
21190      proc print data = EMWS1.Ids_BAD_DM noobs label;
MPRINT(EM_DIAGRAM):    proc print data = EMWS1.Ids_BAD_DM noobs label;
21191      var _type_ variable label;
MPRINT(EM_DIAGRAM):   var _type_ variable label;
21192      where _type_ ^in('MATRIX', 'DECISION', 'TRAINPRIOR', 'DATAPRIOR', 'DECPRIOR');
MPRINT(EM_DIAGRAM):   where _type_ ^in('MATRIX', 'DECISION', 'TRAINPRIOR', 'DATAPRIOR', 'DECPRIOR');
21193      label _TYPE_ = "%sysfunc(sasmsg(sashelp.dmine, rpt_type_vlabel,     NOQUOTE))" VARIABLE = "%sysfunc(sasmsg(sashelp.dmine, rpt_variable_vlabel, NOQUOTE))" LABEL = "%sysfunc(sasmsg(sashelp.dmine, meta_label_vlabel, NOQUOTE))";
MPRINT(EM_DIAGRAM):   label _TYPE_ = "Type" VARIABLE = "Variable" LABEL = "Label";
21194      title9 ' ';
MPRINT(EM_DIAGRAM):   title9 ' ';
21195      title10 "%sysfunc(sasmsg(sashelp.dmine, rpt_predDecVars_title  , NOQUOTE))";
MPRINT(EM_DIAGRAM):   title10 "Predicted and decision variables";
MPRINT(EM_DIAGRAM):   run;
21196      run;

NOTE: There were 7 observations read from the data set EMWS1.IDS_BAD_DM.
      WHERE _type_ not in ('DATAPRIOR', 'DECISION', 'DECPRIOR', 'MATRIX', 'TRAINPRIOR');
NOTE: The PROCEDURE PRINT printed page 3.
NOTE: PROCEDURE PRINT used (Total process time):
      real time           0.01 seconds
      cpu time            0.01 seconds
      

21197      title10;
MPRINT(EM_DIAGRAM):   title10;
MPRINT(EM_DIAGRAM):    *------------------------------------------------------------*;
MPRINT(EM_DIAGRAM):   * Neural: Preparing metadata for training;
MPRINT(EM_DIAGRAM):   ;
MPRINT(EM_DIAGRAM):   *------------------------------------------------------------*;
MPRINT(EM_DIAGRAM):   data WORK.M2WV_MNR;
MPRINT(EM_DIAGRAM):   set WORK.M2WV_MNR;
MPRINT(EM_DIAGRAM):   where(use = 'Y' or (role = 'INPUT' and use = 'D'));
MPRINT(EM_DIAGRAM):   if (role = 'REJECTED') then role = 'INPUT';
MPRINT(EM_DIAGRAM):   run;
21207      data WORK.M2WV_MNR;
MPRINT(EM_DIAGRAM):    data WORK.M2WV_MNR;
21208      set WORK.M2WV_MNR end=eof;
MPRINT(EM_DIAGRAM):   set WORK.M2WV_MNR end=eof;
21209      output;
MPRINT(EM_DIAGRAM):   output;
21210      if eof then do;
MPRINT(EM_DIAGRAM):   if eof then do;
21211      NAME="";
MPRINT(EM_DIAGRAM):   NAME="";
21212      ROLE="COST";
MPRINT(EM_DIAGRAM):   ROLE="COST";
21213      LEVEL="INTERVAL";
MPRINT(EM_DIAGRAM):   LEVEL="INTERVAL";
21214      TYPE="N";
MPRINT(EM_DIAGRAM):   TYPE="N";
21215      output;
MPRINT(EM_DIAGRAM):   output;
21216      end;
MPRINT(EM_DIAGRAM):   end;
21217      run;
MPRINT(EM_DIAGRAM):   run;

NOTE: There were 13 observations read from the data set WORK.M2WV_MNR.
NOTE: The data set WORK.M2WV_MNR has 14 observations and 21 variables.
NOTE: DATA statement used (Total process time):
      real time           0.01 seconds
      cpu time            0.01 seconds
      

NOTE: There were 2 observations read from the data set EMWS1.IDS_BAD_DD.
NOTE: The data set WORK.BAD has 2 observations and 7 variables.
NOTE: There were 2 observations read from the data set EMWS1.IDS_BAD_DD.
NOTE: The data set WORK.BAD has 2 observations and 7 variables.
21218      *------------------------------------------------------------*;
MPRINT(EM_DIAGRAM):    *------------------------------------------------------------*;
21219      * Neural: Create decision matrix;
MPRINT(EM_DIAGRAM):   * Neural: Create decision matrix;
21220      *------------------------------------------------------------*;
MPRINT(EM_DIAGRAM):   *------------------------------------------------------------*;
21221      data WORK.BAD;
MPRINT(EM_DIAGRAM):   data WORK.BAD;
21222        length   BAD                              $  32
21223                 COUNT                                8
21224                 DATAPRIOR                            8
21225                 TRAINPRIOR                           8
21226                 DECPRIOR                             8
21227                 DECISION1                            8
21228                 DECISION2                            8
21229                 ;
MPRINT(EM_DIAGRAM):   length BAD $ 32 COUNT 8 DATAPRIOR 8 TRAINPRIOR 8 DECPRIOR 8 DECISION1 8 DECISION2 8 ;
21230      
21231        label    COUNT="Level Counts"
21232                 DATAPRIOR="Data Proportions"
21233                 TRAINPRIOR="Training Proportions"
21234                 DECPRIOR="Decision Priors"
21235                 DECISION1="1"
21236                 DECISION2="0"
21237                 ;
MPRINT(EM_DIAGRAM):   label COUNT= "Level Counts" DATAPRIOR= "Data Proportions" TRAINPRIOR= "Training Proportions" DECPRIOR= "Decision Priors" DECISION1= "1" DECISION2= "0" ;
21238        format   COUNT 10.
21239                 ;
MPRINT(EM_DIAGRAM):   format COUNT 10. ;
21240      BAD="1"; COUNT=1189; DATAPRIOR=0.1994966442953; TRAINPRIOR=0.1994966442953; DECPRIOR=.; DECISION1=1; DECISION2=0;
MPRINT(EM_DIAGRAM):   BAD="1";
MPRINT(EM_DIAGRAM):   COUNT=1189;
MPRINT(EM_DIAGRAM):   DATAPRIOR=0.1994966442953;
MPRINT(EM_DIAGRAM):   TRAINPRIOR=0.1994966442953;
MPRINT(EM_DIAGRAM):   DECPRIOR=.;
MPRINT(EM_DIAGRAM):   DECISION1=1;
MPRINT(EM_DIAGRAM):   DECISION2=0;
21241      output;
MPRINT(EM_DIAGRAM):   output;
21242      BAD="0"; COUNT=4771; DATAPRIOR=0.80050335570469; TRAINPRIOR=0.80050335570469; DECPRIOR=.; DECISION1=0; DECISION2=1;
MPRINT(EM_DIAGRAM):   BAD="0";
MPRINT(EM_DIAGRAM):   COUNT=4771;
MPRINT(EM_DIAGRAM):   DATAPRIOR=0.80050335570469;
MPRINT(EM_DIAGRAM):   TRAINPRIOR=0.80050335570469;
MPRINT(EM_DIAGRAM):   DECPRIOR=.;
MPRINT(EM_DIAGRAM):   DECISION1=0;
MPRINT(EM_DIAGRAM):   DECISION2=1;
21243      output;
MPRINT(EM_DIAGRAM):   output;
21244      ;
MPRINT(EM_DIAGRAM):   ;
21245      run;
MPRINT(EM_DIAGRAM):   run;

NOTE: The data set WORK.BAD has 2 observations and 7 variables.
NOTE: DATA statement used (Total process time):
      real time           0.00 seconds
      cpu time            0.01 seconds
      

21246      proc datasets lib=work nolist;
MPRINT(EM_DIAGRAM):   proc datasets lib=work nolist;
21247      modify BAD(type=PROFIT label=BAD);
MPRINT(EM_DIAGRAM):   modify BAD(type=PROFIT label= BAD);
MPRINT(EM_DIAGRAM):   label DECISION1= '1';
MPRINT(EM_DIAGRAM):   label DECISION2= '0';
MPRINT(EM_DIAGRAM):   run;
21248      label DECISION1= '1';
21249      label DECISION2= '0';
21250      run;

NOTE: MODIFY was successful for WORK.BAD.DATA.
21251      quit;
MPRINT(EM_DIAGRAM):   quit;

NOTE: PROCEDURE DATASETS used (Total process time):
      real time           0.04 seconds
      cpu time            0.01 seconds
      

21252      data EM_Neural;
MPRINT(EM_DIAGRAM):   data EM_Neural;
21253      set EMWS1.Impt_TRAIN(keep=
21254      BAD IMP_CLAGE IMP_CLNO IMP_DEBTINC IMP_DELINQ IMP_DEROG IMP_JOB IMP_MORTDUE
21255      IMP_NINQ IMP_REASON IMP_VALUE IMP_YOJ LOAN );
MPRINT(EM_DIAGRAM):   set EMWS1.Impt_TRAIN(keep= BAD IMP_CLAGE IMP_CLNO IMP_DEBTINC IMP_DELINQ IMP_DEROG IMP_JOB IMP_MORTDUE IMP_NINQ IMP_REASON IMP_VALUE IMP_YOJ LOAN );
21256      run;
MPRINT(EM_DIAGRAM):   run;

NOTE: View EMWS1.IMPT_TRAIN.VIEW used (Total process time):
      real time           0.03 seconds
      cpu time            0.03 seconds
      
NOTE: There were 2979 observations read from the data set EMWS1.PART_TRAIN.
NOTE: There were 2979 observations read from the data set EMWS1.IMPT_TRAIN.
NOTE: The data set WORK.EM_NEURAL has 2979 observations and 13 variables.
NOTE: DATA statement used (Total process time):
      real time           0.09 seconds
      cpu time            0.04 seconds
      

MPRINT(EM_DIAGRAM):   *------------------------------------------------------------* ;
MPRINT(EM_DIAGRAM):   * Neural: DMDBClass Macro ;
MPRINT(EM_DIAGRAM):   *------------------------------------------------------------* ;
21257      *------------------------------------------------------------* ;
21258      * Neural: DMDBClass Macro ;
21259      *------------------------------------------------------------* ;
21260      %macro DMDBClass;
21261          BAD(DESC) IMP_JOB(ASC) IMP_REASON(ASC)
21262      %mend DMDBClass;
21263      *------------------------------------------------------------* ;
MPRINT(EM_DIAGRAM):   *------------------------------------------------------------* ;
21264      * Neural: DMDBVar Macro ;
MPRINT(EM_DIAGRAM):   * Neural: DMDBVar Macro ;
21265      *------------------------------------------------------------* ;
MPRINT(EM_DIAGRAM):   *------------------------------------------------------------* ;
21266      %macro DMDBVar;
21267          IMP_CLAGE IMP_CLNO IMP_DEBTINC IMP_DELINQ IMP_DEROG IMP_MORTDUE IMP_NINQ
21268         IMP_VALUE IMP_YOJ LOAN
21269      %mend DMDBVar;
21270      *------------------------------------------------------------*;
MPRINT(EM_DIAGRAM):   *------------------------------------------------------------*;
21271      * Neural: Create DMDB;
MPRINT(EM_DIAGRAM):   * Neural: Create DMDB;
21272      *------------------------------------------------------------*;
MPRINT(EM_DIAGRAM):   *------------------------------------------------------------*;
21273      proc dmdb batch data=WORK.EM_Neural
21274      dmdbcat=WORK.Neural_DMDB
21275      maxlevel = 513
21276      ;
MPRINT(EM_DIAGRAM):   proc dmdb batch data=WORK.EM_Neural dmdbcat=WORK.Neural_DMDB maxlevel = 513 ;
MPRINT(EM_DIAGRAM):   class
21277      class %DMDBClass;
MPRINT(DMDBCLASS):   BAD(DESC) IMP_JOB(ASC) IMP_REASON(ASC)
MPRINT(EM_DIAGRAM):  ;
MPRINT(EM_DIAGRAM):   var
21278      var %DMDBVar;
MPRINT(DMDBVAR):   IMP_CLAGE IMP_CLNO IMP_DEBTINC IMP_DELINQ IMP_DEROG IMP_MORTDUE IMP_NINQ IMP_VALUE IMP_YOJ LOAN
MPRINT(EM_DIAGRAM):  ;
21279      target
21280      BAD
21281      ;
MPRINT(EM_DIAGRAM):   target BAD ;
21282      run;
MPRINT(EM_DIAGRAM):   run;

NOTE: Records processed = 2979   Memory used = 511K.
NOTE: There were 2979 observations read from the data set WORK.EM_NEURAL.
NOTE: PROCEDURE DMDB used (Total process time):
      real time           0.03 seconds
      cpu time            0.01 seconds
      

MPRINT(EM_DIAGRAM):   quit;
MPRINT(EM_DIAGRAM):   *--- end code ---*;
21283      quit;
21284      *--- end code ---*;

21285      *------------------------------------------------------------* ;
MPRINT(EM_DIAGRAM):    *------------------------------------------------------------* ;
21286      * Neural: Interval Input Variables Macro ;
MPRINT(EM_DIAGRAM):   * Neural: Interval Input Variables Macro ;
21287      *------------------------------------------------------------* ;
MPRINT(EM_DIAGRAM):   *------------------------------------------------------------* ;
21288      %macro INTINPUTS;
21289          IMP_CLAGE IMP_CLNO IMP_DEBTINC IMP_DELINQ IMP_DEROG IMP_MORTDUE IMP_NINQ
21290         IMP_VALUE IMP_YOJ LOAN
21291      %mend INTINPUTS;
21292      *------------------------------------------------------------* ;
MPRINT(EM_DIAGRAM):   *------------------------------------------------------------* ;
21293      * Neural: Binary Inputs Macro ;
MPRINT(EM_DIAGRAM):   * Neural: Binary Inputs Macro ;
21294      *------------------------------------------------------------* ;
MPRINT(EM_DIAGRAM):   *------------------------------------------------------------* ;
21295      %macro BININPUTS;
21296      
21297      %mend BININPUTS;
21298      *------------------------------------------------------------* ;
MPRINT(EM_DIAGRAM):   *------------------------------------------------------------* ;
21299      * Neural: Nominal Inputs Macro ;
MPRINT(EM_DIAGRAM):   * Neural: Nominal Inputs Macro ;
21300      *------------------------------------------------------------* ;
MPRINT(EM_DIAGRAM):   *------------------------------------------------------------* ;
21301      %macro NOMINPUTS;
21302          IMP_JOB IMP_REASON
21303      %mend NOMINPUTS;
21304      *------------------------------------------------------------* ;
MPRINT(EM_DIAGRAM):   *------------------------------------------------------------* ;
21305      * Neural: Ordinal Inputs Macro ;
MPRINT(EM_DIAGRAM):   * Neural: Ordinal Inputs Macro ;
21306      *------------------------------------------------------------* ;
MPRINT(EM_DIAGRAM):   *------------------------------------------------------------* ;
21307      %macro ORDINPUTS;
21308      
21309      %mend ORDINPUTS;
21310      *------------------------------------------------------------*;
MPRINT(EM_DIAGRAM):   *------------------------------------------------------------*;
21311      * Neural Network Training;
MPRINT(EM_DIAGRAM):   * Neural Network Training;
21312      ;
MPRINT(EM_DIAGRAM):   ;
21313      *------------------------------------------------------------*;
MPRINT(EM_DIAGRAM):   *------------------------------------------------------------*;
21314      proc neural data=EM_Neural dmdbcat=WORK.Neural_DMDB
21315      validdata = EMWS1.Impt_VALIDATE
21316      random=12345
21317      ;
MPRINT(EM_DIAGRAM):   proc neural data=EM_Neural dmdbcat=WORK.Neural_DMDB validdata = EMWS1.Impt_VALIDATE random=12345 ;
21318      nloptions
21319      ;
MPRINT(EM_DIAGRAM):   nloptions ;
21320      performance alldetails noutilfile;
MPRINT(EM_DIAGRAM):   performance alldetails noutilfile;
21321      netopts
21322      decay=0;
MPRINT(EM_DIAGRAM):   netopts decay=0;
MPRINT(EM_DIAGRAM):   input
21323      input %INTINPUTS / level=interval id=intvl
MPRINT(INTINPUTS):   IMP_CLAGE IMP_CLNO IMP_DEBTINC IMP_DELINQ IMP_DEROG IMP_MORTDUE IMP_NINQ IMP_VALUE IMP_YOJ LOAN
21324      ;
MPRINT(EM_DIAGRAM):   / level=interval id=intvl ;
MPRINT(EM_DIAGRAM):   input
21325      input %NOMINPUTS / level=nominal id=nom
MPRINT(NOMINPUTS):   IMP_JOB IMP_REASON
21326      ;
MPRINT(EM_DIAGRAM):   / level=nominal id=nom ;
21327      target BAD / level=NOMINAL id=BAD
21328      bias
21329      ;
MPRINT(EM_DIAGRAM):   target BAD / level=NOMINAL id=BAD bias ;
21330      arch MLP
21331      Hidden=5
21332      ;
MPRINT(EM_DIAGRAM):   arch MLP Hidden=5 ;
21333      Prelim 5 preiter=10
21334      pretime=3600
21335      Outest=EMWS1.Neural_PRELIM_OUTEST
21336      ;
MPRINT(EM_DIAGRAM):   Prelim 5 preiter=10 pretime=3600 Outest=EMWS1.Neural_PRELIM_OUTEST ;
NOTE:  Synchronizing the objectives and the Solution.
NOTE: LEVMAR Optimization cannot be completed.
NOTE: LEVMAR needs more than 10 iterations or 2147483647 function calls.
NOTE: LEVMAR Optimization cannot be completed.
NOTE: LEVMAR needs more than 10 iterations or 2147483647 function calls.
NOTE: LEVMAR Optimization cannot be completed.
NOTE: LEVMAR needs more than 10 iterations or 2147483647 function calls.
NOTE: LEVMAR Optimization cannot be completed.
NOTE: LEVMAR needs more than 10 iterations or 2147483647 function calls.
NOTE: LEVMAR Optimization cannot be completed.
NOTE: LEVMAR needs more than 10 iterations or 2147483647 function calls.
NOTE: The data set EMWS1.NEURAL_PRELIM_OUTEST has 11 observations and 106 variables.
21337      save network=EMWS1.Neural_NETWORK.dm_neural;
MPRINT(EM_DIAGRAM):   save network=EMWS1.Neural_NETWORK.dm_neural;
NOTE: Creating a new Catalogue with entry EMWS1.NEURAL_NETWORK.DM_NEURAL.
NOTE: Entry EMWS1.NEURAL_NETWORK.DM_NEURAL has been opened.
NOTE: Entry EMWS1.NEURAL_NETWORK.DM_NEURAL has been closed.
21338      train Maxiter=50
21339      maxtime=14400
21340      Outest=EMWS1.Neural_outest estiter=1
21341      Outfit=EMWS1.Neural_OUTFIT
21342      ;
MPRINT(EM_DIAGRAM):   train Maxiter=50 maxtime=14400 Outest=EMWS1.Neural_outest estiter=1 Outfit=EMWS1.Neural_OUTFIT ;
NOTE: Convergence criterion (FCONV=0.0001) satisfied.
NOTE: At least one element of the gradient is greater than 1e-3.
NOTE: The data set EMWS1.NEURAL_OUTEST has 139 observations and 106 variables.
NOTE: The data set EMWS1.NEURAL_OUTFIT has 94 observations and 36 variables.
21343      run;
MPRINT(EM_DIAGRAM):   run;

NOTE: The data set WORK.EM_NEURAL has 2979 observations and 13 variables.
NOTE: The data set EMWS1.IMPT_VALIDATE has . observations and 25 variables.
NOTE: View EMWS1.IMPT_VALIDATE.VIEW used (Total process time):
      real time           7.13 seconds
      cpu time            6.82 seconds
      
NOTE: There were 2981 observations read from the data set EMWS1.PART_VALIDATE.
NOTE: Closing the Neural Application.
NOTE: The PROCEDURE NEURAL printed pages 4-7.
NOTE: PROCEDURE NEURAL used (Total process time):
      real time           7.17 seconds
      cpu time            6.84 seconds
      

MPRINT(EM_DIAGRAM):   quit;
21344      quit;

21345      proc sort data=EMWS1.Neural_OUTFIT(where=(_iter_ ne . and _NAME_="OVERALL")) out=fit_Neural;
MPRINT(EM_DIAGRAM):    proc sort data=EMWS1.Neural_OUTFIT(where=(_iter_ ne . and _NAME_="OVERALL")) out=fit_Neural;
21346      by _VAVERR_;
MPRINT(EM_DIAGRAM):   by _VAVERR_;
21347      run;
MPRINT(EM_DIAGRAM):   run;

NOTE: There were 47 observations read from the data set EMWS1.NEURAL_OUTFIT.
      WHERE (_iter_ not = .) and (_NAME_='OVERALL');
NOTE: The data set WORK.FIT_NEURAL has 47 observations and 36 variables.
NOTE: PROCEDURE SORT used (Total process time):
      real time           0.04 seconds
      cpu time            0.03 seconds
      

21348      %GLOBAL ITER;
21349      data _null_;
MPRINT(EM_DIAGRAM):   data _null_;
21350      set fit_Neural(obs=1);
MPRINT(EM_DIAGRAM):   set fit_Neural(obs=1);
21351      call symput('ITER',put(_ITER_, 6.));
MPRINT(EM_DIAGRAM):   call symput('ITER',put(_ITER_, 6.));
21352      run;
MPRINT(EM_DIAGRAM):   run;

NOTE: There were 1 observations read from the data set WORK.FIT_NEURAL.
NOTE: DATA statement used (Total process time):
      real time           0.01 seconds
      cpu time            0.01 seconds
      

21353      data EMWS1.Neural_INITIAL;
MPRINT(EM_DIAGRAM):   data EMWS1.Neural_INITIAL;
21354      set EMWS1.Neural_outest(where=(_ITER_ eq &ITER and _OBJ_ ne .));
MPRINT(EM_DIAGRAM):   set EMWS1.Neural_outest(where=(_ITER_ eq 8 and _OBJ_ ne .));
21355      run;
MPRINT(EM_DIAGRAM):   run;

NOTE: There were 1 observations read from the data set EMWS1.NEURAL_OUTEST.
      WHERE (_ITER_=8) and (_OBJ_ not = .);
NOTE: The data set EMWS1.NEURAL_INITIAL has 1 observations and 106 variables.
NOTE: DATA statement used (Total process time):
      real time           0.13 seconds
      cpu time            0.00 seconds
      

21356      *------------------------------------------------------------*;
MPRINT(EM_DIAGRAM):    *------------------------------------------------------------*;
21357      * Neural Network Model Selection;
MPRINT(EM_DIAGRAM):   * Neural Network Model Selection;
21358      ;
MPRINT(EM_DIAGRAM):   ;
21359      *------------------------------------------------------------*;
MPRINT(EM_DIAGRAM):   *------------------------------------------------------------*;
21360      proc neural data=EM_Neural dmdbcat=WORK.Neural_DMDB
21361      validdata = EMWS1.Impt_VALIDATE
21362      network = EMWS1.Neural_NETWORK.dm_neural
21363      random=12345
21364      ;
MPRINT(EM_DIAGRAM):   proc neural data=EM_Neural dmdbcat=WORK.Neural_DMDB validdata = EMWS1.Impt_VALIDATE network = EMWS1.Neural_NETWORK.dm_neural random=12345 ;
NOTE: Entry EMWS1.NEURAL_NETWORK.DM_NEURAL has been opened.
NOTE: Entry EMWS1.NEURAL_NETWORK.DM_NEURAL has been closed.
21365      nloptions noprint;
MPRINT(EM_DIAGRAM):   nloptions noprint;
21366      performance alldetails noutilfile;
MPRINT(EM_DIAGRAM):   performance alldetails noutilfile;
21367      initial inest=EMWS1.Neural_INITIAL;
MPRINT(EM_DIAGRAM):   initial inest=EMWS1.Neural_INITIAL;
NOTE: The data set EMWS1.NEURAL_INITIAL has 1 observations and 106 variables.
21368      train tech=NONE;
MPRINT(EM_DIAGRAM):   train tech=NONE;
NOTE: No optimization performed.
21369      code file="J:\JMMORR01\CIS 445\CIS 445 Project 3\Workspaces\EMWS1\Neural\SCORECODE.sas"
21370      group=Neural
21371      ;
MPRINT(EM_DIAGRAM):   code file="J:\JMMORR01\CIS 445\CIS 445 Project 3\Workspaces\EMWS1\Neural\SCORECODE.sas" group=Neural ;
NOTE: External file J:\JMMORR01\CIS 445\CIS 445 Project 3\Workspaces\EMWS1\Neural\SCORECODE.sas opened.
21372      ;
MPRINT(EM_DIAGRAM):   ;
21373      code file="J:\JMMORR01\CIS 445\CIS 445 Project 3\Workspaces\EMWS1\Neural\RESIDUALSCORECODE.sas"
21374      group=Neural
21375      residual
21376      ;
MPRINT(EM_DIAGRAM):   code file="J:\JMMORR01\CIS 445\CIS 445 Project 3\Workspaces\EMWS1\Neural\RESIDUALSCORECODE.sas" group=Neural residual ;
NOTE: External file J:\JMMORR01\CIS 445\CIS 445 Project 3\Workspaces\EMWS1\Neural\RESIDUALSCORECODE.sas opened.
21377      ;
MPRINT(EM_DIAGRAM):   ;
21378      score data=EMWS1.Impt_TRAIN out=_NULL_
NOTE: View EMWS1.IMPT_TRAIN.VIEW used (Total process time):
      real time           0.15 seconds
      cpu time            0.09 seconds
      
21379      outfit=WORK.FIT1
21380      role=TRAIN
21381      outkey=EMWS1.Neural_OUTKEY;
MPRINT(EM_DIAGRAM):   score data=EMWS1.Impt_TRAIN out=_NULL_ outfit=WORK.FIT1 role=TRAIN outkey=EMWS1.Neural_OUTKEY;
NOTE: The data set EMWS1.NEURAL_OUTKEY has 33 observations and 8 variables.
NOTE: The data set EMWS1.IMPT_TRAIN has . observations and 25 variables.
NOTE: There were 2979 observations read from the data set EMWS1.PART_TRAIN.
NOTE: The data set WORK.FIT1 has 2 observations and 23 variables.
21382      score data=EMWS1.Impt_VALIDATE out=_NULL_
NOTE: View EMWS1.IMPT_VALIDATE.VIEW used (Total process time):
      real time           0.18 seconds
      cpu time            0.06 seconds
      
21383      outfit=WORK.FIT2
21384      role=VALID
21385      outkey=EMWS1.Neural_OUTKEY;
MPRINT(EM_DIAGRAM):   score data=EMWS1.Impt_VALIDATE out=_NULL_ outfit=WORK.FIT2 role=VALID outkey=EMWS1.Neural_OUTKEY;
NOTE: The data set EMWS1.NEURAL_OUTKEY has 33 observations and 8 variables.
NOTE: The data set EMWS1.IMPT_VALIDATE has . observations and 25 variables.
NOTE: There were 2981 observations read from the data set EMWS1.PART_VALIDATE.
NOTE: The data set WORK.FIT2 has 2 observations and 15 variables.
21386      run;
MPRINT(EM_DIAGRAM):   run;

NOTE: The data set WORK.EM_NEURAL has 2979 observations and 13 variables.
NOTE: The data set EMWS1.IMPT_VALIDATE has . observations and 25 variables.
NOTE: View EMWS1.IMPT_VALIDATE.VIEW used (Total process time):
      real time           0.65 seconds
      cpu time            0.34 seconds
      
NOTE: There were 2981 observations read from the data set EMWS1.PART_VALIDATE.
NOTE: Closing the Neural Application.
NOTE: PROCEDURE NEURAL used (Total process time):
      real time           0.68 seconds
      cpu time            0.36 seconds
      

MPRINT(EM_DIAGRAM):   quit;
21387      quit;
21388      data EMWS1.Neural_OUTFIT;
MPRINT(EM_DIAGRAM):   data EMWS1.Neural_OUTFIT;
21389      merge WORK.FIT1 WORK.FIT2;
MPRINT(EM_DIAGRAM):   merge WORK.FIT1 WORK.FIT2;
21390      run;
MPRINT(EM_DIAGRAM):   run;

NOTE: There were 2 observations read from the data set WORK.FIT1.
NOTE: There were 2 observations read from the data set WORK.FIT2.
NOTE: The data set EMWS1.NEURAL_OUTFIT has 2 observations and 36 variables.
NOTE: DATA statement used (Total process time):
      real time           0.11 seconds
      cpu time            0.07 seconds
      

21391      data EMWS1.Neural_EMESTIMATE;
MPRINT(EM_DIAGRAM):   data EMWS1.Neural_EMESTIMATE;
21392      set EMWS1.Neural_outest;
MPRINT(EM_DIAGRAM):   set EMWS1.Neural_outest;
21393      if _type_ ^in('HESSIAN' 'GRAD');
MPRINT(EM_DIAGRAM):   if _type_ ^in('HESSIAN' 'GRAD');
21394      run;
MPRINT(EM_DIAGRAM):   run;

NOTE: There were 139 observations read from the data set EMWS1.NEURAL_OUTEST.
NOTE: The data set EMWS1.NEURAL_EMESTIMATE has 47 observations and 106 variables.
NOTE: DATA statement used (Total process time):
      real time           0.11 seconds
      cpu time            0.04 seconds
      

21395      proc datasets lib=work nolist;
MPRINT(EM_DIAGRAM):   proc datasets lib=work nolist;
21396      delete EM_Neural;
MPRINT(EM_DIAGRAM):   delete EM_Neural;
21397      run;
MPRINT(EM_DIAGRAM):   run;

NOTE: Deleting WORK.EM_NEURAL (memtype=DATA).
21398      quit;
MPRINT(EM_DIAGRAM):   quit;

NOTE: PROCEDURE DATASETS used (Total process time):
      real time           0.03 seconds
      cpu time            0.01 seconds
      

21399      data EMWS1.Neural_PLOTDS(where=(_iter_ ne . and _NAME_="OVERALL"));
MPRINT(EM_DIAGRAM):    data EMWS1.Neural_PLOTDS(where=(_iter_ ne . and _NAME_="OVERALL"));
21400      set fit_Neural;
MPRINT(EM_DIAGRAM):   set fit_Neural;
21401      attrib _ITER_ label="%sysfunc(sasmsg(sashelp.dmine, rpt_trainiterations_vlabel  , NOQUOTE))";
MPRINT(EM_DIAGRAM):   attrib _ITER_ label="Training Iterations";
21402      attrib _NAME_ label="%sysfunc(sasmsg(sashelp.dmine, rpt_varsel_label_name  , NOQUOTE))";
MPRINT(EM_DIAGRAM):   attrib _NAME_ label="Name";
21403      run;
MPRINT(EM_DIAGRAM):   run;

NOTE: There were 47 observations read from the data set WORK.FIT_NEURAL.
NOTE: The data set EMWS1.NEURAL_PLOTDS has 47 observations and 36 variables.
NOTE: DATA statement used (Total process time):
      real time           0.09 seconds
      cpu time            0.04 seconds
      

21404      proc sort data=EMWS1.Neural_PLOTDS;
MPRINT(EM_DIAGRAM):   proc sort data=EMWS1.Neural_PLOTDS;
21405      by _ITER_;
MPRINT(EM_DIAGRAM):   by _ITER_;
21406      run;
MPRINT(EM_DIAGRAM):   run;

NOTE: There were 47 observations read from the data set EMWS1.NEURAL_PLOTDS.
NOTE: The data set EMWS1.NEURAL_PLOTDS has 47 observations and 36 variables.
NOTE: PROCEDURE SORT used (Total process time):
      real time           0.12 seconds
      cpu time            0.01 seconds
      

21407      data tempweight (drop= _tech_ _decay_ _seed_ _nobj_ _obj_ _objerr_ _averr_ _p_num_ where=(_type_ eq "PARMS" and _iter_ eq 8) );
MPRINT(EM_DIAGRAM):    data tempweight (drop= _tech_ _decay_ _seed_ _nobj_ _obj_ _objerr_ _averr_ _p_num_ where=(_type_ eq "PARMS" and _iter_ eq 8) );
21408      set EMWS1.Neural_EMESTIMATE;
MPRINT(EM_DIAGRAM):   set EMWS1.Neural_EMESTIMATE;
21409      run;
MPRINT(EM_DIAGRAM):   run;

NOTE: There were 47 observations read from the data set EMWS1.NEURAL_EMESTIMATE.
NOTE: The data set WORK.TEMPWEIGHT has 1 observations and 98 variables.
NOTE: DATA statement used (Total process time):
      real time           0.04 seconds
      cpu time            0.03 seconds
      

21410      proc sort;
MPRINT(EM_DIAGRAM):   proc sort;
21411      by _name_;
MPRINT(EM_DIAGRAM):   by _name_;
21412      run;
MPRINT(EM_DIAGRAM):   run;

NOTE: There were 1 observations read from the data set WORK.TEMPWEIGHT.
NOTE: The data set WORK.TEMPWEIGHT has 1 observations and 98 variables.
NOTE: PROCEDURE SORT used (Total process time):
      real time           0.01 seconds
      cpu time            0.01 seconds
      

21413      proc transpose data=tempweight out=EMWS1.Neural_WEIGHTDS;
MPRINT(EM_DIAGRAM):   proc transpose data=tempweight out=EMWS1.Neural_WEIGHTDS;
21414      by _name_;
MPRINT(EM_DIAGRAM):   by _name_;
21415      run;
MPRINT(EM_DIAGRAM):   run;

NOTE: There were 1 observations read from the data set WORK.TEMPWEIGHT.
NOTE: The data set EMWS1.NEURAL_WEIGHTDS has 96 observations and 3 variables.
NOTE: PROCEDURE TRANSPOSE used (Total process time):
      real time           0.10 seconds
      cpu time            0.03 seconds
      

21416      data EMWS1.Neural_WEIGHTDS;
MPRINT(EM_DIAGRAM):   data EMWS1.Neural_WEIGHTDS;
21417      set EMWS1.Neural_WEIGHTDS;
MPRINT(EM_DIAGRAM):   set EMWS1.Neural_WEIGHTDS;
21418      FROM = trim(left(scan(_LABEL_, 1, '->')));
MPRINT(EM_DIAGRAM):   FROM = trim(left(scan(_LABEL_, 1, '->')));
21419      TO = trim(left(scan(_LABEL_, 2, '>')));
MPRINT(EM_DIAGRAM):   TO = trim(left(scan(_LABEL_, 2, '>')));
21420      WEIGHT = COL1;
MPRINT(EM_DIAGRAM):   WEIGHT = COL1;
21421      if (TO eq '') or (FROM eq '') then delete;
MPRINT(EM_DIAGRAM):   if (TO eq '') or (FROM eq '') then delete;
21422      label _LABEL_ ="%sysfunc(sasmsg(sashelp.dmine, meta_label_vlabel  , NOQUOTE))" FROM = "%sysfunc(sasmsg(sashelp.dmine, rpt_from_vlabel  , NOQUOTE))" TO = "%sysfunc(sasmsg(sashelp.dmine, rpt_into_vlabel  , NOQUOTE))" WEIGHT =
21423         "%sysfunc(sasmsg(sashelp.dmine, rpt_weight_vlabel  , NOQUOTE))";
MPRINT(EM_DIAGRAM):   label _LABEL_ = "Label" FROM = "From" TO = "Into" WEIGHT = "Weight";
21424      keep FROM TO WEIGHT _LABEL_;
MPRINT(EM_DIAGRAM):   keep FROM TO WEIGHT _LABEL_;
21425      run;
MPRINT(EM_DIAGRAM):   run;

NOTE: There were 96 observations read from the data set EMWS1.NEURAL_WEIGHTDS.
NOTE: The data set EMWS1.NEURAL_WEIGHTDS has 91 observations and 4 variables.
NOTE: DATA statement used (Total process time):
      real time           0.13 seconds
      cpu time            0.09 seconds
      

21426      proc sort data=EMWS1.Neural_WEIGHTDS nodupkey;
MPRINT(EM_DIAGRAM):   proc sort data=EMWS1.Neural_WEIGHTDS nodupkey;
21427      by _LABEL_;
MPRINT(EM_DIAGRAM):   by _LABEL_;
21428      run;
MPRINT(EM_DIAGRAM):   run;

NOTE: There were 91 observations read from the data set EMWS1.NEURAL_WEIGHTDS.
NOTE: 0 observations with duplicate key values were deleted.
NOTE: The data set EMWS1.NEURAL_WEIGHTDS has 91 observations and 4 variables.
NOTE: PROCEDURE SORT used (Total process time):
      real time           0.14 seconds
      cpu time            0.03 seconds
      

MPRINT(EM_DIAGRAM):    proc printto;
MPRINT(EM_DIAGRAM):   run;
