MPRINT(EM_DIAGRAM):    data _null_;
MPRINT(EM_DIAGRAM):   call symput('NLDATE', strip(put(date(), NLDATE.)));
MPRINT(EM_DIAGRAM):   call symput('NLTIME', strip(put(datetime(), NLTIME.)));
MPRINT(EM_DIAGRAM):   run;
MPRINT(EM_DIAGRAM):   data _null_;
MPRINT(EM_DIAGRAM):   nldate= sasmsg("sashelp.dmine", "log_date_note", 'N', "November 07, 2018" );
MPRINT(EM_DIAGRAM):   nltime= sasmsg("sashelp.dmine", "log_time_note", 'N', "21:35:44" );
MPRINT(EM_DIAGRAM):   put "*------------------------------------------------------------*";
MPRINT(EM_DIAGRAM):   put "* Score Log";
MPRINT(EM_DIAGRAM):   put nldate;
MPRINT(EM_DIAGRAM):   put nltime;
MPRINT(EM_DIAGRAM):   put "*------------------------------------------------------------*";
MPRINT(EM_DIAGRAM):   run;
*------------------------------------------------------------*
* Score Log
Date:                November 07, 2018
Time:                21:35:44
*------------------------------------------------------------*
MPRINT(EM_DIAGRAM):    filename O1PWQLCV "J:\JMMORR01\CIS 445\CIS 445 Project 3\Workspaces\EMWS1\Varsel\EMSCORE.out" encoding="UTF-8" NOBOM;
MPRINT(EM_DIAGRAM):   proc printto print=O1PWQLCV new;
MPRINT(EM_DIAGRAM):   run;
22834      filename emflow "J:\JMMORR01\CIS 445\CIS 445 Project 3\Workspaces\EMWS1\Varsel\EMFLOWSCORE.sas";
MPRINT(EM_DIAGRAM):    filename emflow "J:\JMMORR01\CIS 445\CIS 445 Project 3\Workspaces\EMWS1\Varsel\EMFLOWSCORE.sas";
MPRINT(EM_DIAGRAM):   *------------------------------------------------------------*;
MPRINT(EM_DIAGRAM):   * Varsel: Scoring DATA data;
MPRINT(EM_DIAGRAM):   *------------------------------------------------------------*;
22835      *------------------------------------------------------------*;
22836      * Varsel: Scoring DATA data;
22837      *------------------------------------------------------------*;
22838      data EMWS1.Varsel_TRAIN
22839      / view=EMWS1.Varsel_TRAIN
22840      ;
MPRINT(EM_DIAGRAM):   data EMWS1.Varsel_TRAIN / view=EMWS1.Varsel_TRAIN ;
22841      set EMWS1.BINNING_TRAIN
22842      ;
MPRINT(EM_DIAGRAM):   set EMWS1.BINNING_TRAIN ;
22843      %inc emflow;
NOTE: %INCLUDE (level 1) file EMFLOW is file J:\JMMORR01\CIS 445\CIS 445 Project 3\Workspaces\EMWS1\Varsel\EMFLOWSCORE.sas.
22844     +******************************************;
MPRINT(EM_DIAGRAM):   ******************************************;
22845     +*** Begin Scoring Code from PROC DMINE ***;
MPRINT(EM_DIAGRAM):   *** Begin Scoring Code from PROC DMINE ***;
22846     +******************************************;
MPRINT(EM_DIAGRAM):   ******************************************;
22847     +
22848     +length _WARN_ $ 4;
MPRINT(EM_DIAGRAM):   length _WARN_ $ 4;
22849     +label _WARN_ = "Warnings";
MPRINT(EM_DIAGRAM):   label _WARN_ = "Warnings";
22850     +
22851     +
22852     +/*----G_GRP_IMP_DEBTINC begin----*/
22853     +length _NORM12 $ 12;
MPRINT(EM_DIAGRAM):   length _NORM12 $ 12;
22854     +_NORM12 = put( GRP_IMP_DEBTINC , BEST12. );
MPRINT(EM_DIAGRAM):   _NORM12 = put( GRP_IMP_DEBTINC , BEST12. );
22855     +%DMNORMIP( _NORM12 )
MPRINT(DMNORMIP):   call dmnorm(_NORM12,
MPRINT(DMNORLEN):  32
MPRINT(DMNORMIP):  );
MPRINT(EM_DIAGRAM):   drop _NORM12;
MPRINT(EM_DIAGRAM):   select(_NORM12);
MPRINT(EM_DIAGRAM):   when('2' ) G_GRP_IMP_DEBTINC = 0;
MPRINT(EM_DIAGRAM):   when('3' ) G_GRP_IMP_DEBTINC = 1;
MPRINT(EM_DIAGRAM):   when('4' ) G_GRP_IMP_DEBTINC = 2;
22856     +drop _NORM12;
MPRINT(EM_DIAGRAM):   when('5' ) G_GRP_IMP_DEBTINC = 2;
22857     +select(_NORM12);
22858     +  when('2' ) G_GRP_IMP_DEBTINC = 0;
MPRINT(EM_DIAGRAM):   otherwise substr(_WARN_, 2, 1) = 'U';
22859     +  when('3' ) G_GRP_IMP_DEBTINC = 1;
MPRINT(EM_DIAGRAM):   end;
22860     +  when('4' ) G_GRP_IMP_DEBTINC = 2;
MPRINT(EM_DIAGRAM):   label G_GRP_IMP_DEBTINC= "Grouped Levels for  GRP_IMP_DEBTINC";
22861     +  when('5' ) G_GRP_IMP_DEBTINC = 2;
22862     +  otherwise substr(_WARN_, 2, 1) = 'U';
22863     +end;
22864     +label G_GRP_IMP_DEBTINC="Grouped Levels for  GRP_IMP_DEBTINC";
MPRINT(EM_DIAGRAM):   ****************************************;
MPRINT(EM_DIAGRAM):   *** End Scoring Code from PROC DMINE ***;
22865     +/*----GRP_IMP_DEBTINC end----*/
MPRINT(EM_DIAGRAM):   ****************************************;
22866     +
22867     +
22868     +****************************************;
22869     +*** End Scoring Code from PROC DMINE ***;
22870     +****************************************;
NOTE: %INCLUDE (level 1) ending.
MPRINT(EM_DIAGRAM):   run;
22871      run;

NOTE: DATA STEP view saved on file EMWS1.VARSEL_TRAIN.
NOTE: A stored DATA STEP view cannot run under a different operating system.
NOTE: View EMWS1.BINNING_TRAIN.VIEW used (Total process time):
      real time           0.17 seconds
      cpu time            0.10 seconds
      
NOTE: DATA statement used (Total process time):
      real time           0.17 seconds
      cpu time            0.10 seconds
      

MPRINT(EM_DIAGRAM):   quit;
22872      quit;
22873      filename emflow;
MPRINT(EM_DIAGRAM):   filename emflow;
NOTE: Fileref EMFLOW has been deassigned.
22874      filename emflow "J:\JMMORR01\CIS 445\CIS 445 Project 3\Workspaces\EMWS1\Varsel\EMFLOWSCORE.sas";
MPRINT(EM_DIAGRAM):    filename emflow "J:\JMMORR01\CIS 445\CIS 445 Project 3\Workspaces\EMWS1\Varsel\EMFLOWSCORE.sas";
MPRINT(EM_DIAGRAM):   *------------------------------------------------------------*;
MPRINT(EM_DIAGRAM):   * Varsel: Scoring VALIDATE data;
MPRINT(EM_DIAGRAM):   *------------------------------------------------------------*;
22875      *------------------------------------------------------------*;
22876      * Varsel: Scoring VALIDATE data;
22877      *------------------------------------------------------------*;
22878      data EMWS1.Varsel_VALIDATE
22879      / view=EMWS1.Varsel_VALIDATE
22880      ;
MPRINT(EM_DIAGRAM):   data EMWS1.Varsel_VALIDATE / view=EMWS1.Varsel_VALIDATE ;
22881      set EMWS1.BINNING_VALIDATE
22882      ;
MPRINT(EM_DIAGRAM):   set EMWS1.BINNING_VALIDATE ;
22883      %inc emflow;
NOTE: %INCLUDE (level 1) file EMFLOW is file J:\JMMORR01\CIS 445\CIS 445 Project 3\Workspaces\EMWS1\Varsel\EMFLOWSCORE.sas.
22884     +******************************************;
MPRINT(EM_DIAGRAM):   ******************************************;
22885     +*** Begin Scoring Code from PROC DMINE ***;
MPRINT(EM_DIAGRAM):   *** Begin Scoring Code from PROC DMINE ***;
22886     +******************************************;
MPRINT(EM_DIAGRAM):   ******************************************;
22887     +
22888     +length _WARN_ $ 4;
MPRINT(EM_DIAGRAM):   length _WARN_ $ 4;
22889     +label _WARN_ = "Warnings";
MPRINT(EM_DIAGRAM):   label _WARN_ = "Warnings";
22890     +
22891     +
22892     +/*----G_GRP_IMP_DEBTINC begin----*/
22893     +length _NORM12 $ 12;
MPRINT(EM_DIAGRAM):   length _NORM12 $ 12;
22894     +_NORM12 = put( GRP_IMP_DEBTINC , BEST12. );
MPRINT(EM_DIAGRAM):   _NORM12 = put( GRP_IMP_DEBTINC , BEST12. );
22895     +%DMNORMIP( _NORM12 )
MPRINT(DMNORMIP):   call dmnorm(_NORM12,
MPRINT(DMNORLEN):  32
MPRINT(DMNORMIP):  );
22896     +drop _NORM12;
MPRINT(EM_DIAGRAM):   drop _NORM12;
22897     +select(_NORM12);
MPRINT(EM_DIAGRAM):   select(_NORM12);
22898     +  when('2' ) G_GRP_IMP_DEBTINC = 0;
MPRINT(EM_DIAGRAM):   when('2' ) G_GRP_IMP_DEBTINC = 0;
22899     +  when('3' ) G_GRP_IMP_DEBTINC = 1;
MPRINT(EM_DIAGRAM):   when('3' ) G_GRP_IMP_DEBTINC = 1;
22900     +  when('4' ) G_GRP_IMP_DEBTINC = 2;
MPRINT(EM_DIAGRAM):   when('4' ) G_GRP_IMP_DEBTINC = 2;
22901     +  when('5' ) G_GRP_IMP_DEBTINC = 2;
MPRINT(EM_DIAGRAM):   when('5' ) G_GRP_IMP_DEBTINC = 2;
22902     +  otherwise substr(_WARN_, 2, 1) = 'U';
MPRINT(EM_DIAGRAM):   otherwise substr(_WARN_, 2, 1) = 'U';
22903     +end;
MPRINT(EM_DIAGRAM):   end;
22904     +label G_GRP_IMP_DEBTINC="Grouped Levels for  GRP_IMP_DEBTINC";
MPRINT(EM_DIAGRAM):   label G_GRP_IMP_DEBTINC= "Grouped Levels for  GRP_IMP_DEBTINC";
22905     +/*----GRP_IMP_DEBTINC end----*/
22906     +
22907     +
22908     +****************************************;
MPRINT(EM_DIAGRAM):   ****************************************;
22909     +*** End Scoring Code from PROC DMINE ***;
MPRINT(EM_DIAGRAM):   *** End Scoring Code from PROC DMINE ***;
22910     +****************************************;
MPRINT(EM_DIAGRAM):   ****************************************;
NOTE: %INCLUDE (level 1) ending.
MPRINT(EM_DIAGRAM):   run;
22911      run;

NOTE: DATA STEP view saved on file EMWS1.VARSEL_VALIDATE.
NOTE: A stored DATA STEP view cannot run under a different operating system.
NOTE: View EMWS1.BINNING_VALIDATE.VIEW used (Total process time):
      real time           0.21 seconds
      cpu time            0.10 seconds
      
NOTE: DATA statement used (Total process time):
      real time           0.23 seconds
      cpu time            0.10 seconds
      

MPRINT(EM_DIAGRAM):   quit;
22912      quit;
22913      filename emflow;
MPRINT(EM_DIAGRAM):   filename emflow;
NOTE: Fileref EMFLOW has been deassigned.
22914      options nosource;
MPRINT(EM_DIAGRAM):    options nosource;
MPRINT(EM_DIAGRAM):   data EMWS1.Varsel_R2DS;
MPRINT(EM_DIAGRAM):   set EMWS1.Varsel_OUTRSQUARE;
MPRINT(EM_DIAGRAM):   label Effect = "Effect";
MPRINT(EM_DIAGRAM):   label DF = "Degree of Freedom";
MPRINT(EM_DIAGRAM):   label RSquare = "R-Square";
MPRINT(EM_DIAGRAM):   rename RSquare = R2;
MPRINT(EM_DIAGRAM):   keep Effect DF RSquare;
MPRINT(EM_DIAGRAM):   if Type="AOV16" then delete;
MPRINT(EM_DIAGRAM):   run;

NOTE: There were 15 observations read from the data set EMWS1.VARSEL_OUTRSQUARE.
NOTE: The data set EMWS1.VARSEL_R2DS has 15 observations and 3 variables.
NOTE: DATA statement used (Total process time):
      real time           0.11 seconds
      cpu time            0.00 seconds
      

MPRINT(EM_DIAGRAM):   proc sort data = EMWS1.Varsel_R2DS;
MPRINT(EM_DIAGRAM):   by descending R2;
MPRINT(EM_DIAGRAM):   run;

NOTE: There were 15 observations read from the data set EMWS1.VARSEL_R2DS.
NOTE: The data set EMWS1.VARSEL_R2DS has 15 observations and 3 variables.
NOTE: PROCEDURE SORT used (Total process time):
      real time           0.12 seconds
      cpu time            0.03 seconds
      

MPRINT(EM_DIAGRAM):    data EMWS1.Varsel_EFFECTDS;
MPRINT(EM_DIAGRAM):   set EMWS1.Varsel_OUTEFFECT;
MPRINT(EM_DIAGRAM):   label RSquare = "Sequential R-Square";
MPRINT(EM_DIAGRAM):   label Effect = "Effect";
MPRINT(EM_DIAGRAM):   label DF = "Degree of Freedom";
MPRINT(EM_DIAGRAM):   Rename RSquare = R2;
MPRINT(EM_DIAGRAM):   keep Effect DF RSquare;
MPRINT(EM_DIAGRAM):   run;

NOTE: There were 4 observations read from the data set EMWS1.VARSEL_OUTEFFECT.
NOTE: The data set EMWS1.VARSEL_EFFECTDS has 4 observations and 3 variables.
NOTE: DATA statement used (Total process time):
      real time           0.09 seconds
      cpu time            0.03 seconds
      

MPRINT(EM_DIAGRAM):   proc sort data = EMWS1.Varsel_EFFECTDS;
MPRINT(EM_DIAGRAM):   by descending R2;
MPRINT(EM_DIAGRAM):   run;

NOTE: There were 4 observations read from the data set EMWS1.VARSEL_EFFECTDS.
NOTE: The data set EMWS1.VARSEL_EFFECTDS has 4 observations and 3 variables.
NOTE: PROCEDURE SORT used (Total process time):
      real time           0.11 seconds
      cpu time            0.01 seconds
      

MPRINT(EM_DIAGRAM):    *------------------------------------------------------------*;
MPRINT(EM_DIAGRAM):   * Varsel: Computing metadata for TRAIN data;
MPRINT(EM_DIAGRAM):   *------------------------------------------------------------*;

NOTE: View EMWS1.VARSEL_TRAIN.VIEW used (Total process time):
      real time           0.14 seconds
      cpu time            0.15 seconds
      
MPRINT(EM_DIAGRAM):    *------------------------------------------------------------*;
MPRINT(EM_DIAGRAM):   * &nodeid: Computing Metadata for TRAIN data;
MPRINT(EM_DIAGRAM):   *------------------------------------------------------------*;
MPRINT(EM_DIAGRAM):   filename _delta "J:\JMMORR01\CIS 445\CIS 445 Project 3\Workspaces\EMWS1\Varsel\CDELTA_TRAIN.sas";
MPRINT(EMADVISECOLUMNS):   proc display c=sashelp.emmeta.advisecolumns.scl;
MPRINT(EMADVISECOLUMNS):   run;
MPRINT(EMADVISECOLUMNS):    options validvarname=any;
MPRINT(EMADVISECOLUMNS):   proc contents data=EMWS1.Varsel_TRAIN out=_tempAdvisor noprint;
MPRINT(EMADVISECOLUMNS):   run;
MPRINT(EMADVISECOLUMNS):   options validvarname=V7;
MPRINT(EMADVISECOLUMNS):    data _null_;
MPRINT(EMADVISECOLUMNS):   dsid = open('EMWS1.Varsel_TRAIN');
MPRINT(EMADVISECOLUMNS):   call symput('_dsidTable', strip(put(dsid, best.)));
MPRINT(EMADVISECOLUMNS):   if dsid then do;
MPRINT(EMADVISECOLUMNS):   call symput('_engineTable', attrc(dsid, 'ENGINE'));
MPRINT(EMADVISECOLUMNS):   dsid = close(dsid);
MPRINT(EMADVISECOLUMNS):   end;
MPRINT(EMADVISECOLUMNS):   run;
MPRINT(EMADVISECOLUMNS):    proc contents data=EMWS1.Varsel_TRAIN out=WORK.M3GTGJFU noprint;
MPRINT(EMADVISECOLUMNS):   run;
MPRINT(EMADVISECOLUMNS):    data WORK.M3GTGJFU;
MPRINT(EMADVISECOLUMNS):   length NAME $ 64 TYPE $ 1 LABEL $ 200 FORMAT $ 36 INFORMAT $36 INDEX $ 1 INDEXTYPE $ 9;
MPRINT(EMADVISECOLUMNS):   label NAME =;
MPRINT(EMADVISECOLUMNS):   set WORK.M3GTGJFU(keep=name type length label format formatl formatd informat informl informd idxusage rename=(type=itype));
MPRINT(EMADVISECOLUMNS):   if itype = 1 then type = 'N';
MPRINT(EMADVISECOLUMNS):   else type = 'C';
MPRINT(EMADVISECOLUMNS):   if formatl > 0 then do;
MPRINT(EMADVISECOLUMNS):   if format ne '' then do;
MPRINT(EMADVISECOLUMNS):   if type='N' then format = strip(format)!!strip(put(formatl, best12.))!!'.'!!strip(put(formatd, best12.));
MPRINT(EMADVISECOLUMNS):   else format = strip(format)!!strip(put(formatl, best12.))!!'.';
MPRINT(EMADVISECOLUMNS):   end;
MPRINT(EMADVISECOLUMNS):   else format = strip(put(formatl, best12.))!!'.'!!strip(put(formatd, best12.));
MPRINT(EMADVISECOLUMNS):   end;
MPRINT(EMADVISECOLUMNS):   else if format ne '' then format = strip(format)!!'.';
MPRINT(EMADVISECOLUMNS):   if informl > 0 then do;
MPRINT(EMADVISECOLUMNS):   if informat ne ' ' then do;
MPRINT(EMADVISECOLUMNS):   if type='N' then informat = strip(informat)!!strip(put(informl, best12.))!!'.'!!strip(put(informd, best12.));
MPRINT(EMADVISECOLUMNS):   else informat = strip(informat)!!strip(put(informl, best12.))!!'.';
MPRINT(EMADVISECOLUMNS):   end;
MPRINT(EMADVISECOLUMNS):   else informat = strip(put(informl, best12.))!!'.'!!strip(put(informd, best12.));
MPRINT(EMADVISECOLUMNS):   end;
MPRINT(EMADVISECOLUMNS):   else if informat ne '' then informat = strip(informat)!!'.';
MPRINT(EMADVISECOLUMNS):   if idxusage = 'NONE' then index ="N";
MPRINT(EMADVISECOLUMNS):   else index = "Y";
MPRINT(EMADVISECOLUMNS):   indextype = idxusage;
MPRINT(EMADVISECOLUMNS):   drop idxusage itype formatl formatd informl informd;
MPRINT(EMADVISECOLUMNS):   run;
MPRINT(EMADVISECOLUMNS):    data WORK.M3GTGJFU;
MPRINT(EMADVISECOLUMNS):   length UNAME $64;
MPRINT(EMADVISECOLUMNS):   set WORK.M3GTGJFU;
MPRINT(EMADVISECOLUMNS):   UNAME = upcase(NAME);
MPRINT(EMADVISECOLUMNS):   run;
MPRINT(EMADVISECOLUMNS):    proc sort data=WORK.M3GH_FKN NOTHREADS;
MPRINT(EMADVISECOLUMNS):   by UNAME;
MPRINT(EMADVISECOLUMNS):   run;
MPRINT(EMADVISECOLUMNS):    data WORK.M3GH_FKN;
MPRINT(EMADVISECOLUMNS):   drop UNAME;
MPRINT(EMADVISECOLUMNS):   set WORK.M3GH_FKN;
MPRINT(EMADVISECOLUMNS):   run;
MPRINT(EMADVISECOLUMNS):    data WORK.M1YJKJIR(keep=NAME ATTR);
MPRINT(EMADVISECOLUMNS):   length ATTR $ 20;
MPRINT(EMADVISECOLUMNS):   set WORK.M3GH_FKN;
MPRINT(EMADVISECOLUMNS):   if level ne "INTERVAL" then do;
MPRINT(EMADVISECOLUMNS):   if order = ' ' then do;
MPRINT(EMADVISECOLUMNS):   attr = 'ORDER';
MPRINT(EMADVISECOLUMNS):   output;
MPRINT(EMADVISECOLUMNS):   end;
MPRINT(EMADVISECOLUMNS):   end;
MPRINT(EMADVISECOLUMNS):   if format ne ' ' and formattype = ' ' then do;
MPRINT(EMADVISECOLUMNS):   attr = 'FORMATTYPE';
MPRINT(EMADVISECOLUMNS):   output;
MPRINT(EMADVISECOLUMNS):   end;
MPRINT(EMADVISECOLUMNS):   if role = ' ' then do;
MPRINT(EMADVISECOLUMNS):   attr = 'ROLE';
MPRINT(EMADVISECOLUMNS):   output;
MPRINT(EMADVISECOLUMNS):   end;
MPRINT(EMADVISECOLUMNS):   if level = ' ' then do;
MPRINT(EMADVISECOLUMNS):   attr = 'LEVEL';
MPRINT(EMADVISECOLUMNS):   output;
MPRINT(EMADVISECOLUMNS):   end;
MPRINT(EMADVISECOLUMNS):   if type = ' ' then do;
MPRINT(EMADVISECOLUMNS):   attr = 'TYPE';
MPRINT(EMADVISECOLUMNS):   output;
MPRINT(EMADVISECOLUMNS):   end;
MPRINT(EMADVISECOLUMNS):   if index = ' ' then do;
MPRINT(EMADVISECOLUMNS):   attr = 'INDEX';
MPRINT(EMADVISECOLUMNS):   output;
MPRINT(EMADVISECOLUMNS):   end;
MPRINT(EMADVISECOLUMNS):   if report = ' ' then do;
MPRINT(EMADVISECOLUMNS):   attr = 'REPORT';
MPRINT(EMADVISECOLUMNS):   output;
MPRINT(EMADVISECOLUMNS):   end;
MPRINT(EMADVISECOLUMNS):   run;
MPRINT(EMADVISECOLUMNS):   proc sort NOTHREADS;
MPRINT(EMADVISECOLUMNS):   by attr;
MPRINT(EMADVISECOLUMNS):   run;
MPRINT(EMADVISECOLUMNS):    data WORK.M3GH_FKN;
MPRINT(EMADVISECOLUMNS):   length NAME $64 ROLE $ 32 LEVEL $ 10 ORDER $ 8 CREATOR $32 FORMATTYPE $ 10 FAMILY $ 10 LOWERLIMIT 8 UPPERLIMIT 8 REPORT $1 DISTRIBUTION $ 20 COMMENT $64;
MPRINT(EMADVISECOLUMNS):   length levelAssigned 8 roleAssigned 8 PRICE 8;
MPRINT(EMADVISECOLUMNS):   set WORK.M3GH_FKN;
MPRINT(EMADVISECOLUMNS):   if formattype = ' ' then do;
MPRINT(EMADVISECOLUMNS):   if format ne ' ' then do;
MPRINT(EMADVISECOLUMNS):   if type = 'N' then do;
MPRINT(EMADVISECOLUMNS):   pos = indexc(format,'.1234567890');
MPRINT(EMADVISECOLUMNS):   if pos > 1 then tempfmt = substr(format,1, pos-1);
MPRINT(EMADVISECOLUMNS):   else tempfmt = ' ';
MPRINT(EMADVISECOLUMNS):   flen = length(tempfmt);
MPRINT(EMADVISECOLUMNS):   select;
MPRINT(EMADVISECOLUMNS):   when(tempfmt in ("DATE" "DAY" "DDMMYY" "DOWNAME" "JULDAY" "JULIAN" "MMDDYY" "MMDDYYD" "MMDDYYC" "MMDDYYN" "MMDDYYP" "MMDDYYS" "MONNAME" "MONTH" "MONYY" "NENGO" "QTR" "QTRR" "WEEKDATE" "WEEKDATX" "WEEKDAY" "WORDDATE" "WORDDATX" 
"YEAR" "YYMMDD" "YYMON" "YYMMDDC" "YYMMDDD" "YYMMDDN" "YYMMDDP" "YYMMDDS" "EURDFDE" "NJDATE" "NLDATE" "EURDFDD" "EURDFDWN" "EURDFMN" "EURDFMY" "EURDFWK" "EURDFWKX" "EURDFWDX" "EURDFDN" "EURDFDE" )) formattype = 'DATE';
MPRINT(EMADVISECOLUMNS):   when(tempfmt in ("DATETIME" "EURDFDT" "TOD" )) formattype = "DATETIME";
MPRINT(EMADVISECOLUMNS):   when(tempfmt in ("HHMM" "HOUR" "MMSS" "TIME" "TIMEAMPM" )) formattype = "TIME";
MPRINT(EMADVISECOLUMNS):   when(tempfmt in ("COMMA" "COMMAX" "DOLLAR" "DOLLARX" "E" "FRACT" "NEGPAREN" "PERCENT")) formattype="QUANTITY";
MPRINT(EMADVISECOLUMNS):   when(tempfmt in ("BINARY" "HEX" "IB" "OCTAL" "PD" "PIB" "PK" "RB" "SSN" "Z" "ZD")) formattype = "CODING";
MPRINT(EMADVISECOLUMNS):   otherwise do;
MPRINT(EMADVISECOLUMNS):   formattype = "USER";
MPRINT(EMADVISECOLUMNS):   if compress(tempfmt, '0123456789.', '') = '' then formattype='NUM';
MPRINT(EMADVISECOLUMNS):   else if substr(tempfmt, 1, 6)='NLDATE' then formattype = "DATE";
MPRINT(EMADVISECOLUMNS):   else if substr(tempfmt, 1, 6)='NLDATM' then formattype = "DATETIME";
MPRINT(EMADVISECOLUMNS):   else if substr(tempfmt, 1, 4)='NLTIM' then formattype = "TIME";
MPRINT(EMADVISECOLUMNS):   else if flen >= 4 then do;
MPRINT(EMADVISECOLUMNS):   str = substr(tempfmt,1,4);
MPRINT(EMADVISECOLUMNS):   if str in ("MMYY" "YYMM" "YYQR") then formattype ="DATE";
MPRINT(EMADVISECOLUMNS):   else if str = "S370" then formattype = "CODING";
MPRINT(EMADVISECOLUMNS):   else if str = "BEST" then formattype = "NUM";
MPRINT(EMADVISECOLUMNS):   drop str;
MPRINT(EMADVISECOLUMNS):   end;
MPRINT(EMADVISECOLUMNS):   else if flen >=3 and substr(tempfmt,1,3) = "YYQ" then formatType = "DATE";
MPRINT(EMADVISECOLUMNS):   end;
MPRINT(EMADVISECOLUMNS):   end;
MPRINT(EMADVISECOLUMNS):   drop flen tempfmt pos;
MPRINT(EMADVISECOLUMNS):   end;
MPRINT(EMADVISECOLUMNS):   else do;
MPRINT(EMADVISECOLUMNS):   formatType = "CATEGORY";
MPRINT(EMADVISECOLUMNS):   end;
MPRINT(EMADVISECOLUMNS):   end;
MPRINT(EMADVISECOLUMNS):   if formatType = "NUM" then do;
MPRINT(EMADVISECOLUMNS):   if index = "Y" then formatType = "DISCRETE";
MPRINT(EMADVISECOLUMNS):   else formatType = "QUANTITY";
MPRINT(EMADVISECOLUMNS):   end;
MPRINT(EMADVISECOLUMNS):   end;
MPRINT(EMADVISECOLUMNS):   if level = ' ' then do;
MPRINT(EMADVISECOLUMNS):   if formatType in ("CATEGORY", "CODING", "ID") or type = "C" then level = "NOMINAL";
MPRINT(EMADVISECOLUMNS):   else level = "INTERVAL";
MPRINT(EMADVISECOLUMNS):   levelAssigned = 1;
MPRINT(EMADVISECOLUMNS):   end;
MPRINT(EMADVISECOLUMNS):   else level = upcase(level);
MPRINT(EMADVISECOLUMNS):   if role = ' ' then do;
MPRINT(EMADVISECOLUMNS):   length name_prefix $8 _uname $64;
MPRINT(EMADVISECOLUMNS):   drop name_prefix _uname _freqflag;
MPRINT(EMADVISECOLUMNS):   retain _freqflag;
MPRINT(EMADVISECOLUMNS):   if LENGTH> 80 then ROLE = 'TEXT';
MPRINT(EMADVISECOLUMNS):   _uname = upcase(NAME);
MPRINT(EMADVISECOLUMNS):   select(_uname);
MPRINT(EMADVISECOLUMNS):   when('_PARTIND_') do;
MPRINT(EMADVISECOLUMNS):   ROLE = 'ID';
MPRINT(EMADVISECOLUMNS):   LEVEL = 'NOMINAL';
MPRINT(EMADVISECOLUMNS):   end;
MPRINT(EMADVISECOLUMNS):   when('_WARN_') ROLE = 'ASSESS';
MPRINT(EMADVISECOLUMNS):   when('EM_SEGMENT') do;
MPRINT(EMADVISECOLUMNS):   ROLE = 'SEGMENT';
MPRINT(EMADVISECOLUMNS):   LEVEL = 'NOMINAL';
MPRINT(EMADVISECOLUMNS):   end;
MPRINT(EMADVISECOLUMNS):   when('_NODE_') do;
MPRINT(EMADVISECOLUMNS):   ROLE = 'SEGMENT';
MPRINT(EMADVISECOLUMNS):   LEVEL = 'NOMINAL';
MPRINT(EMADVISECOLUMNS):   end;
MPRINT(EMADVISECOLUMNS):   when('EM_CLASSTARGET') ROLE = 'ASSESS';
MPRINT(EMADVISECOLUMNS):   when('EM_VALUETARGET') ROLE = 'ASSESS';
MPRINT(EMADVISECOLUMNS):   when('EM_PREDICTION') ROLE = 'PREDICT';
MPRINT(EMADVISECOLUMNS):   when('EM_PROBABILITY') ROLE = 'PREDICT';
MPRINT(EMADVISECOLUMNS):   when('EM_EVENTPROBABILITY') ROLE = 'PREDICT';
MPRINT(EMADVISECOLUMNS):   when('EM_CLASSIFICATION') ROLE = 'CLASSIFICATION';
MPRINT(EMADVISECOLUMNS):   when('EM_DECISION') ROLE = 'DECISION';
MPRINT(EMADVISECOLUMNS):   when('EM_PROFIT') ROLE = 'ASSESS';
MPRINT(EMADVISECOLUMNS):   when('EM_LOSS') ROLE = 'ASSESS';
MPRINT(EMADVISECOLUMNS):   when('EM_ROI') ROLE = 'ASSESS';
MPRINT(EMADVISECOLUMNS):   when('URI') ROLE = 'URL';
MPRINT(EMADVISECOLUMNS):   when('FILTERED') ROLE = 'TEXTLOC';
MPRINT(EMADVISECOLUMNS):   otherwise do;
MPRINT(EMADVISECOLUMNS):   if upcase(NAME) =: 'ZIP' then do;
MPRINT(EMADVISECOLUMNS):   ROLE = 'REJECTED';
MPRINT(EMADVISECOLUMNS):   LEVEL = 'NOMINAL';
MPRINT(EMADVISECOLUMNS):   COMMENT = 'Rejected by: Exceed the maximum class level of %s';
MPRINT(EMADVISECOLUMNS):   end;
MPRINT(EMADVISECOLUMNS):   else if upcase(NAME) in('FREQ', 'FREQUENCY') then do;
MPRINT(EMADVISECOLUMNS):   ROLE = 'FREQ';
MPRINT(EMADVISECOLUMNS):   if TYPE = 'C' then ROLE = 'INPUT';
MPRINT(EMADVISECOLUMNS):   else if _freqflag =1 then ROLE='REJECTED';
MPRINT(EMADVISECOLUMNS):   end;
MPRINT(EMADVISECOLUMNS):   else do;
MPRINT(EMADVISECOLUMNS):   name_prefix = scan(_uname, 1, '_');
MPRINT(EMADVISECOLUMNS):   if scan(_uname, 2, '_') = '' then name_prefix='';
MPRINT(EMADVISECOLUMNS):   if name_prefix in('F', 'I', 'U') then do;
MPRINT(EMADVISECOLUMNS):   ROLE = 'CLASSIFICATION';
MPRINT(EMADVISECOLUMNS):   LEVEL = 'NOMINAL';
MPRINT(EMADVISECOLUMNS):   end;
MPRINT(EMADVISECOLUMNS):   else if name_prefix in('Q') then ROLE = 'ASSESS';
MPRINT(EMADVISECOLUMNS):   else if name_prefix in('P', 'V') then ROLE = 'PREDICT';
MPRINT(EMADVISECOLUMNS):   else if name_prefix in('R', 'RS', 'RT', 'RD', 'RDS', 'RDT', 'RA', 'RAS', 'RAT') then ROLE = 'RESIDUAL';
MPRINT(EMADVISECOLUMNS):   else if name_prefix ='D' then do;
MPRINT(EMADVISECOLUMNS):   ROLE = 'DECISION';
MPRINT(EMADVISECOLUMNS):   LEVEL = 'NOMINAL';
MPRINT(EMADVISECOLUMNS):   end;
MPRINT(EMADVISECOLUMNS):   else if name_prefix ='B' then do;
MPRINT(EMADVISECOLUMNS):   ROLE = 'SEGMENT';
MPRINT(EMADVISECOLUMNS):   LEVEL = 'NOMINAL';
MPRINT(EMADVISECOLUMNS):   end;
MPRINT(EMADVISECOLUMNS):   else if name_prefix in('EP', 'BP', 'CP', 'EL', 'CL', 'BL', 'W', 'ROI', 'IC') then ROLE = 'ASSESS';
MPRINT(EMADVISECOLUMNS):   else do;
MPRINT(EMADVISECOLUMNS):   array _ROLE_ (19) $32 _TEMPORARY_ ('ASSESS','CLASSIFICATION','CENSOR', 'COST', 'CROSSID', 'DECISION', 'ID','INPUT', 'LABEL', 'MISSING','PREDICT','REFERRER','REJECTED', 'RESIDUAL','SEGMENT', 'SEQUENCE','TARGET', 'TEXT', 'TIMEID');
MPRINT(EMADVISECOLUMNS):   drop _found_ i;
MPRINT(EMADVISECOLUMNS):   _found_=0;
MPRINT(EMADVISECOLUMNS):   do i=1 to 19 until(_found_=1);
MPRINT(EMADVISECOLUMNS):   if index(_uname, trim(_ROLE_{i}))=1 then do;
MPRINT(EMADVISECOLUMNS):   ROLE=_ROLE_{i};
MPRINT(EMADVISECOLUMNS):   if ROLE = 'ID' then LEVEL = 'NOMINAL';
MPRINT(EMADVISECOLUMNS):   else if ROLE = 'SEGMENT' then LEVEL = 'NOMINAL';
MPRINT(EMADVISECOLUMNS):   else if ROLE = 'TIMEID' and TYPE='N' then LEVEL = 'INTERVAL';
MPRINT(EMADVISECOLUMNS):   _found_=1;
MPRINT(EMADVISECOLUMNS):   end;
MPRINT(EMADVISECOLUMNS):   end;
MPRINT(EMADVISECOLUMNS):   if length(_uname)>2 then do;
MPRINT(EMADVISECOLUMNS):   if substr(reverse(trim(_uname)), 1, 3) = 'DI_' then do;
MPRINT(EMADVISECOLUMNS):   ROLE = 'ID';
MPRINT(EMADVISECOLUMNS):   LEVEL = 'NOMINAL';
MPRINT(EMADVISECOLUMNS):   end;
MPRINT(EMADVISECOLUMNS):   end;
MPRINT(EMADVISECOLUMNS):   end;
MPRINT(EMADVISECOLUMNS):   end;
MPRINT(EMADVISECOLUMNS):   end;
MPRINT(EMADVISECOLUMNS):   end;
MPRINT(EMADVISECOLUMNS):   if ROLE='FREQ' then _freqflag=1;
MPRINT(EMADVISECOLUMNS):   else if ROLE = 'CLASSIFICATION' then LEVEL = 'NOMINAL';
MPRINT(EMADVISECOLUMNS):   if symexist('RATEMKG_ROLE') then do;
MPRINT(EMADVISECOLUMNS):   if upcase(symget('RATEMKG_ROLE')) in('Y', 'YES') then do;
MPRINT(EMADVISECOLUMNS):   if _uname =: 'POLICY' then ROLE = 'POLICYID';
MPRINT(EMADVISECOLUMNS):   else if _uname in ('PARTITION', '_PARTIND_') then ROLE = 'PARTITION';
MPRINT(EMADVISECOLUMNS):   else if type = 'N' then do;
MPRINT(EMADVISECOLUMNS):   if _uname = 'EXPOSURE' then ROLE = 'EXPOSURE';
MPRINT(EMADVISECOLUMNS):   else if _uname = 'YEAR' then ROLE = 'YEAR';
MPRINT(EMADVISECOLUMNS):   else if _uname = 'WEIGHT' then ROLE = 'WEIGHT';
MPRINT(EMADVISECOLUMNS):   else if _uname = 'OFFSET' then ROLE = 'OFFSET';
MPRINT(EMADVISECOLUMNS):   end;
MPRINT(EMADVISECOLUMNS):   end;
MPRINT(EMADVISECOLUMNS):   end;
MPRINT(EMADVISECOLUMNS):   end;
MPRINT(EMADVISECOLUMNS):   if role = ' ' then do;
MPRINT(EMADVISECOLUMNS):   if formattype in('DATE', 'DATETIME', 'TIME') then role = 'TIMEID';
MPRINT(EMADVISECOLUMNS):   else role = 'INPUT';
MPRINT(EMADVISECOLUMNS):   roleAssigned = 1;
MPRINT(EMADVISECOLUMNS):   end;
MPRINT(EMADVISECOLUMNS):   else role = upcase(role);
MPRINT(EMADVISECOLUMNS):   if REPORT = '' then REPORT = 'N';
MPRINT(EMADVISECOLUMNS):   if symexist('dmwb_product') then do;
MPRINT(EMADVISECOLUMNS):   if upcase(symget('dmwb_product')) = 'FACTORYMINER_DATASOURCE' then do;
MPRINT(EMADVISECOLUMNS):   if ROLE ^in('INPUT', 'TARGET', 'REJECTED', 'SEGMENT', 'FREQ', 'ID', 'KEY') then ROLE='REJECTED';
MPRINT(EMADVISECOLUMNS):   end;
MPRINT(EMADVISECOLUMNS):   end;
MPRINT(EMADVISECOLUMNS):   run;
MPRINT(EMADVISECOLUMNS):    data WORK.M3GH_FKN;
MPRINT(EMADVISECOLUMNS):   set WORK.M3GH_FKN;
MPRINT(EMADVISECOLUMNS):   label NAME = "Variable Name" TYPE = "Type" ROLE = "Role" LEVEL= "Measurement Level" ORDER= "Order" CREATOR= "Creator" FORMATTYPE= "Format Type" FAMILY= "Family" DISTRIBUTION= "Distribution" PRICE= "Price" LOWERLIMIT= "Lower 
limit" UPPERLIMIT= "Upper Limit" REPORT= "Report" COMMENT= "Comment" INDEX= "Index" INDEXTYPE= "IndexType" LABEL= "Label" LENGTH= "Length";
MPRINT(EMADVISECOLUMNS):   drop levelAssigned roleAssigned;
MPRINT(EMADVISECOLUMNS):   run;
MPRINT(EMADVISECOLUMNS):   
MPRINT(EM_DIAGRAM):  ;
MPRINT(EM_DIAGRAM):   proc sort data=WORK.COLUMNMETA;
MPRINT(EM_DIAGRAM):   by NAME;
MPRINT(EM_DIAGRAM):   run;
MPRINT(EM_DIAGRAM):   *------------------------------------------------------------*;
MPRINT(EM_DIAGRAM):   * &nodeid: Merge incoming metadata;
MPRINT(EM_DIAGRAM):   *------------------------------------------------------------*;
MPRINT(EM_DIAGRAM):   proc contents data=EMWS1.BINNING_TRAIN noprint out=_temp2(keep=NAME);
MPRINT(EM_DIAGRAM):   run;
MPRINT(EM_DIAGRAM):   proc sort data=_temp2;
MPRINT(EM_DIAGRAM):   by NAME;
MPRINT(EM_DIAGRAM):   run;
MPRINT(EM_DIAGRAM):   proc sort data=EMWS1.BINNING_CMeta_TRAIN out=_temp;
MPRINT(EM_DIAGRAM):   by NAME;
MPRINT(EM_DIAGRAM):   run;
MPRINT(EM_DIAGRAM):   data EMWS1.Varsel_CMeta_TRAIN;
MPRINT(EM_DIAGRAM):   merge WORK.COLUMNMETA(in=_a) _temp2(in=_b) _temp(drop=FORMAT INFORMAT LENGTH INDEX INDEXTYPE in=_c) end=_eof_;
MPRINT(EM_DIAGRAM):   by NAME;
MPRINT(EM_DIAGRAM):   if (^_a and _b) or (^_c and _a and _b) then delete;
MPRINT(EM_DIAGRAM):   if ^_b then CREATOR = "Varsel";
MPRINT(EM_DIAGRAM):   *------------------------------------------------------------*;
MPRINT(EM_DIAGRAM):   * Varsel: Apply Delta Code;
MPRINT(EM_DIAGRAM):   *------------------------------------------------------------*;
MPRINT(EM_DIAGRAM):   if upcase(name) = 'GRP_IMP_DEBTINC' then role = 'REJECTED';
MPRINT(EM_DIAGRAM):   if upcase(strip(name)) = "G_GRP_IMP_DEBTINC" then level = "NOMINAL";
MPRINT(EM_DIAGRAM):   run;
MPRINT(EM_DIAGRAM):   filename _delta;
NOTE: View EMWS1.VARSEL_TRAIN.VIEW used (Total process time):
      real time           0.14 seconds
      cpu time            0.14 seconds
      
NOTE: View EMWS1.VARSEL_VALIDATE.VIEW used (Total process time):
      real time           0.12 seconds
      cpu time            0.11 seconds
      
MPRINT(EM_DIAGRAM):    options nonotes nosource;
MPRINT(EM_DIAGRAM):   data EMWS1.Varsel_RESULTEDVARS(keep = NAME ROLE LEVEL TYPE LABEL);
MPRINT(EM_DIAGRAM):   set EMWS1.Varsel_CMETA_TRAIN;
MPRINT(EM_DIAGRAM):   run;
MPRINT(EM_DIAGRAM):   data EMWS1.Varsel_RESULTEDVARS;
MPRINT(EM_DIAGRAM):   set EMWS1.Varsel_RESULTEDVARS;
MPRINT(EM_DIAGRAM):   length COMMENT $300;
MPRINT(EM_DIAGRAM):   label COMMENT = "Reasons for Rejection";
MPRINT(EM_DIAGRAM):   if upcase(name) = 'GRP_IMP_DEBTINC' then do;
MPRINT(EM_DIAGRAM):   comment = "Varsel:Small R-square value, Group variable preferred";
MPRINT(EM_DIAGRAM):   end;
MPRINT(EM_DIAGRAM):   ;
MPRINT(EM_DIAGRAM):   if ROLE not in ('REJECTED' 'INPUT') then delete;
MPRINT(EM_DIAGRAM):   run;
MPRINT(EM_DIAGRAM):    data EMWS1.Varsel_UNUSEDINPUTVARS;
MPRINT(EM_DIAGRAM):   run;
MPRINT(EM_DIAGRAM):    data EMWS1.Varsel_RESULTEDVARS;
MPRINT(EM_DIAGRAM):   set EMWS1.Varsel_RESULTEDVARS;
MPRINT(EM_DIAGRAM):   if upcase(name) = 'IMP_CLAGE' then delete;
MPRINT(EM_DIAGRAM):   if upcase(name) = 'IMP_CLNO' then delete;
MPRINT(EM_DIAGRAM):   if upcase(name) = 'IMP_DEBTINC' then delete;
MPRINT(EM_DIAGRAM):   if upcase(name) = 'IMP_JOB' then delete;
MPRINT(EM_DIAGRAM):   if upcase(name) = 'IMP_MORTDUE' then delete;
MPRINT(EM_DIAGRAM):   if upcase(name) = 'IMP_NINQ' then delete;
MPRINT(EM_DIAGRAM):   if upcase(name) = 'IMP_REASON' then delete;
MPRINT(EM_DIAGRAM):   if upcase(name) = 'IMP_VALUE' then delete;
MPRINT(EM_DIAGRAM):   if upcase(name) = 'INDELINQ' then delete;
MPRINT(EM_DIAGRAM):   if upcase(name) = 'INDEROG' then delete;
MPRINT(EM_DIAGRAM):   if upcase(name) = 'INYOJ' then delete;
MPRINT(EM_DIAGRAM):   if upcase(name) = 'LOAN' then delete;
MPRINT(EM_DIAGRAM):   run;
MPRINT(EM_DIAGRAM):   options notes source;
MPRINT(EM_DIAGRAM):   run;
23313      run;

23314      data EMWS1.Varsel_CMETA_NONREJECTS EMWS1.Varsel_CMETA_REJECTS;
MPRINT(EM_DIAGRAM):    data EMWS1.Varsel_CMETA_NONREJECTS EMWS1.Varsel_CMETA_REJECTS;
23315      set EMWS1.Varsel_CMETA_TRAIN;
MPRINT(EM_DIAGRAM):   set EMWS1.Varsel_CMETA_TRAIN;
23316      if ROLE ='REJECTED' then output EMWS1.Varsel_CMETA_REJECTS;
MPRINT(EM_DIAGRAM):   if ROLE ='REJECTED' then output EMWS1.Varsel_CMETA_REJECTS;
23317      else output EMWS1.Varsel_CMETA_NONREJECTS;
MPRINT(EM_DIAGRAM):   else output EMWS1.Varsel_CMETA_NONREJECTS;
23318      run;
MPRINT(EM_DIAGRAM):   run;

NOTE: There were 20 observations read from the data set EMWS1.VARSEL_CMETA_TRAIN.
NOTE: The data set EMWS1.VARSEL_CMETA_NONREJECTS has 7 observations and 20 variables.
NOTE: The data set EMWS1.VARSEL_CMETA_REJECTS has 13 observations and 20 variables.
NOTE: DATA statement used (Total process time):
      real time           0.20 seconds
      cpu time            0.04 seconds
      

23319      data EMWS1.Varsel_CMETA_TRAIN;
MPRINT(EM_DIAGRAM):    data EMWS1.Varsel_CMETA_TRAIN;
23320      set EMWS1.Varsel_CMETA_NONREJECTS;
MPRINT(EM_DIAGRAM):   set EMWS1.Varsel_CMETA_NONREJECTS;
23321      run;
MPRINT(EM_DIAGRAM):   run;

NOTE: There were 7 observations read from the data set EMWS1.VARSEL_CMETA_NONREJECTS.
NOTE: The data set EMWS1.VARSEL_CMETA_TRAIN has 7 observations and 20 variables.
NOTE: DATA statement used (Total process time):
      real time           0.12 seconds
      cpu time            0.06 seconds
      

23322      data WORK._tmp_meta_;
MPRINT(EM_DIAGRAM):    data WORK._tmp_meta_;
23323      set EMWS1.Varsel_CMETA_TRAIN;
MPRINT(EM_DIAGRAM):   set EMWS1.Varsel_CMETA_TRAIN;
23324      if ROLE ^= 'INPUT' then delete;
MPRINT(EM_DIAGRAM):   if ROLE ^= 'INPUT' then delete;
23325      run;
MPRINT(EM_DIAGRAM):   run;

NOTE: There were 7 observations read from the data set EMWS1.VARSEL_CMETA_TRAIN.
NOTE: The data set WORK._TMP_META_ has 4 observations and 20 variables.
NOTE: DATA statement used (Total process time):
      real time           0.03 seconds
      cpu time            0.01 seconds
      

MPRINT(EM_DIAGRAM):    proc printto;
MPRINT(EM_DIAGRAM):   run;
