MPRINT(EM_DIAGRAM):    data _null_;
MPRINT(EM_DIAGRAM):   call symput('NLDATE', strip(put(date(), NLDATE.)));
MPRINT(EM_DIAGRAM):   call symput('NLTIME', strip(put(datetime(), NLTIME.)));
MPRINT(EM_DIAGRAM):   run;
MPRINT(EM_DIAGRAM):   data _null_;
MPRINT(EM_DIAGRAM):   nldate= sasmsg("sashelp.dmine", "log_date_note", 'N', "November 07, 2018" );
MPRINT(EM_DIAGRAM):   nltime= sasmsg("sashelp.dmine", "log_time_note", 'N', "21:35:39" );
MPRINT(EM_DIAGRAM):   put "*------------------------------------------------------------*";
MPRINT(EM_DIAGRAM):   put "* Training Log";
MPRINT(EM_DIAGRAM):   put nldate;
MPRINT(EM_DIAGRAM):   put nltime;
MPRINT(EM_DIAGRAM):   put "*------------------------------------------------------------*";
MPRINT(EM_DIAGRAM):   run;
*------------------------------------------------------------*
* Training Log
Date:                November 07, 2018
Time:                21:35:39
*------------------------------------------------------------*
MPRINT(EM_DIAGRAM):    filename O2KQ_8CB "J:\JMMORR01\CIS 445\CIS 445 Project 3\Workspaces\EMWS1\Varsel\EMTRAIN.out" encoding="UTF-8" NOBOM;
MPRINT(EM_DIAGRAM):   proc printto print=O2KQ_8CB new;
MPRINT(EM_DIAGRAM):   run;
MPRINT(EM_DIAGRAM):    filename _LOG "J:\JMMORR01\CIS 445\CIS 445 Project 3\Workspaces\EMWS1\Varsel\EMLOG.log" encoding="UTF-8" NOBOM;
MPRINT(EM_DIAGRAM):    data _null_;
MPRINT(EM_DIAGRAM):   call symput('NLDATE', strip(put(date(), NLDATE.)));
MPRINT(EM_DIAGRAM):   call symput('NLTIME', strip(put(datetime(), NLTIME.)));
MPRINT(EM_DIAGRAM):   run;
MPRINT(EM_DIAGRAM):   data _null_;
MPRINT(EM_DIAGRAM):   nldate= sasmsg("sashelp.dmine", "log_date_note", 'N', "November 07, 2018" );
MPRINT(EM_DIAGRAM):   nltime= sasmsg("sashelp.dmine", "log_time_note", 'N', "21:35:39" );
MPRINT(EM_DIAGRAM):   file _LOG;
MPRINT(EM_DIAGRAM):   put "*------------------------------------------------------------*";
MPRINT(EM_DIAGRAM):   put "User:                jmmorr01";
MPRINT(EM_DIAGRAM):   put nldate;
MPRINT(EM_DIAGRAM):   put nltime;
MPRINT(EM_DIAGRAM):   put "Site:                70080761";
MPRINT(EM_DIAGRAM):   put "Platform:            X64_8PRO";
MPRINT(EM_DIAGRAM):   put "Maintenance Release: 9.04.01M3P062415";
MPRINT(EM_DIAGRAM):   put "EM Version:          14.1";
MPRINT(EM_DIAGRAM):   put "* ";
MPRINT(EM_DIAGRAM):   run;
MPRINT(EM_DIAGRAM):    filename _LOGIN "J:\JMMORR01\CIS 445\CIS 445 Project 3\Workspaces\EMWS1\Varsel\EMTRAIN.log" encoding="UTF-8" NOBOM;
MPRINT(EM_COPYFILE):   data _null_;
MPRINT(EM_COPYFILE):   length line $20000;
MPRINT(EM_COPYFILE):   file _LOG MOD lrecl=20000;
MPRINT(EM_COPYFILE):   fid=fopen("_LOGIN",'i',20000,'v');
MPRINT(EM_COPYFILE):   if fid > 0 then do;
MPRINT(EM_COPYFILE):   do while(^fread(fid));
MPRINT(EM_COPYFILE):   rlen = frlen(fid);
MPRINT(EM_COPYFILE):   rc= fget(fid,line,20000);
MPRINT(EM_COPYFILE):   start = length(line)-length(left(line))+1;
MPRINT(EM_COPYFILE):   line=strip(line);
MPRINT(EM_COPYFILE):   put @start line;
MPRINT(EM_COPYFILE):   end;
MPRINT(EM_COPYFILE):   if fid > 0 then rc=fclose(fid);
MPRINT(EM_COPYFILE):   end;
MPRINT(EM_COPYFILE):   run;
MPRINT(EM_DIAGRAM):  ;
MPRINT(EM_DIAGRAM):   filename _LOGIN;
MPRINT(EM_DIAGRAM):    data _null_;
MPRINT(EM_DIAGRAM):   file _LOG mod;
MPRINT(EM_DIAGRAM):   put _page_;
MPRINT(EM_DIAGRAM):   run;
MPRINT(EM_DIAGRAM):   filename _LOGIN "J:\JMMORR01\CIS 445\CIS 445 Project 3\Workspaces\EMWS1\Varsel\EMSCORE.log" encoding="UTF-8" NOBOM;
MPRINT(EM_DIAGRAM):  ;
MPRINT(EM_DIAGRAM):   data _null_;
MPRINT(EM_DIAGRAM):   file _LOG mod;
MPRINT(EM_DIAGRAM):   put _page_;
MPRINT(EM_DIAGRAM):   run;
MPRINT(EM_DIAGRAM):    filename _LOGIN "J:\JMMORR01\CIS 445\CIS 445 Project 3\Workspaces\EMWS1\Varsel\EMREPORT.log" encoding="UTF-8" NOBOM;
MPRINT(EM_DIAGRAM):  ;
MPRINT(EM_DIAGRAM):   filename _LOGIN;
MPRINT(EM_DIAGRAM):    filename _LOG;
MPRINT(EM_DIAGRAM):    filename _OUT "J:\JMMORR01\CIS 445\CIS 445 Project 3\Workspaces\EMWS1\Varsel\EMOUTPUT.out" encoding="UTF-8" NOBOM;
MPRINT(EM_DIAGRAM):    data _null_;
MPRINT(EM_DIAGRAM):   call symput('NLDATE', strip(put(date(), NLDATE.)));
MPRINT(EM_DIAGRAM):   call symput('NLTIME', strip(put(datetime(), NLTIME.)));
MPRINT(EM_DIAGRAM):   run;
MPRINT(EM_DIAGRAM):   data _null_;
MPRINT(EM_DIAGRAM):   nldate= sasmsg("sashelp.dmine", "log_date_note", 'N', "November 07, 2018" );
MPRINT(EM_DIAGRAM):   nltime= sasmsg("sashelp.dmine", "log_time_note", 'N', "21:35:39" );
MPRINT(EM_DIAGRAM):   file _OUT;
MPRINT(EM_DIAGRAM):   put "*------------------------------------------------------------*";
MPRINT(EM_DIAGRAM):   put "User:                jmmorr01";
MPRINT(EM_DIAGRAM):   put nldate;
MPRINT(EM_DIAGRAM):   put nltime;
MPRINT(EM_DIAGRAM):   put "*------------------------------------------------------------*";
MPRINT(EM_DIAGRAM):   put "* Training Output";
MPRINT(EM_DIAGRAM):   put "*------------------------------------------------------------*";
MPRINT(EM_DIAGRAM):   run;
MPRINT(EM_DIAGRAM):    filename _OUTIN "J:\JMMORR01\CIS 445\CIS 445 Project 3\Workspaces\EMWS1\Varsel\EMTRAIN.out" encoding="UTF-8" NOBOM;
MPRINT(EM_DIAGRAM):   ;
MPRINT(EM_COPYFILE):   data _null_;
MPRINT(EM_COPYFILE):   length line $20000;
MPRINT(EM_COPYFILE):   file _OUT MOD lrecl=20000;
MPRINT(EM_COPYFILE):   fid=fopen("_OUTIN",'i',20000,'v');
MPRINT(EM_COPYFILE):   if fid > 0 then do;
MPRINT(EM_COPYFILE):   do while(^fread(fid));
MPRINT(EM_COPYFILE):   rlen = frlen(fid);
MPRINT(EM_COPYFILE):   rc= fget(fid,line,20000);
MPRINT(EM_COPYFILE):   start = length(line)-length(left(line))+1;
MPRINT(EM_COPYFILE):   line=strip(line);
MPRINT(EM_COPYFILE):   put @start line;
MPRINT(EM_COPYFILE):   end;
MPRINT(EM_COPYFILE):   if fid > 0 then rc=fclose(fid);
MPRINT(EM_COPYFILE):   end;
MPRINT(EM_COPYFILE):   run;
MPRINT(EM_DIAGRAM):  ;
MPRINT(EM_DIAGRAM):   filename _OUTIN;
MPRINT(EM_DIAGRAM):    data _null_;
MPRINT(EM_DIAGRAM):   file _OUT mod;
MPRINT(EM_DIAGRAM):   put _page_;
MPRINT(EM_DIAGRAM):   put // "*------------------------------------------------------------*";
MPRINT(EM_DIAGRAM):   put "* Score Output";
MPRINT(EM_DIAGRAM):   put "*------------------------------------------------------------*";
MPRINT(EM_DIAGRAM):   run;
MPRINT(EM_DIAGRAM):    filename _OUTIN "J:\JMMORR01\CIS 445\CIS 445 Project 3\Workspaces\EMWS1\Varsel\EMSCORE.out" encoding="UTF-8" NOBOM;
MPRINT(EM_DIAGRAM):  ;
MPRINT(EM_DIAGRAM):   filename _OUTIN;
MPRINT(EM_DIAGRAM):    data _null_;
MPRINT(EM_DIAGRAM):   file _OUT mod;
MPRINT(EM_DIAGRAM):   put _page_;
MPRINT(EM_DIAGRAM):   put // "*------------------------------------------------------------*";
MPRINT(EM_DIAGRAM):   put "* Report Output";
MPRINT(EM_DIAGRAM):   put "*------------------------------------------------------------*";
MPRINT(EM_DIAGRAM):   run;
MPRINT(EM_DIAGRAM):    filename _OUTIN "J:\JMMORR01\CIS 445\CIS 445 Project 3\Workspaces\EMWS1\Varsel\EMREPORT.out" encoding="UTF-8" NOBOM;
MPRINT(EM_DIAGRAM):  ;
MPRINT(EM_DIAGRAM):   filename _OUTIN;
MPRINT(EM_DIAGRAM):    filename _OUT;
MPRINT(EM_DIAGRAM):    filename _emtool_ 'J:\JMMORR01\CIS 445\CIS 445 Project 3\Workspaces\EMWS1\Varsel\EMRUNSTATUS.xml' encoding="UTF-8" NOBOM;
MPRINT(EM_DIAGRAM):    filename _emtool_ 'J:\JMMORR01\CIS 445\CIS 445 Project 3\Workspaces\EMWS1\Varsel\EMRUNSTATUS.xml' encoding="UTF-8" NOBOM;
22561      proc freq data=EMWS1.Varsel_VariableSet noprint;
MPRINT(EM_DIAGRAM):    proc freq data=EMWS1.Varsel_VariableSet noprint;
22562      table ROLE*LEVEL/out=WORK.VarselMETA;
MPRINT(EM_DIAGRAM):   table ROLE*LEVEL/out=WORK.VarselMETA;
22563      run;
MPRINT(EM_DIAGRAM):   run;

NOTE: There were 17 observations read from the data set EMWS1.VARSEL_VARIABLESET.
NOTE: The data set WORK.VARSELMETA has 4 observations and 4 variables.
NOTE: PROCEDURE FREQ used (Total process time):
      real time           0.10 seconds
      cpu time            0.01 seconds
      

22564      proc print data=WORK.VarselMETA label noobs;
MPRINT(EM_DIAGRAM):   proc print data=WORK.VarselMETA label noobs;
22565      var ROLE LEVEL COUNT;
MPRINT(EM_DIAGRAM):   var ROLE LEVEL COUNT;
22566      label ROLE = "%sysfunc(sasmsg(sashelp.dmine, meta_role_vlabel, NOQUOTE))" LEVEL = "%sysfunc(sasmsg(sashelp.dmine, meta_level_vlabel, NOQUOTE))" COUNT = "%sysfunc(sasmsg(sashelp.dmine, rpt_count_vlabel, NOQUOTE))";
MPRINT(EM_DIAGRAM):   label ROLE = "Role" LEVEL = "Measurement Level" COUNT = "Frequency Count";
22567      title9 ' ';
MPRINT(EM_DIAGRAM):   title9 ' ';
22568      title10 "%sysfunc(sasmsg(sashelp.dmine, rpt_varSummary_title  , NOQUOTE))";
MPRINT(EM_DIAGRAM):   title10 "Variable Summary";
MPRINT(EM_DIAGRAM):   run;
22569      run;

NOTE: There were 4 observations read from the data set WORK.VARSELMETA.
NOTE: The PROCEDURE PRINT printed page 1.
NOTE: PROCEDURE PRINT used (Total process time):
      real time           0.01 seconds
      cpu time            0.01 seconds
      

22570      title10;
MPRINT(EM_DIAGRAM):   title10;
22571      data WORK.M0HYG0IN;
MPRINT(EM_DIAGRAM):    data WORK.M0HYG0IN;
22572      set WORK.M0HYG0IN;
MPRINT(EM_DIAGRAM):   set WORK.M0HYG0IN;
22573      if role = 'TARGET' and use = 'Y' then do;
MPRINT(EM_DIAGRAM):   if role = 'TARGET' and use = 'Y' then do;
22574      role = 'TARGET';
MPRINT(EM_DIAGRAM):   role = 'TARGET';
22575      output;
MPRINT(EM_DIAGRAM):   output;
22576      end;
MPRINT(EM_DIAGRAM):   end;
22577      if role = 'INPUT' and use in ('Y','D','N') then do;
MPRINT(EM_DIAGRAM):   if role = 'INPUT' and use in ('Y','D','N') then do;
22578      role = 'INPUT';
MPRINT(EM_DIAGRAM):   role = 'INPUT';
22579      output;
MPRINT(EM_DIAGRAM):   output;
22580      end;
MPRINT(EM_DIAGRAM):   end;
22581      if role = 'REJECTED' and use = 'Y' then do;
MPRINT(EM_DIAGRAM):   if role = 'REJECTED' and use = 'Y' then do;
22582      role = 'INPUT';
MPRINT(EM_DIAGRAM):   role = 'INPUT';
22583      output;
MPRINT(EM_DIAGRAM):   output;
22584      end;
MPRINT(EM_DIAGRAM):   end;
22585      if role = 'FREQ' and use in ('Y', 'D') then do;
MPRINT(EM_DIAGRAM):   if role = 'FREQ' and use in ('Y', 'D') then do;
22586      role = 'FREQ';
MPRINT(EM_DIAGRAM):   role = 'FREQ';
22587      output;
MPRINT(EM_DIAGRAM):   output;
22588      end;
MPRINT(EM_DIAGRAM):   end;
22589      if role = 'REJECTED' and use in ('N', 'D') then do;
MPRINT(EM_DIAGRAM):   if role = 'REJECTED' and use in ('N', 'D') then do;
22590      role = 'REJECTED';
MPRINT(EM_DIAGRAM):   role = 'REJECTED';
22591      output;
MPRINT(EM_DIAGRAM):   output;
22592      end;
MPRINT(EM_DIAGRAM):   end;
22593      run;
MPRINT(EM_DIAGRAM):   run;

NOTE: There were 17 observations read from the data set WORK.M0HYG0IN.
NOTE: The data set WORK.M0HYG0IN has 17 observations and 21 variables.
NOTE: DATA statement used (Total process time):
      real time           0.03 seconds
      cpu time            0.03 seconds
      

22594      /*by pass cmeta */
22595      data WORK.M0HYG0IN;
MPRINT(EM_DIAGRAM):    data WORK.M0HYG0IN;
22596      set WORK.M0HYG0IN;
MPRINT(EM_DIAGRAM):   set WORK.M0HYG0IN;
22597      run;
MPRINT(EM_DIAGRAM):   run;

NOTE: There were 17 observations read from the data set WORK.M0HYG0IN.
NOTE: The data set WORK.M0HYG0IN has 17 observations and 21 variables.
NOTE: DATA statement used (Total process time):
      real time           0.01 seconds
      cpu time            0.00 seconds
      

22598      data WORK.M0UK3IZ4;
MPRINT(EM_DIAGRAM):    data WORK.M0UK3IZ4;
22599      set WORK.M0UK3IZ4;
MPRINT(EM_DIAGRAM):   set WORK.M0UK3IZ4;
22600      if role = 'INPUT' and use in ('N') then delete;
MPRINT(EM_DIAGRAM):   if role = 'INPUT' and use in ('N') then delete;
22601      if role = 'REJECTED' and use in ('N', 'D') then delete;
MPRINT(EM_DIAGRAM):   if role = 'REJECTED' and use in ('N', 'D') then delete;
22602      run;
MPRINT(EM_DIAGRAM):   run;

NOTE: There were 17 observations read from the data set WORK.M0UK3IZ4.
NOTE: The data set WORK.M0UK3IZ4 has 5 observations and 21 variables.
NOTE: DATA statement used (Total process time):
      real time           0.01 seconds
      cpu time            0.01 seconds
      

NOTE: Run proc dmdb with the specified maxlevel criterion. 
22603      *------------------------------------------------------------* ;
MPRINT(EM_DIAGRAM):    *------------------------------------------------------------* ;
22604      * EM: DMDBClass Macro ;
MPRINT(EM_DIAGRAM):   * EM: DMDBClass Macro ;
22605      *------------------------------------------------------------* ;
MPRINT(EM_DIAGRAM):   *------------------------------------------------------------* ;
22606      %macro DMDBClass;
22607          BAD(DESC) GRP_IMP_CLAGE(ASC) GRP_IMP_DEBTINC(ASC) GRP_IMP_NINQ(ASC)
22608         GRP_INDELINQ(ASC)
22609      %mend DMDBClass;
22610      *------------------------------------------------------------* ;
MPRINT(EM_DIAGRAM):   *------------------------------------------------------------* ;
22611      * EM: DMDBVar Macro ;
MPRINT(EM_DIAGRAM):   * EM: DMDBVar Macro ;
22612      *------------------------------------------------------------* ;
MPRINT(EM_DIAGRAM):   *------------------------------------------------------------* ;
22613      %macro DMDBVar;
22614      
22615      %mend DMDBVar;
22616      *------------------------------------------------------------*;
MPRINT(EM_DIAGRAM):   *------------------------------------------------------------*;
22617      * EM: Create DMDB;
MPRINT(EM_DIAGRAM):   * EM: Create DMDB;
22618      *------------------------------------------------------------*;
MPRINT(EM_DIAGRAM):   *------------------------------------------------------------*;
22619      libname _spdslib SPDE "C:\Users\jmmorr01\AppData\Local\Temp\SAS Temporary Files\_TD7284_COB-MBA048_\Prc2";
MPRINT(EM_DIAGRAM):   libname _spdslib SPDE "C:\Users\jmmorr01\AppData\Local\Temp\SAS Temporary Files\_TD7284_COB-MBA048_\Prc2";
NOTE: Libref _SPDSLIB was successfully assigned as follows: 
      Engine:        SPDE 
      Physical Name: C:\Users\jmmorr01\AppData\Local\Temp\SAS Temporary Files\_TD7284_COB-MBA048_\Prc2\
22620      proc dmdb batch data=EMWS1.BINNING_TRAIN
22621      dmdbcat=WORK.EM_DMDB
22622      maxlevel = 101
22623      out=_spdslib.EM_DMDB
22624      ;
MPRINT(EM_DIAGRAM):   proc dmdb batch data=EMWS1.BINNING_TRAIN dmdbcat=WORK.EM_DMDB maxlevel = 101 out=_spdslib.EM_DMDB ;
MPRINT(EM_DIAGRAM):   class
22625      class %DMDBClass;
MPRINT(DMDBCLASS):   BAD(DESC) GRP_IMP_CLAGE(ASC) GRP_IMP_DEBTINC(ASC) GRP_IMP_NINQ(ASC) GRP_INDELINQ(ASC)
MPRINT(EM_DIAGRAM):  ;
22626      target
22627      BAD
22628      ;
MPRINT(EM_DIAGRAM):   target BAD ;
22629      run;
MPRINT(EM_DIAGRAM):   run;

NOTE: Records processed = 2979   Memory used = 511K.
NOTE: There were 2979 observations read from the data set EMWS1.PART_TRAIN.
NOTE: There were 2979 observations read from the data set EMWS1.IMPT_TRAIN.
NOTE: View EMWS1.BINNING_TRAIN.VIEW used (Total process time):
      real time           0.21 seconds
      cpu time            0.14 seconds
      
NOTE: There were 2979 observations read from the data set EMWS1.TRANS_TRAIN.
NOTE: There were 2979 observations read from the data set EMWS1.BINNING_TRAIN.
NOTE: The data set _SPDSLIB.EM_DMDB has 2979 observations and 5 variables.
NOTE: PROCEDURE DMDB used (Total process time):
      real time           0.29 seconds
      cpu time            0.17 seconds
      

MPRINT(EM_DIAGRAM):   quit;
22630      quit;

MPRINT(EM_DIAGRAM):   reset noprint;
MPRINT(EM_DIAGRAM):   select count(*) into :_tmpnobs from EMWS1.BINNING_TRAIN;
NOTE: There were 2979 observations read from the data set EMWS1.PART_TRAIN.
NOTE: There were 2979 observations read from the data set EMWS1.IMPT_TRAIN.
NOTE: View EMWS1.BINNING_TRAIN.VIEW used (Total process time):
      real time           0.10 seconds
      cpu time            0.09 seconds
      
NOTE: There were 2979 observations read from the data set EMWS1.TRANS_TRAIN.
MPRINT(EM_DIAGRAM):   quit;
22631      *------------------------------------------------------------* ;
MPRINT(EM_DIAGRAM):    *------------------------------------------------------------* ;
22632      * Varsel: Input Variables Macro ;
MPRINT(EM_DIAGRAM):   * Varsel: Input Variables Macro ;
22633      *------------------------------------------------------------* ;
MPRINT(EM_DIAGRAM):   *------------------------------------------------------------* ;
22634      %macro INPUTS;
22635          GRP_IMP_CLAGE GRP_IMP_DEBTINC GRP_IMP_NINQ GRP_INDELINQ
22636      %mend INPUTS;
22637      *------------------------------------------------------------* ;
MPRINT(EM_DIAGRAM):   *------------------------------------------------------------* ;
22638      * Varsel: Ordinal Input Variables Macro ;
MPRINT(EM_DIAGRAM):   * Varsel: Ordinal Input Variables Macro ;
22639      *------------------------------------------------------------* ;
MPRINT(EM_DIAGRAM):   *------------------------------------------------------------* ;
22640      %macro ORDINALINPUTS;
22641          GRP_IMP_CLAGE GRP_IMP_DEBTINC GRP_IMP_NINQ GRP_INDELINQ
22642      %mend ORDINALINPUTS;
22643      proc dmine data=_spdslib.EM_DMDB dmdbcat=WORK.EM_DMDB
22644      minr2=0.005 maxrows=3000 stopr2=0.0005 NOAOV16 NOINTER USEGROUPS OUTGROUP=EMWS1.Varsel_OUTGROUP outest=EMWS1.Varsel_OUTESTDMINE outeffect=EMWS1.Varsel_OUTEFFECT outrsquare =EMWS1.Varsel_OUTRSQUARE
22645      NOMONITOR
22646      PSHORT
22647      ;
MPRINT(EM_DIAGRAM):   proc dmine data=_spdslib.EM_DMDB dmdbcat=WORK.EM_DMDB minr2=0.005 maxrows=3000 stopr2=0.0005 NOAOV16 NOINTER USEGROUPS OUTGROUP=EMWS1.Varsel_OUTGROUP outest=EMWS1.Varsel_OUTESTDMINE outeffect=EMWS1.Varsel_OUTEFFECT outrsquare 
=EMWS1.Varsel_OUTRSQUARE NOMONITOR PSHORT ;
MPRINT(EM_DIAGRAM):   var
22648      var %INPUTS;
MPRINT(INPUTS):   GRP_IMP_CLAGE GRP_IMP_DEBTINC GRP_IMP_NINQ GRP_INDELINQ
MPRINT(EM_DIAGRAM):  ;
MPRINT(EM_DIAGRAM):   ordinal
22649      ordinal %ORDINALINPUTS;
MPRINT(ORDINALINPUTS):   GRP_IMP_CLAGE GRP_IMP_DEBTINC GRP_IMP_NINQ GRP_INDELINQ
MPRINT(EM_DIAGRAM):  ;
22650      target BAD;
MPRINT(EM_DIAGRAM):   target BAD;
22651      code file="J:\JMMORR01\CIS 445\CIS 445 Project 3\Workspaces\EMWS1\Varsel\EMFLOWSCORE.sas";
MPRINT(EM_DIAGRAM):   code file="J:\JMMORR01\CIS 445\CIS 445 Project 3\Workspaces\EMWS1\Varsel\EMFLOWSCORE.sas";
22652      code file="J:\JMMORR01\CIS 445\CIS 445 Project 3\Workspaces\EMWS1\Varsel\EMPUBLISHSCORE.sas";
MPRINT(EM_DIAGRAM):   code file="J:\JMMORR01\CIS 445\CIS 445 Project 3\Workspaces\EMWS1\Varsel\EMPUBLISHSCORE.sas";
22653      run;
MPRINT(EM_DIAGRAM):   run;

NOTE: Checking database engine with sqluse...
 Ordinal vars=4
NOTE: Number of threads reset to 1 because of fewer partitions.

Initial pass to compute R2s for all targets
2979 records read
NOTE: The full X'X matrix has 14 rows and columns.

Building X'X  for target: BAD rows=15 memory=0.00 meg.
2979 records read
2979 records read
NOTE: External file J:\JMMORR01\CIS 445\CIS 445 Project 3\Workspaces\EMWS1\Varsel\EMFLOWSCORE.sas opened.
NOTE: External file J:\JMMORR01\CIS 445\CIS 445 Project 3\Workspaces\EMWS1\Varsel\EMPUBLISHSCORE.sas opened.
NOTE: There were 2979 observations read from the data set _SPDSLIB.EM_DMDB.
NOTE: The data set EMWS1.VARSEL_OUTGROUP has 4 observations and 8 variables.
NOTE: The data set EMWS1.VARSEL_OUTESTDMINE has 7 observations and 23 variables.
NOTE: The data set EMWS1.VARSEL_OUTEFFECT has 4 observations and 6 variables.
NOTE: The data set EMWS1.VARSEL_OUTRSQUARE has 15 observations and 4 variables.
NOTE: The PROCEDURE DMINE printed pages 2-6.
NOTE: PROCEDURE DMINE used (Total process time):
      real time           0.50 seconds
      cpu time            0.20 seconds
      

MPRINT(EM_DIAGRAM):   quit;
MPRINT(EM_DIAGRAM):   run;
22654      quit;
22655      /*      proc print data =EMWS1.Varsel_OUTEFFECT;      proc print data =EMWS1.Varsel_OUTRSQUARE;      */
22656      run;

22657      data EMWS1.Varsel_OUTESTDMINE;
MPRINT(EM_DIAGRAM):    data EMWS1.Varsel_OUTESTDMINE;
22658      set EMWS1.Varsel_OUTESTDMINE;
MPRINT(EM_DIAGRAM):   set EMWS1.Varsel_OUTESTDMINE;
22659      _uname_=upcase(_name_);
MPRINT(EM_DIAGRAM):   _uname_=upcase(_name_);
22660      run;
MPRINT(EM_DIAGRAM):   run;

NOTE: There were 7 observations read from the data set EMWS1.VARSEL_OUTESTDMINE.
NOTE: The data set EMWS1.VARSEL_OUTESTDMINE has 7 observations and 24 variables.
NOTE: DATA statement used (Total process time):
      real time           0.09 seconds
      cpu time            0.00 seconds
      

22661      proc sql;
MPRINT(EM_DIAGRAM):    proc sql;
22662      create table _tmpoutgroup as select distinct VARIABLE from EMWS1.Varsel_OUTGROUP where VARTYPE='GROUP';
MPRINT(EM_DIAGRAM):   create table _tmpoutgroup as select distinct VARIABLE from EMWS1.Varsel_OUTGROUP where VARTYPE='GROUP';
NOTE: Table WORK._TMPOUTGROUP created, with 1 rows and 1 columns.

22663      quit;
MPRINT(EM_DIAGRAM):   quit;
NOTE: PROCEDURE SQL used (Total process time):
      real time           0.04 seconds
      cpu time            0.04 seconds
      

MPRINT(EM_DIAGRAM):   run;
22664      run;

22665      data EMWS1.Varsel_OUTAOV16;
MPRINT(EM_DIAGRAM):    data EMWS1.Varsel_OUTAOV16;
22666      set EMWS1.Varsel_OUTGROUP;
MPRINT(EM_DIAGRAM):   set EMWS1.Varsel_OUTGROUP;
22667      if STRIP(VARTYPE) eq 'AOV16' then output;
MPRINT(EM_DIAGRAM):   if STRIP(VARTYPE) eq 'AOV16' then output;
22668      DROP VARTYPE LEVEL LEVEL2 VARIABLE2;
MPRINT(EM_DIAGRAM):   DROP VARTYPE LEVEL LEVEL2 VARIABLE2;
22669      label NAME= "Name";
MPRINT(EM_DIAGRAM):   label NAME= "Name";
22670      label GROUP = "Group";
MPRINT(EM_DIAGRAM):   label GROUP = "Group";
22671      label VARIABLE = "Variable";
MPRINT(EM_DIAGRAM):   label VARIABLE = "Variable";
22672      label BIN = "Bin Cutoff";
MPRINT(EM_DIAGRAM):   label BIN = "Bin Cutoff";
22673      run;
MPRINT(EM_DIAGRAM):   run;

NOTE: There were 4 observations read from the data set EMWS1.VARSEL_OUTGROUP.
NOTE: The data set EMWS1.VARSEL_OUTAOV16 has 0 observations and 4 variables.
NOTE: DATA statement used (Total process time):
      real time           0.12 seconds
      cpu time            0.03 seconds
      

22674      data EMWS1.Varsel_OUTGINT;
MPRINT(EM_DIAGRAM):   data EMWS1.Varsel_OUTGINT;
22675      set EMWS1.Varsel_OUTGROUP;
MPRINT(EM_DIAGRAM):   set EMWS1.Varsel_OUTGROUP;
22676      if STRIP(VARTYPE) eq 'GINTER' then output;
MPRINT(EM_DIAGRAM):   if STRIP(VARTYPE) eq 'GINTER' then output;
22677      DROP VARTYPE BIN;
MPRINT(EM_DIAGRAM):   DROP VARTYPE BIN;
22678      label NAME= "Name";
MPRINT(EM_DIAGRAM):   label NAME= "Name";
22679      label GROUP = "Group";
MPRINT(EM_DIAGRAM):   label GROUP = "Group";
22680      label VARIABLE = "Variable 1";
MPRINT(EM_DIAGRAM):   label VARIABLE = "Variable 1";
22681      label VARIABLE2 = "Variable 2";
MPRINT(EM_DIAGRAM):   label VARIABLE2 = "Variable 2";
22682      label LEVEL = "Level 1";
MPRINT(EM_DIAGRAM):   label LEVEL = "Level 1";
22683      label LEVEL2 = "Level 2";
MPRINT(EM_DIAGRAM):   label LEVEL2 = "Level 2";
22684      run;
MPRINT(EM_DIAGRAM):   run;

NOTE: There were 4 observations read from the data set EMWS1.VARSEL_OUTGROUP.
NOTE: The data set EMWS1.VARSEL_OUTGINT has 0 observations and 6 variables.
NOTE: DATA statement used (Total process time):
      real time           0.10 seconds
      cpu time            0.03 seconds
      

22685      data EMWS1.Varsel_OUTGVAR;
MPRINT(EM_DIAGRAM):   data EMWS1.Varsel_OUTGVAR;
22686      set EMWS1.Varsel_OUTGROUP;
MPRINT(EM_DIAGRAM):   set EMWS1.Varsel_OUTGROUP;
22687      if STRIP(VARTYPE) eq 'GROUP' then output;
MPRINT(EM_DIAGRAM):   if STRIP(VARTYPE) eq 'GROUP' then output;
22688      DROP VARTYPE BIN VARIABLE2 LEVEL2;
MPRINT(EM_DIAGRAM):   DROP VARTYPE BIN VARIABLE2 LEVEL2;
22689      label NAME= "Name";
MPRINT(EM_DIAGRAM):   label NAME= "Name";
22690      label GROUP = "Group";
MPRINT(EM_DIAGRAM):   label GROUP = "Group";
22691      label VARIABLE = "Variable";
MPRINT(EM_DIAGRAM):   label VARIABLE = "Variable";
22692      label LEVEL = "Level";
MPRINT(EM_DIAGRAM):   label LEVEL = "Level";
22693      run;
MPRINT(EM_DIAGRAM):   run;

NOTE: There were 4 observations read from the data set EMWS1.VARSEL_OUTGROUP.
NOTE: The data set EMWS1.VARSEL_OUTGVAR has 4 observations and 4 variables.
NOTE: DATA statement used (Total process time):
      real time           0.11 seconds
      cpu time            0.09 seconds
      

MPRINT(EM_DIAGRAM):   quit;
22694      quit;

22695      options nonotes nosource;
MPRINT(EM_DIAGRAM):    options nonotes nosource;
MPRINT(EM_DIAGRAM):   data _null_;
MPRINT(EM_DIAGRAM):   file print;
MPRINT(EM_DIAGRAM):   put ' ';
MPRINT(EM_DIAGRAM):   put '-------------------------------------------------------------------';
MPRINT(EM_DIAGRAM):   put "Summary of Variable Selection from Training";
MPRINT(EM_DIAGRAM):   put '-------------------------------------------------------------------';
MPRINT(EM_DIAGRAM):   put ' ';
MPRINT(EM_DIAGRAM):   put ' ';
MPRINT(EM_DIAGRAM):   put "Target Name : BAD";
MPRINT(EM_DIAGRAM):   put "Target Level : BINARY";
MPRINT(EM_DIAGRAM):   put "Variable Selection Model : R-Square";
MPRINT(EM_DIAGRAM):   put '  ';
MPRINT(EM_DIAGRAM):   put "Total number of inputs : 4";
MPRINT(EM_DIAGRAM):   put "Total number of used inputs : 4";
MPRINT(EM_DIAGRAM):   put "Total number of unused inputs : 0";
MPRINT(EM_DIAGRAM):   put "Total number of rejected inputs : 1";
MPRINT(EM_DIAGRAM):   put ' ';
MPRINT(EM_DIAGRAM):   put "Maximum missing percentage : 50";
MPRINT(EM_DIAGRAM):   put "NOTE: There is no rejected variable by maximum missing percentage";
MPRINT(EM_DIAGRAM):   put ' ';
MPRINT(EM_DIAGRAM):   put "Maximum class level : 100";
MPRINT(EM_DIAGRAM):   put "NOTE:There is no rejected variable by maximum class level";
MPRINT(EM_DIAGRAM):   put ' ';
MPRINT(EM_DIAGRAM):   put "NOTE: 1 group variable has been created";
MPRINT(EM_DIAGRAM):   options notes source;
MPRINT(EM_DIAGRAM):   run;
22721      run;

NOTE: 15 lines were written to file PRINT.
NOTE: The DATA step printed page 7.
NOTE: DATA statement used (Total process time):
      real time           0.04 seconds
      cpu time            0.04 seconds
      

22722      data EMWS1.Varsel_RESULTEDVARS;
MPRINT(EM_DIAGRAM):    data EMWS1.Varsel_RESULTEDVARS;
22723      run;
MPRINT(EM_DIAGRAM):   run;

NOTE: The data set EMWS1.VARSEL_RESULTEDVARS has 1 observations and 0 variables.
NOTE: DATA statement used (Total process time):
      real time           0.09 seconds
      cpu time            0.03 seconds
      

22724      libname _spdslib;
MPRINT(EM_DIAGRAM):    libname _spdslib;
NOTE: Libref _SPDSLIB has been deassigned.
22725      *;
MPRINT(EM_DIAGRAM):    *;
22726      data EMWS1.Varsel_EMSCOREVAR;
MPRINT(EM_DIAGRAM):   data EMWS1.Varsel_EMSCOREVAR;
22727      length Name $32 formula $70 file $200;
MPRINT(EM_DIAGRAM):   length Name $32 formula $70 file $200;
22728      keep NAME Formula file;
MPRINT(EM_DIAGRAM):   keep NAME Formula file;
22729      name = "G_GRP_IMP_DEBTINC";
MPRINT(EM_DIAGRAM):   name = "G_GRP_IMP_DEBTINC";
22730      file="VARSELCODE\G_GRP_IMP_DEBTINC.sas";
MPRINT(EM_DIAGRAM):   file="VARSELCODE\G_GRP_IMP_DEBTINC.sas";
22731      output;
MPRINT(EM_DIAGRAM):   output;
22732      run;
MPRINT(EM_DIAGRAM):   run;

NOTE: Variable formula is uninitialized.
NOTE: The data set EMWS1.VARSEL_EMSCOREVAR has 1 observations and 3 variables.
NOTE: DATA statement used (Total process time):
      real time           0.09 seconds
      cpu time            0.03 seconds
      

MPRINT(EM_DIAGRAM):    proc printto;
MPRINT(EM_DIAGRAM):   run;
