MPRINT(EM_DIAGRAM):    data _null_;
MPRINT(EM_DIAGRAM):   call symput('NLDATE', strip(put(date(), NLDATE.)));
MPRINT(EM_DIAGRAM):   call symput('NLTIME', strip(put(datetime(), NLTIME.)));
MPRINT(EM_DIAGRAM):   run;
MPRINT(EM_DIAGRAM):   data _null_;
MPRINT(EM_DIAGRAM):   nldate= sasmsg("sashelp.dmine", "log_date_note", 'N', "November 07, 2018" );
MPRINT(EM_DIAGRAM):   nltime= sasmsg("sashelp.dmine", "log_time_note", 'N', "21:30:08" );
MPRINT(EM_DIAGRAM):   put "*------------------------------------------------------------*";
MPRINT(EM_DIAGRAM):   put "* Report Log";
MPRINT(EM_DIAGRAM):   put nldate;
MPRINT(EM_DIAGRAM):   put nltime;
MPRINT(EM_DIAGRAM):   put "*------------------------------------------------------------*";
MPRINT(EM_DIAGRAM):   run;
*------------------------------------------------------------*
* Report Log
Date:                November 07, 2018
Time:                21:30:08
*------------------------------------------------------------*
MPRINT(EM_DIAGRAM):    filename O01MHOJ7 "J:\JMMORR01\CIS 445\CIS 445 Project 3\Workspaces\EMWS1\Trans\EMREPORT.out" encoding="UTF-8" NOBOM;
MPRINT(EM_DIAGRAM):   proc printto print=O01MHOJ7 new;
MPRINT(EM_DIAGRAM):   run;
21965      *------------------------------------------------------------*;
MPRINT(EM_DIAGRAM):    *------------------------------------------------------------*;
21966      * &msgString;
MPRINT(EM_DIAGRAM):   * &msgString;
21967      *------------------------------------------------------------*;
MPRINT(EM_DIAGRAM):   *------------------------------------------------------------*;
21968      filename _flowref "J:\JMMORR01\CIS 445\CIS 445 Project 3\Workspaces\EMWS1\Trans\EMFLOWSCORE.sas";
MPRINT(EM_DIAGRAM):   filename _flowref "J:\JMMORR01\CIS 445\CIS 445 Project 3\Workspaces\EMWS1\Trans\EMFLOWSCORE.sas";
21969      proc FCMP NOEXECUTE IMPUTEDDEPS OUTDEPS=WORK.TRANS_SCOREINPUTS;
MPRINT(EM_DIAGRAM):   proc FCMP NOEXECUTE IMPUTEDDEPS OUTDEPS=WORK.TRANS_SCOREINPUTS;
21970      %INCLUDE _flowref;
MPRINT(EM_DIAGRAM):   *------------------------------------------------------------*;
MPRINT(EM_DIAGRAM):   * Formula Code;
MPRINT(EM_DIAGRAM):   *------------------------------------------------------------*;
MPRINT(EM_DIAGRAM):   INDELINQ =IMP_DELINQ > 0 ;
MPRINT(EM_DIAGRAM):   INDEROG =IMP_DEROG > 0 ;
MPRINT(EM_DIAGRAM):   INYOJ =IMP_YOJ > 0 ;
21977      run;
MPRINT(EM_DIAGRAM):   run;

NOTE: Dependency structure written to data set WORK.TRANS_SCOREINPUTS.
NOTE: PROCEDURE FCMP used (Total process time):
      real time           0.03 seconds
      cpu time            0.00 seconds
      

MPRINT(EM_DIAGRAM):   quit;
21978      quit;
21979      data WORK.TRANS_SCOREINPUTS;
MPRINT(EM_DIAGRAM):   data WORK.TRANS_SCOREINPUTS;
21980      set WORK.TRANS_SCOREINPUTS(keep=RHS rename=(RHS=NAME));
MPRINT(EM_DIAGRAM):   set WORK.TRANS_SCOREINPUTS(keep=RHS rename=(RHS=NAME));
21981      length UNAME $32;
MPRINT(EM_DIAGRAM):   length UNAME $32;
21982      UNAME = upcase(NAME);
MPRINT(EM_DIAGRAM):   UNAME = upcase(NAME);
21983      run;
MPRINT(EM_DIAGRAM):   run;

NOTE: There were 3 observations read from the data set WORK.TRANS_SCOREINPUTS.
NOTE: The data set WORK.TRANS_SCOREINPUTS has 3 observations and 2 variables.
NOTE: DATA statement used (Total process time):
      real time           0.01 seconds
      cpu time            0.01 seconds
      

21984      proc sort data=WORK.TRANS_SCOREINPUTS NODUPKEY;
MPRINT(EM_DIAGRAM):   proc sort data=WORK.TRANS_SCOREINPUTS NODUPKEY;
21985      by UNAME;
MPRINT(EM_DIAGRAM):   by UNAME;
21986      run;
MPRINT(EM_DIAGRAM):   run;

NOTE: There were 3 observations read from the data set WORK.TRANS_SCOREINPUTS.
NOTE: 0 observations with duplicate key values were deleted.
NOTE: The data set WORK.TRANS_SCOREINPUTS has 3 observations and 2 variables.
NOTE: PROCEDURE SORT used (Total process time):
      real time           0.01 seconds
      cpu time            0.01 seconds
      

21987      filename _flowref;
MPRINT(EM_DIAGRAM):   filename _flowref;
NOTE: Fileref _FLOWREF has been deassigned.
21988      %let SYSCC = 0;
21989      *------------------------------------------------------------*;
MPRINT(EM_DIAGRAM):    *------------------------------------------------------------*;
21990      * transformcombinevariables;
MPRINT(EM_DIAGRAM):   * transformcombinevariables;
21991      *------------------------------------------------------------*;
MPRINT(EM_DIAGRAM):   *------------------------------------------------------------*;
21992      data WORK.TRANS_OUTPUTVARS;
MPRINT(EM_DIAGRAM):   data WORK.TRANS_OUTPUTVARS;
21993      length Uname inputName $32 inputLevel $10 inputType $1 _MetaFlag 8;
MPRINT(EM_DIAGRAM):   length Uname inputName $32 inputLevel $10 inputType $1 _MetaFlag 8;
21994      set
21995      EMWS1.Trans_FORMULA
21996      ;
MPRINT(EM_DIAGRAM):   set EMWS1.Trans_FORMULA ;
21997      _MetaFlag=0;
MPRINT(EM_DIAGRAM):   _MetaFlag=0;
21998      uname = upcase(name);
MPRINT(EM_DIAGRAM):   uname = upcase(name);
21999      run;
MPRINT(EM_DIAGRAM):   run;

NOTE: Variable inputName is uninitialized.
NOTE: Variable inputLevel is uninitialized.
NOTE: Variable inputType is uninitialized.
NOTE: There were 3 observations read from the data set EMWS1.TRANS_FORMULA.
NOTE: The data set WORK.TRANS_OUTPUTVARS has 3 observations and 22 variables.
NOTE: DATA statement used (Total process time):
      real time           0.01 seconds
      cpu time            0.00 seconds
      

22000      data _temp;
MPRINT(EM_DIAGRAM):    data _temp;
22001      length UNAME $32;
MPRINT(EM_DIAGRAM):   length UNAME $32;
22002      set EMWS1.Trans_CMeta_TRAIN(keep=NAME LEVEL ROLE TYPE CREATOR LABEL);
MPRINT(EM_DIAGRAM):   set EMWS1.Trans_CMeta_TRAIN(keep=NAME LEVEL ROLE TYPE CREATOR LABEL);
22003      UNAME = upcase(name);
MPRINT(EM_DIAGRAM):   UNAME = upcase(name);
22004      where upcase(CREATOR) = upcase("Trans");
MPRINT(EM_DIAGRAM):   where upcase(CREATOR) = upcase("Trans");
22005      run;
MPRINT(EM_DIAGRAM):   run;

NOTE: There were 3 observations read from the data set EMWS1.TRANS_CMETA_TRAIN.
      WHERE UPCASE(CREATOR)='TRANS';
NOTE: The data set WORK._TEMP has 3 observations and 7 variables.
NOTE: DATA statement used (Total process time):
      real time           0.04 seconds
      cpu time            0.01 seconds
      

22006      proc sort data=_temp(drop=CREATOR);
MPRINT(EM_DIAGRAM):   proc sort data=_temp(drop=CREATOR);
22007      by UNAME;
MPRINT(EM_DIAGRAM):   by UNAME;
22008      run;
MPRINT(EM_DIAGRAM):   run;

NOTE: There were 3 observations read from the data set WORK._TEMP.
NOTE: The data set WORK._TEMP has 3 observations and 6 variables.
NOTE: PROCEDURE SORT used (Total process time):
      real time           0.03 seconds
      cpu time            0.00 seconds
      

22009      proc sort data=WORK.TRANS_OUTPUTVARS;
MPRINT(EM_DIAGRAM):    proc sort data=WORK.TRANS_OUTPUTVARS;
22010      by UNAME;
MPRINT(EM_DIAGRAM):   by UNAME;
22011      run;
MPRINT(EM_DIAGRAM):   run;

NOTE: There were 3 observations read from the data set WORK.TRANS_OUTPUTVARS.
NOTE: The data set WORK.TRANS_OUTPUTVARS has 3 observations and 22 variables.
NOTE: PROCEDURE SORT used (Total process time):
      real time           0.01 seconds
      cpu time            0.01 seconds
      

22012      data WORK.TRANS_OUTPUTVARS;
MPRINT(EM_DIAGRAM):   data WORK.TRANS_OUTPUTVARS;
22013      merge WORK.TRANS_OUTPUTVARS _temp;
MPRINT(EM_DIAGRAM):   merge WORK.TRANS_OUTPUTVARS _temp;
22014      by UNAME;
MPRINT(EM_DIAGRAM):   by UNAME;
22015      run;
MPRINT(EM_DIAGRAM):   run;

NOTE: There were 3 observations read from the data set WORK.TRANS_OUTPUTVARS.
NOTE: There were 3 observations read from the data set WORK._TEMP.
NOTE: The data set WORK.TRANS_OUTPUTVARS has 3 observations and 22 variables.
NOTE: DATA statement used (Total process time):
      real time           0.01 seconds
      cpu time            0.01 seconds
      

22016      *------------------------------------------------------------*;
MPRINT(EM_DIAGRAM):    *------------------------------------------------------------*;
22017      * Trans: Get Metadata for the Score Inputs Variables;
MPRINT(EM_DIAGRAM):   * Trans: Get Metadata for the Score Inputs Variables;
22018      *------------------------------------------------------------*;
MPRINT(EM_DIAGRAM):   *------------------------------------------------------------*;
22019      data _temp;
MPRINT(EM_DIAGRAM):   data _temp;
22020      length UNAME $32;
MPRINT(EM_DIAGRAM):   length UNAME $32;
22021      set EMWS1.Trans_VariableSet(keep=NAME LEVEL TYPE LABEL);
MPRINT(EM_DIAGRAM):   set EMWS1.Trans_VariableSet(keep=NAME LEVEL TYPE LABEL);
22022      UNAME = upcase(name);
MPRINT(EM_DIAGRAM):   UNAME = upcase(name);
22023      run;
MPRINT(EM_DIAGRAM):   run;

NOTE: There were 13 observations read from the data set EMWS1.TRANS_VARIABLESET.
NOTE: The data set WORK._TEMP has 13 observations and 5 variables.
NOTE: DATA statement used (Total process time):
      real time           0.03 seconds
      cpu time            0.01 seconds
      

22024      proc sort data=_temp;
MPRINT(EM_DIAGRAM):   proc sort data=_temp;
22025      by UNAME;
MPRINT(EM_DIAGRAM):   by UNAME;
22026      run;
MPRINT(EM_DIAGRAM):   run;

NOTE: There were 13 observations read from the data set WORK._TEMP.
NOTE: The data set WORK._TEMP has 13 observations and 5 variables.
NOTE: PROCEDURE SORT used (Total process time):
      real time           0.01 seconds
      cpu time            0.00 seconds
      

22027      data WORK.TRANS_SCOREINPUTS;
MPRINT(EM_DIAGRAM):   data WORK.TRANS_SCOREINPUTS;
22028      merge WORK.TRANS_SCOREINPUTS(in=_a) _temp(in=_b);
MPRINT(EM_DIAGRAM):   merge WORK.TRANS_SCOREINPUTS(in=_a) _temp(in=_b);
22029      by UNAME;
MPRINT(EM_DIAGRAM):   by UNAME;
22030      if _a and _b then output;
MPRINT(EM_DIAGRAM):   if _a and _b then output;
22031      run;
MPRINT(EM_DIAGRAM):   run;

NOTE: There were 3 observations read from the data set WORK.TRANS_SCOREINPUTS.
NOTE: There were 13 observations read from the data set WORK._TEMP.
NOTE: The data set WORK.TRANS_SCOREINPUTS has 3 observations and 5 variables.
NOTE: DATA statement used (Total process time):
      real time           0.01 seconds
      cpu time            0.00 seconds
      

22032      *------------------------------------------------------------*;
MPRINT(EM_DIAGRAM):    *------------------------------------------------------------*;
22033      * Trans: Computing Summary Statistics;
MPRINT(EM_DIAGRAM):   * Trans: Computing Summary Statistics;
22034      *------------------------------------------------------------*;
MPRINT(EM_DIAGRAM):   *------------------------------------------------------------*;
22035      proc dmdb data=EMWS1.Trans_TRAIN classout=WORK.TRANS_CLASSSTATS varout=WORK.TRANS_VARSTATS;
MPRINT(EM_DIAGRAM):   proc dmdb data=EMWS1.Trans_TRAIN classout=WORK.TRANS_CLASSSTATS varout=WORK.TRANS_VARSTATS;
22036      ;
MPRINT(EM_DIAGRAM):   ;
22037      var
22038      IMP_DELINQ
22039      IMP_DEROG
22040      IMP_YOJ
22041      INDELINQ
22042      INDEROG
22043      INYOJ
22044      ;
MPRINT(EM_DIAGRAM):   var IMP_DELINQ IMP_DEROG IMP_YOJ INDELINQ INDEROG INYOJ ;
22045      run;
MPRINT(EM_DIAGRAM):   run;

NOTE: Records processed = 2979   Memory used = 511K.
NOTE: There were 2979 observations read from the data set EMWS1.PART_TRAIN.
NOTE: View EMWS1.TRANS_TRAIN.VIEW used (Total process time):
      real time           0.07 seconds
      cpu time            0.07 seconds
      
NOTE: There were 2979 observations read from the data set EMWS1.IMPT_TRAIN.
NOTE: There were 2979 observations read from the data set EMWS1.TRANS_TRAIN.
NOTE: The data set WORK.TRANS_VARSTATS has 6 observations and 9 variables.
NOTE: PROCEDURE DMDB used (Total process time):
      real time           0.10 seconds
      cpu time            0.11 seconds
      

22046      *------------------------------------------------------------*;
MPRINT(EM_DIAGRAM):    *------------------------------------------------------------*;
22047      * Trans: Combine Information and Statistics for Class Variables;
MPRINT(EM_DIAGRAM):   * Trans: Combine Information and Statistics for Class Variables;
22048      *------------------------------------------------------------*;
MPRINT(EM_DIAGRAM):   *------------------------------------------------------------*;
22049      proc sort data=WORK.TRANS_OUTPUTVARS out=_temp;
MPRINT(EM_DIAGRAM):   proc sort data=WORK.TRANS_OUTPUTVARS out=_temp;
22050      by NAME;
MPRINT(EM_DIAGRAM):   by NAME;
22051      run;
MPRINT(EM_DIAGRAM):   run;

NOTE: There were 3 observations read from the data set WORK.TRANS_OUTPUTVARS.
NOTE: The data set WORK._TEMP has 3 observations and 22 variables.
NOTE: PROCEDURE SORT used (Total process time):
      real time           0.01 seconds
      cpu time            0.00 seconds
      

22052      proc sort data=WORK.TRANS_CLASSSTATS;
MPRINT(EM_DIAGRAM):   proc sort data=WORK.TRANS_CLASSSTATS;
22053      by NAME;
MPRINT(EM_DIAGRAM):   by NAME;
22054      run;
MPRINT(EM_DIAGRAM):   run;

NOTE: Input data set is empty.
NOTE: The data set WORK.TRANS_CLASSSTATS has 0 observations and 9 variables.
NOTE: PROCEDURE SORT used (Total process time):
      real time           0.01 seconds
      cpu time            0.01 seconds
      

22055      data WORK.TRANS_CLASSSTATS(keep=name nlevel nmiss);
MPRINT(EM_DIAGRAM):   data WORK.TRANS_CLASSSTATS(keep=name nlevel nmiss);
22056      retain nlevel nmiss;
MPRINT(EM_DIAGRAM):   retain nlevel nmiss;
22057      set WORK.TRANS_CLASSSTATS;
MPRINT(EM_DIAGRAM):   set WORK.TRANS_CLASSSTATS;
22058      by Name;
MPRINT(EM_DIAGRAM):   by Name;
22059      if first.Name then do;
MPRINT(EM_DIAGRAM):   if first.Name then do;
22060      nlevel= 0;
MPRINT(EM_DIAGRAM):   nlevel= 0;
22061      nmiss= 0;
MPRINT(EM_DIAGRAM):   nmiss= 0;
22062      end;
MPRINT(EM_DIAGRAM):   end;
22063      if (type='C' and CRAW='') or (type='N' and NRAW=.) then nmiss = FREQUENCY;
MPRINT(EM_DIAGRAM):   if (type='C' and CRAW='') or (type='N' and NRAW=.) then nmiss = FREQUENCY;
22064      else nlevel + 1;
MPRINT(EM_DIAGRAM):   else nlevel + 1;
22065      if last.name then output;
MPRINT(EM_DIAGRAM):   if last.name then output;
22066      run;
MPRINT(EM_DIAGRAM):   run;

NOTE: There were 0 observations read from the data set WORK.TRANS_CLASSSTATS.
NOTE: The data set WORK.TRANS_CLASSSTATS has 0 observations and 3 variables.
NOTE: DATA statement used (Total process time):
      real time           0.01 seconds
      cpu time            0.01 seconds
      

22067      /*Merge Statistics for Class Output Vars */
22068      data WORK.TRANS_CLASSSTATS;
MPRINT(EM_DIAGRAM):   data WORK.TRANS_CLASSSTATS;
22069      length SOURCE $6 _METHOD_ $8 NAME $32 FORMULA $300;
MPRINT(EM_DIAGRAM):   length SOURCE $6 _METHOD_ $8 NAME $32 FORMULA $300;
22070      merge WORK.TRANS_CLASSSTATS(in=_a) _temp(in=_b keep=NAME InputName Formula _MetaFlag LEVEL TYPE LABEL);
MPRINT(EM_DIAGRAM):   merge WORK.TRANS_CLASSSTATS(in=_a) _temp(in=_b keep=NAME InputName Formula _MetaFlag LEVEL TYPE LABEL);
22071      by NAME;
MPRINT(EM_DIAGRAM):   by NAME;
22072      if _a and _b then do;
MPRINT(EM_DIAGRAM):   if _a and _b then do;
22073      SOURCE='Output';
MPRINT(EM_DIAGRAM):   SOURCE='Output';
22074      if _MetaFlag = 1 then _METHOD_="Meta";
MPRINT(EM_DIAGRAM):   if _MetaFlag = 1 then _METHOD_="Meta";
22075      else if Formula eq 'Interaction' then _METHOD_="Computed";
MPRINT(EM_DIAGRAM):   else if Formula eq 'Interaction' then _METHOD_="Computed";
22076      else if inputName eq '' then _METHOD_="Formula";
MPRINT(EM_DIAGRAM):   else if inputName eq '' then _METHOD_="Formula";
22077      else _METHOD_="Computed";
MPRINT(EM_DIAGRAM):   else _METHOD_="Computed";
22078      if Formula = '' then Formula = "User Code";
MPRINT(EM_DIAGRAM):   if Formula = '' then Formula = "User Code";
22079      end;
MPRINT(EM_DIAGRAM):   end;
22080      if _a then output;
MPRINT(EM_DIAGRAM):   if _a then output;
22081      drop inputName LEVEL TYPE _MetaFlag;
MPRINT(EM_DIAGRAM):   drop inputName LEVEL TYPE _MetaFlag;
22082      run;
MPRINT(EM_DIAGRAM):   run;

NOTE: There were 0 observations read from the data set WORK.TRANS_CLASSSTATS.
NOTE: There were 3 observations read from the data set WORK._TEMP.
NOTE: The data set WORK.TRANS_CLASSSTATS has 0 observations and 7 variables.
NOTE: DATA statement used (Total process time):
      real time           0.01 seconds
      cpu time            0.01 seconds
      

22083      /*Merge Statistics for Class Input Vars */
22084      proc sort data=WORK.TRANS_SCOREINPUTS(drop=TYPE LEVEL) out=_temp nodupkey;
MPRINT(EM_DIAGRAM):   proc sort data=WORK.TRANS_SCOREINPUTS(drop=TYPE LEVEL) out=_temp nodupkey;
22085      by NAME;
MPRINT(EM_DIAGRAM):   by NAME;
22086      run;
MPRINT(EM_DIAGRAM):   run;

NOTE: There were 3 observations read from the data set WORK.TRANS_SCOREINPUTS.
NOTE: 0 observations with duplicate key values were deleted.
NOTE: The data set WORK._TEMP has 3 observations and 3 variables.
NOTE: PROCEDURE SORT used (Total process time):
      real time           0.03 seconds
      cpu time            0.01 seconds
      

22087      data WORK.TRANS_CLASSSTATS;
MPRINT(EM_DIAGRAM):   data WORK.TRANS_CLASSSTATS;
22088      merge WORK.TRANS_CLASSSTATS(in=_a) _temp(in=_b);
MPRINT(EM_DIAGRAM):   merge WORK.TRANS_CLASSSTATS(in=_a) _temp(in=_b);
22089      by NAME;
MPRINT(EM_DIAGRAM):   by NAME;
22090      if _a and _b then do;
MPRINT(EM_DIAGRAM):   if _a and _b then do;
22091      SOURCE='Input';
MPRINT(EM_DIAGRAM):   SOURCE='Input';
22092      _METHOD_="Original";
MPRINT(EM_DIAGRAM):   _METHOD_="Original";
22093      end;
MPRINT(EM_DIAGRAM):   end;
22094      if _a then output;
MPRINT(EM_DIAGRAM):   if _a then output;
22095      run;
MPRINT(EM_DIAGRAM):   run;

NOTE: There were 0 observations read from the data set WORK.TRANS_CLASSSTATS.
NOTE: There were 3 observations read from the data set WORK._TEMP.
NOTE: The data set WORK.TRANS_CLASSSTATS has 0 observations and 8 variables.
NOTE: DATA statement used (Total process time):
      real time           0.01 seconds
      cpu time            0.00 seconds
      

22096      *------------------------------------------------------------*;
MPRINT(EM_DIAGRAM):    *------------------------------------------------------------*;
22097      * Trans: Combine Information and Statistics for Interval Variables;
MPRINT(EM_DIAGRAM):   * Trans: Combine Information and Statistics for Interval Variables;
22098      *------------------------------------------------------------*;
MPRINT(EM_DIAGRAM):   *------------------------------------------------------------*;
22099      proc sort data=WORK.TRANS_OUTPUTVARS out=_temp;
MPRINT(EM_DIAGRAM):   proc sort data=WORK.TRANS_OUTPUTVARS out=_temp;
22100      by NAME;
MPRINT(EM_DIAGRAM):   by NAME;
22101      run;
MPRINT(EM_DIAGRAM):   run;

NOTE: There were 3 observations read from the data set WORK.TRANS_OUTPUTVARS.
NOTE: The data set WORK._TEMP has 3 observations and 22 variables.
NOTE: PROCEDURE SORT used (Total process time):
      real time           0.01 seconds
      cpu time            0.00 seconds
      

22102      proc sort data=WORK.TRANS_VARSTATS;
MPRINT(EM_DIAGRAM):   proc sort data=WORK.TRANS_VARSTATS;
22103      by NAME;
MPRINT(EM_DIAGRAM):   by NAME;
22104      run;
MPRINT(EM_DIAGRAM):   run;

NOTE: There were 6 observations read from the data set WORK.TRANS_VARSTATS.
NOTE: The data set WORK.TRANS_VARSTATS has 6 observations and 9 variables.
NOTE: PROCEDURE SORT used (Total process time):
      real time           0.03 seconds
      cpu time            0.03 seconds
      

MPRINT(EM_DIAGRAM):   *Merge Statistics for Output Vars;
22105      *Merge Statistics for Output Vars;
22106      data WORK.TRANS_VARSTATS;
MPRINT(EM_DIAGRAM):   data WORK.TRANS_VARSTATS;
22107      length SOURCE $6 _METHOD_ $8 NAME $32 FORMULA $300;
MPRINT(EM_DIAGRAM):   length SOURCE $6 _METHOD_ $8 NAME $32 FORMULA $300;
22108      merge WORK.TRANS_VARSTATS(in=_a) _temp(in=_b keep=NAME Formula InputName _MetaFlag LEVEL TYPE LABEL);
MPRINT(EM_DIAGRAM):   merge WORK.TRANS_VARSTATS(in=_a) _temp(in=_b keep=NAME Formula InputName _MetaFlag LEVEL TYPE LABEL);
22109      by NAME;
MPRINT(EM_DIAGRAM):   by NAME;
22110      if _a and _b then do;
MPRINT(EM_DIAGRAM):   if _a and _b then do;
22111      SOURCE='Output';
MPRINT(EM_DIAGRAM):   SOURCE='Output';
22112      if _MetaFlag = 1 then _METHOD_="Meta";
MPRINT(EM_DIAGRAM):   if _MetaFlag = 1 then _METHOD_="Meta";
22113      else if Formula eq 'Interaction' then _METHOD_="Computed";
MPRINT(EM_DIAGRAM):   else if Formula eq 'Interaction' then _METHOD_="Computed";
22114      else if inputName eq '' then _METHOD_="Formula";
MPRINT(EM_DIAGRAM):   else if inputName eq '' then _METHOD_="Formula";
22115      else _METHOD_="Computed";
MPRINT(EM_DIAGRAM):   else _METHOD_="Computed";
22116      if Formula = '' then Formula = "Mixture of variables";
MPRINT(EM_DIAGRAM):   if Formula = '' then Formula = "Mixture of variables";
22117      end;
MPRINT(EM_DIAGRAM):   end;
22118      if _a then output;
MPRINT(EM_DIAGRAM):   if _a then output;
22119      drop inputName LEVEL TYPE _MetaFlag;
MPRINT(EM_DIAGRAM):   drop inputName LEVEL TYPE _MetaFlag;
22120      run;
MPRINT(EM_DIAGRAM):   run;

NOTE: There were 6 observations read from the data set WORK.TRANS_VARSTATS.
NOTE: There were 3 observations read from the data set WORK._TEMP.
NOTE: The data set WORK.TRANS_VARSTATS has 6 observations and 13 variables.
NOTE: DATA statement used (Total process time):
      real time           0.01 seconds
      cpu time            0.01 seconds
      

MPRINT(EM_DIAGRAM):   *Merge Statistics for Input Vars;
22121      *Merge Statistics for Input Vars;
22122      proc sort data=WORK.TRANS_SCOREINPUTS(drop=TYPE LEVEL) out=_temp nodupkey;
MPRINT(EM_DIAGRAM):   proc sort data=WORK.TRANS_SCOREINPUTS(drop=TYPE LEVEL) out=_temp nodupkey;
22123      by NAME;
MPRINT(EM_DIAGRAM):   by NAME;
22124      run;
MPRINT(EM_DIAGRAM):   run;

NOTE: There were 3 observations read from the data set WORK.TRANS_SCOREINPUTS.
NOTE: 0 observations with duplicate key values were deleted.
NOTE: The data set WORK._TEMP has 3 observations and 3 variables.
NOTE: PROCEDURE SORT used (Total process time):
      real time           0.04 seconds
      cpu time            0.01 seconds
      

22125      data WORK.TRANS_VARSTATS;
MPRINT(EM_DIAGRAM):   data WORK.TRANS_VARSTATS;
22126      merge WORK.TRANS_VARSTATS(in=_a) _temp(in=_b);
MPRINT(EM_DIAGRAM):   merge WORK.TRANS_VARSTATS(in=_a) _temp(in=_b);
22127      by NAME;
MPRINT(EM_DIAGRAM):   by NAME;
22128      if _a and _b then do;
MPRINT(EM_DIAGRAM):   if _a and _b then do;
22129      SOURCE='Input';
MPRINT(EM_DIAGRAM):   SOURCE='Input';
22130      _METHOD_="Original";
MPRINT(EM_DIAGRAM):   _METHOD_="Original";
22131      end;
MPRINT(EM_DIAGRAM):   end;
22132      if _a then output;
MPRINT(EM_DIAGRAM):   if _a then output;
22133      run;
MPRINT(EM_DIAGRAM):   run;

NOTE: There were 6 observations read from the data set WORK.TRANS_VARSTATS.
NOTE: There were 3 observations read from the data set WORK._TEMP.
NOTE: The data set WORK.TRANS_VARSTATS has 6 observations and 14 variables.
NOTE: DATA statement used (Total process time):
      real time           0.01 seconds
      cpu time            0.01 seconds
      

22134      *------------------------------------------------------------*;
MPRINT(EM_DIAGRAM):    *------------------------------------------------------------*;
22135      * Trans: Combine statistics for class and interval variables;
MPRINT(EM_DIAGRAM):   * Trans: Combine statistics for class and interval variables;
22136      *------------------------------------------------------------*;
MPRINT(EM_DIAGRAM):   *------------------------------------------------------------*;
22137      data EMWS1.Trans_STATISTICS;
MPRINT(EM_DIAGRAM):   data EMWS1.Trans_STATISTICS;
22138      length SOURCE $6 _METHOD_ $8 NAME $32 FORMULA $300;
MPRINT(EM_DIAGRAM):   length SOURCE $6 _METHOD_ $8 NAME $32 FORMULA $300;
22139      label SOURCE = "%sysfunc(sasmsg(sashelp.dmine, rpt_source_vlabel,  NOQUOTE))" _METHOD_ = "%sysfunc(sasmsg(sashelp.dmine, rpt_method_vlabel,  NOQUOTE))" NAME = "%sysfunc(sasmsg(sashelp.dmine, meta_name_vlabel,  NOQUOTE))" FORMULA =
22140         "%sysfunc(sasmsg(sashelp.dmine, rpt_formula_vlabel,   NOQUOTE))" NLEVEL = "%sysfunc(sasmsg(sashelp.dmine, rpt_numcat_vlabel,   NOQUOTE))" N = "%sysfunc(sasmsg(sashelp.dmine, rpt_nonmiss_vlabel, NOQUOTE))" NMISS =
22141         "%sysfunc(sasmsg(sashelp.dmine, rpt_missing_vlabel, NOQUOTE))" MIN = "%sysfunc(sasmsg(sashelp.dmine, rpt_minimum_vlabel, NOQUOTE))" MAX = "%sysfunc(sasmsg(sashelp.dmine, rpt_maximum_vlabel, NOQUOTE))" MEAN =
22142         "%sysfunc(sasmsg(sashelp.dmine, rpt_mean_vlabel,    NOQUOTE))" STD = "%sysfunc(sasmsg(sashelp.dmine, rpt_std_vlabel,     NOQUOTE))" SKEWNESS = "%sysfunc(sasmsg(sashelp.dmine, rpt_skewness_vlabel, NOQUOTE))" KURTOSIS =
22143         "%sysfunc(sasmsg(sashelp.dmine, rpt_kurtosis_vlabel, NOQUOTE))" LABEL = "%sysfunc(sasmsg(sashelp.dmine, meta_label_vlabel, NOQUOTE))";
MPRINT(EM_DIAGRAM):   label SOURCE = "Source" _METHOD_ = "Method" NAME = "Variable Name" FORMULA = "Formula" NLEVEL = "Number of Levels" N = "Non Missing" NMISS = "Missing" MIN = "Minimum" MAX = "Maximum" MEAN = "Mean" STD = "Standard Deviation" SKEWNESS 
= "Skewness" KURTOSIS = "Kurtosis" LABEL = "Label";
22144      set
22145      WORK.TRANS_CLASSSTATS
22146      WORK.TRANS_VARSTATS
22147      ;
MPRINT(EM_DIAGRAM):   set WORK.TRANS_CLASSSTATS WORK.TRANS_VARSTATS ;
22148      drop UNAME;
MPRINT(EM_DIAGRAM):   drop UNAME;
22149      run;
MPRINT(EM_DIAGRAM):   run;

NOTE: There were 0 observations read from the data set WORK.TRANS_CLASSSTATS.
NOTE: There were 6 observations read from the data set WORK.TRANS_VARSTATS.
NOTE: The data set EMWS1.TRANS_STATISTICS has 6 observations and 14 variables.
NOTE: DATA statement used (Total process time):
      real time           0.12 seconds
      cpu time            0.03 seconds
      

22150      proc sort data=EMWS1.Trans_STATISTICS;
MPRINT(EM_DIAGRAM):   proc sort data=EMWS1.Trans_STATISTICS;
22151      by SOURCE _METHOD_ NAME;
MPRINT(EM_DIAGRAM):   by SOURCE _METHOD_ NAME;
22152      run;
MPRINT(EM_DIAGRAM):   run;

NOTE: There were 6 observations read from the data set EMWS1.TRANS_STATISTICS.
NOTE: The data set EMWS1.TRANS_STATISTICS has 6 observations and 14 variables.
NOTE: PROCEDURE SORT used (Total process time):
      real time           0.14 seconds
      cpu time            0.01 seconds
      

22153      proc sort data = EMWS1.Trans_STATISTICS NOTHREADS;
MPRINT(EM_DIAGRAM):    proc sort data = EMWS1.Trans_STATISTICS NOTHREADS;
22154      by SOURCE NAME;
MPRINT(EM_DIAGRAM):   by SOURCE NAME;
22155      run;
MPRINT(EM_DIAGRAM):   run;

NOTE: There were 6 observations read from the data set EMWS1.TRANS_STATISTICS.
NOTE: The data set EMWS1.TRANS_STATISTICS has 6 observations and 14 variables.
NOTE: PROCEDURE SORT used (Total process time):
      real time           0.11 seconds
      cpu time            0.00 seconds
      

22156      title9 ' ';
MPRINT(EM_DIAGRAM):   title9 ' ';
22157      proc print data = EMWS1.Trans_STATISTICS(obs=500) noobs label;
MPRINT(EM_DIAGRAM):   proc print data = EMWS1.Trans_STATISTICS(obs=500) noobs label;
22158      title9 "%sysfunc(sasmsg(sashelp.dmine, rpt_intervalinputStats_title, NOQUOTE))";
MPRINT(EM_DIAGRAM):   title9 "Summary Statistics for Input Interval Variables";
22159      title10 "%sysfunc(sasmsg(sashelp.dmine, rpt_maxObsPrinted_title, NOQUOTE))";
MPRINT(EM_DIAGRAM):   title10 "(maximum 500 observations printed)";
MPRINT(EM_DIAGRAM):   var Name NMISS MIN MAX MEAN STD SKEWNESS KURTOSIS;
MPRINT(EM_DIAGRAM):   where SOURCE eq 'INPUT' and mean ne .;
MPRINT(EM_DIAGRAM):   run;
22160      var Name NMISS MIN MAX MEAN STD SKEWNESS KURTOSIS;
22161      where SOURCE eq 'INPUT' and mean ne .;
22162      run;

NOTE: No observations were selected from data set EMWS1.TRANS_STATISTICS.
NOTE: There were 0 observations read from the data set EMWS1.TRANS_STATISTICS.
      WHERE (SOURCE='INPUT') and (mean not = .);
NOTE: PROCEDURE PRINT used (Total process time):
      real time           0.04 seconds
      cpu time            0.01 seconds
      

22163      proc print data = EMWS1.Trans_STATISTICS(obs=500) noobs label;
MPRINT(EM_DIAGRAM):   proc print data = EMWS1.Trans_STATISTICS(obs=500) noobs label;
22164      title9 "%sysfunc(sasmsg(sashelp.dmine, rpt_intervaloutputStats_title, NOQUOTE))";
MPRINT(EM_DIAGRAM):   title9 "Summary Statistics for Output Interval Variables";
22165      title10 "%sysfunc(sasmsg(sashelp.dmine, rpt_maxObsPrinted_title, NOQUOTE))";
MPRINT(EM_DIAGRAM):   title10 "(maximum 500 observations printed)";
MPRINT(EM_DIAGRAM):   var Name _METHOD_ NMISS MIN MAX MEAN STD SKEWNESS KURTOSIS;
MPRINT(EM_DIAGRAM):   where SOURCE eq 'OUTPUT' and mean ne .;
MPRINT(EM_DIAGRAM):   run;
22166      var Name _METHOD_ NMISS MIN MAX MEAN STD SKEWNESS KURTOSIS;
22167      where SOURCE eq 'OUTPUT' and mean ne .;
22168      run;

NOTE: No observations were selected from data set EMWS1.TRANS_STATISTICS.
NOTE: There were 0 observations read from the data set EMWS1.TRANS_STATISTICS.
      WHERE (SOURCE='OUTPUT') and (mean not = .);
NOTE: PROCEDURE PRINT used (Total process time):
      real time           0.01 seconds
      cpu time            0.01 seconds
      

22169      proc print data = EMWS1.Trans_STATISTICS(obs=500) noobs label;
MPRINT(EM_DIAGRAM):   proc print data = EMWS1.Trans_STATISTICS(obs=500) noobs label;
22170      title9 "%sysfunc(sasmsg(sashelp.dmine, rpt_classinputStats_title, NOQUOTE))";
MPRINT(EM_DIAGRAM):   title9 "Summary Statistics for Input Class Variables";
22171      title10 "%sysfunc(sasmsg(sashelp.dmine, rpt_maxObsPrinted_title, NOQUOTE))";
MPRINT(EM_DIAGRAM):   title10 "(maximum 500 observations printed)";
MPRINT(EM_DIAGRAM):   var Name NLEVEL NMISS;
MPRINT(EM_DIAGRAM):   where SOURCE eq 'INPUT' and nlevel ne .;
MPRINT(EM_DIAGRAM):   run;
22172      var Name NLEVEL NMISS;
22173      where SOURCE eq 'INPUT' and nlevel ne .;
22174      run;

NOTE: No observations were selected from data set EMWS1.TRANS_STATISTICS.
NOTE: There were 0 observations read from the data set EMWS1.TRANS_STATISTICS.
      WHERE (SOURCE='INPUT') and (nlevel not = .);
NOTE: PROCEDURE PRINT used (Total process time):
      real time           0.01 seconds
      cpu time            0.01 seconds
      

22175      proc print data = EMWS1.Trans_STATISTICS(obs=500) noobs label;
MPRINT(EM_DIAGRAM):   proc print data = EMWS1.Trans_STATISTICS(obs=500) noobs label;
22176      title9 "%sysfunc(sasmsg(sashelp.dmine, rpt_classoutputStats_title, NOQUOTE))";
MPRINT(EM_DIAGRAM):   title9 "Summary Statistics for Output Class Variables";
22177      title10 "%sysfunc(sasmsg(sashelp.dmine, rpt_maxObsPrinted_title, NOQUOTE))";
MPRINT(EM_DIAGRAM):   title10 "(maximum 500 observations printed)";
MPRINT(EM_DIAGRAM):   var Name _METHOD_ NLEVEL NMISS;
MPRINT(EM_DIAGRAM):   where SOURCE eq 'OUTPUT' and nlevel ne .;
MPRINT(EM_DIAGRAM):   run;
22178      var Name _METHOD_ NLEVEL NMISS;
22179      where SOURCE eq 'OUTPUT' and nlevel ne .;
22180      run;

NOTE: No observations were selected from data set EMWS1.TRANS_STATISTICS.
NOTE: There were 0 observations read from the data set EMWS1.TRANS_STATISTICS.
      WHERE (SOURCE='OUTPUT') and (nlevel not = .);
NOTE: PROCEDURE PRINT used (Total process time):
      real time           0.03 seconds
      cpu time            0.01 seconds
      

22181      title9;
MPRINT(EM_DIAGRAM):   title9;
22182      title10;
MPRINT(EM_DIAGRAM):   title10;
22183      data EMWS1.Trans_EMSCOREVAR;
MPRINT(EM_DIAGRAM):    data EMWS1.Trans_EMSCOREVAR;
22184      length Name $32 formula $300 file $200;
MPRINT(EM_DIAGRAM):   length Name $32 formula $300 file $200;
22185      keep NAME Formula file;
MPRINT(EM_DIAGRAM):   keep NAME Formula file;
22186      set EMWS1.Trans_STATISTICS;
MPRINT(EM_DIAGRAM):   set EMWS1.Trans_STATISTICS;
22187      where SOURCE='Output';
MPRINT(EM_DIAGRAM):   where SOURCE='Output';
22188      select( _METHOD_);
MPRINT(EM_DIAGRAM):   select( _METHOD_);
22189      when('Computed') do;
MPRINT(EM_DIAGRAM):   when('Computed') do;
22190      file="TRANSFORMCODE\"!!strip(NAME)!!'.sas';
MPRINT(EM_DIAGRAM):   file="TRANSFORMCODE\"!!strip(NAME)!!'.sas';
22191      formula = '';
MPRINT(EM_DIAGRAM):   formula = '';
22192      end;
MPRINT(EM_DIAGRAM):   end;
22193      when('Formula') do;
MPRINT(EM_DIAGRAM):   when('Formula') do;
22194      if Formula eq 'Mixture of variables' then do;
MPRINT(EM_DIAGRAM):   if Formula eq 'Mixture of variables' then do;
22195      file= "EDITORCODE.sas";
MPRINT(EM_DIAGRAM):   file= "EDITORCODE.sas";
22196      formula = '';
MPRINT(EM_DIAGRAM):   formula = '';
22197      end;
MPRINT(EM_DIAGRAM):   end;
22198      if Formula = 'User Code' then do;
MPRINT(EM_DIAGRAM):   if Formula = 'User Code' then do;
22199      file= "EDITORCODE.sas";
MPRINT(EM_DIAGRAM):   file= "EDITORCODE.sas";
22200      formula = '';
MPRINT(EM_DIAGRAM):   formula = '';
22201      end;
MPRINT(EM_DIAGRAM):   end;
22202      end;
MPRINT(EM_DIAGRAM):   end;
22203      otherwise;
MPRINT(EM_DIAGRAM):   otherwise;
22204      end;
MPRINT(EM_DIAGRAM):   end;
22205      output;
MPRINT(EM_DIAGRAM):   output;
22206      run;
MPRINT(EM_DIAGRAM):   run;

NOTE: There were 3 observations read from the data set EMWS1.TRANS_STATISTICS.
      WHERE SOURCE='Output';
NOTE: The data set EMWS1.TRANS_EMSCOREVAR has 3 observations and 3 variables.
NOTE: DATA statement used (Total process time):
      real time           0.09 seconds
      cpu time            0.01 seconds
      

MPRINT(EM_DIAGRAM):    proc printto;
MPRINT(EM_DIAGRAM):   run;
