MPRINT(EM_DIAGRAM):    data _null_;
MPRINT(EM_DIAGRAM):   call symput('NLDATE', strip(put(date(), NLDATE.)));
MPRINT(EM_DIAGRAM):   call symput('NLTIME', strip(put(datetime(), NLTIME.)));
MPRINT(EM_DIAGRAM):   run;
MPRINT(EM_DIAGRAM):   data _null_;
MPRINT(EM_DIAGRAM):   nldate= sasmsg("sashelp.dmine", "log_date_note", 'N', "November 07, 
2018" );
MPRINT(EM_DIAGRAM):   nltime= sasmsg("sashelp.dmine", "log_time_note", 'N', "21:42:27" );
MPRINT(EM_DIAGRAM):   put "*------------------------------------------------------------*";
MPRINT(EM_DIAGRAM):   put "* Score Log";
MPRINT(EM_DIAGRAM):   put nldate;
MPRINT(EM_DIAGRAM):   put nltime;
MPRINT(EM_DIAGRAM):   put "*------------------------------------------------------------*";
MPRINT(EM_DIAGRAM):   run;
*------------------------------------------------------------*
* Score Log
Date:                November 07, 2018
Time:                21:42:27
*------------------------------------------------------------*
MPRINT(EM_DIAGRAM):    filename O3MUX48_ "J:\JMMORR01\CIS 445\CIS 445 Project 
3\Workspaces\EMWS1\Neural5\EMSCORE.out" encoding="UTF-8" NOBOM;
MPRINT(EM_DIAGRAM):   proc printto print=O3MUX48_ new;
MPRINT(EM_DIAGRAM):   run;
54717      data work.outkey;
MPRINT(EM_DIAGRAM):    data work.outkey;
54718      set EMWS1.Neural5_OUTKEY;
MPRINT(EM_DIAGRAM):   set EMWS1.Neural5_OUTKEY;
54719      if upcase(ROLE) = 'HIDDEN';
MPRINT(EM_DIAGRAM):   if upcase(ROLE) = 'HIDDEN';
54720      run;
MPRINT(EM_DIAGRAM):   run;

NOTE: There were 24 observations read from the data set EMWS1.NEURAL5_OUTKEY.
NOTE: The data set WORK.OUTKEY has 3 observations and 8 variables.
NOTE: DATA statement used (Total process time):
      real time           0.03 seconds
      cpu time            0.01 seconds
      

54721      filename emflow "J:\JMMORR01\CIS 445\CIS 445 Project
54721    ! 3\Workspaces\EMWS1\Neural5\EMFLOWSCORE.sas";
MPRINT(EM_DIAGRAM):    filename emflow "J:\JMMORR01\CIS 445\CIS 445 Project 
3\Workspaces\EMWS1\Neural5\EMFLOWSCORE.sas";
MPRINT(EM_DIAGRAM):   *------------------------------------------------------------*;
MPRINT(EM_DIAGRAM):   * Neural5: Scoring DATA data;
MPRINT(EM_DIAGRAM):   *------------------------------------------------------------*;
54722      *------------------------------------------------------------*;
54723      * Neural5: Scoring DATA data;
54724      *------------------------------------------------------------*;
54725      data EMWS1.Neural5_TRAIN
54726      / view=EMWS1.Neural5_TRAIN
54727      ;
MPRINT(EM_DIAGRAM):   data EMWS1.Neural5_TRAIN / view=EMWS1.Neural5_TRAIN ;
54728      set EMWS1.Varsel_TRAIN
54729      ;
MPRINT(EM_DIAGRAM):   set EMWS1.Varsel_TRAIN ;
54730      %inc emflow;
NOTE: %INCLUDE (level 1) file EMFLOW is file J:\JMMORR01\CIS 445\CIS 445 Project 
      3\Workspaces\EMWS1\Neural5\EMFLOWSCORE.sas.
54731     +***********************************;
MPRINT(EM_DIAGRAM):   ***********************************;
54732     +*** Begin Scoring Code for Neural;
MPRINT(EM_DIAGRAM):   *** Begin Scoring Code for Neural;
54733     +***********************************;
MPRINT(EM_DIAGRAM):   ***********************************;
54734     +DROP _DM_BAD _EPS _NOCL_ _MAX_ _MAXP_ _SUM_ _NTRIALS;
MPRINT(EM_DIAGRAM):   DROP _DM_BAD _EPS _NOCL_ _MAX_ _MAXP_ _SUM_ _NTRIALS;
54735     + _DM_BAD = 0;
MPRINT(EM_DIAGRAM):   _DM_BAD = 0;
54736     + _NOCL_ = .;
MPRINT(EM_DIAGRAM):   _NOCL_ = .;
54737     + _MAX_ = .;
MPRINT(EM_DIAGRAM):   _MAX_ = .;
54738     + _MAXP_ = .;
MPRINT(EM_DIAGRAM):   _MAXP_ = .;
54739     + _SUM_ = .;
MPRINT(EM_DIAGRAM):   _SUM_ = .;
54740     + _NTRIALS = .;
MPRINT(EM_DIAGRAM):   _NTRIALS = .;
54741     + _EPS =                1E-10;
MPRINT(EM_DIAGRAM):   _EPS = 1E-10;
54742     +LENGTH _WARN_ $4
54743     +      F_BAD  $ 12
54744     +;
MPRINT(EM_DIAGRAM):   LENGTH _WARN_ $4 F_BAD $ 12 ;
54745     +      label G_GRP_IMP_DEBTINC0 = 'Dummy: G_GRP_IMP_DEBTINC=0' ;
MPRINT(EM_DIAGRAM):   label G_GRP_IMP_DEBTINC0 = 'Dummy: G_GRP_IMP_DEBTINC=0' ;
54746     +
54747     +      label G_GRP_IMP_DEBTINC1 = 'Dummy: G_GRP_IMP_DEBTINC=1' ;
MPRINT(EM_DIAGRAM):   label G_GRP_IMP_DEBTINC1 = 'Dummy: G_GRP_IMP_DEBTINC=1' ;
54748     +
54749     +      label GRP_IMP_CLAGE2 = 'Dummy: GRP_IMP_CLAGE=2' ;
MPRINT(EM_DIAGRAM):   label GRP_IMP_CLAGE2 = 'Dummy: GRP_IMP_CLAGE=2' ;
54750     +
54751     +      label GRP_IMP_CLAGE3 = 'Dummy: GRP_IMP_CLAGE=3' ;
MPRINT(EM_DIAGRAM):   label GRP_IMP_CLAGE3 = 'Dummy: GRP_IMP_CLAGE=3' ;
54752     +
54753     +      label GRP_IMP_CLAGE4 = 'Dummy: GRP_IMP_CLAGE=4' ;
MPRINT(EM_DIAGRAM):   label GRP_IMP_CLAGE4 = 'Dummy: GRP_IMP_CLAGE=4' ;
54754     +
54755     +      label GRP_IMP_NINQ1 = 'Dummy: GRP_IMP_NINQ=1' ;
MPRINT(EM_DIAGRAM):   label GRP_IMP_NINQ1 = 'Dummy: GRP_IMP_NINQ=1' ;
54756     +
54757     +      label GRP_IMP_NINQ2 = 'Dummy: GRP_IMP_NINQ=2' ;
MPRINT(EM_DIAGRAM):   label GRP_IMP_NINQ2 = 'Dummy: GRP_IMP_NINQ=2' ;
54758     +
54759     +      label GRP_IMP_NINQ3 = 'Dummy: GRP_IMP_NINQ=3' ;
MPRINT(EM_DIAGRAM):   label GRP_IMP_NINQ3 = 'Dummy: GRP_IMP_NINQ=3' ;
54760     +
54761     +      label GRP_INDELINQ3 = 'Dummy: GRP_INDELINQ=3' ;
MPRINT(EM_DIAGRAM):   label GRP_INDELINQ3 = 'Dummy: GRP_INDELINQ=3' ;
54762     +
54763     +      label H11 = 'Hidden: H1=1' ;
MPRINT(EM_DIAGRAM):   label H11 = 'Hidden: H1=1' ;
54764     +
54765     +      label H12 = 'Hidden: H1=2' ;
MPRINT(EM_DIAGRAM):   label H12 = 'Hidden: H1=2' ;
54766     +
54767     +      label H13 = 'Hidden: H1=3' ;
MPRINT(EM_DIAGRAM):   label H13 = 'Hidden: H1=3' ;
54768     +
54769     +      label I_BAD = 'Into: BAD' ;
MPRINT(EM_DIAGRAM):   label I_BAD = 'Into: BAD' ;
54770     +
54771     +      label F_BAD = 'From: BAD' ;
MPRINT(EM_DIAGRAM):   label F_BAD = 'From: BAD' ;
54772     +
54773     +      label U_BAD = 'Unnormalized Into: BAD' ;
MPRINT(EM_DIAGRAM):   label U_BAD = 'Unnormalized Into: BAD' ;
54774     +
54775     +      label P_BAD1 = 'Predicted: BAD=1' ;
MPRINT(EM_DIAGRAM):   label P_BAD1 = 'Predicted: BAD=1' ;
54776     +
54777     +      label R_BAD1 = 'Residual: BAD=1' ;
MPRINT(EM_DIAGRAM):   label R_BAD1 = 'Residual: BAD=1' ;
54778     +
54779     +      label P_BAD0 = 'Predicted: BAD=0' ;
MPRINT(EM_DIAGRAM):   label P_BAD0 = 'Predicted: BAD=0' ;
54780     +
54781     +      label R_BAD0 = 'Residual: BAD=0' ;
MPRINT(EM_DIAGRAM):   label R_BAD0 = 'Residual: BAD=0' ;
54782     +
54783     +      label  _WARN_ = "Warnings";
MPRINT(EM_DIAGRAM):   label _WARN_ = "Warnings";
54784     +
54785     +*** Generate dummy variables for G_GRP_IMP_DEBTINC ;
MPRINT(EM_DIAGRAM):   *** Generate dummy variables for G_GRP_IMP_DEBTINC ;
54786     +drop G_GRP_IMP_DEBTINC0 G_GRP_IMP_DEBTINC1 ;
MPRINT(EM_DIAGRAM):   drop G_GRP_IMP_DEBTINC0 G_GRP_IMP_DEBTINC1 ;
54787     +if missing( G_GRP_IMP_DEBTINC ) then do;
MPRINT(EM_DIAGRAM):   if missing( G_GRP_IMP_DEBTINC ) then do;
54788     +   G_GRP_IMP_DEBTINC0 = .;
MPRINT(EM_DIAGRAM):   G_GRP_IMP_DEBTINC0 = .;
54789     +   G_GRP_IMP_DEBTINC1 = .;
MPRINT(EM_DIAGRAM):   G_GRP_IMP_DEBTINC1 = .;
54790     +   substr(_warn_,1,1) = 'M';
MPRINT(EM_DIAGRAM):   substr(_warn_,1,1) = 'M';
54791     +   _DM_BAD = 1;
MPRINT(EM_DIAGRAM):   _DM_BAD = 1;
54792     +end;
MPRINT(EM_DIAGRAM):   end;
54793     +else do;
MPRINT(EM_DIAGRAM):   else do;
54794     +   length _dm12 $ 12; drop _dm12 ;
MPRINT(EM_DIAGRAM):   length _dm12 $ 12;
MPRINT(EM_DIAGRAM):   drop _dm12 ;
54795     +   _dm12 = put( G_GRP_IMP_DEBTINC , BEST12. );
MPRINT(EM_DIAGRAM):   _dm12 = put( G_GRP_IMP_DEBTINC , BEST12. );
54796     +   %DMNORMIP( _dm12 )
MPRINT(DMNORMIP):   call dmnorm(_dm12,
MPRINT(DMNORLEN):  32
MPRINT(DMNORMIP):  );
54797     +   if _dm12 = '2'  then do;
MPRINT(EM_DIAGRAM):   if _dm12 = '2' then do;
54798     +      G_GRP_IMP_DEBTINC0 = -1;
MPRINT(EM_DIAGRAM):   G_GRP_IMP_DEBTINC0 = -1;
54799     +      G_GRP_IMP_DEBTINC1 = -1;
MPRINT(EM_DIAGRAM):   G_GRP_IMP_DEBTINC1 = -1;
54800     +   end;
MPRINT(EM_DIAGRAM):   end;
54801     +   else if _dm12 = '1'  then do;
MPRINT(EM_DIAGRAM):   else if _dm12 = '1' then do;
54802     +      G_GRP_IMP_DEBTINC0 = 0;
MPRINT(EM_DIAGRAM):   G_GRP_IMP_DEBTINC0 = 0;
54803     +      G_GRP_IMP_DEBTINC1 = 1;
MPRINT(EM_DIAGRAM):   G_GRP_IMP_DEBTINC1 = 1;
54804     +   end;
MPRINT(EM_DIAGRAM):   end;
54805     +   else if _dm12 = '0'  then do;
MPRINT(EM_DIAGRAM):   else if _dm12 = '0' then do;
54806     +      G_GRP_IMP_DEBTINC0 = 1;
MPRINT(EM_DIAGRAM):   G_GRP_IMP_DEBTINC0 = 1;
54807     +      G_GRP_IMP_DEBTINC1 = 0;
MPRINT(EM_DIAGRAM):   G_GRP_IMP_DEBTINC1 = 0;
54808     +   end;
MPRINT(EM_DIAGRAM):   end;
54809     +   else do;
MPRINT(EM_DIAGRAM):   else do;
54810     +      G_GRP_IMP_DEBTINC0 = .;
MPRINT(EM_DIAGRAM):   G_GRP_IMP_DEBTINC0 = .;
54811     +      G_GRP_IMP_DEBTINC1 = .;
MPRINT(EM_DIAGRAM):   G_GRP_IMP_DEBTINC1 = .;
54812     +      substr(_warn_,2,1) = 'U';
MPRINT(EM_DIAGRAM):   substr(_warn_,2,1) = 'U';
54813     +      _DM_BAD = 1;
MPRINT(EM_DIAGRAM):   _DM_BAD = 1;
54814     +   end;
MPRINT(EM_DIAGRAM):   end;
54815     +end;
MPRINT(EM_DIAGRAM):   end;
54816     +
54817     +*** Generate dummy variables for GRP_IMP_CLAGE ;
MPRINT(EM_DIAGRAM):   *** Generate dummy variables for GRP_IMP_CLAGE ;
54818     +drop GRP_IMP_CLAGE2 GRP_IMP_CLAGE3 GRP_IMP_CLAGE4 ;
MPRINT(EM_DIAGRAM):   drop GRP_IMP_CLAGE2 GRP_IMP_CLAGE3 GRP_IMP_CLAGE4 ;
54819     +if missing( GRP_IMP_CLAGE ) then do;
MPRINT(EM_DIAGRAM):   if missing( GRP_IMP_CLAGE ) then do;
54820     +   GRP_IMP_CLAGE2 = .;
MPRINT(EM_DIAGRAM):   GRP_IMP_CLAGE2 = .;
54821     +   GRP_IMP_CLAGE3 = .;
MPRINT(EM_DIAGRAM):   GRP_IMP_CLAGE3 = .;
54822     +   GRP_IMP_CLAGE4 = .;
MPRINT(EM_DIAGRAM):   GRP_IMP_CLAGE4 = .;
54823     +   substr(_warn_,1,1) = 'M';
MPRINT(EM_DIAGRAM):   substr(_warn_,1,1) = 'M';
54824     +   _DM_BAD = 1;
MPRINT(EM_DIAGRAM):   _DM_BAD = 1;
54825     +end;
MPRINT(EM_DIAGRAM):   end;
54826     +else do;
MPRINT(EM_DIAGRAM):   else do;
54827     +   length _dm12 $ 12; drop _dm12 ;
MPRINT(EM_DIAGRAM):   length _dm12 $ 12;
MPRINT(EM_DIAGRAM):   drop _dm12 ;
54828     +   _dm12 = put( GRP_IMP_CLAGE , BEST12. );
MPRINT(EM_DIAGRAM):   _dm12 = put( GRP_IMP_CLAGE , BEST12. );
54829     +   %DMNORMIP( _dm12 )
MPRINT(DMNORMIP):   call dmnorm(_dm12,
MPRINT(DMNORLEN):  32
MPRINT(DMNORMIP):  );
54830     +   if _dm12 = '3'  then do;
MPRINT(EM_DIAGRAM):   if _dm12 = '3' then do;
54831     +      GRP_IMP_CLAGE2 = 0.63245553203367;
MPRINT(EM_DIAGRAM):   GRP_IMP_CLAGE2 = 0.63245553203367;
54832     +      GRP_IMP_CLAGE3 = -0.63245553203367;
MPRINT(EM_DIAGRAM):   GRP_IMP_CLAGE3 = -0.63245553203367;
54833     +      GRP_IMP_CLAGE4 = -0.63245553203367;
MPRINT(EM_DIAGRAM):   GRP_IMP_CLAGE4 = -0.63245553203367;
54834     +   end;
MPRINT(EM_DIAGRAM):   end;
54835     +   else if _dm12 = '5'  then do;
MPRINT(EM_DIAGRAM):   else if _dm12 = '5' then do;
54836     +      GRP_IMP_CLAGE2 = 0.63245553203367;
MPRINT(EM_DIAGRAM):   GRP_IMP_CLAGE2 = 0.63245553203367;
54837     +      GRP_IMP_CLAGE3 = 0.63245553203367;
MPRINT(EM_DIAGRAM):   GRP_IMP_CLAGE3 = 0.63245553203367;
54838     +      GRP_IMP_CLAGE4 = 0.63245553203367;
MPRINT(EM_DIAGRAM):   GRP_IMP_CLAGE4 = 0.63245553203367;
54839     +   end;
MPRINT(EM_DIAGRAM):   end;
54840     +   else if _dm12 = '2'  then do;
MPRINT(EM_DIAGRAM):   else if _dm12 = '2' then do;
54841     +      GRP_IMP_CLAGE2 = -0.63245553203367;
MPRINT(EM_DIAGRAM):   GRP_IMP_CLAGE2 = -0.63245553203367;
54842     +      GRP_IMP_CLAGE3 = -0.63245553203367;
MPRINT(EM_DIAGRAM):   GRP_IMP_CLAGE3 = -0.63245553203367;
54843     +      GRP_IMP_CLAGE4 = -0.63245553203367;
MPRINT(EM_DIAGRAM):   GRP_IMP_CLAGE4 = -0.63245553203367;
54844     +   end;
MPRINT(EM_DIAGRAM):   end;
54845     +   else if _dm12 = '4'  then do;
MPRINT(EM_DIAGRAM):   else if _dm12 = '4' then do;
54846     +      GRP_IMP_CLAGE2 = 0.63245553203367;
MPRINT(EM_DIAGRAM):   GRP_IMP_CLAGE2 = 0.63245553203367;
54847     +      GRP_IMP_CLAGE3 = 0.63245553203367;
MPRINT(EM_DIAGRAM):   GRP_IMP_CLAGE3 = 0.63245553203367;
54848     +      GRP_IMP_CLAGE4 = -0.63245553203367;
MPRINT(EM_DIAGRAM):   GRP_IMP_CLAGE4 = -0.63245553203367;
54849     +   end;
MPRINT(EM_DIAGRAM):   end;
54850     +   else do;
MPRINT(EM_DIAGRAM):   else do;
54851     +      GRP_IMP_CLAGE2 = .;
MPRINT(EM_DIAGRAM):   GRP_IMP_CLAGE2 = .;
54852     +      GRP_IMP_CLAGE3 = .;
MPRINT(EM_DIAGRAM):   GRP_IMP_CLAGE3 = .;
54853     +      GRP_IMP_CLAGE4 = .;
MPRINT(EM_DIAGRAM):   GRP_IMP_CLAGE4 = .;
54854     +      substr(_warn_,2,1) = 'U';
MPRINT(EM_DIAGRAM):   substr(_warn_,2,1) = 'U';
54855     +      _DM_BAD = 1;
MPRINT(EM_DIAGRAM):   _DM_BAD = 1;
54856     +   end;
MPRINT(EM_DIAGRAM):   end;
54857     +end;
MPRINT(EM_DIAGRAM):   end;
54858     +
54859     +*** Generate dummy variables for GRP_IMP_NINQ ;
MPRINT(EM_DIAGRAM):   *** Generate dummy variables for GRP_IMP_NINQ ;
54860     +drop GRP_IMP_NINQ1 GRP_IMP_NINQ2 GRP_IMP_NINQ3 ;
MPRINT(EM_DIAGRAM):   drop GRP_IMP_NINQ1 GRP_IMP_NINQ2 GRP_IMP_NINQ3 ;
54861     +if missing( GRP_IMP_NINQ ) then do;
MPRINT(EM_DIAGRAM):   if missing( GRP_IMP_NINQ ) then do;
54862     +   GRP_IMP_NINQ1 = .;
MPRINT(EM_DIAGRAM):   GRP_IMP_NINQ1 = .;
54863     +   GRP_IMP_NINQ2 = .;
MPRINT(EM_DIAGRAM):   GRP_IMP_NINQ2 = .;
54864     +   GRP_IMP_NINQ3 = .;
MPRINT(EM_DIAGRAM):   GRP_IMP_NINQ3 = .;
54865     +   substr(_warn_,1,1) = 'M';
MPRINT(EM_DIAGRAM):   substr(_warn_,1,1) = 'M';
54866     +   _DM_BAD = 1;
MPRINT(EM_DIAGRAM):   _DM_BAD = 1;
54867     +end;
MPRINT(EM_DIAGRAM):   end;
54868     +else do;
MPRINT(EM_DIAGRAM):   else do;
54869     +   length _dm12 $ 12; drop _dm12 ;
MPRINT(EM_DIAGRAM):   length _dm12 $ 12;
MPRINT(EM_DIAGRAM):   drop _dm12 ;
54870     +   _dm12 = put( GRP_IMP_NINQ , BEST12. );
MPRINT(EM_DIAGRAM):   _dm12 = put( GRP_IMP_NINQ , BEST12. );
54871     +   %DMNORMIP( _dm12 )
MPRINT(DMNORMIP):   call dmnorm(_dm12,
MPRINT(DMNORLEN):  32
MPRINT(DMNORMIP):  );
54872     +   if _dm12 = '1'  then do;
MPRINT(EM_DIAGRAM):   if _dm12 = '1' then do;
54873     +      GRP_IMP_NINQ1 = -0.63245553203367;
MPRINT(EM_DIAGRAM):   GRP_IMP_NINQ1 = -0.63245553203367;
54874     +      GRP_IMP_NINQ2 = -0.63245553203367;
MPRINT(EM_DIAGRAM):   GRP_IMP_NINQ2 = -0.63245553203367;
54875     +      GRP_IMP_NINQ3 = -0.63245553203367;
MPRINT(EM_DIAGRAM):   GRP_IMP_NINQ3 = -0.63245553203367;
54876     +   end;
MPRINT(EM_DIAGRAM):   end;
54877     +   else if _dm12 = '2'  then do;
MPRINT(EM_DIAGRAM):   else if _dm12 = '2' then do;
54878     +      GRP_IMP_NINQ1 = 0.63245553203367;
MPRINT(EM_DIAGRAM):   GRP_IMP_NINQ1 = 0.63245553203367;
54879     +      GRP_IMP_NINQ2 = -0.63245553203367;
MPRINT(EM_DIAGRAM):   GRP_IMP_NINQ2 = -0.63245553203367;
54880     +      GRP_IMP_NINQ3 = -0.63245553203367;
MPRINT(EM_DIAGRAM):   GRP_IMP_NINQ3 = -0.63245553203367;
54881     +   end;
MPRINT(EM_DIAGRAM):   end;
54882     +   else if _dm12 = '4'  then do;
MPRINT(EM_DIAGRAM):   else if _dm12 = '4' then do;
54883     +      GRP_IMP_NINQ1 = 0.63245553203367;
MPRINT(EM_DIAGRAM):   GRP_IMP_NINQ1 = 0.63245553203367;
54884     +      GRP_IMP_NINQ2 = 0.63245553203367;
MPRINT(EM_DIAGRAM):   GRP_IMP_NINQ2 = 0.63245553203367;
54885     +      GRP_IMP_NINQ3 = 0.63245553203367;
MPRINT(EM_DIAGRAM):   GRP_IMP_NINQ3 = 0.63245553203367;
54886     +   end;
MPRINT(EM_DIAGRAM):   end;
54887     +   else if _dm12 = '3'  then do;
MPRINT(EM_DIAGRAM):   else if _dm12 = '3' then do;
54888     +      GRP_IMP_NINQ1 = 0.63245553203367;
MPRINT(EM_DIAGRAM):   GRP_IMP_NINQ1 = 0.63245553203367;
54889     +      GRP_IMP_NINQ2 = 0.63245553203367;
MPRINT(EM_DIAGRAM):   GRP_IMP_NINQ2 = 0.63245553203367;
54890     +      GRP_IMP_NINQ3 = -0.63245553203367;
MPRINT(EM_DIAGRAM):   GRP_IMP_NINQ3 = -0.63245553203367;
54891     +   end;
MPRINT(EM_DIAGRAM):   end;
54892     +   else do;
MPRINT(EM_DIAGRAM):   else do;
54893     +      GRP_IMP_NINQ1 = .;
MPRINT(EM_DIAGRAM):   GRP_IMP_NINQ1 = .;
54894     +      GRP_IMP_NINQ2 = .;
MPRINT(EM_DIAGRAM):   GRP_IMP_NINQ2 = .;
54895     +      GRP_IMP_NINQ3 = .;
MPRINT(EM_DIAGRAM):   GRP_IMP_NINQ3 = .;
54896     +      substr(_warn_,2,1) = 'U';
MPRINT(EM_DIAGRAM):   substr(_warn_,2,1) = 'U';
54897     +      _DM_BAD = 1;
MPRINT(EM_DIAGRAM):   _DM_BAD = 1;
54898     +   end;
MPRINT(EM_DIAGRAM):   end;
54899     +end;
MPRINT(EM_DIAGRAM):   end;
54900     +
54901     +*** Generate dummy variables for GRP_INDELINQ ;
MPRINT(EM_DIAGRAM):   *** Generate dummy variables for GRP_INDELINQ ;
54902     +drop GRP_INDELINQ3 ;
MPRINT(EM_DIAGRAM):   drop GRP_INDELINQ3 ;
54903     +if missing( GRP_INDELINQ ) then do;
MPRINT(EM_DIAGRAM):   if missing( GRP_INDELINQ ) then do;
54904     +   GRP_INDELINQ3 = .;
MPRINT(EM_DIAGRAM):   GRP_INDELINQ3 = .;
54905     +   substr(_warn_,1,1) = 'M';
MPRINT(EM_DIAGRAM):   substr(_warn_,1,1) = 'M';
54906     +   _DM_BAD = 1;
MPRINT(EM_DIAGRAM):   _DM_BAD = 1;
54907     +end;
MPRINT(EM_DIAGRAM):   end;
54908     +else do;
MPRINT(EM_DIAGRAM):   else do;
54909     +   length _dm12 $ 12; drop _dm12 ;
MPRINT(EM_DIAGRAM):   length _dm12 $ 12;
MPRINT(EM_DIAGRAM):   drop _dm12 ;
54910     +   _dm12 = put( GRP_INDELINQ , BEST12. );
MPRINT(EM_DIAGRAM):   _dm12 = put( GRP_INDELINQ , BEST12. );
54911     +   %DMNORMIP( _dm12 )
MPRINT(DMNORMIP):   call dmnorm(_dm12,
MPRINT(DMNORLEN):  32
MPRINT(DMNORMIP):  );
54912     +   if _dm12 = '3'  then do;
MPRINT(EM_DIAGRAM):   if _dm12 = '3' then do;
54913     +      GRP_INDELINQ3 = -1;
MPRINT(EM_DIAGRAM):   GRP_INDELINQ3 = -1;
54914     +   end;
MPRINT(EM_DIAGRAM):   end;
54915     +   else if _dm12 = '4'  then do;
MPRINT(EM_DIAGRAM):   else if _dm12 = '4' then do;
54916     +      GRP_INDELINQ3 = 1;
MPRINT(EM_DIAGRAM):   GRP_INDELINQ3 = 1;
54917     +   end;
MPRINT(EM_DIAGRAM):   end;
54918     +   else do;
MPRINT(EM_DIAGRAM):   else do;
54919     +      GRP_INDELINQ3 = .;
MPRINT(EM_DIAGRAM):   GRP_INDELINQ3 = .;
54920     +      substr(_warn_,2,1) = 'U';
MPRINT(EM_DIAGRAM):   substr(_warn_,2,1) = 'U';
54921     +      _DM_BAD = 1;
MPRINT(EM_DIAGRAM):   _DM_BAD = 1;
54922     +   end;
MPRINT(EM_DIAGRAM):   end;
54923     +end;
MPRINT(EM_DIAGRAM):   end;
54924     +*** *************************;
MPRINT(EM_DIAGRAM):   *** *************************;
54925     +*** Writing the Node nom ;
MPRINT(EM_DIAGRAM):   *** Writing the Node nom ;
54926     +*** *************************;
MPRINT(EM_DIAGRAM):   *** *************************;
54927     +*** *************************;
MPRINT(EM_DIAGRAM):   *** *************************;
54928     +*** Writing the Node ord ;
MPRINT(EM_DIAGRAM):   *** Writing the Node ord ;
54929     +*** *************************;
MPRINT(EM_DIAGRAM):   *** *************************;
54930     +*** *************************;
MPRINT(EM_DIAGRAM):   *** *************************;
54931     +*** Writing the Node H1 ;
MPRINT(EM_DIAGRAM):   *** Writing the Node H1 ;
54932     +*** *************************;
MPRINT(EM_DIAGRAM):   *** *************************;
54933     +IF _DM_BAD EQ 0 THEN DO;
MPRINT(EM_DIAGRAM):   IF _DM_BAD EQ 0 THEN DO;
54934     +   H11  =     0.60433870953707 * G_GRP_IMP_DEBTINC0  +    -0.16252001153656 *
54935     +        G_GRP_IMP_DEBTINC1 ;
MPRINT(EM_DIAGRAM):   H11 = 0.60433870953707 * G_GRP_IMP_DEBTINC0 + -0.16252001153656 * 
G_GRP_IMP_DEBTINC1 ;
54936     +   H12  =     0.65436034755808 * G_GRP_IMP_DEBTINC0  +     1.07031857665172 *
54937     +        G_GRP_IMP_DEBTINC1 ;
MPRINT(EM_DIAGRAM):   H12 = 0.65436034755808 * G_GRP_IMP_DEBTINC0 + 1.07031857665172 * 
G_GRP_IMP_DEBTINC1 ;
54938     +   H13  =    -0.57175845951534 * G_GRP_IMP_DEBTINC0  +     0.10368584427302 *
54939     +        G_GRP_IMP_DEBTINC1 ;
MPRINT(EM_DIAGRAM):   H13 = -0.57175845951534 * G_GRP_IMP_DEBTINC0 + 0.10368584427302 * 
G_GRP_IMP_DEBTINC1 ;
54940     +   H11  = H11  +     1.82354968627501 * GRP_IMP_CLAGE2
54941     +          +     1.30332035484029 * GRP_IMP_CLAGE3  +      1.2558386924721 *
54942     +        GRP_IMP_CLAGE4  +                1E-10 * GRP_IMP_NINQ1
54943     +          +                1E-10 * GRP_IMP_NINQ2  +     0.72504637724115 *
54944     +        GRP_IMP_NINQ3  +  1.0000000133514E-10 * GRP_INDELINQ3 ;
MPRINT(EM_DIAGRAM):   H11 = H11 + 1.82354968627501 * GRP_IMP_CLAGE2 + 1.30332035484029 * 
GRP_IMP_CLAGE3 + 1.2558386924721 * GRP_IMP_CLAGE4 + 1E-10 * GRP_IMP_NINQ1 + 1E-10 * 
GRP_IMP_NINQ2 + 0.72504637724115 * GRP_IMP_NINQ3 + 1.0000000133514E-10 * GRP_INDELINQ3 ;
54945     +   H12  = H12  +  9.9999994396249E-11 * GRP_IMP_CLAGE2
54946     +          +  9.9999994396249E-11 * GRP_IMP_CLAGE3  +  1.0000000827403E-10 *
54947     +        GRP_IMP_CLAGE4  +  1.0000000827403E-10 * GRP_IMP_NINQ1
54948     +          +  1.0000000133514E-10 * GRP_IMP_NINQ2  +  1.0000000827403E-10 *
54949     +        GRP_IMP_NINQ3  +     1.00377753319357 * GRP_INDELINQ3 ;
MPRINT(EM_DIAGRAM):   H12 = H12 + 9.9999994396249E-11 * GRP_IMP_CLAGE2 + 9.9999994396249E-11 * 
GRP_IMP_CLAGE3 + 1.0000000827403E-10 * GRP_IMP_CLAGE4 + 1.0000000827403E-10 * GRP_IMP_NINQ1 + 
1.0000000133514E-10 * GRP_IMP_NINQ2 + 1.0000000827403E-10 * GRP_IMP_NINQ3 + 1.00377753319357 * 
GRP_INDELINQ3 ;
54950     +   H13  = H13  +  1.0000000133514E-10 * GRP_IMP_CLAGE2
54951     +          +     0.56553902461088 * GRP_IMP_CLAGE3  +     0.17451026283645 *
54952     +        GRP_IMP_CLAGE4  +  1.0000000133514E-10 * GRP_IMP_NINQ1
54953     +          +     0.12871626521378 * GRP_IMP_NINQ2  +     0.35802704125958 *
54954     +        GRP_IMP_NINQ3  +  1.0000000827403E-10 * GRP_INDELINQ3 ;
MPRINT(EM_DIAGRAM):   H13 = H13 + 1.0000000133514E-10 * GRP_IMP_CLAGE2 + 0.56553902461088 * 
GRP_IMP_CLAGE3 + 0.17451026283645 * GRP_IMP_CLAGE4 + 1.0000000133514E-10 * GRP_IMP_NINQ1 + 
0.12871626521378 * GRP_IMP_NINQ2 + 0.35802704125958 * GRP_IMP_NINQ3 + 1.0000000827403E-10 * 
GRP_INDELINQ3 ;
54955     +   H11  =    -0.13514676474334 + H11 ;
MPRINT(EM_DIAGRAM):   H11 = -0.13514676474334 + H11 ;
54956     +   H12  =     0.28452557640173 + H12 ;
MPRINT(EM_DIAGRAM):   H12 = 0.28452557640173 + H12 ;
54957     +   H13  =     0.73073537026597 + H13 ;
MPRINT(EM_DIAGRAM):   H13 = 0.73073537026597 + H13 ;
54958     +   H11  = TANH(H11 );
MPRINT(EM_DIAGRAM):   H11 = TANH(H11 );
54959     +   H12  = TANH(H12 );
MPRINT(EM_DIAGRAM):   H12 = TANH(H12 );
54960     +   H13  = TANH(H13 );
MPRINT(EM_DIAGRAM):   H13 = TANH(H13 );
54961     +END;
MPRINT(EM_DIAGRAM):   END;
54962     +ELSE DO;
MPRINT(EM_DIAGRAM):   ELSE DO;
54963     +   H11  = .;
MPRINT(EM_DIAGRAM):   H11 = .;
54964     +   H12  = .;
MPRINT(EM_DIAGRAM):   H12 = .;
54965     +   H13  = .;
MPRINT(EM_DIAGRAM):   H13 = .;
54966     +END;
MPRINT(EM_DIAGRAM):   END;
54967     +*** *************************;
MPRINT(EM_DIAGRAM):   *** *************************;
54968     +*** Writing the Node BAD ;
MPRINT(EM_DIAGRAM):   *** Writing the Node BAD ;
54969     +*** *************************;
MPRINT(EM_DIAGRAM):   *** *************************;
54970     +
54971     +*** Generate dummy variables for BAD ;
MPRINT(EM_DIAGRAM):   *** Generate dummy variables for BAD ;
54972     +drop BAD1 BAD0 ;
MPRINT(EM_DIAGRAM):   drop BAD1 BAD0 ;
54973     +label F_BAD = 'From: BAD' ;
MPRINT(EM_DIAGRAM):   label F_BAD = 'From: BAD' ;
54974     +length F_BAD $ 12;
MPRINT(EM_DIAGRAM):   length F_BAD $ 12;
54975     +F_BAD = put( BAD , BEST12. );
MPRINT(EM_DIAGRAM):   F_BAD = put( BAD , BEST12. );
54976     +%DMNORMIP( F_BAD )
MPRINT(DMNORMIP):   call dmnorm(F_BAD,
MPRINT(DMNORLEN):  32
MPRINT(DMNORMIP):  );
54977     +if missing( BAD ) then do;
MPRINT(EM_DIAGRAM):   if missing( BAD ) then do;
54978     +   BAD1 = .;
MPRINT(EM_DIAGRAM):   BAD1 = .;
54979     +   BAD0 = .;
MPRINT(EM_DIAGRAM):   BAD0 = .;
54980     +end;
MPRINT(EM_DIAGRAM):   end;
54981     +else do;
MPRINT(EM_DIAGRAM):   else do;
54982     +   if F_BAD = '0'  then do;
MPRINT(EM_DIAGRAM):   if F_BAD = '0' then do;
54983     +      BAD1 = 0;
MPRINT(EM_DIAGRAM):   BAD1 = 0;
54984     +      BAD0 = 1;
MPRINT(EM_DIAGRAM):   BAD0 = 1;
54985     +   end;
MPRINT(EM_DIAGRAM):   end;
54986     +   else if F_BAD = '1'  then do;
MPRINT(EM_DIAGRAM):   else if F_BAD = '1' then do;
54987     +      BAD1 = 1;
MPRINT(EM_DIAGRAM):   BAD1 = 1;
54988     +      BAD0 = 0;
MPRINT(EM_DIAGRAM):   BAD0 = 0;
54989     +   end;
MPRINT(EM_DIAGRAM):   end;
54990     +   else do;
MPRINT(EM_DIAGRAM):   else do;
54991     +      BAD1 = .;
MPRINT(EM_DIAGRAM):   BAD1 = .;
54992     +      BAD0 = .;
MPRINT(EM_DIAGRAM):   BAD0 = .;
54993     +   end;
MPRINT(EM_DIAGRAM):   end;
54994     +end;
MPRINT(EM_DIAGRAM):   end;
54995     +IF _DM_BAD EQ 0 THEN DO;
MPRINT(EM_DIAGRAM):   IF _DM_BAD EQ 0 THEN DO;
54996     +   P_BAD1  =    -1.67962122353111 * H11  +     1.97715642775229 * H12
54997     +          +     3.58258407282572 * H13 ;
MPRINT(EM_DIAGRAM):   P_BAD1 = -1.67962122353111 * H11 + 1.97715642775229 * H12 + 
3.58258407282572 * H13 ;
54998     +   P_BAD1  =    -3.26855738064727 + P_BAD1 ;
MPRINT(EM_DIAGRAM):   P_BAD1 = -3.26855738064727 + P_BAD1 ;
54999     +   P_BAD0  = 0;
MPRINT(EM_DIAGRAM):   P_BAD0 = 0;
55000     +   _MAX_ = MAX (P_BAD1 , P_BAD0 );
MPRINT(EM_DIAGRAM):   _MAX_ = MAX (P_BAD1 , P_BAD0 );
55001     +   _SUM_ = 0.;
MPRINT(EM_DIAGRAM):   _SUM_ = 0.;
55002     +   P_BAD1  = EXP(P_BAD1  - _MAX_);
MPRINT(EM_DIAGRAM):   P_BAD1 = EXP(P_BAD1 - _MAX_);
55003     +   _SUM_ = _SUM_ + P_BAD1 ;
MPRINT(EM_DIAGRAM):   _SUM_ = _SUM_ + P_BAD1 ;
55004     +   P_BAD0  = EXP(P_BAD0  - _MAX_);
MPRINT(EM_DIAGRAM):   P_BAD0 = EXP(P_BAD0 - _MAX_);
55005     +   _SUM_ = _SUM_ + P_BAD0 ;
MPRINT(EM_DIAGRAM):   _SUM_ = _SUM_ + P_BAD0 ;
55006     +   P_BAD1  = P_BAD1  / _SUM_;
MPRINT(EM_DIAGRAM):   P_BAD1 = P_BAD1 / _SUM_;
55007     +   P_BAD0  = P_BAD0  / _SUM_;
MPRINT(EM_DIAGRAM):   P_BAD0 = P_BAD0 / _SUM_;
55008     +END;
MPRINT(EM_DIAGRAM):   END;
55009     +ELSE DO;
MPRINT(EM_DIAGRAM):   ELSE DO;
55010     +   P_BAD1  = .;
MPRINT(EM_DIAGRAM):   P_BAD1 = .;
55011     +   P_BAD0  = .;
MPRINT(EM_DIAGRAM):   P_BAD0 = .;
55012     +END;
MPRINT(EM_DIAGRAM):   END;
55013     +IF _DM_BAD EQ 1 THEN DO;
MPRINT(EM_DIAGRAM):   IF _DM_BAD EQ 1 THEN DO;
55014     +   P_BAD1  =     0.19939577039274;
MPRINT(EM_DIAGRAM):   P_BAD1 = 0.19939577039274;
55015     +   P_BAD0  =     0.80060422960725;
MPRINT(EM_DIAGRAM):   P_BAD0 = 0.80060422960725;
55016     +END;
MPRINT(EM_DIAGRAM):   END;
55017     +*** *****************************;
MPRINT(EM_DIAGRAM):   *** *****************************;
55018     +*** Writing the Residuals  of the Node BAD ;
MPRINT(EM_DIAGRAM):   *** Writing the Residuals of the Node BAD ;
55019     +*** ******************************;
MPRINT(EM_DIAGRAM):   *** ******************************;
55020     +IF MISSING( BAD1 ) THEN R_BAD1  = . ;
MPRINT(EM_DIAGRAM):   IF MISSING( BAD1 ) THEN R_BAD1 = . ;
55021     +ELSE R_BAD1  = BAD1  - P_BAD1 ;
MPRINT(EM_DIAGRAM):   ELSE R_BAD1 = BAD1 - P_BAD1 ;
55022     +IF MISSING( BAD0 ) THEN R_BAD0  = . ;
MPRINT(EM_DIAGRAM):   IF MISSING( BAD0 ) THEN R_BAD0 = . ;
55023     +ELSE R_BAD0  = BAD0  - P_BAD0 ;
MPRINT(EM_DIAGRAM):   ELSE R_BAD0 = BAD0 - P_BAD0 ;
55024     +*** *************************;
MPRINT(EM_DIAGRAM):   *** *************************;
55025     +*** Writing the I_BAD  AND U_BAD ;
MPRINT(EM_DIAGRAM):   *** Writing the I_BAD AND U_BAD ;
55026     +*** *************************;
MPRINT(EM_DIAGRAM):   *** *************************;
55027     +_MAXP_ = P_BAD1 ;
MPRINT(EM_DIAGRAM):   _MAXP_ = P_BAD1 ;
55028     +I_BAD  = "1           " ;
MPRINT(EM_DIAGRAM):   I_BAD = "1           " ;
55029     +U_BAD  =                    1;
MPRINT(EM_DIAGRAM):   U_BAD = 1;
55030     +IF( _MAXP_ LT P_BAD0  ) THEN DO;
MPRINT(EM_DIAGRAM):   IF( _MAXP_ LT P_BAD0 ) THEN DO;
55031     +   _MAXP_ = P_BAD0 ;
MPRINT(EM_DIAGRAM):   _MAXP_ = P_BAD0 ;
55032     +   I_BAD  = "0           " ;
MPRINT(EM_DIAGRAM):   I_BAD = "0           " ;
55033     +   U_BAD  =                    0;
MPRINT(EM_DIAGRAM):   U_BAD = 0;
55034     +END;
MPRINT(EM_DIAGRAM):   END;
55035     +********************************;
MPRINT(EM_DIAGRAM):   ********************************;
55036     +*** End Scoring Code for Neural;
MPRINT(EM_DIAGRAM):   *** End Scoring Code for Neural;
55037     +********************************;
MPRINT(EM_DIAGRAM):   ********************************;
55038     +drop
55039     +H11
55040     +H12
55041     +H13
55042     +;
MPRINT(EM_DIAGRAM):   drop H11 H12 H13 ;
NOTE: %INCLUDE (level 1) ending.
MPRINT(EM_DIAGRAM):   run;
55043      run;

NOTE: DATA STEP view saved on file EMWS1.NEURAL5_TRAIN.
NOTE: A stored DATA STEP view cannot run under a different operating system.
NOTE: View EMWS1.VARSEL_TRAIN.VIEW used (Total process time):
      real time           0.21 seconds
      cpu time            0.20 seconds
      
NOTE: DATA statement used (Total process time):
      real time           0.23 seconds
      cpu time            0.21 seconds
      

MPRINT(EM_DIAGRAM):   quit;
55044      quit;
55045      filename emflow;
MPRINT(EM_DIAGRAM):   filename emflow;
NOTE: Fileref EMFLOW has been deassigned.
55046      filename emflow "J:\JMMORR01\CIS 445\CIS 445 Project
55046    ! 3\Workspaces\EMWS1\Neural5\EMFLOWSCORE.sas";
MPRINT(EM_DIAGRAM):    filename emflow "J:\JMMORR01\CIS 445\CIS 445 Project 
3\Workspaces\EMWS1\Neural5\EMFLOWSCORE.sas";
MPRINT(EM_DIAGRAM):   *------------------------------------------------------------*;
MPRINT(EM_DIAGRAM):   * Neural5: Scoring VALIDATE data;
MPRINT(EM_DIAGRAM):   *------------------------------------------------------------*;
55047      *------------------------------------------------------------*;
55048      * Neural5: Scoring VALIDATE data;
55049      *------------------------------------------------------------*;
55050      data EMWS1.Neural5_VALIDATE
55051      / view=EMWS1.Neural5_VALIDATE
55052      ;
MPRINT(EM_DIAGRAM):   data EMWS1.Neural5_VALIDATE / view=EMWS1.Neural5_VALIDATE ;
55053      set EMWS1.Varsel_VALIDATE
55054      ;
MPRINT(EM_DIAGRAM):   set EMWS1.Varsel_VALIDATE ;
55055      %inc emflow;
NOTE: %INCLUDE (level 1) file EMFLOW is file J:\JMMORR01\CIS 445\CIS 445 Project 
      3\Workspaces\EMWS1\Neural5\EMFLOWSCORE.sas.
55056     +***********************************;
MPRINT(EM_DIAGRAM):   ***********************************;
55057     +*** Begin Scoring Code for Neural;
MPRINT(EM_DIAGRAM):   *** Begin Scoring Code for Neural;
55058     +***********************************;
MPRINT(EM_DIAGRAM):   ***********************************;
55059     +DROP _DM_BAD _EPS _NOCL_ _MAX_ _MAXP_ _SUM_ _NTRIALS;
MPRINT(EM_DIAGRAM):   DROP _DM_BAD _EPS _NOCL_ _MAX_ _MAXP_ _SUM_ _NTRIALS;
55060     + _DM_BAD = 0;
MPRINT(EM_DIAGRAM):   _DM_BAD = 0;
55061     + _NOCL_ = .;
MPRINT(EM_DIAGRAM):   _NOCL_ = .;
55062     + _MAX_ = .;
MPRINT(EM_DIAGRAM):   _MAX_ = .;
55063     + _MAXP_ = .;
MPRINT(EM_DIAGRAM):   _MAXP_ = .;
55064     + _SUM_ = .;
MPRINT(EM_DIAGRAM):   _SUM_ = .;
55065     + _NTRIALS = .;
MPRINT(EM_DIAGRAM):   _NTRIALS = .;
55066     + _EPS =                1E-10;
MPRINT(EM_DIAGRAM):   _EPS = 1E-10;
55067     +LENGTH _WARN_ $4
55068     +      F_BAD  $ 12
55069     +;
MPRINT(EM_DIAGRAM):   LENGTH _WARN_ $4 F_BAD $ 12 ;
55070     +      label G_GRP_IMP_DEBTINC0 = 'Dummy: G_GRP_IMP_DEBTINC=0' ;
MPRINT(EM_DIAGRAM):   label G_GRP_IMP_DEBTINC0 = 'Dummy: G_GRP_IMP_DEBTINC=0' ;
55071     +
55072     +      label G_GRP_IMP_DEBTINC1 = 'Dummy: G_GRP_IMP_DEBTINC=1' ;
MPRINT(EM_DIAGRAM):   label G_GRP_IMP_DEBTINC1 = 'Dummy: G_GRP_IMP_DEBTINC=1' ;
55073     +
55074     +      label GRP_IMP_CLAGE2 = 'Dummy: GRP_IMP_CLAGE=2' ;
MPRINT(EM_DIAGRAM):   label GRP_IMP_CLAGE2 = 'Dummy: GRP_IMP_CLAGE=2' ;
55075     +
55076     +      label GRP_IMP_CLAGE3 = 'Dummy: GRP_IMP_CLAGE=3' ;
MPRINT(EM_DIAGRAM):   label GRP_IMP_CLAGE3 = 'Dummy: GRP_IMP_CLAGE=3' ;
55077     +
55078     +      label GRP_IMP_CLAGE4 = 'Dummy: GRP_IMP_CLAGE=4' ;
MPRINT(EM_DIAGRAM):   label GRP_IMP_CLAGE4 = 'Dummy: GRP_IMP_CLAGE=4' ;
55079     +
55080     +      label GRP_IMP_NINQ1 = 'Dummy: GRP_IMP_NINQ=1' ;
MPRINT(EM_DIAGRAM):   label GRP_IMP_NINQ1 = 'Dummy: GRP_IMP_NINQ=1' ;
55081     +
55082     +      label GRP_IMP_NINQ2 = 'Dummy: GRP_IMP_NINQ=2' ;
MPRINT(EM_DIAGRAM):   label GRP_IMP_NINQ2 = 'Dummy: GRP_IMP_NINQ=2' ;
55083     +
55084     +      label GRP_IMP_NINQ3 = 'Dummy: GRP_IMP_NINQ=3' ;
MPRINT(EM_DIAGRAM):   label GRP_IMP_NINQ3 = 'Dummy: GRP_IMP_NINQ=3' ;
55085     +
55086     +      label GRP_INDELINQ3 = 'Dummy: GRP_INDELINQ=3' ;
MPRINT(EM_DIAGRAM):   label GRP_INDELINQ3 = 'Dummy: GRP_INDELINQ=3' ;
55087     +
55088     +      label H11 = 'Hidden: H1=1' ;
MPRINT(EM_DIAGRAM):   label H11 = 'Hidden: H1=1' ;
55089     +
55090     +      label H12 = 'Hidden: H1=2' ;
MPRINT(EM_DIAGRAM):   label H12 = 'Hidden: H1=2' ;
55091     +
55092     +      label H13 = 'Hidden: H1=3' ;
MPRINT(EM_DIAGRAM):   label H13 = 'Hidden: H1=3' ;
55093     +
55094     +      label I_BAD = 'Into: BAD' ;
MPRINT(EM_DIAGRAM):   label I_BAD = 'Into: BAD' ;
55095     +
55096     +      label F_BAD = 'From: BAD' ;
MPRINT(EM_DIAGRAM):   label F_BAD = 'From: BAD' ;
55097     +
55098     +      label U_BAD = 'Unnormalized Into: BAD' ;
MPRINT(EM_DIAGRAM):   label U_BAD = 'Unnormalized Into: BAD' ;
55099     +
55100     +      label P_BAD1 = 'Predicted: BAD=1' ;
MPRINT(EM_DIAGRAM):   label P_BAD1 = 'Predicted: BAD=1' ;
55101     +
55102     +      label R_BAD1 = 'Residual: BAD=1' ;
MPRINT(EM_DIAGRAM):   label R_BAD1 = 'Residual: BAD=1' ;
55103     +
55104     +      label P_BAD0 = 'Predicted: BAD=0' ;
MPRINT(EM_DIAGRAM):   label P_BAD0 = 'Predicted: BAD=0' ;
55105     +
55106     +      label R_BAD0 = 'Residual: BAD=0' ;
MPRINT(EM_DIAGRAM):   label R_BAD0 = 'Residual: BAD=0' ;
55107     +
55108     +      label  _WARN_ = "Warnings";
MPRINT(EM_DIAGRAM):   label _WARN_ = "Warnings";
55109     +
55110     +*** Generate dummy variables for G_GRP_IMP_DEBTINC ;
MPRINT(EM_DIAGRAM):   *** Generate dummy variables for G_GRP_IMP_DEBTINC ;
55111     +drop G_GRP_IMP_DEBTINC0 G_GRP_IMP_DEBTINC1 ;
MPRINT(EM_DIAGRAM):   drop G_GRP_IMP_DEBTINC0 G_GRP_IMP_DEBTINC1 ;
55112     +if missing( G_GRP_IMP_DEBTINC ) then do;
MPRINT(EM_DIAGRAM):   if missing( G_GRP_IMP_DEBTINC ) then do;
55113     +   G_GRP_IMP_DEBTINC0 = .;
MPRINT(EM_DIAGRAM):   G_GRP_IMP_DEBTINC0 = .;
55114     +   G_GRP_IMP_DEBTINC1 = .;
MPRINT(EM_DIAGRAM):   G_GRP_IMP_DEBTINC1 = .;
55115     +   substr(_warn_,1,1) = 'M';
MPRINT(EM_DIAGRAM):   substr(_warn_,1,1) = 'M';
55116     +   _DM_BAD = 1;
MPRINT(EM_DIAGRAM):   _DM_BAD = 1;
55117     +end;
MPRINT(EM_DIAGRAM):   end;
55118     +else do;
MPRINT(EM_DIAGRAM):   else do;
55119     +   length _dm12 $ 12; drop _dm12 ;
MPRINT(EM_DIAGRAM):   length _dm12 $ 12;
MPRINT(EM_DIAGRAM):   drop _dm12 ;
55120     +   _dm12 = put( G_GRP_IMP_DEBTINC , BEST12. );
MPRINT(EM_DIAGRAM):   _dm12 = put( G_GRP_IMP_DEBTINC , BEST12. );
55121     +   %DMNORMIP( _dm12 )
MPRINT(DMNORMIP):   call dmnorm(_dm12,
MPRINT(DMNORLEN):  32
MPRINT(DMNORMIP):  );
55122     +   if _dm12 = '2'  then do;
MPRINT(EM_DIAGRAM):   if _dm12 = '2' then do;
55123     +      G_GRP_IMP_DEBTINC0 = -1;
MPRINT(EM_DIAGRAM):   G_GRP_IMP_DEBTINC0 = -1;
55124     +      G_GRP_IMP_DEBTINC1 = -1;
MPRINT(EM_DIAGRAM):   G_GRP_IMP_DEBTINC1 = -1;
55125     +   end;
MPRINT(EM_DIAGRAM):   end;
55126     +   else if _dm12 = '1'  then do;
MPRINT(EM_DIAGRAM):   else if _dm12 = '1' then do;
55127     +      G_GRP_IMP_DEBTINC0 = 0;
MPRINT(EM_DIAGRAM):   G_GRP_IMP_DEBTINC0 = 0;
55128     +      G_GRP_IMP_DEBTINC1 = 1;
MPRINT(EM_DIAGRAM):   G_GRP_IMP_DEBTINC1 = 1;
55129     +   end;
MPRINT(EM_DIAGRAM):   end;
55130     +   else if _dm12 = '0'  then do;
MPRINT(EM_DIAGRAM):   else if _dm12 = '0' then do;
55131     +      G_GRP_IMP_DEBTINC0 = 1;
MPRINT(EM_DIAGRAM):   G_GRP_IMP_DEBTINC0 = 1;
55132     +      G_GRP_IMP_DEBTINC1 = 0;
MPRINT(EM_DIAGRAM):   G_GRP_IMP_DEBTINC1 = 0;
55133     +   end;
MPRINT(EM_DIAGRAM):   end;
55134     +   else do;
MPRINT(EM_DIAGRAM):   else do;
55135     +      G_GRP_IMP_DEBTINC0 = .;
MPRINT(EM_DIAGRAM):   G_GRP_IMP_DEBTINC0 = .;
55136     +      G_GRP_IMP_DEBTINC1 = .;
MPRINT(EM_DIAGRAM):   G_GRP_IMP_DEBTINC1 = .;
55137     +      substr(_warn_,2,1) = 'U';
MPRINT(EM_DIAGRAM):   substr(_warn_,2,1) = 'U';
55138     +      _DM_BAD = 1;
MPRINT(EM_DIAGRAM):   _DM_BAD = 1;
55139     +   end;
MPRINT(EM_DIAGRAM):   end;
55140     +end;
MPRINT(EM_DIAGRAM):   end;
55141     +
55142     +*** Generate dummy variables for GRP_IMP_CLAGE ;
MPRINT(EM_DIAGRAM):   *** Generate dummy variables for GRP_IMP_CLAGE ;
55143     +drop GRP_IMP_CLAGE2 GRP_IMP_CLAGE3 GRP_IMP_CLAGE4 ;
MPRINT(EM_DIAGRAM):   drop GRP_IMP_CLAGE2 GRP_IMP_CLAGE3 GRP_IMP_CLAGE4 ;
55144     +if missing( GRP_IMP_CLAGE ) then do;
MPRINT(EM_DIAGRAM):   if missing( GRP_IMP_CLAGE ) then do;
55145     +   GRP_IMP_CLAGE2 = .;
MPRINT(EM_DIAGRAM):   GRP_IMP_CLAGE2 = .;
55146     +   GRP_IMP_CLAGE3 = .;
MPRINT(EM_DIAGRAM):   GRP_IMP_CLAGE3 = .;
55147     +   GRP_IMP_CLAGE4 = .;
MPRINT(EM_DIAGRAM):   GRP_IMP_CLAGE4 = .;
55148     +   substr(_warn_,1,1) = 'M';
MPRINT(EM_DIAGRAM):   substr(_warn_,1,1) = 'M';
55149     +   _DM_BAD = 1;
MPRINT(EM_DIAGRAM):   _DM_BAD = 1;
55150     +end;
MPRINT(EM_DIAGRAM):   end;
55151     +else do;
MPRINT(EM_DIAGRAM):   else do;
55152     +   length _dm12 $ 12; drop _dm12 ;
MPRINT(EM_DIAGRAM):   length _dm12 $ 12;
MPRINT(EM_DIAGRAM):   drop _dm12 ;
55153     +   _dm12 = put( GRP_IMP_CLAGE , BEST12. );
MPRINT(EM_DIAGRAM):   _dm12 = put( GRP_IMP_CLAGE , BEST12. );
55154     +   %DMNORMIP( _dm12 )
MPRINT(DMNORMIP):   call dmnorm(_dm12,
MPRINT(DMNORLEN):  32
MPRINT(DMNORMIP):  );
55155     +   if _dm12 = '3'  then do;
MPRINT(EM_DIAGRAM):   if _dm12 = '3' then do;
55156     +      GRP_IMP_CLAGE2 = 0.63245553203367;
MPRINT(EM_DIAGRAM):   GRP_IMP_CLAGE2 = 0.63245553203367;
55157     +      GRP_IMP_CLAGE3 = -0.63245553203367;
MPRINT(EM_DIAGRAM):   GRP_IMP_CLAGE3 = -0.63245553203367;
55158     +      GRP_IMP_CLAGE4 = -0.63245553203367;
MPRINT(EM_DIAGRAM):   GRP_IMP_CLAGE4 = -0.63245553203367;
55159     +   end;
MPRINT(EM_DIAGRAM):   end;
55160     +   else if _dm12 = '5'  then do;
MPRINT(EM_DIAGRAM):   else if _dm12 = '5' then do;
55161     +      GRP_IMP_CLAGE2 = 0.63245553203367;
MPRINT(EM_DIAGRAM):   GRP_IMP_CLAGE2 = 0.63245553203367;
55162     +      GRP_IMP_CLAGE3 = 0.63245553203367;
MPRINT(EM_DIAGRAM):   GRP_IMP_CLAGE3 = 0.63245553203367;
55163     +      GRP_IMP_CLAGE4 = 0.63245553203367;
MPRINT(EM_DIAGRAM):   GRP_IMP_CLAGE4 = 0.63245553203367;
55164     +   end;
MPRINT(EM_DIAGRAM):   end;
55165     +   else if _dm12 = '2'  then do;
MPRINT(EM_DIAGRAM):   else if _dm12 = '2' then do;
55166     +      GRP_IMP_CLAGE2 = -0.63245553203367;
MPRINT(EM_DIAGRAM):   GRP_IMP_CLAGE2 = -0.63245553203367;
55167     +      GRP_IMP_CLAGE3 = -0.63245553203367;
MPRINT(EM_DIAGRAM):   GRP_IMP_CLAGE3 = -0.63245553203367;
55168     +      GRP_IMP_CLAGE4 = -0.63245553203367;
MPRINT(EM_DIAGRAM):   GRP_IMP_CLAGE4 = -0.63245553203367;
55169     +   end;
MPRINT(EM_DIAGRAM):   end;
55170     +   else if _dm12 = '4'  then do;
MPRINT(EM_DIAGRAM):   else if _dm12 = '4' then do;
55171     +      GRP_IMP_CLAGE2 = 0.63245553203367;
MPRINT(EM_DIAGRAM):   GRP_IMP_CLAGE2 = 0.63245553203367;
55172     +      GRP_IMP_CLAGE3 = 0.63245553203367;
MPRINT(EM_DIAGRAM):   GRP_IMP_CLAGE3 = 0.63245553203367;
55173     +      GRP_IMP_CLAGE4 = -0.63245553203367;
MPRINT(EM_DIAGRAM):   GRP_IMP_CLAGE4 = -0.63245553203367;
55174     +   end;
MPRINT(EM_DIAGRAM):   end;
55175     +   else do;
MPRINT(EM_DIAGRAM):   else do;
55176     +      GRP_IMP_CLAGE2 = .;
MPRINT(EM_DIAGRAM):   GRP_IMP_CLAGE2 = .;
55177     +      GRP_IMP_CLAGE3 = .;
MPRINT(EM_DIAGRAM):   GRP_IMP_CLAGE3 = .;
55178     +      GRP_IMP_CLAGE4 = .;
MPRINT(EM_DIAGRAM):   GRP_IMP_CLAGE4 = .;
55179     +      substr(_warn_,2,1) = 'U';
MPRINT(EM_DIAGRAM):   substr(_warn_,2,1) = 'U';
55180     +      _DM_BAD = 1;
MPRINT(EM_DIAGRAM):   _DM_BAD = 1;
55181     +   end;
MPRINT(EM_DIAGRAM):   end;
55182     +end;
MPRINT(EM_DIAGRAM):   end;
55183     +
55184     +*** Generate dummy variables for GRP_IMP_NINQ ;
MPRINT(EM_DIAGRAM):   *** Generate dummy variables for GRP_IMP_NINQ ;
55185     +drop GRP_IMP_NINQ1 GRP_IMP_NINQ2 GRP_IMP_NINQ3 ;
MPRINT(EM_DIAGRAM):   drop GRP_IMP_NINQ1 GRP_IMP_NINQ2 GRP_IMP_NINQ3 ;
55186     +if missing( GRP_IMP_NINQ ) then do;
MPRINT(EM_DIAGRAM):   if missing( GRP_IMP_NINQ ) then do;
55187     +   GRP_IMP_NINQ1 = .;
MPRINT(EM_DIAGRAM):   GRP_IMP_NINQ1 = .;
55188     +   GRP_IMP_NINQ2 = .;
MPRINT(EM_DIAGRAM):   GRP_IMP_NINQ2 = .;
55189     +   GRP_IMP_NINQ3 = .;
MPRINT(EM_DIAGRAM):   GRP_IMP_NINQ3 = .;
55190     +   substr(_warn_,1,1) = 'M';
MPRINT(EM_DIAGRAM):   substr(_warn_,1,1) = 'M';
55191     +   _DM_BAD = 1;
MPRINT(EM_DIAGRAM):   _DM_BAD = 1;
55192     +end;
MPRINT(EM_DIAGRAM):   end;
55193     +else do;
MPRINT(EM_DIAGRAM):   else do;
55194     +   length _dm12 $ 12; drop _dm12 ;
MPRINT(EM_DIAGRAM):   length _dm12 $ 12;
MPRINT(EM_DIAGRAM):   drop _dm12 ;
55195     +   _dm12 = put( GRP_IMP_NINQ , BEST12. );
MPRINT(EM_DIAGRAM):   _dm12 = put( GRP_IMP_NINQ , BEST12. );
55196     +   %DMNORMIP( _dm12 )
MPRINT(DMNORMIP):   call dmnorm(_dm12,
MPRINT(DMNORLEN):  32
MPRINT(DMNORMIP):  );
55197     +   if _dm12 = '1'  then do;
MPRINT(EM_DIAGRAM):   if _dm12 = '1' then do;
55198     +      GRP_IMP_NINQ1 = -0.63245553203367;
MPRINT(EM_DIAGRAM):   GRP_IMP_NINQ1 = -0.63245553203367;
55199     +      GRP_IMP_NINQ2 = -0.63245553203367;
MPRINT(EM_DIAGRAM):   GRP_IMP_NINQ2 = -0.63245553203367;
55200     +      GRP_IMP_NINQ3 = -0.63245553203367;
MPRINT(EM_DIAGRAM):   GRP_IMP_NINQ3 = -0.63245553203367;
55201     +   end;
MPRINT(EM_DIAGRAM):   end;
55202     +   else if _dm12 = '2'  then do;
MPRINT(EM_DIAGRAM):   else if _dm12 = '2' then do;
55203     +      GRP_IMP_NINQ1 = 0.63245553203367;
MPRINT(EM_DIAGRAM):   GRP_IMP_NINQ1 = 0.63245553203367;
55204     +      GRP_IMP_NINQ2 = -0.63245553203367;
MPRINT(EM_DIAGRAM):   GRP_IMP_NINQ2 = -0.63245553203367;
55205     +      GRP_IMP_NINQ3 = -0.63245553203367;
MPRINT(EM_DIAGRAM):   GRP_IMP_NINQ3 = -0.63245553203367;
55206     +   end;
MPRINT(EM_DIAGRAM):   end;
55207     +   else if _dm12 = '4'  then do;
MPRINT(EM_DIAGRAM):   else if _dm12 = '4' then do;
55208     +      GRP_IMP_NINQ1 = 0.63245553203367;
MPRINT(EM_DIAGRAM):   GRP_IMP_NINQ1 = 0.63245553203367;
55209     +      GRP_IMP_NINQ2 = 0.63245553203367;
MPRINT(EM_DIAGRAM):   GRP_IMP_NINQ2 = 0.63245553203367;
55210     +      GRP_IMP_NINQ3 = 0.63245553203367;
MPRINT(EM_DIAGRAM):   GRP_IMP_NINQ3 = 0.63245553203367;
55211     +   end;
MPRINT(EM_DIAGRAM):   end;
55212     +   else if _dm12 = '3'  then do;
MPRINT(EM_DIAGRAM):   else if _dm12 = '3' then do;
55213     +      GRP_IMP_NINQ1 = 0.63245553203367;
MPRINT(EM_DIAGRAM):   GRP_IMP_NINQ1 = 0.63245553203367;
55214     +      GRP_IMP_NINQ2 = 0.63245553203367;
MPRINT(EM_DIAGRAM):   GRP_IMP_NINQ2 = 0.63245553203367;
55215     +      GRP_IMP_NINQ3 = -0.63245553203367;
MPRINT(EM_DIAGRAM):   GRP_IMP_NINQ3 = -0.63245553203367;
55216     +   end;
MPRINT(EM_DIAGRAM):   end;
55217     +   else do;
MPRINT(EM_DIAGRAM):   else do;
55218     +      GRP_IMP_NINQ1 = .;
MPRINT(EM_DIAGRAM):   GRP_IMP_NINQ1 = .;
55219     +      GRP_IMP_NINQ2 = .;
MPRINT(EM_DIAGRAM):   GRP_IMP_NINQ2 = .;
55220     +      GRP_IMP_NINQ3 = .;
MPRINT(EM_DIAGRAM):   GRP_IMP_NINQ3 = .;
55221     +      substr(_warn_,2,1) = 'U';
MPRINT(EM_DIAGRAM):   substr(_warn_,2,1) = 'U';
55222     +      _DM_BAD = 1;
MPRINT(EM_DIAGRAM):   _DM_BAD = 1;
55223     +   end;
MPRINT(EM_DIAGRAM):   end;
55224     +end;
MPRINT(EM_DIAGRAM):   end;
55225     +
55226     +*** Generate dummy variables for GRP_INDELINQ ;
MPRINT(EM_DIAGRAM):   *** Generate dummy variables for GRP_INDELINQ ;
55227     +drop GRP_INDELINQ3 ;
MPRINT(EM_DIAGRAM):   drop GRP_INDELINQ3 ;
55228     +if missing( GRP_INDELINQ ) then do;
MPRINT(EM_DIAGRAM):   if missing( GRP_INDELINQ ) then do;
55229     +   GRP_INDELINQ3 = .;
MPRINT(EM_DIAGRAM):   GRP_INDELINQ3 = .;
55230     +   substr(_warn_,1,1) = 'M';
MPRINT(EM_DIAGRAM):   substr(_warn_,1,1) = 'M';
55231     +   _DM_BAD = 1;
MPRINT(EM_DIAGRAM):   _DM_BAD = 1;
55232     +end;
MPRINT(EM_DIAGRAM):   end;
55233     +else do;
MPRINT(EM_DIAGRAM):   else do;
55234     +   length _dm12 $ 12; drop _dm12 ;
MPRINT(EM_DIAGRAM):   length _dm12 $ 12;
MPRINT(EM_DIAGRAM):   drop _dm12 ;
55235     +   _dm12 = put( GRP_INDELINQ , BEST12. );
MPRINT(EM_DIAGRAM):   _dm12 = put( GRP_INDELINQ , BEST12. );
55236     +   %DMNORMIP( _dm12 )
MPRINT(DMNORMIP):   call dmnorm(_dm12,
MPRINT(DMNORLEN):  32
MPRINT(DMNORMIP):  );
55237     +   if _dm12 = '3'  then do;
MPRINT(EM_DIAGRAM):   if _dm12 = '3' then do;
55238     +      GRP_INDELINQ3 = -1;
MPRINT(EM_DIAGRAM):   GRP_INDELINQ3 = -1;
55239     +   end;
MPRINT(EM_DIAGRAM):   end;
55240     +   else if _dm12 = '4'  then do;
MPRINT(EM_DIAGRAM):   else if _dm12 = '4' then do;
55241     +      GRP_INDELINQ3 = 1;
MPRINT(EM_DIAGRAM):   GRP_INDELINQ3 = 1;
55242     +   end;
MPRINT(EM_DIAGRAM):   end;
55243     +   else do;
MPRINT(EM_DIAGRAM):   else do;
55244     +      GRP_INDELINQ3 = .;
MPRINT(EM_DIAGRAM):   GRP_INDELINQ3 = .;
55245     +      substr(_warn_,2,1) = 'U';
MPRINT(EM_DIAGRAM):   substr(_warn_,2,1) = 'U';
55246     +      _DM_BAD = 1;
MPRINT(EM_DIAGRAM):   _DM_BAD = 1;
55247     +   end;
MPRINT(EM_DIAGRAM):   end;
55248     +end;
MPRINT(EM_DIAGRAM):   end;
55249     +*** *************************;
MPRINT(EM_DIAGRAM):   *** *************************;
55250     +*** Writing the Node nom ;
MPRINT(EM_DIAGRAM):   *** Writing the Node nom ;
55251     +*** *************************;
MPRINT(EM_DIAGRAM):   *** *************************;
55252     +*** *************************;
MPRINT(EM_DIAGRAM):   *** *************************;
55253     +*** Writing the Node ord ;
MPRINT(EM_DIAGRAM):   *** Writing the Node ord ;
55254     +*** *************************;
MPRINT(EM_DIAGRAM):   *** *************************;
55255     +*** *************************;
MPRINT(EM_DIAGRAM):   *** *************************;
55256     +*** Writing the Node H1 ;
MPRINT(EM_DIAGRAM):   *** Writing the Node H1 ;
55257     +*** *************************;
MPRINT(EM_DIAGRAM):   *** *************************;
55258     +IF _DM_BAD EQ 0 THEN DO;
MPRINT(EM_DIAGRAM):   IF _DM_BAD EQ 0 THEN DO;
55259     +   H11  =     0.60433870953707 * G_GRP_IMP_DEBTINC0  +    -0.16252001153656 *
55260     +        G_GRP_IMP_DEBTINC1 ;
MPRINT(EM_DIAGRAM):   H11 = 0.60433870953707 * G_GRP_IMP_DEBTINC0 + -0.16252001153656 * 
G_GRP_IMP_DEBTINC1 ;
55261     +   H12  =     0.65436034755808 * G_GRP_IMP_DEBTINC0  +     1.07031857665172 *
55262     +        G_GRP_IMP_DEBTINC1 ;
MPRINT(EM_DIAGRAM):   H12 = 0.65436034755808 * G_GRP_IMP_DEBTINC0 + 1.07031857665172 * 
G_GRP_IMP_DEBTINC1 ;
55263     +   H13  =    -0.57175845951534 * G_GRP_IMP_DEBTINC0  +     0.10368584427302 *
55264     +        G_GRP_IMP_DEBTINC1 ;
MPRINT(EM_DIAGRAM):   H13 = -0.57175845951534 * G_GRP_IMP_DEBTINC0 + 0.10368584427302 * 
G_GRP_IMP_DEBTINC1 ;
55265     +   H11  = H11  +     1.82354968627501 * GRP_IMP_CLAGE2
55266     +          +     1.30332035484029 * GRP_IMP_CLAGE3  +      1.2558386924721 *
55267     +        GRP_IMP_CLAGE4  +                1E-10 * GRP_IMP_NINQ1
55268     +          +                1E-10 * GRP_IMP_NINQ2  +     0.72504637724115 *
55269     +        GRP_IMP_NINQ3  +  1.0000000133514E-10 * GRP_INDELINQ3 ;
MPRINT(EM_DIAGRAM):   H11 = H11 + 1.82354968627501 * GRP_IMP_CLAGE2 + 1.30332035484029 * 
GRP_IMP_CLAGE3 + 1.2558386924721 * GRP_IMP_CLAGE4 + 1E-10 * GRP_IMP_NINQ1 + 1E-10 * 
GRP_IMP_NINQ2 + 0.72504637724115 * GRP_IMP_NINQ3 + 1.0000000133514E-10 * GRP_INDELINQ3 ;
55270     +   H12  = H12  +  9.9999994396249E-11 * GRP_IMP_CLAGE2
55271     +          +  9.9999994396249E-11 * GRP_IMP_CLAGE3  +  1.0000000827403E-10 *
55272     +        GRP_IMP_CLAGE4  +  1.0000000827403E-10 * GRP_IMP_NINQ1
55273     +          +  1.0000000133514E-10 * GRP_IMP_NINQ2  +  1.0000000827403E-10 *
55274     +        GRP_IMP_NINQ3  +     1.00377753319357 * GRP_INDELINQ3 ;
MPRINT(EM_DIAGRAM):   H12 = H12 + 9.9999994396249E-11 * GRP_IMP_CLAGE2 + 9.9999994396249E-11 * 
GRP_IMP_CLAGE3 + 1.0000000827403E-10 * GRP_IMP_CLAGE4 + 1.0000000827403E-10 * GRP_IMP_NINQ1 + 
1.0000000133514E-10 * GRP_IMP_NINQ2 + 1.0000000827403E-10 * GRP_IMP_NINQ3 + 1.00377753319357 * 
GRP_INDELINQ3 ;
55275     +   H13  = H13  +  1.0000000133514E-10 * GRP_IMP_CLAGE2
55276     +          +     0.56553902461088 * GRP_IMP_CLAGE3  +     0.17451026283645 *
55277     +        GRP_IMP_CLAGE4  +  1.0000000133514E-10 * GRP_IMP_NINQ1
55278     +          +     0.12871626521378 * GRP_IMP_NINQ2  +     0.35802704125958 *
55279     +        GRP_IMP_NINQ3  +  1.0000000827403E-10 * GRP_INDELINQ3 ;
MPRINT(EM_DIAGRAM):   H13 = H13 + 1.0000000133514E-10 * GRP_IMP_CLAGE2 + 0.56553902461088 * 
GRP_IMP_CLAGE3 + 0.17451026283645 * GRP_IMP_CLAGE4 + 1.0000000133514E-10 * GRP_IMP_NINQ1 + 
0.12871626521378 * GRP_IMP_NINQ2 + 0.35802704125958 * GRP_IMP_NINQ3 + 1.0000000827403E-10 * 
GRP_INDELINQ3 ;
55280     +   H11  =    -0.13514676474334 + H11 ;
MPRINT(EM_DIAGRAM):   H11 = -0.13514676474334 + H11 ;
55281     +   H12  =     0.28452557640173 + H12 ;
MPRINT(EM_DIAGRAM):   H12 = 0.28452557640173 + H12 ;
55282     +   H13  =     0.73073537026597 + H13 ;
MPRINT(EM_DIAGRAM):   H13 = 0.73073537026597 + H13 ;
55283     +   H11  = TANH(H11 );
MPRINT(EM_DIAGRAM):   H11 = TANH(H11 );
55284     +   H12  = TANH(H12 );
MPRINT(EM_DIAGRAM):   H12 = TANH(H12 );
55285     +   H13  = TANH(H13 );
MPRINT(EM_DIAGRAM):   H13 = TANH(H13 );
55286     +END;
MPRINT(EM_DIAGRAM):   END;
55287     +ELSE DO;
MPRINT(EM_DIAGRAM):   ELSE DO;
55288     +   H11  = .;
MPRINT(EM_DIAGRAM):   H11 = .;
55289     +   H12  = .;
MPRINT(EM_DIAGRAM):   H12 = .;
55290     +   H13  = .;
MPRINT(EM_DIAGRAM):   H13 = .;
55291     +END;
MPRINT(EM_DIAGRAM):   END;
55292     +*** *************************;
MPRINT(EM_DIAGRAM):   *** *************************;
55293     +*** Writing the Node BAD ;
MPRINT(EM_DIAGRAM):   *** Writing the Node BAD ;
55294     +*** *************************;
MPRINT(EM_DIAGRAM):   *** *************************;
55295     +
55296     +*** Generate dummy variables for BAD ;
MPRINT(EM_DIAGRAM):   *** Generate dummy variables for BAD ;
55297     +drop BAD1 BAD0 ;
MPRINT(EM_DIAGRAM):   drop BAD1 BAD0 ;
55298     +label F_BAD = 'From: BAD' ;
MPRINT(EM_DIAGRAM):   label F_BAD = 'From: BAD' ;
55299     +length F_BAD $ 12;
MPRINT(EM_DIAGRAM):   length F_BAD $ 12;
55300     +F_BAD = put( BAD , BEST12. );
MPRINT(EM_DIAGRAM):   F_BAD = put( BAD , BEST12. );
55301     +%DMNORMIP( F_BAD )
MPRINT(DMNORMIP):   call dmnorm(F_BAD,
MPRINT(DMNORLEN):  32
MPRINT(DMNORMIP):  );
55302     +if missing( BAD ) then do;
MPRINT(EM_DIAGRAM):   if missing( BAD ) then do;
55303     +   BAD1 = .;
MPRINT(EM_DIAGRAM):   BAD1 = .;
55304     +   BAD0 = .;
MPRINT(EM_DIAGRAM):   BAD0 = .;
55305     +end;
MPRINT(EM_DIAGRAM):   end;
55306     +else do;
MPRINT(EM_DIAGRAM):   else do;
55307     +   if F_BAD = '0'  then do;
MPRINT(EM_DIAGRAM):   if F_BAD = '0' then do;
55308     +      BAD1 = 0;
MPRINT(EM_DIAGRAM):   BAD1 = 0;
55309     +      BAD0 = 1;
MPRINT(EM_DIAGRAM):   BAD0 = 1;
55310     +   end;
MPRINT(EM_DIAGRAM):   end;
55311     +   else if F_BAD = '1'  then do;
MPRINT(EM_DIAGRAM):   else if F_BAD = '1' then do;
55312     +      BAD1 = 1;
MPRINT(EM_DIAGRAM):   BAD1 = 1;
55313     +      BAD0 = 0;
MPRINT(EM_DIAGRAM):   BAD0 = 0;
55314     +   end;
MPRINT(EM_DIAGRAM):   end;
55315     +   else do;
MPRINT(EM_DIAGRAM):   else do;
55316     +      BAD1 = .;
MPRINT(EM_DIAGRAM):   BAD1 = .;
55317     +      BAD0 = .;
MPRINT(EM_DIAGRAM):   BAD0 = .;
55318     +   end;
MPRINT(EM_DIAGRAM):   end;
55319     +end;
MPRINT(EM_DIAGRAM):   end;
55320     +IF _DM_BAD EQ 0 THEN DO;
MPRINT(EM_DIAGRAM):   IF _DM_BAD EQ 0 THEN DO;
55321     +   P_BAD1  =    -1.67962122353111 * H11  +     1.97715642775229 * H12
55322     +          +     3.58258407282572 * H13 ;
MPRINT(EM_DIAGRAM):   P_BAD1 = -1.67962122353111 * H11 + 1.97715642775229 * H12 + 
3.58258407282572 * H13 ;
55323     +   P_BAD1  =    -3.26855738064727 + P_BAD1 ;
MPRINT(EM_DIAGRAM):   P_BAD1 = -3.26855738064727 + P_BAD1 ;
55324     +   P_BAD0  = 0;
MPRINT(EM_DIAGRAM):   P_BAD0 = 0;
55325     +   _MAX_ = MAX (P_BAD1 , P_BAD0 );
MPRINT(EM_DIAGRAM):   _MAX_ = MAX (P_BAD1 , P_BAD0 );
55326     +   _SUM_ = 0.;
MPRINT(EM_DIAGRAM):   _SUM_ = 0.;
55327     +   P_BAD1  = EXP(P_BAD1  - _MAX_);
MPRINT(EM_DIAGRAM):   P_BAD1 = EXP(P_BAD1 - _MAX_);
55328     +   _SUM_ = _SUM_ + P_BAD1 ;
MPRINT(EM_DIAGRAM):   _SUM_ = _SUM_ + P_BAD1 ;
55329     +   P_BAD0  = EXP(P_BAD0  - _MAX_);
MPRINT(EM_DIAGRAM):   P_BAD0 = EXP(P_BAD0 - _MAX_);
55330     +   _SUM_ = _SUM_ + P_BAD0 ;
MPRINT(EM_DIAGRAM):   _SUM_ = _SUM_ + P_BAD0 ;
55331     +   P_BAD1  = P_BAD1  / _SUM_;
MPRINT(EM_DIAGRAM):   P_BAD1 = P_BAD1 / _SUM_;
55332     +   P_BAD0  = P_BAD0  / _SUM_;
MPRINT(EM_DIAGRAM):   P_BAD0 = P_BAD0 / _SUM_;
55333     +END;
MPRINT(EM_DIAGRAM):   END;
55334     +ELSE DO;
MPRINT(EM_DIAGRAM):   ELSE DO;
55335     +   P_BAD1  = .;
MPRINT(EM_DIAGRAM):   P_BAD1 = .;
55336     +   P_BAD0  = .;
MPRINT(EM_DIAGRAM):   P_BAD0 = .;
55337     +END;
MPRINT(EM_DIAGRAM):   END;
55338     +IF _DM_BAD EQ 1 THEN DO;
MPRINT(EM_DIAGRAM):   IF _DM_BAD EQ 1 THEN DO;
55339     +   P_BAD1  =     0.19939577039274;
MPRINT(EM_DIAGRAM):   P_BAD1 = 0.19939577039274;
55340     +   P_BAD0  =     0.80060422960725;
MPRINT(EM_DIAGRAM):   P_BAD0 = 0.80060422960725;
55341     +END;
MPRINT(EM_DIAGRAM):   END;
55342     +*** *****************************;
MPRINT(EM_DIAGRAM):   *** *****************************;
55343     +*** Writing the Residuals  of the Node BAD ;
MPRINT(EM_DIAGRAM):   *** Writing the Residuals of the Node BAD ;
55344     +*** ******************************;
MPRINT(EM_DIAGRAM):   *** ******************************;
55345     +IF MISSING( BAD1 ) THEN R_BAD1  = . ;
MPRINT(EM_DIAGRAM):   IF MISSING( BAD1 ) THEN R_BAD1 = . ;
55346     +ELSE R_BAD1  = BAD1  - P_BAD1 ;
MPRINT(EM_DIAGRAM):   ELSE R_BAD1 = BAD1 - P_BAD1 ;
55347     +IF MISSING( BAD0 ) THEN R_BAD0  = . ;
MPRINT(EM_DIAGRAM):   IF MISSING( BAD0 ) THEN R_BAD0 = . ;
55348     +ELSE R_BAD0  = BAD0  - P_BAD0 ;
MPRINT(EM_DIAGRAM):   ELSE R_BAD0 = BAD0 - P_BAD0 ;
55349     +*** *************************;
MPRINT(EM_DIAGRAM):   *** *************************;
55350     +*** Writing the I_BAD  AND U_BAD ;
MPRINT(EM_DIAGRAM):   *** Writing the I_BAD AND U_BAD ;
55351     +*** *************************;
MPRINT(EM_DIAGRAM):   *** *************************;
55352     +_MAXP_ = P_BAD1 ;
MPRINT(EM_DIAGRAM):   _MAXP_ = P_BAD1 ;
55353     +I_BAD  = "1           " ;
MPRINT(EM_DIAGRAM):   I_BAD = "1           " ;
55354     +U_BAD  =                    1;
MPRINT(EM_DIAGRAM):   U_BAD = 1;
55355     +IF( _MAXP_ LT P_BAD0  ) THEN DO;
MPRINT(EM_DIAGRAM):   IF( _MAXP_ LT P_BAD0 ) THEN DO;
55356     +   _MAXP_ = P_BAD0 ;
MPRINT(EM_DIAGRAM):   _MAXP_ = P_BAD0 ;
55357     +   I_BAD  = "0           " ;
MPRINT(EM_DIAGRAM):   I_BAD = "0           " ;
55358     +   U_BAD  =                    0;
MPRINT(EM_DIAGRAM):   U_BAD = 0;
55359     +END;
MPRINT(EM_DIAGRAM):   END;
55360     +********************************;
MPRINT(EM_DIAGRAM):   ********************************;
55361     +*** End Scoring Code for Neural;
MPRINT(EM_DIAGRAM):   *** End Scoring Code for Neural;
55362     +********************************;
MPRINT(EM_DIAGRAM):   ********************************;
55363     +drop
55364     +H11
55365     +H12
55366     +H13
55367     +;
MPRINT(EM_DIAGRAM):   drop H11 H12 H13 ;
NOTE: %INCLUDE (level 1) ending.
MPRINT(EM_DIAGRAM):   run;
55368      run;

NOTE: DATA STEP view saved on file EMWS1.NEURAL5_VALIDATE.
NOTE: A stored DATA STEP view cannot run under a different operating system.
NOTE: View EMWS1.VARSEL_VALIDATE.VIEW used (Total process time):
      real time           0.22 seconds
      cpu time            0.15 seconds
      
NOTE: DATA statement used (Total process time):
      real time           0.22 seconds
      cpu time            0.15 seconds
      

MPRINT(EM_DIAGRAM):   quit;
55369      quit;
55370      filename emflow;
MPRINT(EM_DIAGRAM):   filename emflow;
NOTE: Fileref EMFLOW has been deassigned.
55371      *------------------------------------------------------------*;
MPRINT(EM_DIAGRAM):    *------------------------------------------------------------*;
55372      * Neural5: Computing metadata for TRAIN data;
MPRINT(EM_DIAGRAM):   * Neural5: Computing metadata for TRAIN data;
55373      *------------------------------------------------------------*;
MPRINT(EM_DIAGRAM):   *------------------------------------------------------------*;

NOTE: View EMWS1.NEURAL5_TRAIN.VIEW used (Total process time):
      real time           0.18 seconds
      cpu time            0.18 seconds
      
MPRINT(EM_DIAGRAM):    *------------------------------------------------------------*;
MPRINT(EM_DIAGRAM):   * &nodeid: Computing Metadata for TRAIN data;
MPRINT(EM_DIAGRAM):   *------------------------------------------------------------*;
MPRINT(EM_DIAGRAM):   filename _delta "J:\JMMORR01\CIS 445\CIS 445 Project 
3\Workspaces\EMWS1\Neural5\CDELTA_TRAIN.sas";
MPRINT(EMADVISECOLUMNS):   proc display c=sashelp.emmeta.advisecolumns.scl;
MPRINT(EMADVISECOLUMNS):   run;
MPRINT(EMADVISECOLUMNS):    options validvarname=any;
MPRINT(EMADVISECOLUMNS):   proc contents data=EMWS1.Neural5_TRAIN out=_tempAdvisor noprint;
MPRINT(EMADVISECOLUMNS):   run;
MPRINT(EMADVISECOLUMNS):   options validvarname=V7;
MPRINT(EMADVISECOLUMNS):    data _null_;
MPRINT(EMADVISECOLUMNS):   dsid = open('EMWS1.Neural5_TRAIN');
MPRINT(EMADVISECOLUMNS):   call symput('_dsidTable', strip(put(dsid, best.)));
MPRINT(EMADVISECOLUMNS):   if dsid then do;
MPRINT(EMADVISECOLUMNS):   call symput('_engineTable', attrc(dsid, 'ENGINE'));
MPRINT(EMADVISECOLUMNS):   dsid = close(dsid);
MPRINT(EMADVISECOLUMNS):   end;
MPRINT(EMADVISECOLUMNS):   run;
MPRINT(EMADVISECOLUMNS):    proc contents data=EMWS1.Neural5_TRAIN out=WORK.M3V3SFYZ noprint;
MPRINT(EMADVISECOLUMNS):   run;
MPRINT(EMADVISECOLUMNS):    data WORK.M3V3SFYZ;
MPRINT(EMADVISECOLUMNS):   length NAME $ 64 TYPE $ 1 LABEL $ 200 FORMAT $ 36 INFORMAT $36 
INDEX $ 1 INDEXTYPE $ 9;
MPRINT(EMADVISECOLUMNS):   label NAME =;
MPRINT(EMADVISECOLUMNS):   set WORK.M3V3SFYZ(keep=name type length label format formatl 
formatd informat informl informd idxusage rename=(type=itype));
MPRINT(EMADVISECOLUMNS):   if itype = 1 then type = 'N';
MPRINT(EMADVISECOLUMNS):   else type = 'C';
MPRINT(EMADVISECOLUMNS):   if formatl > 0 then do;
MPRINT(EMADVISECOLUMNS):   if format ne '' then do;
MPRINT(EMADVISECOLUMNS):   if type='N' then format = strip(format)!!strip(put(formatl, 
best12.))!!'.'!!strip(put(formatd, best12.));
MPRINT(EMADVISECOLUMNS):   else format = strip(format)!!strip(put(formatl, best12.))!!'.';
MPRINT(EMADVISECOLUMNS):   end;
MPRINT(EMADVISECOLUMNS):   else format = strip(put(formatl, best12.))!!'.'!!strip(put(formatd, 
best12.));
MPRINT(EMADVISECOLUMNS):   end;
MPRINT(EMADVISECOLUMNS):   else if format ne '' then format = strip(format)!!'.';
MPRINT(EMADVISECOLUMNS):   if informl > 0 then do;
MPRINT(EMADVISECOLUMNS):   if informat ne ' ' then do;
MPRINT(EMADVISECOLUMNS):   if type='N' then informat = strip(informat)!!strip(put(informl, 
best12.))!!'.'!!strip(put(informd, best12.));
MPRINT(EMADVISECOLUMNS):   else informat = strip(informat)!!strip(put(informl, best12.))!!'.';
MPRINT(EMADVISECOLUMNS):   end;
MPRINT(EMADVISECOLUMNS):   else informat = strip(put(informl, 
best12.))!!'.'!!strip(put(informd, best12.));
MPRINT(EMADVISECOLUMNS):   end;
MPRINT(EMADVISECOLUMNS):   else if informat ne '' then informat = strip(informat)!!'.';
MPRINT(EMADVISECOLUMNS):   if idxusage = 'NONE' then index ="N";
MPRINT(EMADVISECOLUMNS):   else index = "Y";
MPRINT(EMADVISECOLUMNS):   indextype = idxusage;
MPRINT(EMADVISECOLUMNS):   drop idxusage itype formatl formatd informl informd;
MPRINT(EMADVISECOLUMNS):   run;
MPRINT(EMADVISECOLUMNS):    data WORK.M3V3SFYZ;
MPRINT(EMADVISECOLUMNS):   length UNAME $64;
MPRINT(EMADVISECOLUMNS):   set WORK.M3V3SFYZ;
MPRINT(EMADVISECOLUMNS):   UNAME = upcase(NAME);
MPRINT(EMADVISECOLUMNS):   run;
MPRINT(EMADVISECOLUMNS):    proc sort data=WORK.M2DG8N24 NOTHREADS;
MPRINT(EMADVISECOLUMNS):   by UNAME;
MPRINT(EMADVISECOLUMNS):   run;
MPRINT(EMADVISECOLUMNS):    data WORK.M2DG8N24;
MPRINT(EMADVISECOLUMNS):   drop UNAME;
MPRINT(EMADVISECOLUMNS):   set WORK.M2DG8N24;
MPRINT(EMADVISECOLUMNS):   run;
MPRINT(EMADVISECOLUMNS):    data WORK.M1ZZ6CKG(keep=NAME ATTR);
MPRINT(EMADVISECOLUMNS):   length ATTR $ 20;
MPRINT(EMADVISECOLUMNS):   set WORK.M2DG8N24;
MPRINT(EMADVISECOLUMNS):   if level ne "INTERVAL" then do;
MPRINT(EMADVISECOLUMNS):   if order = ' ' then do;
MPRINT(EMADVISECOLUMNS):   attr = 'ORDER';
MPRINT(EMADVISECOLUMNS):   output;
MPRINT(EMADVISECOLUMNS):   end;
MPRINT(EMADVISECOLUMNS):   end;
MPRINT(EMADVISECOLUMNS):   if format ne ' ' and formattype = ' ' then do;
MPRINT(EMADVISECOLUMNS):   attr = 'FORMATTYPE';
MPRINT(EMADVISECOLUMNS):   output;
MPRINT(EMADVISECOLUMNS):   end;
MPRINT(EMADVISECOLUMNS):   if role = ' ' then do;
MPRINT(EMADVISECOLUMNS):   attr = 'ROLE';
MPRINT(EMADVISECOLUMNS):   output;
MPRINT(EMADVISECOLUMNS):   end;
MPRINT(EMADVISECOLUMNS):   if level = ' ' then do;
MPRINT(EMADVISECOLUMNS):   attr = 'LEVEL';
MPRINT(EMADVISECOLUMNS):   output;
MPRINT(EMADVISECOLUMNS):   end;
MPRINT(EMADVISECOLUMNS):   if type = ' ' then do;
MPRINT(EMADVISECOLUMNS):   attr = 'TYPE';
MPRINT(EMADVISECOLUMNS):   output;
MPRINT(EMADVISECOLUMNS):   end;
MPRINT(EMADVISECOLUMNS):   if index = ' ' then do;
MPRINT(EMADVISECOLUMNS):   attr = 'INDEX';
MPRINT(EMADVISECOLUMNS):   output;
MPRINT(EMADVISECOLUMNS):   end;
MPRINT(EMADVISECOLUMNS):   if report = ' ' then do;
MPRINT(EMADVISECOLUMNS):   attr = 'REPORT';
MPRINT(EMADVISECOLUMNS):   output;
MPRINT(EMADVISECOLUMNS):   end;
MPRINT(EMADVISECOLUMNS):   run;
MPRINT(EMADVISECOLUMNS):   proc sort NOTHREADS;
MPRINT(EMADVISECOLUMNS):   by attr;
MPRINT(EMADVISECOLUMNS):   run;
MPRINT(EMADVISECOLUMNS):    data WORK.M2DG8N24;
MPRINT(EMADVISECOLUMNS):   length NAME $64 ROLE $ 32 LEVEL $ 10 ORDER $ 8 CREATOR $32 
FORMATTYPE $ 10 FAMILY $ 10 LOWERLIMIT 8 UPPERLIMIT 8 REPORT $1 DISTRIBUTION $ 20 COMMENT $64;
MPRINT(EMADVISECOLUMNS):   length levelAssigned 8 roleAssigned 8 PRICE 8;
MPRINT(EMADVISECOLUMNS):   set WORK.M2DG8N24;
MPRINT(EMADVISECOLUMNS):   if formattype = ' ' then do;
MPRINT(EMADVISECOLUMNS):   if format ne ' ' then do;
MPRINT(EMADVISECOLUMNS):   if type = 'N' then do;
MPRINT(EMADVISECOLUMNS):   pos = indexc(format,'.1234567890');
MPRINT(EMADVISECOLUMNS):   if pos > 1 then tempfmt = substr(format,1, pos-1);
MPRINT(EMADVISECOLUMNS):   else tempfmt = ' ';
MPRINT(EMADVISECOLUMNS):   flen = length(tempfmt);
MPRINT(EMADVISECOLUMNS):   select;
MPRINT(EMADVISECOLUMNS):   when(tempfmt in ("DATE" "DAY" "DDMMYY" "DOWNAME" "JULDAY" "JULIAN" 
"MMDDYY" "MMDDYYD" "MMDDYYC" "MMDDYYN" "MMDDYYP" "MMDDYYS" "MONNAME" "MONTH" "MONYY" "NENGO" 
"QTR" "QTRR" "WEEKDATE" "WEEKDATX" "WEEKDAY" "WORDDATE" "WORDDATX" "YEAR" "YYMMDD" "YYMON" 
"YYMMDDC" "YYMMDDD" "YYMMDDN" "YYMMDDP" "YYMMDDS" "EURDFDE" "NJDATE" "NLDATE" "EURDFDD" 
"EURDFDWN" "EURDFMN" "EURDFMY" "EURDFWK" "EURDFWKX" "EURDFWDX" "EURDFDN" "EURDFDE" )) 
formattype = 'DATE';
MPRINT(EMADVISECOLUMNS):   when(tempfmt in ("DATETIME" "EURDFDT" "TOD" )) formattype = 
"DATETIME";
MPRINT(EMADVISECOLUMNS):   when(tempfmt in ("HHMM" "HOUR" "MMSS" "TIME" "TIMEAMPM" )) 
formattype = "TIME";
MPRINT(EMADVISECOLUMNS):   when(tempfmt in ("COMMA" "COMMAX" "DOLLAR" "DOLLARX" "E" "FRACT" 
"NEGPAREN" "PERCENT")) formattype="QUANTITY";
MPRINT(EMADVISECOLUMNS):   when(tempfmt in ("BINARY" "HEX" "IB" "OCTAL" "PD" "PIB" "PK" "RB" 
"SSN" "Z" "ZD")) formattype = "CODING";
MPRINT(EMADVISECOLUMNS):   otherwise do;
MPRINT(EMADVISECOLUMNS):   formattype = "USER";
MPRINT(EMADVISECOLUMNS):   if compress(tempfmt, '0123456789.', '') = '' then formattype='NUM';
MPRINT(EMADVISECOLUMNS):   else if substr(tempfmt, 1, 6)='NLDATE' then formattype = "DATE";
MPRINT(EMADVISECOLUMNS):   else if substr(tempfmt, 1, 6)='NLDATM' then formattype = "DATETIME";
MPRINT(EMADVISECOLUMNS):   else if substr(tempfmt, 1, 4)='NLTIM' then formattype = "TIME";
MPRINT(EMADVISECOLUMNS):   else if flen >= 4 then do;
MPRINT(EMADVISECOLUMNS):   str = substr(tempfmt,1,4);
MPRINT(EMADVISECOLUMNS):   if str in ("MMYY" "YYMM" "YYQR") then formattype ="DATE";
MPRINT(EMADVISECOLUMNS):   else if str = "S370" then formattype = "CODING";
MPRINT(EMADVISECOLUMNS):   else if str = "BEST" then formattype = "NUM";
MPRINT(EMADVISECOLUMNS):   drop str;
MPRINT(EMADVISECOLUMNS):   end;
MPRINT(EMADVISECOLUMNS):   else if flen >=3 and substr(tempfmt,1,3) = "YYQ" then formatType = 
"DATE";
MPRINT(EMADVISECOLUMNS):   end;
MPRINT(EMADVISECOLUMNS):   end;
MPRINT(EMADVISECOLUMNS):   drop flen tempfmt pos;
MPRINT(EMADVISECOLUMNS):   end;
MPRINT(EMADVISECOLUMNS):   else do;
MPRINT(EMADVISECOLUMNS):   formatType = "CATEGORY";
MPRINT(EMADVISECOLUMNS):   end;
MPRINT(EMADVISECOLUMNS):   end;
MPRINT(EMADVISECOLUMNS):   if formatType = "NUM" then do;
MPRINT(EMADVISECOLUMNS):   if index = "Y" then formatType = "DISCRETE";
MPRINT(EMADVISECOLUMNS):   else formatType = "QUANTITY";
MPRINT(EMADVISECOLUMNS):   end;
MPRINT(EMADVISECOLUMNS):   end;
MPRINT(EMADVISECOLUMNS):   if level = ' ' then do;
MPRINT(EMADVISECOLUMNS):   if formatType in ("CATEGORY", "CODING", "ID") or type = "C" then 
level = "NOMINAL";
MPRINT(EMADVISECOLUMNS):   else level = "INTERVAL";
MPRINT(EMADVISECOLUMNS):   levelAssigned = 1;
MPRINT(EMADVISECOLUMNS):   end;
MPRINT(EMADVISECOLUMNS):   else level = upcase(level);
MPRINT(EMADVISECOLUMNS):   if role = ' ' then do;
MPRINT(EMADVISECOLUMNS):   length name_prefix $8 _uname $64;
MPRINT(EMADVISECOLUMNS):   drop name_prefix _uname _freqflag;
MPRINT(EMADVISECOLUMNS):   retain _freqflag;
MPRINT(EMADVISECOLUMNS):   if LENGTH> 80 then ROLE = 'TEXT';
MPRINT(EMADVISECOLUMNS):   _uname = upcase(NAME);
MPRINT(EMADVISECOLUMNS):   select(_uname);
MPRINT(EMADVISECOLUMNS):   when('_PARTIND_') do;
MPRINT(EMADVISECOLUMNS):   ROLE = 'ID';
MPRINT(EMADVISECOLUMNS):   LEVEL = 'NOMINAL';
MPRINT(EMADVISECOLUMNS):   end;
MPRINT(EMADVISECOLUMNS):   when('_WARN_') ROLE = 'ASSESS';
MPRINT(EMADVISECOLUMNS):   when('EM_SEGMENT') do;
MPRINT(EMADVISECOLUMNS):   ROLE = 'SEGMENT';
MPRINT(EMADVISECOLUMNS):   LEVEL = 'NOMINAL';
MPRINT(EMADVISECOLUMNS):   end;
MPRINT(EMADVISECOLUMNS):   when('_NODE_') do;
MPRINT(EMADVISECOLUMNS):   ROLE = 'SEGMENT';
MPRINT(EMADVISECOLUMNS):   LEVEL = 'NOMINAL';
MPRINT(EMADVISECOLUMNS):   end;
MPRINT(EMADVISECOLUMNS):   when('EM_CLASSTARGET') ROLE = 'ASSESS';
MPRINT(EMADVISECOLUMNS):   when('EM_VALUETARGET') ROLE = 'ASSESS';
MPRINT(EMADVISECOLUMNS):   when('EM_PREDICTION') ROLE = 'PREDICT';
MPRINT(EMADVISECOLUMNS):   when('EM_PROBABILITY') ROLE = 'PREDICT';
MPRINT(EMADVISECOLUMNS):   when('EM_EVENTPROBABILITY') ROLE = 'PREDICT';
MPRINT(EMADVISECOLUMNS):   when('EM_CLASSIFICATION') ROLE = 'CLASSIFICATION';
MPRINT(EMADVISECOLUMNS):   when('EM_DECISION') ROLE = 'DECISION';
MPRINT(EMADVISECOLUMNS):   when('EM_PROFIT') ROLE = 'ASSESS';
MPRINT(EMADVISECOLUMNS):   when('EM_LOSS') ROLE = 'ASSESS';
MPRINT(EMADVISECOLUMNS):   when('EM_ROI') ROLE = 'ASSESS';
MPRINT(EMADVISECOLUMNS):   when('URI') ROLE = 'URL';
MPRINT(EMADVISECOLUMNS):   when('FILTERED') ROLE = 'TEXTLOC';
MPRINT(EMADVISECOLUMNS):   otherwise do;
MPRINT(EMADVISECOLUMNS):   if upcase(NAME) =: 'ZIP' then do;
MPRINT(EMADVISECOLUMNS):   ROLE = 'REJECTED';
MPRINT(EMADVISECOLUMNS):   LEVEL = 'NOMINAL';
MPRINT(EMADVISECOLUMNS):   COMMENT = 'Rejected by: Exceed the maximum class level of %s';
MPRINT(EMADVISECOLUMNS):   end;
MPRINT(EMADVISECOLUMNS):   else if upcase(NAME) in('FREQ', 'FREQUENCY') then do;
MPRINT(EMADVISECOLUMNS):   ROLE = 'FREQ';
MPRINT(EMADVISECOLUMNS):   if TYPE = 'C' then ROLE = 'INPUT';
MPRINT(EMADVISECOLUMNS):   else if _freqflag =1 then ROLE='REJECTED';
MPRINT(EMADVISECOLUMNS):   end;
MPRINT(EMADVISECOLUMNS):   else do;
MPRINT(EMADVISECOLUMNS):   name_prefix = scan(_uname, 1, '_');
MPRINT(EMADVISECOLUMNS):   if scan(_uname, 2, '_') = '' then name_prefix='';
MPRINT(EMADVISECOLUMNS):   if name_prefix in('F', 'I', 'U') then do;
MPRINT(EMADVISECOLUMNS):   ROLE = 'CLASSIFICATION';
MPRINT(EMADVISECOLUMNS):   LEVEL = 'NOMINAL';
MPRINT(EMADVISECOLUMNS):   end;
MPRINT(EMADVISECOLUMNS):   else if name_prefix in('Q') then ROLE = 'ASSESS';
MPRINT(EMADVISECOLUMNS):   else if name_prefix in('P', 'V') then ROLE = 'PREDICT';
MPRINT(EMADVISECOLUMNS):   else if name_prefix in('R', 'RS', 'RT', 'RD', 'RDS', 'RDT', 'RA', 
'RAS', 'RAT') then ROLE = 'RESIDUAL';
MPRINT(EMADVISECOLUMNS):   else if name_prefix ='D' then do;
MPRINT(EMADVISECOLUMNS):   ROLE = 'DECISION';
MPRINT(EMADVISECOLUMNS):   LEVEL = 'NOMINAL';
MPRINT(EMADVISECOLUMNS):   end;
MPRINT(EMADVISECOLUMNS):   else if name_prefix ='B' then do;
MPRINT(EMADVISECOLUMNS):   ROLE = 'SEGMENT';
MPRINT(EMADVISECOLUMNS):   LEVEL = 'NOMINAL';
MPRINT(EMADVISECOLUMNS):   end;
MPRINT(EMADVISECOLUMNS):   else if name_prefix in('EP', 'BP', 'CP', 'EL', 'CL', 'BL', 'W', 
'ROI', 'IC') then ROLE = 'ASSESS';
MPRINT(EMADVISECOLUMNS):   else do;
MPRINT(EMADVISECOLUMNS):   array _ROLE_ (19) $32 _TEMPORARY_ 
('ASSESS','CLASSIFICATION','CENSOR', 'COST', 'CROSSID', 'DECISION', 'ID','INPUT', 'LABEL', 
'MISSING','PREDICT','REFERRER','REJECTED', 'RESIDUAL','SEGMENT', 'SEQUENCE','TARGET', 'TEXT', 
'TIMEID');
MPRINT(EMADVISECOLUMNS):   drop _found_ i;
MPRINT(EMADVISECOLUMNS):   _found_=0;
MPRINT(EMADVISECOLUMNS):   do i=1 to 19 until(_found_=1);
MPRINT(EMADVISECOLUMNS):   if index(_uname, trim(_ROLE_{i}))=1 then do;
MPRINT(EMADVISECOLUMNS):   ROLE=_ROLE_{i};
MPRINT(EMADVISECOLUMNS):   if ROLE = 'ID' then LEVEL = 'NOMINAL';
MPRINT(EMADVISECOLUMNS):   else if ROLE = 'SEGMENT' then LEVEL = 'NOMINAL';
MPRINT(EMADVISECOLUMNS):   else if ROLE = 'TIMEID' and TYPE='N' then LEVEL = 'INTERVAL';
MPRINT(EMADVISECOLUMNS):   _found_=1;
MPRINT(EMADVISECOLUMNS):   end;
MPRINT(EMADVISECOLUMNS):   end;
MPRINT(EMADVISECOLUMNS):   if length(_uname)>2 then do;
MPRINT(EMADVISECOLUMNS):   if substr(reverse(trim(_uname)), 1, 3) = 'DI_' then do;
MPRINT(EMADVISECOLUMNS):   ROLE = 'ID';
MPRINT(EMADVISECOLUMNS):   LEVEL = 'NOMINAL';
MPRINT(EMADVISECOLUMNS):   end;
MPRINT(EMADVISECOLUMNS):   end;
MPRINT(EMADVISECOLUMNS):   end;
MPRINT(EMADVISECOLUMNS):   end;
MPRINT(EMADVISECOLUMNS):   end;
MPRINT(EMADVISECOLUMNS):   end;
MPRINT(EMADVISECOLUMNS):   if ROLE='FREQ' then _freqflag=1;
MPRINT(EMADVISECOLUMNS):   else if ROLE = 'CLASSIFICATION' then LEVEL = 'NOMINAL';
MPRINT(EMADVISECOLUMNS):   if symexist('RATEMKG_ROLE') then do;
MPRINT(EMADVISECOLUMNS):   if upcase(symget('RATEMKG_ROLE')) in('Y', 'YES') then do;
MPRINT(EMADVISECOLUMNS):   if _uname =: 'POLICY' then ROLE = 'POLICYID';
MPRINT(EMADVISECOLUMNS):   else if _uname in ('PARTITION', '_PARTIND_') then ROLE = 
'PARTITION';
MPRINT(EMADVISECOLUMNS):   else if type = 'N' then do;
MPRINT(EMADVISECOLUMNS):   if _uname = 'EXPOSURE' then ROLE = 'EXPOSURE';
MPRINT(EMADVISECOLUMNS):   else if _uname = 'YEAR' then ROLE = 'YEAR';
MPRINT(EMADVISECOLUMNS):   else if _uname = 'WEIGHT' then ROLE = 'WEIGHT';
MPRINT(EMADVISECOLUMNS):   else if _uname = 'OFFSET' then ROLE = 'OFFSET';
MPRINT(EMADVISECOLUMNS):   end;
MPRINT(EMADVISECOLUMNS):   end;
MPRINT(EMADVISECOLUMNS):   end;
MPRINT(EMADVISECOLUMNS):   end;
MPRINT(EMADVISECOLUMNS):   if role = ' ' then do;
MPRINT(EMADVISECOLUMNS):   if formattype in('DATE', 'DATETIME', 'TIME') then role = 'TIMEID';
MPRINT(EMADVISECOLUMNS):   else role = 'INPUT';
MPRINT(EMADVISECOLUMNS):   roleAssigned = 1;
MPRINT(EMADVISECOLUMNS):   end;
MPRINT(EMADVISECOLUMNS):   else role = upcase(role);
MPRINT(EMADVISECOLUMNS):   if REPORT = '' then REPORT = 'N';
MPRINT(EMADVISECOLUMNS):   if symexist('dmwb_product') then do;
MPRINT(EMADVISECOLUMNS):   if upcase(symget('dmwb_product')) = 'FACTORYMINER_DATASOURCE' then 
do;
MPRINT(EMADVISECOLUMNS):   if ROLE ^in('INPUT', 'TARGET', 'REJECTED', 'SEGMENT', 'FREQ', 'ID', 
'KEY') then ROLE='REJECTED';
MPRINT(EMADVISECOLUMNS):   end;
MPRINT(EMADVISECOLUMNS):   end;
MPRINT(EMADVISECOLUMNS):   run;
MPRINT(EMADVISECOLUMNS):    data WORK.M2DG8N24;
MPRINT(EMADVISECOLUMNS):   set WORK.M2DG8N24;
MPRINT(EMADVISECOLUMNS):   label NAME = "Variable Name" TYPE = "Type" ROLE = "Role" LEVEL= 
"Measurement Level" ORDER= "Order" CREATOR= "Creator" FORMATTYPE= "Format Type" FAMILY= 
"Family" DISTRIBUTION= "Distribution" PRICE= "Price" LOWERLIMIT= "Lower limit" UPPERLIMIT= 
"Upper Limit" REPORT= "Report" COMMENT= "Comment" INDEX= "Index" INDEXTYPE= "IndexType" LABEL= 
"Label" LENGTH= "Length";
MPRINT(EMADVISECOLUMNS):   drop levelAssigned roleAssigned;
MPRINT(EMADVISECOLUMNS):   run;
MPRINT(EMADVISECOLUMNS):   
MPRINT(EM_DIAGRAM):  ;
MPRINT(EM_DIAGRAM):   proc sort data=WORK.COLUMNMETA;
MPRINT(EM_DIAGRAM):   by NAME;
MPRINT(EM_DIAGRAM):   run;
MPRINT(EM_DIAGRAM):   *------------------------------------------------------------*;
MPRINT(EM_DIAGRAM):   * &nodeid: Merge incoming metadata;
MPRINT(EM_DIAGRAM):   *------------------------------------------------------------*;
MPRINT(EM_DIAGRAM):   proc contents data=EMWS1.Varsel_TRAIN noprint out=_temp2(keep=NAME);
MPRINT(EM_DIAGRAM):   run;
MPRINT(EM_DIAGRAM):   proc sort data=_temp2;
MPRINT(EM_DIAGRAM):   by NAME;
MPRINT(EM_DIAGRAM):   run;
MPRINT(EM_DIAGRAM):   proc sort data=EMWS1.Varsel_CMeta_TRAIN out=_temp;
MPRINT(EM_DIAGRAM):   by NAME;
MPRINT(EM_DIAGRAM):   run;
MPRINT(EM_DIAGRAM):   data EMWS1.Neural5_CMeta_TRAIN;
MPRINT(EM_DIAGRAM):   merge WORK.COLUMNMETA(in=_a) _temp2(in=_b) _temp(drop=FORMAT INFORMAT 
LENGTH INDEX INDEXTYPE in=_c) end=_eof_;
MPRINT(EM_DIAGRAM):   by NAME;
MPRINT(EM_DIAGRAM):   if (^_a and _b) or (^_c and _a and _b) then delete;
MPRINT(EM_DIAGRAM):   if ^_b then CREATOR = "Neural5";
MPRINT(EM_DIAGRAM):   length model $200;
MPRINT(EM_DIAGRAM):   label MODEL = "Model Node";
MPRINT(EM_DIAGRAM):   select(upcase(name));
MPRINT(EM_DIAGRAM):   when("BAD") model = "Neural5";
MPRINT(EM_DIAGRAM):   when('');
MPRINT(EM_DIAGRAM):   otherwise;
MPRINT(EM_DIAGRAM):   end;
MPRINT(EM_DIAGRAM):   *------------------------------------------------------------*;
MPRINT(EM_DIAGRAM):   * Neural5: Apply Delta Code;
MPRINT(EM_DIAGRAM):   *------------------------------------------------------------*;
MPRINT(EM_DIAGRAM):   run;
MPRINT(EM_DIAGRAM):   filename _delta;
55718      data EMWS1.Neural5_EMINFO;
MPRINT(EM_DIAGRAM):    data EMWS1.Neural5_EMINFO;
55719      length TARGET KEY $32 DATA $43;
MPRINT(EM_DIAGRAM):   length TARGET KEY $32 DATA $43;
55720      input TARGET KEY DATA $;
MPRINT(EM_DIAGRAM):   input TARGET KEY DATA $;
55721      cards;
MPRINT(EM_DIAGRAM):   cards;

NOTE: The data set EMWS1.NEURAL5_EMINFO has 3 observations and 3 variables.
NOTE: DATA statement used (Total process time):
      real time           0.09 seconds
      cpu time            0.04 seconds
      

MPRINT(EM_DIAGRAM):   run;
55725      run;
55726      proc sort data = EMWS1.Neural5_EMINFO NOTHREADS;
MPRINT(EM_DIAGRAM):   proc sort data = EMWS1.Neural5_EMINFO NOTHREADS;
55727      by TARGET KEY;
MPRINT(EM_DIAGRAM):   by TARGET KEY;
55728      run;
MPRINT(EM_DIAGRAM):   run;

NOTE: There were 3 observations read from the data set EMWS1.NEURAL5_EMINFO.
NOTE: The data set EMWS1.NEURAL5_EMINFO has 3 observations and 3 variables.
NOTE: PROCEDURE SORT used (Total process time):
      real time           0.12 seconds
      cpu time            0.03 seconds
      

55729      proc sort data = EMWS1.Ids_EMINFO OUT=WORK.SORTEDEMINFO NOTHREADS;
MPRINT(EM_DIAGRAM):    proc sort data = EMWS1.Ids_EMINFO OUT=WORK.SORTEDEMINFO NOTHREADS;
55730      by TARGET KEY;
MPRINT(EM_DIAGRAM):   by TARGET KEY;
55731      run;
MPRINT(EM_DIAGRAM):   run;

NOTE: There were 3 observations read from the data set EMWS1.IDS_EMINFO.
NOTE: The data set WORK.SORTEDEMINFO has 3 observations and 3 variables.
NOTE: PROCEDURE SORT used (Total process time):
      real time           0.03 seconds
      cpu time            0.00 seconds
      

55732      proc sort data = EMWS1.Neural5_EMINFO OUT=WORK.TEMP_INFO NOTHREADS;
MPRINT(EM_DIAGRAM):   proc sort data = EMWS1.Neural5_EMINFO OUT=WORK.TEMP_INFO NOTHREADS;
55733      by TARGET KEY;
MPRINT(EM_DIAGRAM):   by TARGET KEY;
55734      run;
MPRINT(EM_DIAGRAM):   run;

NOTE: Input data set is already sorted; it has been copied to the output data set.
NOTE: There were 3 observations read from the data set EMWS1.NEURAL5_EMINFO.
NOTE: The data set WORK.TEMP_INFO has 3 observations and 3 variables.
NOTE: PROCEDURE SORT used (Total process time):
      real time           0.03 seconds
      cpu time            0.01 seconds
      

55735      data EMWS1.Neural5_EMINFO;
MPRINT(EM_DIAGRAM):   data EMWS1.Neural5_EMINFO;
55736      merge WORK.SORTEDEMINFO WORK.TEMP_INFO;
MPRINT(EM_DIAGRAM):   merge WORK.SORTEDEMINFO WORK.TEMP_INFO;
55737      by TARGET KEY;
MPRINT(EM_DIAGRAM):   by TARGET KEY;
55738      run;
MPRINT(EM_DIAGRAM):   run;

NOTE: There were 3 observations read from the data set WORK.SORTEDEMINFO.
NOTE: There were 3 observations read from the data set WORK.TEMP_INFO.
NOTE: The data set EMWS1.NEURAL5_EMINFO has 4 observations and 3 variables.
NOTE: DATA statement used (Total process time):
      real time           0.10 seconds
      cpu time            0.04 seconds
      

55739      proc datasets lib=work nolist;
MPRINT(EM_DIAGRAM):   proc datasets lib=work nolist;
55740      delete TEMP_INFO SORTEDEMINFO;
MPRINT(EM_DIAGRAM):   delete TEMP_INFO SORTEDEMINFO;
55741      run;
MPRINT(EM_DIAGRAM):   run;

NOTE: Deleting WORK.TEMP_INFO (memtype=DATA).
NOTE: Deleting WORK.SORTEDEMINFO (memtype=DATA).
55742      quit;
MPRINT(EM_DIAGRAM):   quit;

NOTE: PROCEDURE DATASETS used (Total process time):
      real time           0.03 seconds
      cpu time            0.03 seconds
      

NOTE: View EMWS1.NEURAL5_TRAIN.VIEW used (Total process time):
      real time           0.17 seconds
      cpu time            0.15 seconds
      
NOTE: View EMWS1.NEURAL5_VALIDATE.VIEW used (Total process time):
      real time           0.18 seconds
      cpu time            0.18 seconds
      
MPRINT(EM_DIAGRAM):    proc printto;
MPRINT(EM_DIAGRAM):   run;
