MPRINT(EM_DIAGRAM):    data _null_;
MPRINT(EM_DIAGRAM):   call symput('NLDATE', strip(put(date(), NLDATE.)));
MPRINT(EM_DIAGRAM):   call symput('NLTIME', strip(put(datetime(), NLTIME.)));
MPRINT(EM_DIAGRAM):   run;
MPRINT(EM_DIAGRAM):   data _null_;
MPRINT(EM_DIAGRAM):   nldate= sasmsg("sashelp.dmine", "log_date_note", 'N', "November 07, 
2018" );
MPRINT(EM_DIAGRAM):   nltime= sasmsg("sashelp.dmine", "log_time_note", 'N', "21:42:18" );
MPRINT(EM_DIAGRAM):   put "*------------------------------------------------------------*";
MPRINT(EM_DIAGRAM):   put "* Training Log";
MPRINT(EM_DIAGRAM):   put nldate;
MPRINT(EM_DIAGRAM):   put nltime;
MPRINT(EM_DIAGRAM):   put "*------------------------------------------------------------*";
MPRINT(EM_DIAGRAM):   run;
*------------------------------------------------------------*
* Training Log
Date:                November 07, 2018
Time:                21:42:18
*------------------------------------------------------------*
MPRINT(EM_DIAGRAM):    filename O31USYMW "J:\JMMORR01\CIS 445\CIS 445 Project 
3\Workspaces\EMWS1\Neural5\EMTRAIN.out" encoding="UTF-8" NOBOM;
MPRINT(EM_DIAGRAM):   proc printto print=O31USYMW new;
MPRINT(EM_DIAGRAM):   run;
MPRINT(EM_DIAGRAM):    filename _LOG "J:\JMMORR01\CIS 445\CIS 445 Project 
3\Workspaces\EMWS1\Neural5\EMLOG.log" encoding="UTF-8" NOBOM;
MPRINT(EM_DIAGRAM):    data _null_;
MPRINT(EM_DIAGRAM):   call symput('NLDATE', strip(put(date(), NLDATE.)));
MPRINT(EM_DIAGRAM):   call symput('NLTIME', strip(put(datetime(), NLTIME.)));
MPRINT(EM_DIAGRAM):   run;
MPRINT(EM_DIAGRAM):   data _null_;
MPRINT(EM_DIAGRAM):   nldate= sasmsg("sashelp.dmine", "log_date_note", 'N', "November 07, 
2018" );
MPRINT(EM_DIAGRAM):   nltime= sasmsg("sashelp.dmine", "log_time_note", 'N', "21:42:18" );
MPRINT(EM_DIAGRAM):   file _LOG;
MPRINT(EM_DIAGRAM):   put "*------------------------------------------------------------*";
MPRINT(EM_DIAGRAM):   put "User:                jmmorr01";
MPRINT(EM_DIAGRAM):   put nldate;
MPRINT(EM_DIAGRAM):   put nltime;
MPRINT(EM_DIAGRAM):   put "Site:                70080761";
MPRINT(EM_DIAGRAM):   put "Platform:            X64_8PRO";
MPRINT(EM_DIAGRAM):   put "Maintenance Release: 9.04.01M3P062415";
MPRINT(EM_DIAGRAM):   put "EM Version:          14.1";
MPRINT(EM_DIAGRAM):   put "* ";
MPRINT(EM_DIAGRAM):   run;
MPRINT(EM_DIAGRAM):    filename _LOGIN "J:\JMMORR01\CIS 445\CIS 445 Project 
3\Workspaces\EMWS1\Neural5\EMTRAIN.log" encoding="UTF-8" NOBOM;
MPRINT(EM_COPYFILE):   data _null_;
MPRINT(EM_COPYFILE):   length line $20000;
MPRINT(EM_COPYFILE):   file _LOG MOD lrecl=20000;
MPRINT(EM_COPYFILE):   fid=fopen("_LOGIN",'i',20000,'v');
MPRINT(EM_COPYFILE):   if fid > 0 then do;
MPRINT(EM_COPYFILE):   do while(^fread(fid));
MPRINT(EM_COPYFILE):   rlen = frlen(fid);
MPRINT(EM_COPYFILE):   rc= fget(fid,line,20000);
MPRINT(EM_COPYFILE):   start = length(line)-length(left(line))+1;
MPRINT(EM_COPYFILE):   line=strip(line);
MPRINT(EM_COPYFILE):   put @start line;
MPRINT(EM_COPYFILE):   end;
MPRINT(EM_COPYFILE):   if fid > 0 then rc=fclose(fid);
MPRINT(EM_COPYFILE):   end;
MPRINT(EM_COPYFILE):   run;
MPRINT(EM_DIAGRAM):  ;
MPRINT(EM_DIAGRAM):   filename _LOGIN;
MPRINT(EM_DIAGRAM):    data _null_;
MPRINT(EM_DIAGRAM):   file _LOG mod;
MPRINT(EM_DIAGRAM):   put _page_;
MPRINT(EM_DIAGRAM):   run;
MPRINT(EM_DIAGRAM):   filename _LOGIN "J:\JMMORR01\CIS 445\CIS 445 Project 
3\Workspaces\EMWS1\Neural5\EMSCORE.log" encoding="UTF-8" NOBOM;
MPRINT(EM_DIAGRAM):  ;
MPRINT(EM_DIAGRAM):   data _null_;
MPRINT(EM_DIAGRAM):   file _LOG mod;
MPRINT(EM_DIAGRAM):   put _page_;
MPRINT(EM_DIAGRAM):   run;
MPRINT(EM_DIAGRAM):    filename _LOGIN "J:\JMMORR01\CIS 445\CIS 445 Project 
3\Workspaces\EMWS1\Neural5\EMREPORT.log" encoding="UTF-8" NOBOM;
MPRINT(EM_DIAGRAM):  ;
MPRINT(EM_DIAGRAM):   filename _LOGIN;
MPRINT(EM_DIAGRAM):    filename _LOG;
MPRINT(EM_DIAGRAM):    filename _OUT "J:\JMMORR01\CIS 445\CIS 445 Project 
3\Workspaces\EMWS1\Neural5\EMOUTPUT.out" encoding="UTF-8" NOBOM;
MPRINT(EM_DIAGRAM):    data _null_;
MPRINT(EM_DIAGRAM):   call symput('NLDATE', strip(put(date(), NLDATE.)));
MPRINT(EM_DIAGRAM):   call symput('NLTIME', strip(put(datetime(), NLTIME.)));
MPRINT(EM_DIAGRAM):   run;
MPRINT(EM_DIAGRAM):   data _null_;
MPRINT(EM_DIAGRAM):   nldate= sasmsg("sashelp.dmine", "log_date_note", 'N', "November 07, 
2018" );
MPRINT(EM_DIAGRAM):   nltime= sasmsg("sashelp.dmine", "log_time_note", 'N', "21:42:18" );
MPRINT(EM_DIAGRAM):   file _OUT;
MPRINT(EM_DIAGRAM):   put "*------------------------------------------------------------*";
MPRINT(EM_DIAGRAM):   put "User:                jmmorr01";
MPRINT(EM_DIAGRAM):   put nldate;
MPRINT(EM_DIAGRAM):   put nltime;
MPRINT(EM_DIAGRAM):   put "*------------------------------------------------------------*";
MPRINT(EM_DIAGRAM):   put "* Training Output";
MPRINT(EM_DIAGRAM):   put "*------------------------------------------------------------*";
MPRINT(EM_DIAGRAM):   run;
MPRINT(EM_DIAGRAM):    filename _OUTIN "J:\JMMORR01\CIS 445\CIS 445 Project 
3\Workspaces\EMWS1\Neural5\EMTRAIN.out" encoding="UTF-8" NOBOM;
MPRINT(EM_DIAGRAM):   ;
MPRINT(EM_COPYFILE):   data _null_;
MPRINT(EM_COPYFILE):   length line $20000;
MPRINT(EM_COPYFILE):   file _OUT MOD lrecl=20000;
MPRINT(EM_COPYFILE):   fid=fopen("_OUTIN",'i',20000,'v');
MPRINT(EM_COPYFILE):   if fid > 0 then do;
MPRINT(EM_COPYFILE):   do while(^fread(fid));
MPRINT(EM_COPYFILE):   rlen = frlen(fid);
MPRINT(EM_COPYFILE):   rc= fget(fid,line,20000);
MPRINT(EM_COPYFILE):   start = length(line)-length(left(line))+1;
MPRINT(EM_COPYFILE):   line=strip(line);
MPRINT(EM_COPYFILE):   put @start line;
MPRINT(EM_COPYFILE):   end;
MPRINT(EM_COPYFILE):   if fid > 0 then rc=fclose(fid);
MPRINT(EM_COPYFILE):   end;
MPRINT(EM_COPYFILE):   run;
MPRINT(EM_DIAGRAM):  ;
MPRINT(EM_DIAGRAM):   filename _OUTIN;
MPRINT(EM_DIAGRAM):    data _null_;
MPRINT(EM_DIAGRAM):   file _OUT mod;
MPRINT(EM_DIAGRAM):   put _page_;
MPRINT(EM_DIAGRAM):   put // "*------------------------------------------------------------*";
MPRINT(EM_DIAGRAM):   put "* Score Output";
MPRINT(EM_DIAGRAM):   put "*------------------------------------------------------------*";
MPRINT(EM_DIAGRAM):   run;
MPRINT(EM_DIAGRAM):    filename _OUTIN "J:\JMMORR01\CIS 445\CIS 445 Project 
3\Workspaces\EMWS1\Neural5\EMSCORE.out" encoding="UTF-8" NOBOM;
MPRINT(EM_DIAGRAM):  ;
MPRINT(EM_DIAGRAM):   filename _OUTIN;
MPRINT(EM_DIAGRAM):    data _null_;
MPRINT(EM_DIAGRAM):   file _OUT mod;
MPRINT(EM_DIAGRAM):   put _page_;
MPRINT(EM_DIAGRAM):   put // "*------------------------------------------------------------*";
MPRINT(EM_DIAGRAM):   put "* Report Output";
MPRINT(EM_DIAGRAM):   put "*------------------------------------------------------------*";
MPRINT(EM_DIAGRAM):   run;
MPRINT(EM_DIAGRAM):    filename _OUTIN "J:\JMMORR01\CIS 445\CIS 445 Project 
3\Workspaces\EMWS1\Neural5\EMREPORT.out" encoding="UTF-8" NOBOM;
MPRINT(EM_DIAGRAM):  ;
MPRINT(EM_DIAGRAM):   filename _OUTIN;
MPRINT(EM_DIAGRAM):    filename _OUT;
MPRINT(EM_DIAGRAM):    filename _emtool_ 'J:\JMMORR01\CIS 445\CIS 445 Project 
3\Workspaces\EMWS1\Neural5\EMRUNSTATUS.xml' encoding="UTF-8" NOBOM;
MPRINT(EM_DIAGRAM):    filename _emtool_ 'J:\JMMORR01\CIS 445\CIS 445 Project 
3\Workspaces\EMWS1\Neural5\EMRUNSTATUS.xml' encoding="UTF-8" NOBOM;
54318      proc freq data=EMWS1.Neural5_VariableSet noprint;
MPRINT(EM_DIAGRAM):    proc freq data=EMWS1.Neural5_VariableSet noprint;
54319      table ROLE*LEVEL/out=WORK.Neural5META;
MPRINT(EM_DIAGRAM):   table ROLE*LEVEL/out=WORK.Neural5META;
54320      run;
MPRINT(EM_DIAGRAM):   run;

NOTE: There were 5 observations read from the data set EMWS1.NEURAL5_VARIABLESET.
NOTE: The data set WORK.NEURAL5META has 3 observations and 4 variables.
NOTE: PROCEDURE FREQ used (Total process time):
      real time           0.09 seconds
      cpu time            0.06 seconds
      

54321      proc print data=WORK.Neural5META label noobs;
MPRINT(EM_DIAGRAM):   proc print data=WORK.Neural5META label noobs;
54322      var ROLE LEVEL COUNT;
MPRINT(EM_DIAGRAM):   var ROLE LEVEL COUNT;
54323      label ROLE = "%sysfunc(sasmsg(sashelp.dmine, meta_role_vlabel, NOQUOTE))" LEVEL =
54323    ! "%sysfunc(sasmsg(sashelp.dmine, meta_level_vlabel, NOQUOTE))" COUNT =
54323    ! "%sysfunc(sasmsg(sashelp.dmine, rpt_count_vlabel, NOQUOTE))";
MPRINT(EM_DIAGRAM):   label ROLE = "Role" LEVEL = "Measurement Level" COUNT = "Frequency 
Count";
54324      title9 ' ';
MPRINT(EM_DIAGRAM):   title9 ' ';
54325      title10 "%sysfunc(sasmsg(sashelp.dmine, rpt_varSummary_title  , NOQUOTE))";
MPRINT(EM_DIAGRAM):   title10 "Variable Summary";
MPRINT(EM_DIAGRAM):   run;
54326      run;

NOTE: There were 3 observations read from the data set WORK.NEURAL5META.
NOTE: The PROCEDURE PRINT printed page 25.
NOTE: PROCEDURE PRINT used (Total process time):
      real time           0.00 seconds
      cpu time            0.00 seconds
      

54327      title10;
MPRINT(EM_DIAGRAM):   title10;
54328      %let EMNORLEN = %DMNORLEN;
MPRINT(EM_DIAGRAM):   
EMWS1.Varsel_TRAIN EMWS1.Varsel_TRAIN 
EMWS1.Varsel_TRAIN EMWS1.Varsel_TRAIN EMWS1 Varsel_TRAIN 
EMWS1.Varsel_TRAIN EMWS1.Varsel_TRAIN 
EMWS1.Varsel_TRAIN EMWS1.Varsel_TRAIN EMWS1 Varsel_TRAIN 
MPRINT(EM_DIAGRAM):    proc dmdb data=EMWS1.Varsel_TRAIN 
classout=WORK._DMDBCLASSTARGET(keep=NAME NRAW CRAW LEVEL FREQUENCY NMISSPERCENT);
MPRINT(EM_DIAGRAM):   class BAD(DESC) ;
MPRINT(EM_DIAGRAM):   run;
Executing  SASHELP.EMCORE.EMINFOITERATOR.SCL _INIT >> 
Executing  SASHELP.EMCORE.EMINFOITERATOR.SCL setMetaData >> 
Executing  SASHELP.EMCORE.EMINFOITERATOR.SCL next >> 
Executing  SASHELP.EMCORE.EMINFOITERATOR.SCL next >> 
Executing  SASHELP.EMCORE.EMINFOITERATOR.SCL setMetaData >> 
Executing  SASHELP.EMCORE.EMINFOITERATOR.SCL next >> 
Executing  SASHELP.EMCORE.EMINFOITERATOR.SCL next >> 
Executing  SASHELP.EMCORE.EMINFOITERATOR.SCL _term >> 
MPRINT(EM_DIAGRAM):    data _null_;
MPRINT(EM_DIAGRAM):   set WORK._DMDBCLASSTARGET;
MPRINT(EM_DIAGRAM):   where ^(NRAW eq . and CRAW eq '') and NAME="BAD";
MPRINT(EM_DIAGRAM):   if _N_=1 then call symput('_newevent', strip(LEVEL));
MPRINT(EM_DIAGRAM):   run;
MPRINT(EM_DIAGRAM):   proc sort data=WORK._DMDBCLASSTARGET out=_TEMPCLASS(keep=LEVEL FREQUENCY 
NMISSPERCENT rename=(LEVEL=BAD));
MPRINT(EM_DIAGRAM):   by LEVEL;
MPRINT(EM_DIAGRAM):   where ^(NRAW eq . and CRAW eq '') and NAME="BAD";
MPRINT(EM_DIAGRAM):   run;
MPRINT(EM_DIAGRAM):   data _TEMPCLASS;
MPRINT(EM_DIAGRAM):   set _TEMPCLASS;
MPRINT(EM_DIAGRAM):   NMISSPERCENT= NMISSPERCENT/100;
MPRINT(EM_DIAGRAM):   run;
MPRINT(EM_DIAGRAM):    proc sort data=EMWS1.Ids_BAD_DD out=_sortedDecdata;
MPRINT(EM_DIAGRAM):   by BAD;
MPRINT(EM_DIAGRAM):   run;
MPRINT(EM_DIAGRAM):   data _null_;
MPRINT(EM_DIAGRAM):   merge _TEMPCLASS(in=_a) _sortedDecdata(in=_b);
MPRINT(EM_DIAGRAM):   by BAD;
MPRINT(EM_DIAGRAM):   if (_a and ^_b) or (^_a and _b) then call symput('_emresetDec', '1');
MPRINT(EM_DIAGRAM):   run;
54357      data WORK.Neural5_EVENT(KEEP=VARIABLE LABEL LEVEL EVENT NUMLEVELS ORDER);
MPRINT(EM_DIAGRAM):    data WORK.Neural5_EVENT(KEEP=VARIABLE LABEL LEVEL EVENT NUMLEVELS 
ORDER);
54358      length ORDER $20;
MPRINT(EM_DIAGRAM):   length ORDER $20;
54359      label VARIABLE = "%sysfunc(sasmsg(sashelp.dmine, rpt_target_vlabel,  NOQUOTE))"
54359    ! EVENT = "%sysfunc(sasmsg(sashelp.dmine, assmt_event_vlabel, NOQUOTE))" NUMLEVELS =
54359    ! "%sysfunc(sasmsg(sashelp.dmine, rpt_numcat_vlabel, NOQUOTE))" LEVEL =
54360         "%sysfunc(sasmsg(sashelp.dmine, meta_level_vlabel, NOQUOTE))" ORDER =
54360    ! "%sysfunc(sasmsg(sashelp.dmine, meta_order_vlabel, NOQUOTE))" LABEL =
54360    ! "%sysfunc(sasmsg(sashelp.dmine, meta_label_vlabel, NOQUOTE))";
MPRINT(EM_DIAGRAM):   label VARIABLE = "Target" EVENT = "Event" NUMLEVELS = "Number of Levels" 
LEVEL = "Measurement Level" ORDER = "Order" LABEL = "Label";
54361      set EMWS1.IDS_BAD_DM( where=(_TYPE_="TARGET"));
MPRINT(EM_DIAGRAM):   set EMWS1.IDS_BAD_DM( where=(_TYPE_="TARGET"));
54362      NumLevels=2;
MPRINT(EM_DIAGRAM):   NumLevels=2;
54363      select(upcase(ORDER));
MPRINT(EM_DIAGRAM):   select(upcase(ORDER));
54364      when('DESC') ORDER = 'Descending';
MPRINT(EM_DIAGRAM):   when('DESC') ORDER = 'Descending';
54365      when('ASC') ORDER = 'Ascending';
MPRINT(EM_DIAGRAM):   when('ASC') ORDER = 'Ascending';
54366      when('FMTDESC') ORDER = 'Formatted Descending';
MPRINT(EM_DIAGRAM):   when('FMTDESC') ORDER = 'Formatted Descending';
54367      when('FMTASC') ORDER = 'Formatted Ascending';
MPRINT(EM_DIAGRAM):   when('FMTASC') ORDER = 'Formatted Ascending';
54368      otherwise ORDER = 'Descending';
MPRINT(EM_DIAGRAM):   otherwise ORDER = 'Descending';
54369      end;
MPRINT(EM_DIAGRAM):   end;
54370      output;
MPRINT(EM_DIAGRAM):   output;
54371      run;
MPRINT(EM_DIAGRAM):   run;

NOTE: There were 1 observations read from the data set EMWS1.IDS_BAD_DM.
      WHERE _TYPE_='TARGET';
NOTE: The data set WORK.NEURAL5_EVENT has 1 observations and 6 variables.
NOTE: DATA statement used (Total process time):
      real time           0.04 seconds
      cpu time            0.03 seconds
      

54372      title9 ' ';
MPRINT(EM_DIAGRAM):   title9 ' ';
54373      proc print data=WORK.Neural5_EVENT noobs label;
MPRINT(EM_DIAGRAM):   proc print data=WORK.Neural5_EVENT noobs label;
54374      var VARIABLE EVENT LEVEL NUMLEVELS ORDER LABEL;
MPRINT(EM_DIAGRAM):   var VARIABLE EVENT LEVEL NUMLEVELS ORDER LABEL;
54375      title9 ' ';
MPRINT(EM_DIAGRAM):   title9 ' ';
54376      title10 "%sysfunc(sasmsg(sashelp.dmine, rpt_modelEvent_title  , NOQUOTE))";
MPRINT(EM_DIAGRAM):   title10 "Model Events";
MPRINT(EM_DIAGRAM):   run;
54377      run;

NOTE: There were 1 observations read from the data set WORK.NEURAL5_EVENT.
NOTE: The PROCEDURE PRINT printed page 26.
NOTE: PROCEDURE PRINT used (Total process time):
      real time           0.00 seconds
      cpu time            0.00 seconds
      

54378      title10;
MPRINT(EM_DIAGRAM):   title10;
"No decisions defined for target "BAD"." 
54379      proc print data = EMWS1.Ids_BAD_DM noobs label;
MPRINT(EM_DIAGRAM):    proc print data = EMWS1.Ids_BAD_DM noobs label;
54380      var _type_ variable label;
MPRINT(EM_DIAGRAM):   var _type_ variable label;
54381      where _type_ ^in('MATRIX', 'DECISION', 'TRAINPRIOR', 'DATAPRIOR', 'DECPRIOR');
MPRINT(EM_DIAGRAM):   where _type_ ^in('MATRIX', 'DECISION', 'TRAINPRIOR', 'DATAPRIOR', 
'DECPRIOR');
54382      label _TYPE_ = "%sysfunc(sasmsg(sashelp.dmine, rpt_type_vlabel,     NOQUOTE))"
54382    ! VARIABLE = "%sysfunc(sasmsg(sashelp.dmine, rpt_variable_vlabel, NOQUOTE))" LABEL =
54382    ! "%sysfunc(sasmsg(sashelp.dmine, meta_label_vlabel, NOQUOTE))";
MPRINT(EM_DIAGRAM):   label _TYPE_ = "Type" VARIABLE = "Variable" LABEL = "Label";
54383      title9 ' ';
MPRINT(EM_DIAGRAM):   title9 ' ';
54384      title10 "%sysfunc(sasmsg(sashelp.dmine, rpt_predDecVars_title  , NOQUOTE))";
MPRINT(EM_DIAGRAM):   title10 "Predicted and decision variables";
MPRINT(EM_DIAGRAM):   run;
54385      run;

NOTE: There were 7 observations read from the data set EMWS1.IDS_BAD_DM.
      WHERE _type_ not in ('DATAPRIOR', 'DECISION', 'DECPRIOR', 'MATRIX', 'TRAINPRIOR');
NOTE: The PROCEDURE PRINT printed page 27.
NOTE: PROCEDURE PRINT used (Total process time):
      real time           0.03 seconds
      cpu time            0.01 seconds
      

54386      title10;
MPRINT(EM_DIAGRAM):   title10;
MPRINT(EM_DIAGRAM):    *------------------------------------------------------------*;
MPRINT(EM_DIAGRAM):   * Neural5: Preparing metadata for training;
MPRINT(EM_DIAGRAM):   ;
MPRINT(EM_DIAGRAM):   *------------------------------------------------------------*;
MPRINT(EM_DIAGRAM):   data WORK.M21LA0E6;
MPRINT(EM_DIAGRAM):   set WORK.M21LA0E6;
MPRINT(EM_DIAGRAM):   where(use = 'Y' or (role = 'INPUT' and use = 'D'));
MPRINT(EM_DIAGRAM):   if (role = 'REJECTED') then role = 'INPUT';
MPRINT(EM_DIAGRAM):   run;
54396      data WORK.M21LA0E6;
MPRINT(EM_DIAGRAM):    data WORK.M21LA0E6;
54397      set WORK.M21LA0E6 end=eof;
MPRINT(EM_DIAGRAM):   set WORK.M21LA0E6 end=eof;
54398      output;
MPRINT(EM_DIAGRAM):   output;
54399      if eof then do;
MPRINT(EM_DIAGRAM):   if eof then do;
54400      NAME="";
MPRINT(EM_DIAGRAM):   NAME="";
54401      ROLE="COST";
MPRINT(EM_DIAGRAM):   ROLE="COST";
54402      LEVEL="INTERVAL";
MPRINT(EM_DIAGRAM):   LEVEL="INTERVAL";
54403      TYPE="N";
MPRINT(EM_DIAGRAM):   TYPE="N";
54404      output;
MPRINT(EM_DIAGRAM):   output;
54405      end;
MPRINT(EM_DIAGRAM):   end;
54406      run;
MPRINT(EM_DIAGRAM):   run;

NOTE: There were 5 observations read from the data set WORK.M21LA0E6.
NOTE: The data set WORK.M21LA0E6 has 6 observations and 21 variables.
NOTE: DATA statement used (Total process time):
      real time           0.01 seconds
      cpu time            0.00 seconds
      

NOTE: There were 2 observations read from the data set EMWS1.IDS_BAD_DD.
NOTE: The data set WORK.BAD has 2 observations and 7 variables.
NOTE: There were 2 observations read from the data set EMWS1.IDS_BAD_DD.
NOTE: The data set WORK.BAD has 2 observations and 7 variables.
54407      *------------------------------------------------------------*;
MPRINT(EM_DIAGRAM):    *------------------------------------------------------------*;
54408      * Neural5: Create decision matrix;
MPRINT(EM_DIAGRAM):   * Neural5: Create decision matrix;
54409      *------------------------------------------------------------*;
MPRINT(EM_DIAGRAM):   *------------------------------------------------------------*;
54410      data WORK.BAD;
MPRINT(EM_DIAGRAM):   data WORK.BAD;
54411        length   BAD                              $  32
54412                 COUNT                                8
54413                 DATAPRIOR                            8
54414                 TRAINPRIOR                           8
54415                 DECPRIOR                             8
54416                 DECISION1                            8
54417                 DECISION2                            8
54418                 ;
MPRINT(EM_DIAGRAM):   length BAD $ 32 COUNT 8 DATAPRIOR 8 TRAINPRIOR 8 DECPRIOR 8 DECISION1 8 
DECISION2 8 ;
54419      
54420        label    COUNT="Level Counts"
54421                 DATAPRIOR="Data Proportions"
54422                 TRAINPRIOR="Training Proportions"
54423                 DECPRIOR="Decision Priors"
54424                 DECISION1="1"
54425                 DECISION2="0"
54426                 ;
MPRINT(EM_DIAGRAM):   label COUNT= "Level Counts" DATAPRIOR= "Data Proportions" TRAINPRIOR= 
"Training Proportions" DECPRIOR= "Decision Priors" DECISION1= "1" DECISION2= "0" ;
54427        format   COUNT 10.
54428                 ;
MPRINT(EM_DIAGRAM):   format COUNT 10. ;
54429      BAD="1"; COUNT=1189; DATAPRIOR=0.1994966442953; TRAINPRIOR=0.1994966442953;
54429    ! DECPRIOR=.; DECISION1=1; DECISION2=0;
MPRINT(EM_DIAGRAM):   BAD="1";
MPRINT(EM_DIAGRAM):   COUNT=1189;
MPRINT(EM_DIAGRAM):   DATAPRIOR=0.1994966442953;
MPRINT(EM_DIAGRAM):   TRAINPRIOR=0.1994966442953;
MPRINT(EM_DIAGRAM):   DECPRIOR=.;
MPRINT(EM_DIAGRAM):   DECISION1=1;
MPRINT(EM_DIAGRAM):   DECISION2=0;
54430      output;
MPRINT(EM_DIAGRAM):   output;
54431      BAD="0"; COUNT=4771; DATAPRIOR=0.80050335570469; TRAINPRIOR=0.80050335570469;
54431    ! DECPRIOR=.; DECISION1=0; DECISION2=1;
MPRINT(EM_DIAGRAM):   BAD="0";
MPRINT(EM_DIAGRAM):   COUNT=4771;
MPRINT(EM_DIAGRAM):   DATAPRIOR=0.80050335570469;
MPRINT(EM_DIAGRAM):   TRAINPRIOR=0.80050335570469;
MPRINT(EM_DIAGRAM):   DECPRIOR=.;
MPRINT(EM_DIAGRAM):   DECISION1=0;
MPRINT(EM_DIAGRAM):   DECISION2=1;
54432      output;
MPRINT(EM_DIAGRAM):   output;
54433      ;
MPRINT(EM_DIAGRAM):   ;
54434      run;
MPRINT(EM_DIAGRAM):   run;

NOTE: The data set WORK.BAD has 2 observations and 7 variables.
NOTE: DATA statement used (Total process time):
      real time           0.01 seconds
      cpu time            0.01 seconds
      

54435      proc datasets lib=work nolist;
MPRINT(EM_DIAGRAM):   proc datasets lib=work nolist;
54436      modify BAD(type=PROFIT label=BAD);
MPRINT(EM_DIAGRAM):   modify BAD(type=PROFIT label= BAD);
MPRINT(EM_DIAGRAM):   label DECISION1= '1';
MPRINT(EM_DIAGRAM):   label DECISION2= '0';
MPRINT(EM_DIAGRAM):   run;
54437      label DECISION1= '1';
54438      label DECISION2= '0';
54439      run;

NOTE: MODIFY was successful for WORK.BAD.DATA.
54440      quit;
MPRINT(EM_DIAGRAM):   quit;

NOTE: PROCEDURE DATASETS used (Total process time):
      real time           0.04 seconds
      cpu time            0.03 seconds
      

54441      data EM_Neural5;
MPRINT(EM_DIAGRAM):   data EM_Neural5;
54442      set EMWS1.Varsel_TRAIN(keep=
54443      BAD GRP_IMP_CLAGE GRP_IMP_NINQ GRP_INDELINQ G_GRP_IMP_DEBTINC );
MPRINT(EM_DIAGRAM):   set EMWS1.Varsel_TRAIN(keep= BAD GRP_IMP_CLAGE GRP_IMP_NINQ GRP_INDELINQ 
G_GRP_IMP_DEBTINC );
54444      run;
MPRINT(EM_DIAGRAM):   run;

NOTE: There were 2979 observations read from the data set EMWS1.PART_TRAIN.
NOTE: There were 2979 observations read from the data set EMWS1.IMPT_TRAIN.
NOTE: There were 2979 observations read from the data set EMWS1.TRANS_TRAIN.
NOTE: View EMWS1.VARSEL_TRAIN.VIEW used (Total process time):
      real time           0.14 seconds
      cpu time            0.14 seconds
      
NOTE: There were 2979 observations read from the data set EMWS1.BINNING_TRAIN.
NOTE: There were 2979 observations read from the data set EMWS1.VARSEL_TRAIN.
NOTE: The data set WORK.EM_NEURAL5 has 2979 observations and 5 variables.
NOTE: DATA statement used (Total process time):
      real time           0.17 seconds
      cpu time            0.15 seconds
      

MPRINT(EM_DIAGRAM):   *------------------------------------------------------------* ;
MPRINT(EM_DIAGRAM):   * Neural5: DMDBClass Macro ;
MPRINT(EM_DIAGRAM):   *------------------------------------------------------------* ;
54445      *------------------------------------------------------------* ;
54446      * Neural5: DMDBClass Macro ;
54447      *------------------------------------------------------------* ;
54448      %macro DMDBClass;
54449          BAD(DESC) GRP_IMP_CLAGE(ASC) GRP_IMP_NINQ(ASC) GRP_INDELINQ(ASC)
54450         G_GRP_IMP_DEBTINC(ASC)
54451      %mend DMDBClass;
54452      *------------------------------------------------------------* ;
MPRINT(EM_DIAGRAM):   *------------------------------------------------------------* ;
54453      * Neural5: DMDBVar Macro ;
MPRINT(EM_DIAGRAM):   * Neural5: DMDBVar Macro ;
54454      *------------------------------------------------------------* ;
MPRINT(EM_DIAGRAM):   *------------------------------------------------------------* ;
54455      %macro DMDBVar;
54456      
54457      %mend DMDBVar;
54458      *------------------------------------------------------------*;
MPRINT(EM_DIAGRAM):   *------------------------------------------------------------*;
54459      * Neural5: Create DMDB;
MPRINT(EM_DIAGRAM):   * Neural5: Create DMDB;
54460      *------------------------------------------------------------*;
MPRINT(EM_DIAGRAM):   *------------------------------------------------------------*;
54461      proc dmdb batch data=WORK.EM_Neural5
54462      dmdbcat=WORK.Neural5_DMDB
54463      maxlevel = 513
54464      ;
MPRINT(EM_DIAGRAM):   proc dmdb batch data=WORK.EM_Neural5 dmdbcat=WORK.Neural5_DMDB maxlevel 
= 513 ;
MPRINT(EM_DIAGRAM):   class
54465      class %DMDBClass;
MPRINT(DMDBCLASS):   BAD(DESC) GRP_IMP_CLAGE(ASC) GRP_IMP_NINQ(ASC) GRP_INDELINQ(ASC) 
G_GRP_IMP_DEBTINC(ASC)
MPRINT(EM_DIAGRAM):  ;
54466      var %DMDBVar;
MPRINT(EM_DIAGRAM):   var
MPRINT(EM_DIAGRAM):  ;
54467      target
54468      BAD
54469      ;
MPRINT(EM_DIAGRAM):   target BAD ;
54470      run;
MPRINT(EM_DIAGRAM):   run;

NOTE: Records processed = 2979   Memory used = 511K.
NOTE: There were 2979 observations read from the data set WORK.EM_NEURAL5.
NOTE: PROCEDURE DMDB used (Total process time):
      real time           0.03 seconds
      cpu time            0.01 seconds
      

MPRINT(EM_DIAGRAM):   quit;
MPRINT(EM_DIAGRAM):   *--- end code ---*;
54471      quit;
54472      *--- end code ---*;

54473      *------------------------------------------------------------* ;
MPRINT(EM_DIAGRAM):    *------------------------------------------------------------* ;
54474      * Neural5: Interval Input Variables Macro ;
MPRINT(EM_DIAGRAM):   * Neural5: Interval Input Variables Macro ;
54475      *------------------------------------------------------------* ;
MPRINT(EM_DIAGRAM):   *------------------------------------------------------------* ;
54476      %macro INTINPUTS;
54477      
54478      %mend INTINPUTS;
54479      *------------------------------------------------------------* ;
MPRINT(EM_DIAGRAM):   *------------------------------------------------------------* ;
54480      * Neural5: Binary Inputs Macro ;
MPRINT(EM_DIAGRAM):   * Neural5: Binary Inputs Macro ;
54481      *------------------------------------------------------------* ;
MPRINT(EM_DIAGRAM):   *------------------------------------------------------------* ;
54482      %macro BININPUTS;
54483      
54484      %mend BININPUTS;
54485      *------------------------------------------------------------* ;
MPRINT(EM_DIAGRAM):   *------------------------------------------------------------* ;
54486      * Neural5: Nominal Inputs Macro ;
MPRINT(EM_DIAGRAM):   * Neural5: Nominal Inputs Macro ;
54487      *------------------------------------------------------------* ;
MPRINT(EM_DIAGRAM):   *------------------------------------------------------------* ;
54488      %macro NOMINPUTS;
54489          G_GRP_IMP_DEBTINC
54490      %mend NOMINPUTS;
54491      *------------------------------------------------------------* ;
MPRINT(EM_DIAGRAM):   *------------------------------------------------------------* ;
54492      * Neural5: Ordinal Inputs Macro ;
MPRINT(EM_DIAGRAM):   * Neural5: Ordinal Inputs Macro ;
54493      *------------------------------------------------------------* ;
MPRINT(EM_DIAGRAM):   *------------------------------------------------------------* ;
54494      %macro ORDINPUTS;
54495          GRP_IMP_CLAGE GRP_IMP_NINQ GRP_INDELINQ
54496      %mend ORDINPUTS;
54497      *------------------------------------------------------------*;
MPRINT(EM_DIAGRAM):   *------------------------------------------------------------*;
54498      * Neural Network Training;
MPRINT(EM_DIAGRAM):   * Neural Network Training;
54499      ;
MPRINT(EM_DIAGRAM):   ;
54500      *------------------------------------------------------------*;
MPRINT(EM_DIAGRAM):   *------------------------------------------------------------*;
54501      proc neural data=EM_Neural5 dmdbcat=WORK.Neural5_DMDB
54502      validdata = EMWS1.Varsel_VALIDATE
54503      random=12345
54504      ;
MPRINT(EM_DIAGRAM):   proc neural data=EM_Neural5 dmdbcat=WORK.Neural5_DMDB validdata = 
EMWS1.Varsel_VALIDATE random=12345 ;
54505      nloptions
54506      ;
MPRINT(EM_DIAGRAM):   nloptions ;
54507      performance alldetails noutilfile;
MPRINT(EM_DIAGRAM):   performance alldetails noutilfile;
54508      netopts
54509      decay=0;
MPRINT(EM_DIAGRAM):   netopts decay=0;
MPRINT(EM_DIAGRAM):   input
54510      input %NOMINPUTS / level=nominal id=nom
MPRINT(NOMINPUTS):   G_GRP_IMP_DEBTINC
54511      ;
MPRINT(EM_DIAGRAM):   / level=nominal id=nom ;
MPRINT(EM_DIAGRAM):   input
54512      input %ORDINPUTS / level=ordinal id=ord
MPRINT(ORDINPUTS):   GRP_IMP_CLAGE GRP_IMP_NINQ GRP_INDELINQ
54513      ;
MPRINT(EM_DIAGRAM):   / level=ordinal id=ord ;
54514      target BAD / level=NOMINAL id=BAD
54515      bias
54516      ;
MPRINT(EM_DIAGRAM):   target BAD / level=NOMINAL id=BAD bias ;
54517      arch MLP
54518      Hidden=3
54519      ;
MPRINT(EM_DIAGRAM):   arch MLP Hidden=3 ;
54520      Prelim 5 preiter=10
54521      pretime=3600
54522      Outest=EMWS1.Neural5_PRELIM_OUTEST
54523      ;
MPRINT(EM_DIAGRAM):   Prelim 5 preiter=10 pretime=3600 Outest=EMWS1.Neural5_PRELIM_OUTEST ;
NOTE:  Synchronizing the objectives and the Solution.
NOTE: LEVMAR Optimization cannot be completed.
NOTE: LEVMAR needs more than 10 iterations or 2147483647 function calls.
NOTE: Some of the active constraints have significant Lagrange Multipliers.
NOTE: LEVMAR Optimization cannot be completed.
NOTE: LEVMAR needs more than 10 iterations or 2147483647 function calls.
NOTE: Some of the active constraints have significant Lagrange Multipliers.
NOTE: LEVMAR Optimization cannot be completed.
NOTE: LEVMAR needs more than 10 iterations or 2147483647 function calls.
NOTE: LEVMAR Optimization cannot be completed.
NOTE: LEVMAR needs more than 10 iterations or 2147483647 function calls.
NOTE: LEVMAR Optimization cannot be completed.
NOTE: LEVMAR needs more than 10 iterations or 2147483647 function calls.
NOTE: Some of the active constraints have significant Lagrange Multipliers.
NOTE: The data set EMWS1.NEURAL5_PRELIM_OUTEST has 11 observations and 49 variables.
54524      save network=EMWS1.Neural5_NETWORK.dm_neural;
MPRINT(EM_DIAGRAM):   save network=EMWS1.Neural5_NETWORK.dm_neural;
NOTE: Creating a new Catalogue with entry EMWS1.NEURAL5_NETWORK.DM_NEURAL.
NOTE: Entry EMWS1.NEURAL5_NETWORK.DM_NEURAL has been opened.
NOTE: Entry EMWS1.NEURAL5_NETWORK.DM_NEURAL has been closed.
54525      train Maxiter=50
54526      maxtime=14400
54527      Outest=EMWS1.Neural5_outest estiter=1
54528      Outfit=EMWS1.Neural5_OUTFIT
54529      ;
MPRINT(EM_DIAGRAM):   train Maxiter=50 maxtime=14400 Outest=EMWS1.Neural5_outest estiter=1 
Outfit=EMWS1.Neural5_OUTFIT ;
NOTE: Convergence criterion (FCONV=0.0001) satisfied.
NOTE: The data set EMWS1.NEURAL5_OUTEST has 50 observations and 49 variables.
NOTE: The data set EMWS1.NEURAL5_OUTFIT has 30 observations and 36 variables.
54530      run;
MPRINT(EM_DIAGRAM):   run;

NOTE: The data set WORK.EM_NEURAL5 has 2979 observations and 5 variables.
NOTE: The data set EMWS1.VARSEL_VALIDATE has . observations and 34 variables.
NOTE: There were 2981 observations read from the data set EMWS1.PART_VALIDATE.
NOTE: There were 2981 observations read from the data set EMWS1.IMPT_VALIDATE.
NOTE: There were 2981 observations read from the data set EMWS1.TRANS_VALIDATE.
NOTE: View EMWS1.VARSEL_VALIDATE.VIEW used (Total process time):
      real time           2.06 seconds
      cpu time            1.65 seconds
      
NOTE: There were 2981 observations read from the data set EMWS1.BINNING_VALIDATE.
NOTE: Closing the Neural Application.
NOTE: The PROCEDURE NEURAL printed pages 28-31.
NOTE: PROCEDURE NEURAL used (Total process time):
      real time           2.09 seconds
      cpu time            1.68 seconds
      

MPRINT(EM_DIAGRAM):   quit;
54531      quit;

54532      proc sort data=EMWS1.Neural5_OUTFIT(where=(_iter_ ne . and _NAME_="OVERALL"))
54532    ! out=fit_Neural5;
MPRINT(EM_DIAGRAM):    proc sort data=EMWS1.Neural5_OUTFIT(where=(_iter_ ne . and 
_NAME_="OVERALL")) out=fit_Neural5;
54533      by _VAVERR_;
MPRINT(EM_DIAGRAM):   by _VAVERR_;
54534      run;
MPRINT(EM_DIAGRAM):   run;

NOTE: There were 15 observations read from the data set EMWS1.NEURAL5_OUTFIT.
      WHERE (_iter_ not = .) and (_NAME_='OVERALL');
NOTE: The data set WORK.FIT_NEURAL5 has 15 observations and 36 variables.
NOTE: PROCEDURE SORT used (Total process time):
      real time           0.04 seconds
      cpu time            0.00 seconds
      

54535      %GLOBAL ITER;
54536      data _null_;
MPRINT(EM_DIAGRAM):   data _null_;
54537      set fit_Neural5(obs=1);
MPRINT(EM_DIAGRAM):   set fit_Neural5(obs=1);
54538      call symput('ITER',put(_ITER_, 6.));
MPRINT(EM_DIAGRAM):   call symput('ITER',put(_ITER_, 6.));
54539      run;
MPRINT(EM_DIAGRAM):   run;

NOTE: There were 1 observations read from the data set WORK.FIT_NEURAL5.
NOTE: DATA statement used (Total process time):
      real time           0.00 seconds
      cpu time            0.00 seconds
      

54540      data EMWS1.Neural5_INITIAL;
MPRINT(EM_DIAGRAM):   data EMWS1.Neural5_INITIAL;
54541      set EMWS1.Neural5_outest(where=(_ITER_ eq &ITER and _OBJ_ ne .));
MPRINT(EM_DIAGRAM):   set EMWS1.Neural5_outest(where=(_ITER_ eq 3 and _OBJ_ ne .));
54542      run;
MPRINT(EM_DIAGRAM):   run;

NOTE: There were 1 observations read from the data set EMWS1.NEURAL5_OUTEST.
      WHERE (_ITER_=3) and (_OBJ_ not = .);
NOTE: The data set EMWS1.NEURAL5_INITIAL has 1 observations and 49 variables.
NOTE: DATA statement used (Total process time):
      real time           0.11 seconds
      cpu time            0.06 seconds
      

54543      *------------------------------------------------------------*;
MPRINT(EM_DIAGRAM):    *------------------------------------------------------------*;
54544      * Neural Network Model Selection;
MPRINT(EM_DIAGRAM):   * Neural Network Model Selection;
54545      ;
MPRINT(EM_DIAGRAM):   ;
54546      *------------------------------------------------------------*;
MPRINT(EM_DIAGRAM):   *------------------------------------------------------------*;
54547      proc neural data=EM_Neural5 dmdbcat=WORK.Neural5_DMDB
54548      validdata = EMWS1.Varsel_VALIDATE
54549      network = EMWS1.Neural5_NETWORK.dm_neural
54550      random=12345
54551      ;
MPRINT(EM_DIAGRAM):   proc neural data=EM_Neural5 dmdbcat=WORK.Neural5_DMDB validdata = 
EMWS1.Varsel_VALIDATE network = EMWS1.Neural5_NETWORK.dm_neural random=12345 ;
NOTE: Entry EMWS1.NEURAL5_NETWORK.DM_NEURAL has been opened.
NOTE: Entry EMWS1.NEURAL5_NETWORK.DM_NEURAL has been closed.
54552      nloptions noprint;
MPRINT(EM_DIAGRAM):   nloptions noprint;
54553      performance alldetails noutilfile;
MPRINT(EM_DIAGRAM):   performance alldetails noutilfile;
54554      initial inest=EMWS1.Neural5_INITIAL;
MPRINT(EM_DIAGRAM):   initial inest=EMWS1.Neural5_INITIAL;
NOTE: The data set EMWS1.NEURAL5_INITIAL has 1 observations and 49 variables.
54555      train tech=NONE;
MPRINT(EM_DIAGRAM):   train tech=NONE;
NOTE: No optimization performed.
54556      code file="J:\JMMORR01\CIS 445\CIS 445 Project
54556    ! 3\Workspaces\EMWS1\Neural5\SCORECODE.sas"
54557      group=Neural5
54558      ;
MPRINT(EM_DIAGRAM):   code file="J:\JMMORR01\CIS 445\CIS 445 Project 
3\Workspaces\EMWS1\Neural5\SCORECODE.sas" group=Neural5 ;
NOTE: External file J:\JMMORR01\CIS 445\CIS 445 Project 
      3\Workspaces\EMWS1\Neural5\SCORECODE.sas opened.
54559      ;
MPRINT(EM_DIAGRAM):   ;
54560      code file="J:\JMMORR01\CIS 445\CIS 445 Project
54560    ! 3\Workspaces\EMWS1\Neural5\RESIDUALSCORECODE.sas"
54561      group=Neural5
54562      residual
54563      ;
MPRINT(EM_DIAGRAM):   code file="J:\JMMORR01\CIS 445\CIS 445 Project 
3\Workspaces\EMWS1\Neural5\RESIDUALSCORECODE.sas" group=Neural5 residual ;
NOTE: External file J:\JMMORR01\CIS 445\CIS 445 Project 
      3\Workspaces\EMWS1\Neural5\RESIDUALSCORECODE.sas opened.
54564      ;
MPRINT(EM_DIAGRAM):   ;
54565      score data=EMWS1.Varsel_TRAIN out=_NULL_
NOTE: View EMWS1.VARSEL_TRAIN.VIEW used (Total process time):
      real time           0.25 seconds
      cpu time            0.15 seconds
      
54566      outfit=WORK.FIT1
54567      role=TRAIN
54568      outkey=EMWS1.Neural5_OUTKEY;
MPRINT(EM_DIAGRAM):   score data=EMWS1.Varsel_TRAIN out=_NULL_ outfit=WORK.FIT1 role=TRAIN 
outkey=EMWS1.Neural5_OUTKEY;
NOTE: The data set EMWS1.NEURAL5_OUTKEY has 24 observations and 8 variables.
NOTE: The data set EMWS1.VARSEL_TRAIN has . observations and 34 variables.
NOTE: There were 2979 observations read from the data set EMWS1.PART_TRAIN.
NOTE: There were 2979 observations read from the data set EMWS1.IMPT_TRAIN.
NOTE: There were 2979 observations read from the data set EMWS1.TRANS_TRAIN.
NOTE: There were 2979 observations read from the data set EMWS1.BINNING_TRAIN.
NOTE: The data set WORK.FIT1 has 2 observations and 23 variables.
54569      score data=EMWS1.Varsel_VALIDATE out=_NULL_
NOTE: View EMWS1.VARSEL_VALIDATE.VIEW used (Total process time):
      real time           0.28 seconds
      cpu time            0.18 seconds
      
54570      outfit=WORK.FIT2
54571      role=VALID
54572      outkey=EMWS1.Neural5_OUTKEY;
MPRINT(EM_DIAGRAM):   score data=EMWS1.Varsel_VALIDATE out=_NULL_ outfit=WORK.FIT2 role=VALID 
outkey=EMWS1.Neural5_OUTKEY;
NOTE: The data set EMWS1.NEURAL5_OUTKEY has 24 observations and 8 variables.
NOTE: The data set EMWS1.VARSEL_VALIDATE has . observations and 34 variables.
NOTE: There were 2981 observations read from the data set EMWS1.PART_VALIDATE.
NOTE: There were 2981 observations read from the data set EMWS1.IMPT_VALIDATE.
NOTE: There were 2981 observations read from the data set EMWS1.TRANS_VALIDATE.
NOTE: There were 2981 observations read from the data set EMWS1.BINNING_VALIDATE.
NOTE: The data set WORK.FIT2 has 2 observations and 15 variables.
54573      run;
MPRINT(EM_DIAGRAM):   run;

NOTE: The data set WORK.EM_NEURAL5 has 2979 observations and 5 variables.
NOTE: The data set EMWS1.VARSEL_VALIDATE has . observations and 34 variables.
NOTE: There were 2981 observations read from the data set EMWS1.PART_VALIDATE.
NOTE: There were 2981 observations read from the data set EMWS1.IMPT_VALIDATE.
NOTE: There were 2981 observations read from the data set EMWS1.TRANS_VALIDATE.
NOTE: View EMWS1.VARSEL_VALIDATE.VIEW used (Total process time):
      real time           0.95 seconds
      cpu time            0.62 seconds
      
NOTE: There were 2981 observations read from the data set EMWS1.BINNING_VALIDATE.
NOTE: Closing the Neural Application.
NOTE: PROCEDURE NEURAL used (Total process time):
      real time           0.95 seconds
      cpu time            0.62 seconds
      

MPRINT(EM_DIAGRAM):   quit;
54574      quit;
54575      data EMWS1.Neural5_OUTFIT;
MPRINT(EM_DIAGRAM):   data EMWS1.Neural5_OUTFIT;
54576      merge WORK.FIT1 WORK.FIT2;
MPRINT(EM_DIAGRAM):   merge WORK.FIT1 WORK.FIT2;
54577      run;
MPRINT(EM_DIAGRAM):   run;

NOTE: There were 2 observations read from the data set WORK.FIT1.
NOTE: There were 2 observations read from the data set WORK.FIT2.
NOTE: The data set EMWS1.NEURAL5_OUTFIT has 2 observations and 36 variables.
NOTE: DATA statement used (Total process time):
      real time           0.10 seconds
      cpu time            0.01 seconds
      

54578      data EMWS1.Neural5_EMESTIMATE;
MPRINT(EM_DIAGRAM):   data EMWS1.Neural5_EMESTIMATE;
54579      set EMWS1.Neural5_outest;
MPRINT(EM_DIAGRAM):   set EMWS1.Neural5_outest;
54580      if _type_ ^in('HESSIAN' 'GRAD');
MPRINT(EM_DIAGRAM):   if _type_ ^in('HESSIAN' 'GRAD');
54581      run;
MPRINT(EM_DIAGRAM):   run;

NOTE: There were 50 observations read from the data set EMWS1.NEURAL5_OUTEST.
NOTE: The data set EMWS1.NEURAL5_EMESTIMATE has 15 observations and 49 variables.
NOTE: DATA statement used (Total process time):
      real time           0.09 seconds
      cpu time            0.01 seconds
      

54582      proc datasets lib=work nolist;
MPRINT(EM_DIAGRAM):   proc datasets lib=work nolist;
54583      delete EM_Neural5;
MPRINT(EM_DIAGRAM):   delete EM_Neural5;
54584      run;
MPRINT(EM_DIAGRAM):   run;

NOTE: Deleting WORK.EM_NEURAL5 (memtype=DATA).
54585      quit;
MPRINT(EM_DIAGRAM):   quit;

NOTE: PROCEDURE DATASETS used (Total process time):
      real time           0.03 seconds
      cpu time            0.03 seconds
      

54586      data EMWS1.Neural5_PLOTDS(where=(_iter_ ne . and _NAME_="OVERALL"));
MPRINT(EM_DIAGRAM):    data EMWS1.Neural5_PLOTDS(where=(_iter_ ne . and _NAME_="OVERALL"));
54587      set fit_Neural5;
MPRINT(EM_DIAGRAM):   set fit_Neural5;
54588      attrib _ITER_ label="%sysfunc(sasmsg(sashelp.dmine, rpt_trainiterations_vlabel  ,
54588    ! NOQUOTE))";
MPRINT(EM_DIAGRAM):   attrib _ITER_ label="Training Iterations";
54589      attrib _NAME_ label="%sysfunc(sasmsg(sashelp.dmine, rpt_varsel_label_name  ,
54589    ! NOQUOTE))";
MPRINT(EM_DIAGRAM):   attrib _NAME_ label="Name";
54590      run;
MPRINT(EM_DIAGRAM):   run;

NOTE: There were 15 observations read from the data set WORK.FIT_NEURAL5.
NOTE: The data set EMWS1.NEURAL5_PLOTDS has 15 observations and 36 variables.
NOTE: DATA statement used (Total process time):
      real time           0.09 seconds
      cpu time            0.04 seconds
      

54591      proc sort data=EMWS1.Neural5_PLOTDS;
MPRINT(EM_DIAGRAM):   proc sort data=EMWS1.Neural5_PLOTDS;
54592      by _ITER_;
MPRINT(EM_DIAGRAM):   by _ITER_;
54593      run;
MPRINT(EM_DIAGRAM):   run;

NOTE: There were 15 observations read from the data set EMWS1.NEURAL5_PLOTDS.
NOTE: The data set EMWS1.NEURAL5_PLOTDS has 15 observations and 36 variables.
NOTE: PROCEDURE SORT used (Total process time):
      real time           0.12 seconds
      cpu time            0.04 seconds
      

54594      data tempweight (drop= _tech_ _decay_ _seed_ _nobj_ _obj_ _objerr_ _averr_ _p_num_
54594    ! where=(_type_ eq "PARMS" and _iter_ eq 3) );
MPRINT(EM_DIAGRAM):    data tempweight (drop= _tech_ _decay_ _seed_ _nobj_ _obj_ _objerr_ 
_averr_ _p_num_ where=(_type_ eq "PARMS" and _iter_ eq 3) );
54595      set EMWS1.Neural5_EMESTIMATE;
MPRINT(EM_DIAGRAM):   set EMWS1.Neural5_EMESTIMATE;
54596      run;
MPRINT(EM_DIAGRAM):   run;

NOTE: There were 15 observations read from the data set EMWS1.NEURAL5_EMESTIMATE.
NOTE: The data set WORK.TEMPWEIGHT has 1 observations and 41 variables.
NOTE: DATA statement used (Total process time):
      real time           0.03 seconds
      cpu time            0.00 seconds
      

54597      proc sort;
MPRINT(EM_DIAGRAM):   proc sort;
54598      by _name_;
MPRINT(EM_DIAGRAM):   by _name_;
54599      run;
MPRINT(EM_DIAGRAM):   run;

NOTE: There were 1 observations read from the data set WORK.TEMPWEIGHT.
NOTE: The data set WORK.TEMPWEIGHT has 1 observations and 41 variables.
NOTE: PROCEDURE SORT used (Total process time):
      real time           0.03 seconds
      cpu time            0.03 seconds
      

54600      proc transpose data=tempweight out=EMWS1.Neural5_WEIGHTDS;
MPRINT(EM_DIAGRAM):   proc transpose data=tempweight out=EMWS1.Neural5_WEIGHTDS;
54601      by _name_;
MPRINT(EM_DIAGRAM):   by _name_;
54602      run;
MPRINT(EM_DIAGRAM):   run;

NOTE: There were 1 observations read from the data set WORK.TEMPWEIGHT.
NOTE: The data set EMWS1.NEURAL5_WEIGHTDS has 39 observations and 3 variables.
NOTE: PROCEDURE TRANSPOSE used (Total process time):
      real time           0.11 seconds
      cpu time            0.03 seconds
      

54603      data EMWS1.Neural5_WEIGHTDS;
MPRINT(EM_DIAGRAM):   data EMWS1.Neural5_WEIGHTDS;
54604      set EMWS1.Neural5_WEIGHTDS;
MPRINT(EM_DIAGRAM):   set EMWS1.Neural5_WEIGHTDS;
54605      FROM = trim(left(scan(_LABEL_, 1, '->')));
MPRINT(EM_DIAGRAM):   FROM = trim(left(scan(_LABEL_, 1, '->')));
54606      TO = trim(left(scan(_LABEL_, 2, '>')));
MPRINT(EM_DIAGRAM):   TO = trim(left(scan(_LABEL_, 2, '>')));
54607      WEIGHT = COL1;
MPRINT(EM_DIAGRAM):   WEIGHT = COL1;
54608      if (TO eq '') or (FROM eq '') then delete;
MPRINT(EM_DIAGRAM):   if (TO eq '') or (FROM eq '') then delete;
54609      label _LABEL_ ="%sysfunc(sasmsg(sashelp.dmine, meta_label_vlabel  , NOQUOTE))" FROM
54609    ! = "%sysfunc(sasmsg(sashelp.dmine, rpt_from_vlabel  , NOQUOTE))" TO =
54609    ! "%sysfunc(sasmsg(sashelp.dmine, rpt_into_vlabel  , NOQUOTE))" WEIGHT =
54610         "%sysfunc(sasmsg(sashelp.dmine, rpt_weight_vlabel  , NOQUOTE))";
MPRINT(EM_DIAGRAM):   label _LABEL_ = "Label" FROM = "From" TO = "Into" WEIGHT = "Weight";
54611      keep FROM TO WEIGHT _LABEL_;
MPRINT(EM_DIAGRAM):   keep FROM TO WEIGHT _LABEL_;
54612      run;
MPRINT(EM_DIAGRAM):   run;

NOTE: There were 39 observations read from the data set EMWS1.NEURAL5_WEIGHTDS.
NOTE: The data set EMWS1.NEURAL5_WEIGHTDS has 34 observations and 4 variables.
NOTE: DATA statement used (Total process time):
      real time           0.13 seconds
      cpu time            0.07 seconds
      

54613      proc sort data=EMWS1.Neural5_WEIGHTDS nodupkey;
MPRINT(EM_DIAGRAM):   proc sort data=EMWS1.Neural5_WEIGHTDS nodupkey;
54614      by _LABEL_;
MPRINT(EM_DIAGRAM):   by _LABEL_;
54615      run;
MPRINT(EM_DIAGRAM):   run;

NOTE: There were 34 observations read from the data set EMWS1.NEURAL5_WEIGHTDS.
NOTE: 0 observations with duplicate key values were deleted.
NOTE: The data set EMWS1.NEURAL5_WEIGHTDS has 34 observations and 4 variables.
NOTE: PROCEDURE SORT used (Total process time):
      real time           0.13 seconds
      cpu time            0.04 seconds
      

MPRINT(EM_DIAGRAM):    proc printto;
MPRINT(EM_DIAGRAM):   run;
