 
                                                                                               
 
 
Variable Summary

          Measurement    Frequency
 Role        Level         Count

INPUT       NOMINAL          1    
INPUT       ORDINAL          3    
TARGET      BINARY           1    
 
                                                                                               
 
 
Model Events

                                  Number
                   Measurement      of
Target    Event       Level       Levels      Order       Label

 BAD        1        BINARY          2      Descending         
 
                                                                                               
 
 
Predicted and decision variables

Type         Variable    Label

TARGET        BAD                        
PREDICTED     P_BAD1     Predicted: BAD=1
RESIDUAL      R_BAD1     Residual: BAD=1 
PREDICTED     P_BAD0     Predicted: BAD=0
RESIDUAL      R_BAD0     Residual: BAD=0 
FROM          F_BAD      From: BAD       
INTO          I_BAD      Into: BAD       
 
                                                                                               
 
 

The NEURAL Procedure

Preliminary       Starting         Objective         Number
 Training          Random           Function           of        Terminating
    Run             Seed             Value         Iterations     Criteria

        1               12345    0.377872570039           10                
        2           936745137    0.375961479418           10                
        3            42129862    0.372583970654           10                
        4          1962974514    0.376297021587           10                
        5          1715549360    0.374175270257           10                
 
                                                                                               
 
 

The NEURAL Procedure

                                    Optimization Start
                                    Parameter Estimates
                                                  Gradient           Lower           Upper
                                                 Objective           Bound           Bound
  N Parameter                     Estimate        Function      Constraint      Constraint

  1 G_GRP_IMP_DEBTINC0_H11        0.601731        0.000194               .               .
  2 G_GRP_IMP_DEBTINC1_H11       -0.128068        0.000603               .               .
  3 G_GRP_IMP_DEBTINC0_H12        0.517545       -0.000673               .               .
  4 G_GRP_IMP_DEBTINC1_H12        0.894953    -0.000085079               .               .
  5 G_GRP_IMP_DEBTINC0_H13       -0.580271       -0.001686               .               .
  6 G_GRP_IMP_DEBTINC1_H13        0.093020       -0.001180               .               .
  7 GRP_IMP_CLAGE2_H11            1.133755        0.000412           1E-10               .
  8 GRP_IMP_CLAGE3_H11            1.189298       -0.000281           1E-10               .
  9 GRP_IMP_CLAGE4_H11            0.785346       -0.000770           1E-10               .
 10 GRP_IMP_NINQ1_H11                1E-10        0.001195           1E-10               .
 11 GRP_IMP_NINQ2_H11                1E-10        0.001342           1E-10               .
 12 GRP_IMP_NINQ3_H11             0.692125    -0.000001995           1E-10               .
 13 GRP_INDELINQ3_H11                1E-10        0.008560           1E-10               .
 14 GRP_IMP_CLAGE2_H12        9.999999E-11        0.000271           1E-10               .
 15 GRP_IMP_CLAGE3_H12        9.999999E-11        0.002228           1E-10               .
 16 GRP_IMP_CLAGE4_H12               1E-10        0.000729           1E-10               .
 17 GRP_IMP_NINQ1_H12                1E-10        0.003060           1E-10               .
 18 GRP_IMP_NINQ2_H12                1E-10        0.000813           1E-10               .
 19 GRP_IMP_NINQ3_H12                1E-10        0.002331           1E-10               .
 20 GRP_INDELINQ3_H12             0.761612       -0.000515           1E-10               .
 21 GRP_IMP_CLAGE2_H13               1E-10        0.005332           1E-10               .
 22 GRP_IMP_CLAGE3_H13            0.587409       -0.001021           1E-10               .
 23 GRP_IMP_CLAGE4_H13            0.127816       -0.001219           1E-10               .
 24 GRP_IMP_NINQ1_H13                1E-10        0.005918           1E-10               .
 25 GRP_IMP_NINQ2_H13             0.131124       -0.001490           1E-10               .
 26 GRP_IMP_NINQ3_H13             0.416286       -0.002055           1E-10               .
 27 GRP_INDELINQ3_H13                1E-10        0.016531           1E-10               .
 28 BIAS_H11                      0.078789        0.000726               .               .
 29 BIAS_H12                      0.227365        0.002028               .               .
 30 BIAS_H13                      0.777044        0.002802               .               .
 31 H11_BAD1                     -1.692930       -0.000454               .               .
 32 H12_BAD1                      2.061939       -0.000660               .               .
 33 H13_BAD1                      3.496054        0.000491               .               .
 34 BIAS_BAD1                    -3.276769        0.001019               .               .

            Optimization Start
            Parameter Estimates
                              Active
                              Bound
  N Parameter                 Constraint

  1 G_GRP_IMP_DEBTINC0_H11                
  2 G_GRP_IMP_DEBTINC1_H11                
  3 G_GRP_IMP_DEBTINC0_H12                
  4 G_GRP_IMP_DEBTINC1_H12                
  5 G_GRP_IMP_DEBTINC0_H13                
  6 G_GRP_IMP_DEBTINC1_H13                
  7 GRP_IMP_CLAGE2_H11                    
  8 GRP_IMP_CLAGE3_H11                    
  9 GRP_IMP_CLAGE4_H11                    
 10 GRP_IMP_NINQ1_H11          Lower BC   
 11 GRP_IMP_NINQ2_H11          Lower BC   
 12 GRP_IMP_NINQ3_H11                     
 13 GRP_INDELINQ3_H11          Lower BC   
 14 GRP_IMP_CLAGE2_H12         Lower BC   
 15 GRP_IMP_CLAGE3_H12         Lower BC   
 16 GRP_IMP_CLAGE4_H12         Lower BC   
 17 GRP_IMP_NINQ1_H12          Lower BC   
 18 GRP_IMP_NINQ2_H12          Lower BC   
 19 GRP_IMP_NINQ3_H12          Lower BC   
 20 GRP_INDELINQ3_H12                     
 21 GRP_IMP_CLAGE2_H13         Lower BC   
 22 GRP_IMP_CLAGE3_H13                    
 23 GRP_IMP_CLAGE4_H13                    
 24 GRP_IMP_NINQ1_H13          Lower BC   
 25 GRP_IMP_NINQ2_H13                     
 26 GRP_IMP_NINQ3_H13                     
 27 GRP_INDELINQ3_H13          Lower BC   
 28 BIAS_H11                              
 29 BIAS_H12                              
 30 BIAS_H13                              
 31 H11_BAD1                              
 32 H12_BAD1                              
 33 H13_BAD1                              
 34 BIAS_BAD1                             

Value of Objective Function = 0.3725839707



           First Order Lagrange Multipliers
                           
 
                                              Lagrange
          Active Constraint                 Multiplier

                G_GRP_IMP_DEBTINC0_H11               0
                G_GRP_IMP_DEBTINC0_H11               0
                G_GRP_IMP_DEBTINC0_H11               0
                G_GRP_IMP_DEBTINC0_H11               0
                G_GRP_IMP_DEBTINC0_H11               0
                G_GRP_IMP_DEBTINC0_H11               0
                G_GRP_IMP_DEBTINC0_H11               0
                G_GRP_IMP_DEBTINC0_H11               0
                G_GRP_IMP_DEBTINC0_H11               0
                G_GRP_IMP_DEBTINC0_H11               0
                G_GRP_IMP_DEBTINC0_H11               0
                G_GRP_IMP_DEBTINC0_H11               0


  Projected Gradient
 
     Free    Projected
Dimension     Gradient

        1     0.000194
        2     0.000194
        3     0.000194
        4     0.000194
        5     0.000194
        6     0.000194
        7     0.000194
        8     0.000194
        9     0.000194
       10     0.000194
       11     0.000194
       12     0.000194
       13     0.000194
       14     0.000194
       15     0.000194
       16     0.000194
       17     0.000194
       18     0.000194
       19     0.000194
       20     0.000194
       21     0.000194
       22     0.000194
 
                                                                                               
 
 

The NEURAL Procedure

Levenberg-Marquardt Optimization


Minimum Iterations                                    0
Maximum Iterations                                   50
Maximum Function Calls                       2147483647
Maximum CPU Time                                  14400
ABSGCONV Gradient Criterion                     0.00001
GCONV Gradient Criterion                           1E-8
GCONV2 Gradient Criterion                             0
ABSFCONV Function Criterion                           0
FCONV Function Criterion                         0.0001
FCONV2 Function Criterion                             0
FSIZE Parameter                                       0
ABSXCONV Parameter Change Criterion                   0
XCONV Parameter Change Criterion                      0
XSIZE Parameter                                       0
ABSCONV Function Criterion                 0.0018348522
Trust Region Initial Radius Factor                    1
Singularity Tolerance (SINGULAR)                   1E-8
Constraint Precision (LCEPS)                       1E-8
Linearly Dependent Constraints (LCSING)            1E-8
Releasing Active Constraints (LCDEACT)                .

Levenberg-Marquardt Optimization

Scaling Update of More (1978)

Parameter Estimates              34
Lower Bounds                     21
Upper Bounds                      0

                                      Optimization Start

Active Constraints                          12  Objective Function                0.3725839707
Max Abs Gradient Element          0.0165305558  Radius                                       1


                                                                                         Ratio
                                                                                       Between
                                                                                        Actual
                                                       Objective   Max Abs                 and
                 Function       Active      Objective   Function  Gradient           Predicted
Iter   Restarts     Calls  Constraints       Function     Change   Element   Lambda     Change

   1          0         3           12        0.37253   0.000056   0.00429  0.00350      0.375
   2          0         4           12        0.37250   0.000027   0.00114  0.00148      0.194
   3          0         6           12        0.37246   0.000039  0.000735   0.0210      0.358
   4          0         8           12        0.37245   0.000011  0.000550   0.0229      0.301
   5          0         9           12        0.37245   2.986E-6  0.000442   0.0105      0.153
   6          0        10           12        0.37245   1.165E-6  0.000468  0.00682     0.0689
   7          0        11           12        0.37244   5.894E-6  0.000272   0.0461      0.461
   8          0        12           12        0.37244   1.796E-6  0.000192  0.00913      0.498
   9          0        13           12        0.37244   9.743E-7  0.000154   0.0105      0.352
  10          0        14           12        0.37244   9.631E-7  0.000169  0.00856      0.387
  11          0        15           12        0.37244   8.433E-7  0.000137  0.00942      0.354
  12          0        16           12        0.37244   8.672E-7  0.000157  0.00803      0.383
  13          0        17           12        0.37243   7.804E-7  0.000132  0.00887      0.350

                                     Optimization Results

Iterations                                  13  Function Calls                              19
Jacobian Calls                              15  Active Constraints                          12
Objective Function                0.3724347373  Max Abs Gradient Element           0.000131617
Lambda                            0.0088671459  Actual Over Pred Change           0.3495545918
Radius                            0.0114319645                                                

Convergence criterion (FCONV=0.0001) satisfied.                                                
 
                                                                                               
 
 

The NEURAL Procedure

                           Optimization Results
                            Parameter Estimates
                                                  Gradient    Active
                                                 Objective    Bound
  N Parameter                     Estimate        Function    Constraint

  1 G_GRP_IMP_DEBTINC0_H11        0.648722     0.000044736                
  2 G_GRP_IMP_DEBTINC1_H11       -0.194539     0.000046003                
  3 G_GRP_IMP_DEBTINC0_H12        0.724743    -0.000005319                
  4 G_GRP_IMP_DEBTINC1_H12        1.130456    -0.000012870                
  5 G_GRP_IMP_DEBTINC0_H13       -0.533714    -0.000010708                
  6 G_GRP_IMP_DEBTINC1_H13        0.091582    -0.000019882                
  7 GRP_IMP_CLAGE2_H11            2.091567    -0.000092164                
  8 GRP_IMP_CLAGE3_H11            1.322570     0.000006823                
  9 GRP_IMP_CLAGE4_H11            1.237680     0.000096823                
 10 GRP_IMP_NINQ1_H11                1E-10        0.001145     Lower BC   
 11 GRP_IMP_NINQ2_H11                1E-10        0.000420     Lower BC   
 12 GRP_IMP_NINQ3_H11             0.746631    -0.000017159                
 13 GRP_INDELINQ3_H11                1E-10        0.009916     Lower BC   
 14 GRP_IMP_CLAGE2_H12        9.999999E-11        0.001447     Lower BC   
 15 GRP_IMP_CLAGE3_H12        9.999999E-11        0.002891     Lower BC   
 16 GRP_IMP_CLAGE4_H12               1E-10        0.001351     Lower BC   
 17 GRP_IMP_NINQ1_H12                1E-10        0.002468     Lower BC   
 18 GRP_IMP_NINQ2_H12                1E-10        0.001682     Lower BC   
 19 GRP_IMP_NINQ3_H12                1E-10        0.003777     Lower BC   
 20 GRP_INDELINQ3_H12             1.093019    -0.000003292                
 21 GRP_IMP_CLAGE2_H13               1E-10        0.009996     Lower BC   
 22 GRP_IMP_CLAGE3_H13            0.543011     0.000007291                
 23 GRP_IMP_CLAGE4_H13            0.171518    -0.000034038                
 24 GRP_IMP_NINQ1_H13                1E-10        0.006471     Lower BC   
 25 GRP_IMP_NINQ2_H13             0.120644     0.000013929                
 26 GRP_IMP_NINQ3_H13             0.332910     0.000025788                
 27 GRP_INDELINQ3_H13                1E-10        0.019558     Lower BC   
 28 BIAS_H11                     -0.290914       -0.000132                
 29 BIAS_H12                      0.321881    -0.000007308                
 30 BIAS_H13                      0.716435     0.000014733                
 31 H11_BAD1                     -1.723585     0.000008700                
 32 H12_BAD1                      1.976387    -0.000005227                
 33 H13_BAD1                      3.797970    -0.000001706                
 34 BIAS_BAD1                    -3.379105     0.000021869                

Value of Objective Function = 0.3724347373



           First Order Lagrange Multipliers
                           
 
                                              Lagrange
          Active Constraint                 Multiplier

 Lower BC       GRP_IMP_NINQ1_H11             0.001145
 Lower BC       GRP_IMP_NINQ2_H11             0.000420
 Lower BC       GRP_INDELINQ3_H11             0.009916
 Lower BC       GRP_IMP_CLAGE2_H12            0.001447
 Lower BC       GRP_IMP_CLAGE3_H12            0.002891
 Lower BC       GRP_IMP_CLAGE4_H12            0.001351
 Lower BC       GRP_IMP_NINQ1_H12             0.002468
 Lower BC       GRP_IMP_NINQ2_H12             0.001682
 Lower BC       GRP_IMP_NINQ3_H12             0.003777
 Lower BC       GRP_IMP_CLAGE2_H13            0.009996
 Lower BC       GRP_IMP_NINQ1_H13             0.006471
 Lower BC       GRP_INDELINQ3_H13             0.019558


  Projected Gradient
 
     Free    Projected
Dimension     Gradient

        1  0.000044736
        2  0.000046003
        3 -0.000005319
        4 -0.000012870
        5 -0.000010708
        6 -0.000019882
        7 -0.000092164
        8  0.000006823
        9  0.000096823
       10 -0.000017159
       11 -0.000003292
       12  0.000007291
       13 -0.000034038
       14  0.000013929
       15  0.000025788
       16    -0.000132
       17 -0.000007308
       18  0.000014733
       19  0.000008700
       20 -0.000005227
       21 -0.000001706
       22  0.000021869
